[0.241s] Invoking command in '/home/francisco/ros2-ws/build/rosbridge_msgs': CMAKE_PREFIX_PATH=${CMAKE_PREFIX_PATH}:/home/francisco/ros2-ws/install/monitoring_station_tfm:/home/francisco/ros2-ws/install/monitoring-station-tfm:/home/francisco/ros2-ws/install/camera_driver:/opt/ros/foxy /usr/bin/cmake --build /home/francisco/ros2-ws/build/rosbridge_msgs -- -j4 -l4
[1.571s] [  2%] Built target rosbridge_msgs__cpp
[2.021s] [ 12%] Built target rosbridge_msgs__rosidl_generator_c
[2.195s] [ 23%] Built target rosbridge_msgs__rosidl_typesupport_cpp
[2.381s] [ 33%] Built target rosbridge_msgs__rosidl_typesupport_fastrtps_cpp
[2.388s] [ 43%] Built target rosbridge_msgs__rosidl_typesupport_introspection_cpp
[2.509s] [ 53%] Built target rosbridge_msgs__rosidl_typesupport_introspection_c
[2.523s] [ 64%] Built target rosbridge_msgs__rosidl_typesupport_c
[2.654s] [ 74%] Built target rosbridge_msgs__rosidl_typesupport_fastrtps_c
[2.844s] [ 74%] Built target rosbridge_msgs
[3.137s] [ 76%] Built target rosbridge_msgs__py
[3.517s] [ 84%] Built target rosbridge_msgs__python
[3.700s] [ 89%] Built target rosbridge_msgs__rosidl_typesupport_c__pyext
[3.706s] [ 94%] Built target rosbridge_msgs__rosidl_typesupport_fastrtps_c__pyext
[3.708s] [100%] Built target rosbridge_msgs__rosidl_typesupport_introspection_c__pyext
[3.730s] Invoked command in '/home/francisco/ros2-ws/build/rosbridge_msgs' returned '0': CMAKE_PREFIX_PATH=${CMAKE_PREFIX_PATH}:/home/francisco/ros2-ws/install/monitoring_station_tfm:/home/francisco/ros2-ws/install/monitoring-station-tfm:/home/francisco/ros2-ws/install/camera_driver:/opt/ros/foxy /usr/bin/cmake --build /home/francisco/ros2-ws/build/rosbridge_msgs -- -j4 -l4
[3.895s] Invoking command in '/home/francisco/ros2-ws/build/rosbridge_msgs': CMAKE_PREFIX_PATH=${CMAKE_PREFIX_PATH}:/home/francisco/ros2-ws/install/monitoring_station_tfm:/home/francisco/ros2-ws/install/monitoring-station-tfm:/home/francisco/ros2-ws/install/camera_driver:/opt/ros/foxy /usr/bin/cmake --install /home/francisco/ros2-ws/build/rosbridge_msgs
[3.975s] -- Install configuration: ""
[3.997s] -- Up-to-date: /home/francisco/ros2-ws/install/rosbridge_msgs/share/ament_index/resource_index/rosidl_interfaces/rosbridge_msgs
[3.998s] -- Up-to-date: /home/francisco/ros2-ws/install/rosbridge_msgs/include/rosbridge_msgs
[4.005s] -- Up-to-date: /home/francisco/ros2-ws/install/rosbridge_msgs/include/rosbridge_msgs/msg
[4.005s] -- Up-to-date: /home/francisco/ros2-ws/install/rosbridge_msgs/include/rosbridge_msgs/msg/connected_clients.h
[4.006s] -- Up-to-date: /home/francisco/ros2-ws/install/rosbridge_msgs/include/rosbridge_msgs/msg/detail
[4.010s] -- Up-to-date: /home/francisco/ros2-ws/install/rosbridge_msgs/include/rosbridge_msgs/msg/detail/connected_clients__type_support.h
[4.012s] -- Up-to-date: /home/francisco/ros2-ws/install/rosbridge_msgs/include/rosbridge_msgs/msg/detail/connected_client__functions.c
[4.013s] -- Up-to-date: /home/francisco/ros2-ws/install/rosbridge_msgs/include/rosbridge_msgs/msg/detail/connected_client__struct.h
[4.013s] -- Up-to-date: /home/francisco/ros2-ws/install/rosbridge_msgs/include/rosbridge_msgs/msg/detail/connected_clients__struct.h
[4.013s] -- Up-to-date: /home/francisco/ros2-ws/install/rosbridge_msgs/include/rosbridge_msgs/msg/detail/connected_clients__functions.c
[4.013s] -- Up-to-date: /home/francisco/ros2-ws/install/rosbridge_msgs/include/rosbridge_msgs/msg/detail/connected_client__functions.h
[4.014s] -- Up-to-date: /home/francisco/ros2-ws/install/rosbridge_msgs/include/rosbridge_msgs/msg/detail/connected_clients__functions.h
[4.014s] -- Up-to-date: /home/francisco/ros2-ws/install/rosbridge_msgs/include/rosbridge_msgs/msg/detail/connected_client__type_support.h
[4.014s] -- Up-to-date: /home/francisco/ros2-ws/install/rosbridge_msgs/include/rosbridge_msgs/msg/rosidl_generator_c__visibility_control.h
[4.015s] -- Up-to-date: /home/francisco/ros2-ws/install/rosbridge_msgs/include/rosbridge_msgs/msg/connected_client.h
[4.015s] -- Up-to-date: /home/francisco/ros2-ws/install/rosbridge_msgs/share/rosbridge_msgs/environment/library_path.sh
[4.015s] -- Up-to-date: /home/francisco/ros2-ws/install/rosbridge_msgs/share/rosbridge_msgs/environment/library_path.dsv
[4.015s] -- Up-to-date: /home/francisco/ros2-ws/install/rosbridge_msgs/lib/librosbridge_msgs__rosidl_generator_c.so
[4.015s] -- Up-to-date: /home/francisco/ros2-ws/install/rosbridge_msgs/include/rosbridge_msgs
[4.016s] -- Up-to-date: /home/francisco/ros2-ws/install/rosbridge_msgs/include/rosbridge_msgs/msg
[4.016s] -- Up-to-date: /home/francisco/ros2-ws/install/rosbridge_msgs/include/rosbridge_msgs/msg/detail
[4.016s] -- Up-to-date: /home/francisco/ros2-ws/install/rosbridge_msgs/include/rosbridge_msgs/msg/detail/connected_clients__rosidl_typesupport_fastrtps_c.h
[4.016s] -- Up-to-date: /home/francisco/ros2-ws/install/rosbridge_msgs/include/rosbridge_msgs/msg/detail/connected_client__rosidl_typesupport_fastrtps_c.h
[4.016s] -- Up-to-date: /home/francisco/ros2-ws/install/rosbridge_msgs/include/rosbridge_msgs/msg/rosidl_typesupport_fastrtps_c__visibility_control.h
[4.016s] -- Up-to-date: /home/francisco/ros2-ws/install/rosbridge_msgs/lib/librosbridge_msgs__rosidl_typesupport_fastrtps_c.so
[4.017s] -- Up-to-date: /home/francisco/ros2-ws/install/rosbridge_msgs/include/rosbridge_msgs
[4.017s] -- Up-to-date: /home/francisco/ros2-ws/install/rosbridge_msgs/include/rosbridge_msgs/msg
[4.017s] -- Up-to-date: /home/francisco/ros2-ws/install/rosbridge_msgs/include/rosbridge_msgs/msg/detail
[4.018s] -- Up-to-date: /home/francisco/ros2-ws/install/rosbridge_msgs/include/rosbridge_msgs/msg/detail/connected_client__rosidl_typesupport_fastrtps_cpp.hpp
[4.018s] -- Up-to-date: /home/francisco/ros2-ws/install/rosbridge_msgs/include/rosbridge_msgs/msg/detail/dds_fastrtps
[4.018s] -- Up-to-date: /home/francisco/ros2-ws/install/rosbridge_msgs/include/rosbridge_msgs/msg/detail/connected_clients__rosidl_typesupport_fastrtps_cpp.hpp
[4.018s] -- Up-to-date: /home/francisco/ros2-ws/install/rosbridge_msgs/include/rosbridge_msgs/msg/rosidl_typesupport_fastrtps_cpp__visibility_control.h
[4.082s] -- Up-to-date: /home/francisco/ros2-ws/install/rosbridge_msgs/lib/librosbridge_msgs__rosidl_typesupport_fastrtps_cpp.so
[4.083s] -- Up-to-date: /home/francisco/ros2-ws/install/rosbridge_msgs/include/rosbridge_msgs
[4.084s] -- Up-to-date: /home/francisco/ros2-ws/install/rosbridge_msgs/include/rosbridge_msgs/msg
[4.085s] -- Up-to-date: /home/francisco/ros2-ws/install/rosbridge_msgs/include/rosbridge_msgs/msg/detail
[4.085s] -- Up-to-date: /home/francisco/ros2-ws/install/rosbridge_msgs/include/rosbridge_msgs/msg/detail/connected_clients__type_support.c
[4.085s] -- Up-to-date: /home/francisco/ros2-ws/install/rosbridge_msgs/include/rosbridge_msgs/msg/detail/connected_client__type_support.c
[4.085s] -- Up-to-date: /home/francisco/ros2-ws/install/rosbridge_msgs/include/rosbridge_msgs/msg/detail/connected_client__rosidl_typesupport_introspection_c.h
[4.085s] -- Up-to-date: /home/francisco/ros2-ws/install/rosbridge_msgs/include/rosbridge_msgs/msg/detail/connected_clients__rosidl_typesupport_introspection_c.h
[4.086s] -- Up-to-date: /home/francisco/ros2-ws/install/rosbridge_msgs/include/rosbridge_msgs/msg/rosidl_typesupport_introspection_c__visibility_control.h
[4.092s] -- Up-to-date: /home/francisco/ros2-ws/install/rosbridge_msgs/lib/librosbridge_msgs__rosidl_typesupport_introspection_c.so
[4.094s] -- Up-to-date: /home/francisco/ros2-ws/install/rosbridge_msgs/lib/librosbridge_msgs__rosidl_typesupport_c.so
[4.095s] -- Up-to-date: /home/francisco/ros2-ws/install/rosbridge_msgs/include/rosbridge_msgs
[4.095s] -- Up-to-date: /home/francisco/ros2-ws/install/rosbridge_msgs/include/rosbridge_msgs/msg
[4.095s] -- Up-to-date: /home/francisco/ros2-ws/install/rosbridge_msgs/include/rosbridge_msgs/msg/detail
[4.096s] -- Up-to-date: /home/francisco/ros2-ws/install/rosbridge_msgs/include/rosbridge_msgs/msg/detail/connected_client__struct.hpp
[4.096s] -- Up-to-date: /home/francisco/ros2-ws/install/rosbridge_msgs/include/rosbridge_msgs/msg/detail/connected_client__traits.hpp
[4.097s] -- Up-to-date: /home/francisco/ros2-ws/install/rosbridge_msgs/include/rosbridge_msgs/msg/detail/connected_clients__traits.hpp
[4.097s] -- Up-to-date: /home/francisco/ros2-ws/install/rosbridge_msgs/include/rosbridge_msgs/msg/detail/connected_client__builder.hpp
[4.098s] -- Up-to-date: /home/francisco/ros2-ws/install/rosbridge_msgs/include/rosbridge_msgs/msg/detail/connected_clients__struct.hpp
[4.098s] -- Up-to-date: /home/francisco/ros2-ws/install/rosbridge_msgs/include/rosbridge_msgs/msg/detail/connected_clients__builder.hpp
[4.098s] -- Up-to-date: /home/francisco/ros2-ws/install/rosbridge_msgs/include/rosbridge_msgs/msg/connected_clients.hpp
[4.099s] -- Up-to-date: /home/francisco/ros2-ws/install/rosbridge_msgs/include/rosbridge_msgs/msg/connected_client.hpp
[4.099s] -- Up-to-date: /home/francisco/ros2-ws/install/rosbridge_msgs/include/rosbridge_msgs
[4.100s] -- Up-to-date: /home/francisco/ros2-ws/install/rosbridge_msgs/include/rosbridge_msgs/msg
[4.100s] -- Up-to-date: /home/francisco/ros2-ws/install/rosbridge_msgs/include/rosbridge_msgs/msg/detail
[4.100s] -- Up-to-date: /home/francisco/ros2-ws/install/rosbridge_msgs/include/rosbridge_msgs/msg/detail/connected_clients__type_support.cpp
[4.100s] -- Up-to-date: /home/francisco/ros2-ws/install/rosbridge_msgs/include/rosbridge_msgs/msg/detail/connected_client__type_support.cpp
[4.105s] -- Up-to-date: /home/francisco/ros2-ws/install/rosbridge_msgs/include/rosbridge_msgs/msg/detail/connected_client__rosidl_typesupport_introspection_cpp.hpp
[4.106s] -- Up-to-date: /home/francisco/ros2-ws/install/rosbridge_msgs/include/rosbridge_msgs/msg/detail/connected_clients__rosidl_typesupport_introspection_cpp.hpp
[4.152s] -- Up-to-date: /home/francisco/ros2-ws/install/rosbridge_msgs/lib/librosbridge_msgs__rosidl_typesupport_introspection_cpp.so
[4.168s] -- Up-to-date: /home/francisco/ros2-ws/install/rosbridge_msgs/lib/librosbridge_msgs__rosidl_typesupport_cpp.so
[4.170s] -- Up-to-date: /home/francisco/ros2-ws/install/rosbridge_msgs/share/rosbridge_msgs/environment/pythonpath.sh
[4.170s] -- Up-to-date: /home/francisco/ros2-ws/install/rosbridge_msgs/share/rosbridge_msgs/environment/pythonpath.dsv
[4.171s] -- Up-to-date: /home/francisco/ros2-ws/install/rosbridge_msgs/lib/python3.8/site-packages/rosbridge_msgs/__init__.py
[4.326s] -- Up-to-date: /home/francisco/ros2-ws/install/rosbridge_msgs/lib/python3.8/site-packages/rosbridge_msgs/msg
[4.327s] -- Up-to-date: /home/francisco/ros2-ws/install/rosbridge_msgs/lib/python3.8/site-packages/rosbridge_msgs/msg/__init__.py
[4.327s] -- Up-to-date: /home/francisco/ros2-ws/install/rosbridge_msgs/lib/python3.8/site-packages/rosbridge_msgs/msg/_connected_clients_s.c
[4.328s] -- Up-to-date: /home/francisco/ros2-ws/install/rosbridge_msgs/lib/python3.8/site-packages/rosbridge_msgs/msg/_connected_client.py
[4.328s] -- Up-to-date: /home/francisco/ros2-ws/install/rosbridge_msgs/lib/python3.8/site-packages/rosbridge_msgs/msg/_connected_client_s.c
[4.328s] -- Up-to-date: /home/francisco/ros2-ws/install/rosbridge_msgs/lib/python3.8/site-packages/rosbridge_msgs/msg/_connected_clients.py
[4.341s] -- Up-to-date: /home/francisco/ros2-ws/install/rosbridge_msgs/lib/python3.8/site-packages/rosbridge_msgs/rosbridge_msgs_s__rosidl_typesupport_fastrtps_c.cpython-38-x86_64-linux-gnu.so
[4.344s] -- Up-to-date: /home/francisco/ros2-ws/install/rosbridge_msgs/lib/python3.8/site-packages/rosbridge_msgs/rosbridge_msgs_s__rosidl_typesupport_introspection_c.cpython-38-x86_64-linux-gnu.so
[4.347s] -- Up-to-date: /home/francisco/ros2-ws/install/rosbridge_msgs/lib/python3.8/site-packages/rosbridge_msgs/rosbridge_msgs_s__rosidl_typesupport_c.cpython-38-x86_64-linux-gnu.so
[4.350s] -- Up-to-date: /home/francisco/ros2-ws/install/rosbridge_msgs/lib/librosbridge_msgs__python.so
[4.363s] -- Up-to-date: /home/francisco/ros2-ws/install/rosbridge_msgs/share/rosbridge_msgs/msg/ConnectedClient.idl
[4.364s] -- Up-to-date: /home/francisco/ros2-ws/install/rosbridge_msgs/share/rosbridge_msgs/msg/ConnectedClients.idl
[4.364s] -- Up-to-date: /home/francisco/ros2-ws/install/rosbridge_msgs/share/rosbridge_msgs/msg/ConnectedClient.msg
[4.365s] -- Up-to-date: /home/francisco/ros2-ws/install/rosbridge_msgs/share/rosbridge_msgs/msg/ConnectedClients.msg
[4.366s] -- Up-to-date: /home/francisco/ros2-ws/install/rosbridge_msgs/share/ament_index/resource_index/package_run_dependencies/rosbridge_msgs
[4.369s] -- Up-to-date: /home/francisco/ros2-ws/install/rosbridge_msgs/share/ament_index/resource_index/parent_prefix_path/rosbridge_msgs
[4.370s] -- Up-to-date: /home/francisco/ros2-ws/install/rosbridge_msgs/share/rosbridge_msgs/environment/ament_prefix_path.sh
[4.370s] -- Up-to-date: /home/francisco/ros2-ws/install/rosbridge_msgs/share/rosbridge_msgs/environment/ament_prefix_path.dsv
[4.370s] -- Up-to-date: /home/francisco/ros2-ws/install/rosbridge_msgs/share/rosbridge_msgs/environment/path.sh
[4.371s] -- Up-to-date: /home/francisco/ros2-ws/install/rosbridge_msgs/share/rosbridge_msgs/environment/path.dsv
[4.372s] -- Up-to-date: /home/francisco/ros2-ws/install/rosbridge_msgs/share/rosbridge_msgs/local_setup.bash
[4.372s] -- Up-to-date: /home/francisco/ros2-ws/install/rosbridge_msgs/share/rosbridge_msgs/local_setup.sh
[4.372s] -- Up-to-date: /home/francisco/ros2-ws/install/rosbridge_msgs/share/rosbridge_msgs/local_setup.zsh
[4.373s] -- Up-to-date: /home/francisco/ros2-ws/install/rosbridge_msgs/share/rosbridge_msgs/local_setup.dsv
[4.373s] -- Installing: /home/francisco/ros2-ws/install/rosbridge_msgs/share/rosbridge_msgs/package.dsv
[4.398s] -- Up-to-date: /home/francisco/ros2-ws/install/rosbridge_msgs/share/ament_index/resource_index/packages/rosbridge_msgs
[4.418s] -- Up-to-date: /home/francisco/ros2-ws/install/rosbridge_msgs/share/rosbridge_msgs/cmake/rosbridge_msgs__rosidl_generator_cExport.cmake
[4.419s] -- Up-to-date: /home/francisco/ros2-ws/install/rosbridge_msgs/share/rosbridge_msgs/cmake/rosbridge_msgs__rosidl_generator_cExport-noconfig.cmake
[4.420s] -- Up-to-date: /home/francisco/ros2-ws/install/rosbridge_msgs/share/rosbridge_msgs/cmake/rosbridge_msgs__rosidl_typesupport_introspection_cExport.cmake
[4.422s] -- Up-to-date: /home/francisco/ros2-ws/install/rosbridge_msgs/share/rosbridge_msgs/cmake/rosbridge_msgs__rosidl_typesupport_introspection_cExport-noconfig.cmake
[4.423s] -- Up-to-date: /home/francisco/ros2-ws/install/rosbridge_msgs/share/rosbridge_msgs/cmake/rosbridge_msgs__rosidl_typesupport_cExport.cmake
[4.424s] -- Up-to-date: /home/francisco/ros2-ws/install/rosbridge_msgs/share/rosbridge_msgs/cmake/rosbridge_msgs__rosidl_typesupport_cExport-noconfig.cmake
[4.426s] -- Up-to-date: /home/francisco/ros2-ws/install/rosbridge_msgs/share/rosbridge_msgs/cmake/rosbridge_msgs__rosidl_generator_cppExport.cmake
[4.428s] -- Up-to-date: /home/francisco/ros2-ws/install/rosbridge_msgs/share/rosbridge_msgs/cmake/rosbridge_msgs__rosidl_typesupport_introspection_cppExport.cmake
[4.429s] -- Up-to-date: /home/francisco/ros2-ws/install/rosbridge_msgs/share/rosbridge_msgs/cmake/rosbridge_msgs__rosidl_typesupport_introspection_cppExport-noconfig.cmake
[4.431s] -- Up-to-date: /home/francisco/ros2-ws/install/rosbridge_msgs/share/rosbridge_msgs/cmake/rosbridge_msgs__rosidl_typesupport_cppExport.cmake
[4.432s] -- Up-to-date: /home/francisco/ros2-ws/install/rosbridge_msgs/share/rosbridge_msgs/cmake/rosbridge_msgs__rosidl_typesupport_cppExport-noconfig.cmake
[4.434s] -- Up-to-date: /home/francisco/ros2-ws/install/rosbridge_msgs/share/rosbridge_msgs/cmake/rosidl_cmake-extras.cmake
[4.435s] -- Up-to-date: /home/francisco/ros2-ws/install/rosbridge_msgs/share/rosbridge_msgs/cmake/ament_cmake_export_dependencies-extras.cmake
[4.436s] -- Up-to-date: /home/francisco/ros2-ws/install/rosbridge_msgs/share/rosbridge_msgs/cmake/ament_cmake_export_libraries-extras.cmake
[4.437s] -- Up-to-date: /home/francisco/ros2-ws/install/rosbridge_msgs/share/rosbridge_msgs/cmake/ament_cmake_export_targets-extras.cmake
[4.438s] -- Up-to-date: /home/francisco/ros2-ws/install/rosbridge_msgs/share/rosbridge_msgs/cmake/ament_cmake_export_include_directories-extras.cmake
[4.440s] -- Up-to-date: /home/francisco/ros2-ws/install/rosbridge_msgs/share/rosbridge_msgs/cmake/rosidl_cmake_export_typesupport_libraries-extras.cmake
[4.440s] -- Up-to-date: /home/francisco/ros2-ws/install/rosbridge_msgs/share/rosbridge_msgs/cmake/rosidl_cmake_export_typesupport_targets-extras.cmake
[4.441s] -- Up-to-date: /home/francisco/ros2-ws/install/rosbridge_msgs/share/rosbridge_msgs/cmake/rosbridge_msgsConfig.cmake
[4.442s] -- Up-to-date: /home/francisco/ros2-ws/install/rosbridge_msgs/share/rosbridge_msgs/cmake/rosbridge_msgsConfig-version.cmake
[4.443s] -- Up-to-date: /home/francisco/ros2-ws/install/rosbridge_msgs/share/rosbridge_msgs/package.xml
[4.451s] Invoked command in '/home/francisco/ros2-ws/build/rosbridge_msgs' returned '0': CMAKE_PREFIX_PATH=${CMAKE_PREFIX_PATH}:/home/francisco/ros2-ws/install/monitoring_station_tfm:/home/francisco/ros2-ws/install/monitoring-station-tfm:/home/francisco/ros2-ws/install/camera_driver:/opt/ros/foxy /usr/bin/cmake --install /home/francisco/ros2-ws/build/rosbridge_msgs
