[0.103s] Invoking command in '/home/francisco/ros2-ws/build/rosapi': CMAKE_PREFIX_PATH=/home/francisco/ros2-ws/install/rosbridge_library:/home/francisco/ros2-ws/install/rosapi_msgs:/home/francisco/ros2-ws/install/usb_camera_driver:/home/francisco/ros2-ws/install/rosbridge_test_msgs:/home/francisco/ros2-ws/install/rosbridge_suite:/home/francisco/ros2-ws/install/rosbridge_server:/home/francisco/ros2-ws/install/rosbridge_msgs:/home/francisco/ros2-ws/install/rosapi:/home/francisco/ros2-ws/install/monitoring-station-tfm:/opt/ros/foxy LD_LIBRARY_PATH=/home/francisco/ros2-ws/install/rosapi_msgs/lib:/home/francisco/ros2-ws/install/usb_camera_driver/lib:/home/francisco/ros2-ws/install/rosbridge_test_msgs/lib:/home/francisco/ros2-ws/install/rosbridge_msgs/lib:/opt/ros/foxy/opt/yaml_cpp_vendor/lib:/opt/ros/foxy/opt/rviz_ogre_vendor/lib:/opt/ros/foxy/lib/x86_64-linux-gnu:/opt/ros/foxy/lib PYTHONPATH=/home/francisco/ros2-ws/install/rosbridge_library/lib/python3.8/site-packages:/home/francisco/ros2-ws/install/rosapi_msgs/lib/python3.8/site-packages:/home/francisco/ros2-ws/install/rosbridge_test_msgs/lib/python3.8/site-packages:/home/francisco/ros2-ws/install/rosbridge_server/lib/python3.8/site-packages:/home/francisco/ros2-ws/install/rosbridge_msgs/lib/python3.8/site-packages:/home/francisco/ros2-ws/install/rosapi/lib/python3.8/site-packages:/home/francisco/ros2-ws/install/monitoring-station-tfm/lib/python3.8/site-packages:/opt/ros/foxy/lib/python3.8/site-packages /usr/bin/cmake --build /home/francisco/ros2-ws/build/rosapi -- -j4 -l4
[0.212s] Invoked command in '/home/francisco/ros2-ws/build/rosapi' returned '0': CMAKE_PREFIX_PATH=/home/francisco/ros2-ws/install/rosbridge_library:/home/francisco/ros2-ws/install/rosapi_msgs:/home/francisco/ros2-ws/install/usb_camera_driver:/home/francisco/ros2-ws/install/rosbridge_test_msgs:/home/francisco/ros2-ws/install/rosbridge_suite:/home/francisco/ros2-ws/install/rosbridge_server:/home/francisco/ros2-ws/install/rosbridge_msgs:/home/francisco/ros2-ws/install/rosapi:/home/francisco/ros2-ws/install/monitoring-station-tfm:/opt/ros/foxy LD_LIBRARY_PATH=/home/francisco/ros2-ws/install/rosapi_msgs/lib:/home/francisco/ros2-ws/install/usb_camera_driver/lib:/home/francisco/ros2-ws/install/rosbridge_test_msgs/lib:/home/francisco/ros2-ws/install/rosbridge_msgs/lib:/opt/ros/foxy/opt/yaml_cpp_vendor/lib:/opt/ros/foxy/opt/rviz_ogre_vendor/lib:/opt/ros/foxy/lib/x86_64-linux-gnu:/opt/ros/foxy/lib PYTHONPATH=/home/francisco/ros2-ws/install/rosbridge_library/lib/python3.8/site-packages:/home/francisco/ros2-ws/install/rosapi_msgs/lib/python3.8/site-packages:/home/francisco/ros2-ws/install/rosbridge_test_msgs/lib/python3.8/site-packages:/home/francisco/ros2-ws/install/rosbridge_server/lib/python3.8/site-packages:/home/francisco/ros2-ws/install/rosbridge_msgs/lib/python3.8/site-packages:/home/francisco/ros2-ws/install/rosapi/lib/python3.8/site-packages:/home/francisco/ros2-ws/install/monitoring-station-tfm/lib/python3.8/site-packages:/opt/ros/foxy/lib/python3.8/site-packages /usr/bin/cmake --build /home/francisco/ros2-ws/build/rosapi -- -j4 -l4
[0.276s] Invoking command in '/home/francisco/ros2-ws/build/rosapi': CMAKE_PREFIX_PATH=/home/francisco/ros2-ws/install/rosbridge_library:/home/francisco/ros2-ws/install/rosapi_msgs:/home/francisco/ros2-ws/install/usb_camera_driver:/home/francisco/ros2-ws/install/rosbridge_test_msgs:/home/francisco/ros2-ws/install/rosbridge_suite:/home/francisco/ros2-ws/install/rosbridge_server:/home/francisco/ros2-ws/install/rosbridge_msgs:/home/francisco/ros2-ws/install/rosapi:/home/francisco/ros2-ws/install/monitoring-station-tfm:/opt/ros/foxy LD_LIBRARY_PATH=/home/francisco/ros2-ws/install/rosapi_msgs/lib:/home/francisco/ros2-ws/install/usb_camera_driver/lib:/home/francisco/ros2-ws/install/rosbridge_test_msgs/lib:/home/francisco/ros2-ws/install/rosbridge_msgs/lib:/opt/ros/foxy/opt/yaml_cpp_vendor/lib:/opt/ros/foxy/opt/rviz_ogre_vendor/lib:/opt/ros/foxy/lib/x86_64-linux-gnu:/opt/ros/foxy/lib PYTHONPATH=/home/francisco/ros2-ws/install/rosbridge_library/lib/python3.8/site-packages:/home/francisco/ros2-ws/install/rosapi_msgs/lib/python3.8/site-packages:/home/francisco/ros2-ws/install/rosbridge_test_msgs/lib/python3.8/site-packages:/home/francisco/ros2-ws/install/rosbridge_server/lib/python3.8/site-packages:/home/francisco/ros2-ws/install/rosbridge_msgs/lib/python3.8/site-packages:/home/francisco/ros2-ws/install/rosapi/lib/python3.8/site-packages:/home/francisco/ros2-ws/install/monitoring-station-tfm/lib/python3.8/site-packages:/opt/ros/foxy/lib/python3.8/site-packages /usr/bin/cmake --install /home/francisco/ros2-ws/build/rosapi
[0.296s] -- Install configuration: ""
[0.297s] -- Up-to-date: /home/francisco/ros2-ws/install/rosapi/share/rosapi/environment/pythonpath.sh
[0.297s] -- Up-to-date: /home/francisco/ros2-ws/install/rosapi/share/rosapi/environment/pythonpath.dsv
[0.309s] -- Up-to-date: /home/francisco/ros2-ws/install/rosapi/lib/python3.8/site-packages/rosapi
[0.316s] -- Up-to-date: /home/francisco/ros2-ws/install/rosapi/lib/python3.8/site-packages/rosapi/params.py
[0.316s] -- Up-to-date: /home/francisco/ros2-ws/install/rosapi/lib/python3.8/site-packages/rosapi/__init__.py
[0.317s] -- Up-to-date: /home/francisco/ros2-ws/install/rosapi/lib/python3.8/site-packages/rosapi/glob_helper.py
[0.317s] -- Up-to-date: /home/francisco/ros2-ws/install/rosapi/lib/python3.8/site-packages/rosapi/stringify_field_types.py
[0.317s] -- Up-to-date: /home/francisco/ros2-ws/install/rosapi/lib/python3.8/site-packages/rosapi/objectutils.py
[0.318s] -- Up-to-date: /home/francisco/ros2-ws/install/rosapi/lib/python3.8/site-packages/rosapi/proxy.py
[0.408s] Listing '/home/francisco/ros2-ws/install/rosapi/lib/python3.8/site-packages/rosapi'...
[0.416s] -- Up-to-date: /home/francisco/ros2-ws/install/rosapi/share/ament_index/resource_index/package_run_dependencies/rosapi
[0.417s] -- Up-to-date: /home/francisco/ros2-ws/install/rosapi/share/ament_index/resource_index/parent_prefix_path/rosapi
[0.418s] -- Up-to-date: /home/francisco/ros2-ws/install/rosapi/share/rosapi/environment/ament_prefix_path.sh
[0.419s] -- Up-to-date: /home/francisco/ros2-ws/install/rosapi/share/rosapi/environment/ament_prefix_path.dsv
[0.420s] -- Up-to-date: /home/francisco/ros2-ws/install/rosapi/share/rosapi/environment/path.sh
[0.421s] -- Up-to-date: /home/francisco/ros2-ws/install/rosapi/share/rosapi/environment/path.dsv
[0.421s] -- Up-to-date: /home/francisco/ros2-ws/install/rosapi/share/rosapi/local_setup.bash
[0.421s] -- Up-to-date: /home/francisco/ros2-ws/install/rosapi/share/rosapi/local_setup.sh
[0.422s] -- Up-to-date: /home/francisco/ros2-ws/install/rosapi/share/rosapi/local_setup.zsh
[0.422s] -- Up-to-date: /home/francisco/ros2-ws/install/rosapi/share/rosapi/local_setup.dsv
[0.423s] -- Installing: /home/francisco/ros2-ws/install/rosapi/share/rosapi/package.dsv
[0.423s] -- Up-to-date: /home/francisco/ros2-ws/install/rosapi/share/ament_index/resource_index/packages/rosapi
[0.423s] -- Up-to-date: /home/francisco/ros2-ws/install/rosapi/share/rosapi/cmake/rosapiConfig.cmake
[0.424s] -- Up-to-date: /home/francisco/ros2-ws/install/rosapi/share/rosapi/cmake/rosapiConfig-version.cmake
[0.424s] -- Up-to-date: /home/francisco/ros2-ws/install/rosapi/share/rosapi/package.xml
[0.424s] -- Up-to-date: /home/francisco/ros2-ws/install/rosapi/lib/rosapi/rosapi_node
[0.425s] -- Up-to-date: /home/francisco/ros2-ws/install/rosapi/share/rosapi/mapping_rules.yaml
[0.427s] Invoked command in '/home/francisco/ros2-ws/build/rosapi' returned '0': CMAKE_PREFIX_PATH=/home/francisco/ros2-ws/install/rosbridge_library:/home/francisco/ros2-ws/install/rosapi_msgs:/home/francisco/ros2-ws/install/usb_camera_driver:/home/francisco/ros2-ws/install/rosbridge_test_msgs:/home/francisco/ros2-ws/install/rosbridge_suite:/home/francisco/ros2-ws/install/rosbridge_server:/home/francisco/ros2-ws/install/rosbridge_msgs:/home/francisco/ros2-ws/install/rosapi:/home/francisco/ros2-ws/install/monitoring-station-tfm:/opt/ros/foxy LD_LIBRARY_PATH=/home/francisco/ros2-ws/install/rosapi_msgs/lib:/home/francisco/ros2-ws/install/usb_camera_driver/lib:/home/francisco/ros2-ws/install/rosbridge_test_msgs/lib:/home/francisco/ros2-ws/install/rosbridge_msgs/lib:/opt/ros/foxy/opt/yaml_cpp_vendor/lib:/opt/ros/foxy/opt/rviz_ogre_vendor/lib:/opt/ros/foxy/lib/x86_64-linux-gnu:/opt/ros/foxy/lib PYTHONPATH=/home/francisco/ros2-ws/install/rosbridge_library/lib/python3.8/site-packages:/home/francisco/ros2-ws/install/rosapi_msgs/lib/python3.8/site-packages:/home/francisco/ros2-ws/install/rosbridge_test_msgs/lib/python3.8/site-packages:/home/francisco/ros2-ws/install/rosbridge_server/lib/python3.8/site-packages:/home/francisco/ros2-ws/install/rosbridge_msgs/lib/python3.8/site-packages:/home/francisco/ros2-ws/install/rosapi/lib/python3.8/site-packages:/home/francisco/ros2-ws/install/monitoring-station-tfm/lib/python3.8/site-packages:/opt/ros/foxy/lib/python3.8/site-packages /usr/bin/cmake --install /home/francisco/ros2-ws/build/rosapi
