[1.746s] Invoking command in '/home/francisco/ros2-ws/src/monitoring_station_tfm': PYTHONPATH=/home/francisco/ros2-ws/build/monitoring_station_tfm/prefix_override:/home/francisco/ros2-ws/install/monitoring_station_tfm/lib/python3.8/site-packages:${PYTHONPATH} /usr/bin/python3 setup.py egg_info --egg-base ../../build/monitoring_station_tfm build --build-base /home/francisco/ros2-ws/build/monitoring_station_tfm/build install --record /home/francisco/ros2-ws/build/monitoring_station_tfm/install.log --install-scripts $base/lib/monitoring_station_tfm --single-version-externally-managed
[2.379s] running egg_info
[2.380s] writing ../../build/monitoring_station_tfm/monitoring_station_tfm.egg-info/PKG-INFO
[2.380s] writing dependency_links to ../../build/monitoring_station_tfm/monitoring_station_tfm.egg-info/dependency_links.txt
[2.381s] writing entry points to ../../build/monitoring_station_tfm/monitoring_station_tfm.egg-info/entry_points.txt
[2.381s] writing requirements to ../../build/monitoring_station_tfm/monitoring_station_tfm.egg-info/requires.txt
[2.381s] writing top-level names to ../../build/monitoring_station_tfm/monitoring_station_tfm.egg-info/top_level.txt
[2.475s] reading manifest file '../../build/monitoring_station_tfm/monitoring_station_tfm.egg-info/SOURCES.txt'
[2.478s] writing manifest file '../../build/monitoring_station_tfm/monitoring_station_tfm.egg-info/SOURCES.txt'
[2.478s] running build
[2.478s] running build_py
[2.479s] copying monitoring_station_tfm/stsb_sim_pub.py -> /home/francisco/ros2-ws/build/monitoring_station_tfm/build/lib/monitoring_station_tfm
[2.480s] running install
[2.482s] running install_lib
[2.488s] copying /home/francisco/ros2-ws/build/monitoring_station_tfm/build/lib/monitoring_station_tfm/stsb_sim_pub.py -> /home/francisco/ros2-ws/install/monitoring_station_tfm/lib/python3.8/site-packages/monitoring_station_tfm
[2.491s] byte-compiling /home/francisco/ros2-ws/install/monitoring_station_tfm/lib/python3.8/site-packages/monitoring_station_tfm/stsb_sim_pub.py to stsb_sim_pub.cpython-38.pyc
[2.495s] running install_data
[2.496s] running install_egg_info
[2.500s] removing '/home/francisco/ros2-ws/install/monitoring_station_tfm/lib/python3.8/site-packages/monitoring_station_tfm-0.0.0-py3.8.egg-info' (and everything under it)
[2.501s] Copying ../../build/monitoring_station_tfm/monitoring_station_tfm.egg-info to /home/francisco/ros2-ws/install/monitoring_station_tfm/lib/python3.8/site-packages/monitoring_station_tfm-0.0.0-py3.8.egg-info
[2.503s] running install_scripts
[2.546s] Installing listener script to /home/francisco/ros2-ws/install/monitoring_station_tfm/lib/monitoring_station_tfm
[2.547s] Installing pub01 script to /home/francisco/ros2-ws/install/monitoring_station_tfm/lib/monitoring_station_tfm
[2.547s] Installing pub02 script to /home/francisco/ros2-ws/install/monitoring_station_tfm/lib/monitoring_station_tfm
[2.548s] Installing pub03 script to /home/francisco/ros2-ws/install/monitoring_station_tfm/lib/monitoring_station_tfm
[2.548s] Installing publicador script to /home/francisco/ros2-ws/install/monitoring_station_tfm/lib/monitoring_station_tfm
[2.549s] Installing talker script to /home/francisco/ros2-ws/install/monitoring_station_tfm/lib/monitoring_station_tfm
[2.549s] Installing test-pub script to /home/francisco/ros2-ws/install/monitoring_station_tfm/lib/monitoring_station_tfm
[2.549s] Installing test01 script to /home/francisco/ros2-ws/install/monitoring_station_tfm/lib/monitoring_station_tfm
[2.550s] Installing test02 script to /home/francisco/ros2-ws/install/monitoring_station_tfm/lib/monitoring_station_tfm
[2.550s] Installing test03 script to /home/francisco/ros2-ws/install/monitoring_station_tfm/lib/monitoring_station_tfm
[2.550s] Installing test04 script to /home/francisco/ros2-ws/install/monitoring_station_tfm/lib/monitoring_station_tfm
[2.550s] Installing test05 script to /home/francisco/ros2-ws/install/monitoring_station_tfm/lib/monitoring_station_tfm
[2.550s] Installing timer script to /home/francisco/ros2-ws/install/monitoring_station_tfm/lib/monitoring_station_tfm
[2.551s] writing list of installed files to '/home/francisco/ros2-ws/build/monitoring_station_tfm/install.log'
[2.598s] Invoked command in '/home/francisco/ros2-ws/src/monitoring_station_tfm' returned '0': PYTHONPATH=/home/francisco/ros2-ws/build/monitoring_station_tfm/prefix_override:/home/francisco/ros2-ws/install/monitoring_station_tfm/lib/python3.8/site-packages:${PYTHONPATH} /usr/bin/python3 setup.py egg_info --egg-base ../../build/monitoring_station_tfm build --build-base /home/francisco/ros2-ws/build/monitoring_station_tfm/build install --record /home/francisco/ros2-ws/build/monitoring_station_tfm/install.log --install-scripts $base/lib/monitoring_station_tfm --single-version-externally-managed
