[2.939s] Invoking command in '/home/francisco/ros2-ws/src/monitoring_station_tfm': PYTHONPATH=/home/francisco/ros2-ws/build/monitoring_station_tfm/prefix_override:/home/francisco/ros2-ws/install/monitoring_station_tfm/lib/python3.8/site-packages:${PYTHONPATH} /usr/bin/python3 setup.py egg_info --egg-base ../../build/monitoring_station_tfm build --build-base /home/francisco/ros2-ws/build/monitoring_station_tfm/build install --record /home/francisco/ros2-ws/build/monitoring_station_tfm/install.log --install-scripts $base/lib/monitoring_station_tfm --single-version-externally-managed
[3.882s] running egg_info
[3.886s] writing ../../build/monitoring_station_tfm/monitoring_station_tfm.egg-info/PKG-INFO
[3.889s] writing dependency_links to ../../build/monitoring_station_tfm/monitoring_station_tfm.egg-info/dependency_links.txt
[3.889s] writing entry points to ../../build/monitoring_station_tfm/monitoring_station_tfm.egg-info/entry_points.txt
[3.894s] writing requirements to ../../build/monitoring_station_tfm/monitoring_station_tfm.egg-info/requires.txt
[3.894s] writing top-level names to ../../build/monitoring_station_tfm/monitoring_station_tfm.egg-info/top_level.txt
[4.045s] reading manifest file '../../build/monitoring_station_tfm/monitoring_station_tfm.egg-info/SOURCES.txt'
[4.049s] writing manifest file '../../build/monitoring_station_tfm/monitoring_station_tfm.egg-info/SOURCES.txt'
[4.049s] running build
[4.049s] running build_py
[4.050s] copying monitoring_station_tfm/nodo_Dron01.py -> /home/francisco/ros2-ws/build/monitoring_station_tfm/build/lib/monitoring_station_tfm
[4.052s] running install
[4.059s] running install_lib
[4.061s] copying /home/francisco/ros2-ws/build/monitoring_station_tfm/build/lib/monitoring_station_tfm/nodo_Dron01.py -> /home/francisco/ros2-ws/install/monitoring_station_tfm/lib/python3.8/site-packages/monitoring_station_tfm
[4.062s] byte-compiling /home/francisco/ros2-ws/install/monitoring_station_tfm/lib/python3.8/site-packages/monitoring_station_tfm/nodo_Dron01.py to nodo_Dron01.cpython-38.pyc
[4.077s] running install_data
[4.078s] running install_egg_info
[4.079s] removing '/home/francisco/ros2-ws/install/monitoring_station_tfm/lib/python3.8/site-packages/monitoring_station_tfm-0.0.0-py3.8.egg-info' (and everything under it)
[4.079s] Copying ../../build/monitoring_station_tfm/monitoring_station_tfm.egg-info to /home/francisco/ros2-ws/install/monitoring_station_tfm/lib/python3.8/site-packages/monitoring_station_tfm-0.0.0-py3.8.egg-info
[4.080s] running install_scripts
[4.157s] Installing listener script to /home/francisco/ros2-ws/install/monitoring_station_tfm/lib/monitoring_station_tfm
[4.157s] Installing pub01 script to /home/francisco/ros2-ws/install/monitoring_station_tfm/lib/monitoring_station_tfm
[4.157s] Installing pub02 script to /home/francisco/ros2-ws/install/monitoring_station_tfm/lib/monitoring_station_tfm
[4.158s] Installing pub03 script to /home/francisco/ros2-ws/install/monitoring_station_tfm/lib/monitoring_station_tfm
[4.158s] Installing publicador script to /home/francisco/ros2-ws/install/monitoring_station_tfm/lib/monitoring_station_tfm
[4.158s] Installing talker script to /home/francisco/ros2-ws/install/monitoring_station_tfm/lib/monitoring_station_tfm
[4.158s] Installing test01 script to /home/francisco/ros2-ws/install/monitoring_station_tfm/lib/monitoring_station_tfm
[4.159s] writing list of installed files to '/home/francisco/ros2-ws/build/monitoring_station_tfm/install.log'
[4.259s] Invoked command in '/home/francisco/ros2-ws/src/monitoring_station_tfm' returned '0': PYTHONPATH=/home/francisco/ros2-ws/build/monitoring_station_tfm/prefix_override:/home/francisco/ros2-ws/install/monitoring_station_tfm/lib/python3.8/site-packages:${PYTHONPATH} /usr/bin/python3 setup.py egg_info --egg-base ../../build/monitoring_station_tfm build --build-base /home/francisco/ros2-ws/build/monitoring_station_tfm/build install --record /home/francisco/ros2-ws/build/monitoring_station_tfm/install.log --install-scripts $base/lib/monitoring_station_tfm --single-version-externally-managed
