[0.172s] Invoking command in '/home/francisco/ros2-ws/build/web_video_server': CMAKE_PREFIX_PATH=${CMAKE_PREFIX_PATH}:/home/francisco/ros2-ws/install/monitoring_station_tfm:/home/francisco/ros2-ws/install/monitoring-station-tfm:/home/francisco/ros2-ws/install/camera_driver:/opt/ros/foxy /usr/bin/cmake --build /home/francisco/ros2-ws/build/web_video_server -- -j4 -l4
[1.044s] [100%] Built target web_video_server
[1.078s] Invoked command in '/home/francisco/ros2-ws/build/web_video_server' returned '0': CMAKE_PREFIX_PATH=${CMAKE_PREFIX_PATH}:/home/francisco/ros2-ws/install/monitoring_station_tfm:/home/francisco/ros2-ws/install/monitoring-station-tfm:/home/francisco/ros2-ws/install/camera_driver:/opt/ros/foxy /usr/bin/cmake --build /home/francisco/ros2-ws/build/web_video_server -- -j4 -l4
[1.193s] Invoking command in '/home/francisco/ros2-ws/build/web_video_server': CMAKE_PREFIX_PATH=${CMAKE_PREFIX_PATH}:/home/francisco/ros2-ws/install/monitoring_station_tfm:/home/francisco/ros2-ws/install/monitoring-station-tfm:/home/francisco/ros2-ws/install/camera_driver:/opt/ros/foxy /usr/bin/cmake --install /home/francisco/ros2-ws/build/web_video_server
[1.227s] -- Install configuration: ""
[1.240s] -- Up-to-date: /home/francisco/ros2-ws/install/web_video_server/lib/web_video_server/web_video_server
[1.257s] -- Up-to-date: /home/francisco/ros2-ws/install/web_video_server/include/web_video_server
[1.265s] -- Up-to-date: /home/francisco/ros2-ws/install/web_video_server/include/web_video_server/png_streamers.h
[1.265s] -- Up-to-date: /home/francisco/ros2-ws/install/web_video_server/include/web_video_server/h264_streamer.h
[1.266s] -- Up-to-date: /home/francisco/ros2-ws/install/web_video_server/include/web_video_server/multipart_stream.h
[1.268s] -- Up-to-date: /home/francisco/ros2-ws/install/web_video_server/include/web_video_server/web_video_server.h
[1.268s] -- Up-to-date: /home/francisco/ros2-ws/install/web_video_server/include/web_video_server/ros_compressed_streamer.h
[1.268s] -- Up-to-date: /home/francisco/ros2-ws/install/web_video_server/include/web_video_server/jpeg_streamers.h
[1.269s] -- Up-to-date: /home/francisco/ros2-ws/install/web_video_server/include/web_video_server/vp8_streamer.h
[1.269s] -- Up-to-date: /home/francisco/ros2-ws/install/web_video_server/include/web_video_server/image_streamer.h
[1.269s] -- Up-to-date: /home/francisco/ros2-ws/install/web_video_server/include/web_video_server/libav_streamer.h
[1.270s] -- Up-to-date: /home/francisco/ros2-ws/install/web_video_server/include/web_video_server/vp9_streamer.h
[1.270s] -- Up-to-date: /home/francisco/ros2-ws/install/web_video_server/share/ament_index/resource_index/package_run_dependencies/web_video_server
[1.270s] -- Up-to-date: /home/francisco/ros2-ws/install/web_video_server/share/ament_index/resource_index/parent_prefix_path/web_video_server
[1.271s] -- Up-to-date: /home/francisco/ros2-ws/install/web_video_server/share/web_video_server/environment/ament_prefix_path.sh
[1.271s] -- Up-to-date: /home/francisco/ros2-ws/install/web_video_server/share/web_video_server/environment/ament_prefix_path.dsv
[1.271s] -- Up-to-date: /home/francisco/ros2-ws/install/web_video_server/share/web_video_server/environment/path.sh
[1.271s] -- Up-to-date: /home/francisco/ros2-ws/install/web_video_server/share/web_video_server/environment/path.dsv
[1.272s] -- Up-to-date: /home/francisco/ros2-ws/install/web_video_server/share/web_video_server/local_setup.bash
[1.272s] -- Up-to-date: /home/francisco/ros2-ws/install/web_video_server/share/web_video_server/local_setup.sh
[1.272s] -- Up-to-date: /home/francisco/ros2-ws/install/web_video_server/share/web_video_server/local_setup.zsh
[1.273s] -- Up-to-date: /home/francisco/ros2-ws/install/web_video_server/share/web_video_server/local_setup.dsv
[1.273s] -- Installing: /home/francisco/ros2-ws/install/web_video_server/share/web_video_server/package.dsv
[1.287s] -- Up-to-date: /home/francisco/ros2-ws/install/web_video_server/share/ament_index/resource_index/packages/web_video_server
[1.288s] -- Up-to-date: /home/francisco/ros2-ws/install/web_video_server/share/web_video_server/cmake/web_video_serverConfig.cmake
[1.288s] -- Up-to-date: /home/francisco/ros2-ws/install/web_video_server/share/web_video_server/cmake/web_video_serverConfig-version.cmake
[1.289s] -- Up-to-date: /home/francisco/ros2-ws/install/web_video_server/share/web_video_server/package.xml
[1.299s] Invoked command in '/home/francisco/ros2-ws/build/web_video_server' returned '0': CMAKE_PREFIX_PATH=${CMAKE_PREFIX_PATH}:/home/francisco/ros2-ws/install/monitoring_station_tfm:/home/francisco/ros2-ws/install/monitoring-station-tfm:/home/francisco/ros2-ws/install/camera_driver:/opt/ros/foxy /usr/bin/cmake --install /home/francisco/ros2-ws/build/web_video_server
