[3.029s] Invoking command in '/home/francisco/ros2-ws/src/monitoring-station-tfm': PYTHONPATH=/home/francisco/ros2-ws/build/monitoring-station-tfm/prefix_override:/home/francisco/ros2-ws/install/monitoring-station-tfm/lib/python3.8/site-packages:${PYTHONPATH} /usr/bin/python3 setup.py egg_info --egg-base ../../build/monitoring-station-tfm build --build-base /home/francisco/ros2-ws/build/monitoring-station-tfm/build install --record /home/francisco/ros2-ws/build/monitoring-station-tfm/install.log --install-scripts $base/lib/monitoring-station-tfm --single-version-externally-managed
[3.531s] running egg_info
[3.532s] creating ../../build/monitoring-station-tfm/monitoring_station_tfm.egg-info
[3.532s] writing ../../build/monitoring-station-tfm/monitoring_station_tfm.egg-info/PKG-INFO
[3.533s] writing dependency_links to ../../build/monitoring-station-tfm/monitoring_station_tfm.egg-info/dependency_links.txt
[3.533s] writing entry points to ../../build/monitoring-station-tfm/monitoring_station_tfm.egg-info/entry_points.txt
[3.533s] writing requirements to ../../build/monitoring-station-tfm/monitoring_station_tfm.egg-info/requires.txt
[3.533s] writing top-level names to ../../build/monitoring-station-tfm/monitoring_station_tfm.egg-info/top_level.txt
[3.573s] writing manifest file '../../build/monitoring-station-tfm/monitoring_station_tfm.egg-info/SOURCES.txt'
[3.651s] reading manifest file '../../build/monitoring-station-tfm/monitoring_station_tfm.egg-info/SOURCES.txt'
[3.654s] writing manifest file '../../build/monitoring-station-tfm/monitoring_station_tfm.egg-info/SOURCES.txt'
[3.654s] running build
[3.654s] running build_py
[3.655s] creating /home/francisco/ros2-ws/build/monitoring-station-tfm/build
[3.655s] creating /home/francisco/ros2-ws/build/monitoring-station-tfm/build/lib
[3.655s] creating /home/francisco/ros2-ws/build/monitoring-station-tfm/build/lib/monitoring-station-tfm
[3.655s] copying monitoring-station-tfm/__init__.py -> /home/francisco/ros2-ws/build/monitoring-station-tfm/build/lib/monitoring-station-tfm
[3.656s] running install
[3.656s] running install_lib
[3.658s] creating /home/francisco/ros2-ws/install/monitoring-station-tfm/lib/python3.8/site-packages/monitoring-station-tfm
[3.658s] copying /home/francisco/ros2-ws/build/monitoring-station-tfm/build/lib/monitoring-station-tfm/__init__.py -> /home/francisco/ros2-ws/install/monitoring-station-tfm/lib/python3.8/site-packages/monitoring-station-tfm
[3.659s] byte-compiling /home/francisco/ros2-ws/install/monitoring-station-tfm/lib/python3.8/site-packages/monitoring-station-tfm/__init__.py to __init__.cpython-38.pyc
[3.661s] running install_data
[3.663s] creating /home/francisco/ros2-ws/install/monitoring-station-tfm/share/ament_index
[3.663s] creating /home/francisco/ros2-ws/install/monitoring-station-tfm/share/ament_index/resource_index
[3.663s] creating /home/francisco/ros2-ws/install/monitoring-station-tfm/share/ament_index/resource_index/packages
[3.664s] copying resource/monitoring-station-tfm -> /home/francisco/ros2-ws/install/monitoring-station-tfm/share/ament_index/resource_index/packages
[3.664s] copying package.xml -> /home/francisco/ros2-ws/install/monitoring-station-tfm/share/monitoring-station-tfm
[3.664s] running install_egg_info
[3.666s] Copying ../../build/monitoring-station-tfm/monitoring_station_tfm.egg-info to /home/francisco/ros2-ws/install/monitoring-station-tfm/lib/python3.8/site-packages/monitoring_station_tfm-0.0.0-py3.8.egg-info
[3.668s] running install_scripts
[3.708s] writing list of installed files to '/home/francisco/ros2-ws/build/monitoring-station-tfm/install.log'
[3.751s] Invoked command in '/home/francisco/ros2-ws/src/monitoring-station-tfm' returned '0': PYTHONPATH=/home/francisco/ros2-ws/build/monitoring-station-tfm/prefix_override:/home/francisco/ros2-ws/install/monitoring-station-tfm/lib/python3.8/site-packages:${PYTHONPATH} /usr/bin/python3 setup.py egg_info --egg-base ../../build/monitoring-station-tfm build --build-base /home/francisco/ros2-ws/build/monitoring-station-tfm/build install --record /home/francisco/ros2-ws/build/monitoring-station-tfm/install.log --install-scripts $base/lib/monitoring-station-tfm --single-version-externally-managed
