running egg_info
creating ../../build/monitoring_station_tfm/monitoring_station_tfm.egg-info
writing ../../build/monitoring_station_tfm/monitoring_station_tfm.egg-info/PKG-INFO
writing dependency_links to ../../build/monitoring_station_tfm/monitoring_station_tfm.egg-info/dependency_links.txt
writing entry points to ../../build/monitoring_station_tfm/monitoring_station_tfm.egg-info/entry_points.txt
writing requirements to ../../build/monitoring_station_tfm/monitoring_station_tfm.egg-info/requires.txt
writing top-level names to ../../build/monitoring_station_tfm/monitoring_station_tfm.egg-info/top_level.txt
writing manifest file '../../build/monitoring_station_tfm/monitoring_station_tfm.egg-info/SOURCES.txt'
reading manifest file '../../build/monitoring_station_tfm/monitoring_station_tfm.egg-info/SOURCES.txt'
writing manifest file '../../build/monitoring_station_tfm/monitoring_station_tfm.egg-info/SOURCES.txt'
running build
running build_py
creating /home/francisco/ros2-ws/build/monitoring_station_tfm/build
creating /home/francisco/ros2-ws/build/monitoring_station_tfm/build/lib
creating /home/francisco/ros2-ws/build/monitoring_station_tfm/build/lib/monitoring_station_tfm
copying monitoring_station_tfm/__init__.py -> /home/francisco/ros2-ws/build/monitoring_station_tfm/build/lib/monitoring_station_tfm
running install
running install_lib
creating /home/francisco/ros2-ws/install/monitoring_station_tfm/lib/python3.8/site-packages/monitoring_station_tfm
copying /home/francisco/ros2-ws/build/monitoring_station_tfm/build/lib/monitoring_station_tfm/__init__.py -> /home/francisco/ros2-ws/install/monitoring_station_tfm/lib/python3.8/site-packages/monitoring_station_tfm
byte-compiling /home/francisco/ros2-ws/install/monitoring_station_tfm/lib/python3.8/site-packages/monitoring_station_tfm/__init__.py to __init__.cpython-38.pyc
running install_data
creating /home/francisco/ros2-ws/install/monitoring_station_tfm/share/ament_index
creating /home/francisco/ros2-ws/install/monitoring_station_tfm/share/ament_index/resource_index
creating /home/francisco/ros2-ws/install/monitoring_station_tfm/share/ament_index/resource_index/packages
copying resource/monitoring_station_tfm -> /home/francisco/ros2-ws/install/monitoring_station_tfm/share/ament_index/resource_index/packages
copying package.xml -> /home/francisco/ros2-ws/install/monitoring_station_tfm/share/monitoring_station_tfm
running install_egg_info
Copying ../../build/monitoring_station_tfm/monitoring_station_tfm.egg-info to /home/francisco/ros2-ws/install/monitoring_station_tfm/lib/python3.8/site-packages/monitoring_station_tfm-0.0.0-py3.8.egg-info
running install_scripts
writing list of installed files to '/home/francisco/ros2-ws/build/monitoring_station_tfm/install.log'
