[0.139s] Invoking command in '/home/francisco/ros2-ws/build/rosapi_msgs': CMAKE_PREFIX_PATH=${CMAKE_PREFIX_PATH}:/home/francisco/ros2-ws/install/monitoring_station_tfm:/home/francisco/ros2-ws/install/monitoring-station-tfm:/home/francisco/ros2-ws/install/camera_driver:/opt/ros/foxy /usr/bin/cmake --build /home/francisco/ros2-ws/build/rosapi_msgs -- -j4 -l4
[1.379s] [  0%] Built target rosapi_msgs__cpp
[1.380s] [ 12%] Built target rosapi_msgs__rosidl_generator_c
[1.380s] [ 24%] Built target rosapi_msgs__rosidl_typesupport_cpp
[1.380s] [ 36%] Built target rosapi_msgs__rosidl_typesupport_introspection_c
[1.380s] [ 48%] Built target rosapi_msgs__rosidl_typesupport_c
[1.381s] [ 61%] Built target rosapi_msgs__rosidl_typesupport_introspection_cpp
[1.381s] [ 73%] Built target rosapi_msgs__rosidl_typesupport_fastrtps_cpp
[1.381s] [ 85%] Built target rosapi_msgs__rosidl_typesupport_fastrtps_c
[1.382s] [ 85%] Built target rosapi_msgs
[1.382s] [ 85%] Built target rosapi_msgs__py
[1.382s] [ 97%] Built target rosapi_msgs__python
[1.383s] [ 98%] Built target rosapi_msgs__rosidl_typesupport_c__pyext
[1.386s] [ 99%] Built target rosapi_msgs__rosidl_typesupport_fastrtps_c__pyext
[1.386s] [100%] Built target rosapi_msgs__rosidl_typesupport_introspection_c__pyext
[1.401s] Invoked command in '/home/francisco/ros2-ws/build/rosapi_msgs' returned '0': CMAKE_PREFIX_PATH=${CMAKE_PREFIX_PATH}:/home/francisco/ros2-ws/install/monitoring_station_tfm:/home/francisco/ros2-ws/install/monitoring-station-tfm:/home/francisco/ros2-ws/install/camera_driver:/opt/ros/foxy /usr/bin/cmake --build /home/francisco/ros2-ws/build/rosapi_msgs -- -j4 -l4
[3.087s] Invoking command in '/home/francisco/ros2-ws/build/rosapi_msgs': CMAKE_PREFIX_PATH=${CMAKE_PREFIX_PATH}:/home/francisco/ros2-ws/install/monitoring_station_tfm:/home/francisco/ros2-ws/install/monitoring-station-tfm:/home/francisco/ros2-ws/install/camera_driver:/opt/ros/foxy /usr/bin/cmake --install /home/francisco/ros2-ws/build/rosapi_msgs
[3.122s] -- Install configuration: ""
[3.125s] -- Up-to-date: /home/francisco/ros2-ws/install/rosapi_msgs/share/ament_index/resource_index/rosidl_interfaces/rosapi_msgs
[3.125s] -- Up-to-date: /home/francisco/ros2-ws/install/rosapi_msgs/include/rosapi_msgs
[3.125s] -- Up-to-date: /home/francisco/ros2-ws/install/rosapi_msgs/include/rosapi_msgs/srv
[3.126s] -- Up-to-date: /home/francisco/ros2-ws/install/rosapi_msgs/include/rosapi_msgs/srv/get_param_names.h
[3.126s] -- Up-to-date: /home/francisco/ros2-ws/install/rosapi_msgs/include/rosapi_msgs/srv/services_for_type.h
[3.126s] -- Up-to-date: /home/francisco/ros2-ws/install/rosapi_msgs/include/rosapi_msgs/srv/detail
[3.127s] -- Up-to-date: /home/francisco/ros2-ws/install/rosapi_msgs/include/rosapi_msgs/srv/detail/get_ros_version__type_support.h
[3.127s] -- Up-to-date: /home/francisco/ros2-ws/install/rosapi_msgs/include/rosapi_msgs/srv/detail/delete_param__struct.h
[3.131s] -- Up-to-date: /home/francisco/ros2-ws/install/rosapi_msgs/include/rosapi_msgs/srv/detail/publishers__functions.h
[3.131s] -- Up-to-date: /home/francisco/ros2-ws/install/rosapi_msgs/include/rosapi_msgs/srv/detail/get_param__struct.h
[3.131s] -- Up-to-date: /home/francisco/ros2-ws/install/rosapi_msgs/include/rosapi_msgs/srv/detail/delete_param__functions.h
[3.132s] -- Up-to-date: /home/francisco/ros2-ws/install/rosapi_msgs/include/rosapi_msgs/srv/detail/service_type__type_support.h
[3.132s] -- Up-to-date: /home/francisco/ros2-ws/install/rosapi_msgs/include/rosapi_msgs/srv/detail/delete_param__functions.c
[3.132s] -- Up-to-date: /home/francisco/ros2-ws/install/rosapi_msgs/include/rosapi_msgs/srv/detail/set_param__struct.h
[3.133s] -- Up-to-date: /home/francisco/ros2-ws/install/rosapi_msgs/include/rosapi_msgs/srv/detail/service_request_details__functions.c
[3.133s] -- Up-to-date: /home/francisco/ros2-ws/install/rosapi_msgs/include/rosapi_msgs/srv/detail/topic_type__struct.h
[3.133s] -- Up-to-date: /home/francisco/ros2-ws/install/rosapi_msgs/include/rosapi_msgs/srv/detail/topics__functions.c
[3.133s] -- Up-to-date: /home/francisco/ros2-ws/install/rosapi_msgs/include/rosapi_msgs/srv/detail/service_providers__functions.h
[3.134s] -- Up-to-date: /home/francisco/ros2-ws/install/rosapi_msgs/include/rosapi_msgs/srv/detail/services_for_type__functions.c
[3.134s] -- Up-to-date: /home/francisco/ros2-ws/install/rosapi_msgs/include/rosapi_msgs/srv/detail/topics__struct.h
[3.134s] -- Up-to-date: /home/francisco/ros2-ws/install/rosapi_msgs/include/rosapi_msgs/srv/detail/get_ros_version__struct.h
[3.135s] -- Up-to-date: /home/francisco/ros2-ws/install/rosapi_msgs/include/rosapi_msgs/srv/detail/get_action_servers__type_support.h
[3.135s] -- Up-to-date: /home/francisco/ros2-ws/install/rosapi_msgs/include/rosapi_msgs/srv/detail/set_param__type_support.h
[3.138s] -- Up-to-date: /home/francisco/ros2-ws/install/rosapi_msgs/include/rosapi_msgs/srv/detail/services__functions.h
[3.149s] -- Up-to-date: /home/francisco/ros2-ws/install/rosapi_msgs/include/rosapi_msgs/srv/detail/service_node__struct.h
[3.150s] -- Up-to-date: /home/francisco/ros2-ws/install/rosapi_msgs/include/rosapi_msgs/srv/detail/services__struct.h
[3.151s] -- Up-to-date: /home/francisco/ros2-ws/install/rosapi_msgs/include/rosapi_msgs/srv/detail/subscribers__functions.c
[3.151s] -- Up-to-date: /home/francisco/ros2-ws/install/rosapi_msgs/include/rosapi_msgs/srv/detail/service_node__functions.h
[3.151s] -- Up-to-date: /home/francisco/ros2-ws/install/rosapi_msgs/include/rosapi_msgs/srv/detail/service_type__struct.h
[3.154s] -- Up-to-date: /home/francisco/ros2-ws/install/rosapi_msgs/include/rosapi_msgs/srv/detail/service_type__functions.c
[3.154s] -- Up-to-date: /home/francisco/ros2-ws/install/rosapi_msgs/include/rosapi_msgs/srv/detail/service_node__functions.c
[3.155s] -- Up-to-date: /home/francisco/ros2-ws/install/rosapi_msgs/include/rosapi_msgs/srv/detail/message_details__functions.c
[3.155s] -- Up-to-date: /home/francisco/ros2-ws/install/rosapi_msgs/include/rosapi_msgs/srv/detail/service_request_details__type_support.h
[3.155s] -- Up-to-date: /home/francisco/ros2-ws/install/rosapi_msgs/include/rosapi_msgs/srv/detail/nodes__struct.h
[3.156s] -- Up-to-date: /home/francisco/ros2-ws/install/rosapi_msgs/include/rosapi_msgs/srv/detail/subscribers__struct.h
[3.156s] -- Up-to-date: /home/francisco/ros2-ws/install/rosapi_msgs/include/rosapi_msgs/srv/detail/get_time__functions.h
[3.156s] -- Up-to-date: /home/francisco/ros2-ws/install/rosapi_msgs/include/rosapi_msgs/srv/detail/services__type_support.h
[3.157s] -- Up-to-date: /home/francisco/ros2-ws/install/rosapi_msgs/include/rosapi_msgs/srv/detail/get_ros_version__functions.c
[3.157s] -- Up-to-date: /home/francisco/ros2-ws/install/rosapi_msgs/include/rosapi_msgs/srv/detail/delete_param__type_support.h
[3.157s] -- Up-to-date: /home/francisco/ros2-ws/install/rosapi_msgs/include/rosapi_msgs/srv/detail/get_action_servers__functions.h
[3.158s] -- Up-to-date: /home/francisco/ros2-ws/install/rosapi_msgs/include/rosapi_msgs/srv/detail/has_param__struct.h
[3.158s] -- Up-to-date: /home/francisco/ros2-ws/install/rosapi_msgs/include/rosapi_msgs/srv/detail/get_time__type_support.h
[3.159s] -- Up-to-date: /home/francisco/ros2-ws/install/rosapi_msgs/include/rosapi_msgs/srv/detail/get_time__struct.h
[3.159s] -- Up-to-date: /home/francisco/ros2-ws/install/rosapi_msgs/include/rosapi_msgs/srv/detail/get_param__functions.c
[3.159s] -- Up-to-date: /home/francisco/ros2-ws/install/rosapi_msgs/include/rosapi_msgs/srv/detail/nodes__functions.c
[3.160s] -- Up-to-date: /home/francisco/ros2-ws/install/rosapi_msgs/include/rosapi_msgs/srv/detail/topics_and_raw_types__functions.h
[3.160s] -- Up-to-date: /home/francisco/ros2-ws/install/rosapi_msgs/include/rosapi_msgs/srv/detail/node_details__functions.c
[3.160s] -- Up-to-date: /home/francisco/ros2-ws/install/rosapi_msgs/include/rosapi_msgs/srv/detail/service_type__functions.h
[3.161s] -- Up-to-date: /home/francisco/ros2-ws/install/rosapi_msgs/include/rosapi_msgs/srv/detail/get_param__type_support.h
[3.161s] -- Up-to-date: /home/francisco/ros2-ws/install/rosapi_msgs/include/rosapi_msgs/srv/detail/services__functions.c
[3.171s] -- Up-to-date: /home/francisco/ros2-ws/install/rosapi_msgs/include/rosapi_msgs/srv/detail/service_request_details__functions.h
[3.180s] -- Up-to-date: /home/francisco/ros2-ws/install/rosapi_msgs/include/rosapi_msgs/srv/detail/service_response_details__functions.c
[3.180s] -- Up-to-date: /home/francisco/ros2-ws/install/rosapi_msgs/include/rosapi_msgs/srv/detail/service_request_details__struct.h
[3.180s] -- Up-to-date: /home/francisco/ros2-ws/install/rosapi_msgs/include/rosapi_msgs/srv/detail/topics_for_type__functions.h
[3.181s] -- Up-to-date: /home/francisco/ros2-ws/install/rosapi_msgs/include/rosapi_msgs/srv/detail/node_details__type_support.h
[3.181s] -- Up-to-date: /home/francisco/ros2-ws/install/rosapi_msgs/include/rosapi_msgs/srv/detail/service_providers__functions.c
[3.181s] -- Up-to-date: /home/francisco/ros2-ws/install/rosapi_msgs/include/rosapi_msgs/srv/detail/node_details__functions.h
[3.182s] -- Up-to-date: /home/francisco/ros2-ws/install/rosapi_msgs/include/rosapi_msgs/srv/detail/service_providers__type_support.h
[3.182s] -- Up-to-date: /home/francisco/ros2-ws/install/rosapi_msgs/include/rosapi_msgs/srv/detail/get_action_servers__functions.c
[3.182s] -- Up-to-date: /home/francisco/ros2-ws/install/rosapi_msgs/include/rosapi_msgs/srv/detail/message_details__struct.h
[3.182s] -- Up-to-date: /home/francisco/ros2-ws/install/rosapi_msgs/include/rosapi_msgs/srv/detail/service_response_details__functions.h
[3.183s] -- Up-to-date: /home/francisco/ros2-ws/install/rosapi_msgs/include/rosapi_msgs/srv/detail/has_param__type_support.h
[3.183s] -- Up-to-date: /home/francisco/ros2-ws/install/rosapi_msgs/include/rosapi_msgs/srv/detail/publishers__functions.c
[3.183s] -- Up-to-date: /home/francisco/ros2-ws/install/rosapi_msgs/include/rosapi_msgs/srv/detail/get_time__functions.c
[3.184s] -- Up-to-date: /home/francisco/ros2-ws/install/rosapi_msgs/include/rosapi_msgs/srv/detail/topics__type_support.h
[3.184s] -- Up-to-date: /home/francisco/ros2-ws/install/rosapi_msgs/include/rosapi_msgs/srv/detail/services_for_type__type_support.h
[3.184s] -- Up-to-date: /home/francisco/ros2-ws/install/rosapi_msgs/include/rosapi_msgs/srv/detail/service_response_details__struct.h
[3.185s] -- Up-to-date: /home/francisco/ros2-ws/install/rosapi_msgs/include/rosapi_msgs/srv/detail/get_action_servers__struct.h
[3.185s] -- Up-to-date: /home/francisco/ros2-ws/install/rosapi_msgs/include/rosapi_msgs/srv/detail/set_param__functions.h
[3.185s] -- Up-to-date: /home/francisco/ros2-ws/install/rosapi_msgs/include/rosapi_msgs/srv/detail/subscribers__type_support.h
[3.185s] -- Up-to-date: /home/francisco/ros2-ws/install/rosapi_msgs/include/rosapi_msgs/srv/detail/subscribers__functions.h
[3.186s] -- Up-to-date: /home/francisco/ros2-ws/install/rosapi_msgs/include/rosapi_msgs/srv/detail/topic_type__functions.h
[3.186s] -- Up-to-date: /home/francisco/ros2-ws/install/rosapi_msgs/include/rosapi_msgs/srv/detail/publishers__struct.h
[3.186s] -- Up-to-date: /home/francisco/ros2-ws/install/rosapi_msgs/include/rosapi_msgs/srv/detail/topics_and_raw_types__struct.h
[3.187s] -- Up-to-date: /home/francisco/ros2-ws/install/rosapi_msgs/include/rosapi_msgs/srv/detail/topic_type__type_support.h
[3.187s] -- Up-to-date: /home/francisco/ros2-ws/install/rosapi_msgs/include/rosapi_msgs/srv/detail/service_response_details__type_support.h
[3.191s] -- Up-to-date: /home/francisco/ros2-ws/install/rosapi_msgs/include/rosapi_msgs/srv/detail/service_providers__struct.h
[3.192s] -- Up-to-date: /home/francisco/ros2-ws/install/rosapi_msgs/include/rosapi_msgs/srv/detail/message_details__type_support.h
[3.192s] -- Up-to-date: /home/francisco/ros2-ws/install/rosapi_msgs/include/rosapi_msgs/srv/detail/publishers__type_support.h
[3.192s] -- Up-to-date: /home/francisco/ros2-ws/install/rosapi_msgs/include/rosapi_msgs/srv/detail/service_node__type_support.h
[3.193s] -- Up-to-date: /home/francisco/ros2-ws/install/rosapi_msgs/include/rosapi_msgs/srv/detail/topics_for_type__type_support.h
[3.193s] -- Up-to-date: /home/francisco/ros2-ws/install/rosapi_msgs/include/rosapi_msgs/srv/detail/topics__functions.h
[3.193s] -- Up-to-date: /home/francisco/ros2-ws/install/rosapi_msgs/include/rosapi_msgs/srv/detail/services_for_type__struct.h
[3.194s] -- Up-to-date: /home/francisco/ros2-ws/install/rosapi_msgs/include/rosapi_msgs/srv/detail/has_param__functions.c
[3.194s] -- Up-to-date: /home/francisco/ros2-ws/install/rosapi_msgs/include/rosapi_msgs/srv/detail/get_ros_version__functions.h
[3.194s] -- Up-to-date: /home/francisco/ros2-ws/install/rosapi_msgs/include/rosapi_msgs/srv/detail/get_param_names__type_support.h
[3.209s] -- Up-to-date: /home/francisco/ros2-ws/install/rosapi_msgs/include/rosapi_msgs/srv/detail/topics_and_raw_types__functions.c
[3.209s] -- Up-to-date: /home/francisco/ros2-ws/install/rosapi_msgs/include/rosapi_msgs/srv/detail/set_param__functions.c
[3.209s] -- Up-to-date: /home/francisco/ros2-ws/install/rosapi_msgs/include/rosapi_msgs/srv/detail/nodes__type_support.h
[3.209s] -- Up-to-date: /home/francisco/ros2-ws/install/rosapi_msgs/include/rosapi_msgs/srv/detail/topics_for_type__struct.h
[3.210s] -- Up-to-date: /home/francisco/ros2-ws/install/rosapi_msgs/include/rosapi_msgs/srv/detail/get_param__functions.h
[3.210s] -- Up-to-date: /home/francisco/ros2-ws/install/rosapi_msgs/include/rosapi_msgs/srv/detail/topics_and_raw_types__type_support.h
[3.210s] -- Up-to-date: /home/francisco/ros2-ws/install/rosapi_msgs/include/rosapi_msgs/srv/detail/get_param_names__struct.h
[3.211s] -- Up-to-date: /home/francisco/ros2-ws/install/rosapi_msgs/include/rosapi_msgs/srv/detail/topic_type__functions.c
[3.211s] -- Up-to-date: /home/francisco/ros2-ws/install/rosapi_msgs/include/rosapi_msgs/srv/detail/services_for_type__functions.h
[3.211s] -- Up-to-date: /home/francisco/ros2-ws/install/rosapi_msgs/include/rosapi_msgs/srv/detail/nodes__functions.h
[3.212s] -- Up-to-date: /home/francisco/ros2-ws/install/rosapi_msgs/include/rosapi_msgs/srv/detail/get_param_names__functions.c
[3.212s] -- Up-to-date: /home/francisco/ros2-ws/install/rosapi_msgs/include/rosapi_msgs/srv/detail/message_details__functions.h
[3.212s] -- Up-to-date: /home/francisco/ros2-ws/install/rosapi_msgs/include/rosapi_msgs/srv/detail/node_details__struct.h
[3.213s] -- Up-to-date: /home/francisco/ros2-ws/install/rosapi_msgs/include/rosapi_msgs/srv/detail/topics_for_type__functions.c
[3.213s] -- Up-to-date: /home/francisco/ros2-ws/install/rosapi_msgs/include/rosapi_msgs/srv/detail/has_param__functions.h
[3.213s] -- Up-to-date: /home/francisco/ros2-ws/install/rosapi_msgs/include/rosapi_msgs/srv/detail/get_param_names__functions.h
[3.213s] -- Up-to-date: /home/francisco/ros2-ws/install/rosapi_msgs/include/rosapi_msgs/srv/get_action_servers.h
[3.214s] -- Up-to-date: /home/francisco/ros2-ws/install/rosapi_msgs/include/rosapi_msgs/srv/services.h
[3.214s] -- Up-to-date: /home/francisco/ros2-ws/install/rosapi_msgs/include/rosapi_msgs/srv/get_time.h
[3.214s] -- Up-to-date: /home/francisco/ros2-ws/install/rosapi_msgs/include/rosapi_msgs/srv/topic_type.h
[3.215s] -- Up-to-date: /home/francisco/ros2-ws/install/rosapi_msgs/include/rosapi_msgs/srv/delete_param.h
[3.215s] -- Up-to-date: /home/francisco/ros2-ws/install/rosapi_msgs/include/rosapi_msgs/srv/topics_for_type.h
[3.215s] -- Up-to-date: /home/francisco/ros2-ws/install/rosapi_msgs/include/rosapi_msgs/srv/get_param.h
[3.216s] -- Up-to-date: /home/francisco/ros2-ws/install/rosapi_msgs/include/rosapi_msgs/srv/node_details.h
[3.216s] -- Up-to-date: /home/francisco/ros2-ws/install/rosapi_msgs/include/rosapi_msgs/srv/get_ros_version.h
[3.216s] -- Up-to-date: /home/francisco/ros2-ws/install/rosapi_msgs/include/rosapi_msgs/srv/service_node.h
[3.216s] -- Up-to-date: /home/francisco/ros2-ws/install/rosapi_msgs/include/rosapi_msgs/srv/subscribers.h
[3.217s] -- Up-to-date: /home/francisco/ros2-ws/install/rosapi_msgs/include/rosapi_msgs/srv/nodes.h
[3.217s] -- Up-to-date: /home/francisco/ros2-ws/install/rosapi_msgs/include/rosapi_msgs/srv/publishers.h
[3.217s] -- Up-to-date: /home/francisco/ros2-ws/install/rosapi_msgs/include/rosapi_msgs/srv/service_providers.h
[3.218s] -- Up-to-date: /home/francisco/ros2-ws/install/rosapi_msgs/include/rosapi_msgs/srv/topics_and_raw_types.h
[3.218s] -- Up-to-date: /home/francisco/ros2-ws/install/rosapi_msgs/include/rosapi_msgs/srv/message_details.h
[3.218s] -- Up-to-date: /home/francisco/ros2-ws/install/rosapi_msgs/include/rosapi_msgs/srv/service_response_details.h
[3.218s] -- Up-to-date: /home/francisco/ros2-ws/install/rosapi_msgs/include/rosapi_msgs/srv/has_param.h
[3.219s] -- Up-to-date: /home/francisco/ros2-ws/install/rosapi_msgs/include/rosapi_msgs/srv/topics.h
[3.219s] -- Up-to-date: /home/francisco/ros2-ws/install/rosapi_msgs/include/rosapi_msgs/srv/service_request_details.h
[3.219s] -- Up-to-date: /home/francisco/ros2-ws/install/rosapi_msgs/include/rosapi_msgs/srv/set_param.h
[3.220s] -- Up-to-date: /home/francisco/ros2-ws/install/rosapi_msgs/include/rosapi_msgs/srv/service_type.h
[3.220s] -- Up-to-date: /home/francisco/ros2-ws/install/rosapi_msgs/include/rosapi_msgs/msg
[3.220s] -- Up-to-date: /home/francisco/ros2-ws/install/rosapi_msgs/include/rosapi_msgs/msg/detail
[3.220s] -- Up-to-date: /home/francisco/ros2-ws/install/rosapi_msgs/include/rosapi_msgs/msg/detail/type_def__functions.h
[3.221s] -- Up-to-date: /home/francisco/ros2-ws/install/rosapi_msgs/include/rosapi_msgs/msg/detail/type_def__type_support.h
[3.221s] -- Up-to-date: /home/francisco/ros2-ws/install/rosapi_msgs/include/rosapi_msgs/msg/detail/type_def__struct.h
[3.221s] -- Up-to-date: /home/francisco/ros2-ws/install/rosapi_msgs/include/rosapi_msgs/msg/detail/type_def__functions.c
[3.222s] -- Up-to-date: /home/francisco/ros2-ws/install/rosapi_msgs/include/rosapi_msgs/msg/type_def.h
[3.222s] -- Up-to-date: /home/francisco/ros2-ws/install/rosapi_msgs/include/rosapi_msgs/msg/rosidl_generator_c__visibility_control.h
[3.222s] -- Up-to-date: /home/francisco/ros2-ws/install/rosapi_msgs/share/rosapi_msgs/environment/library_path.sh
[3.222s] -- Up-to-date: /home/francisco/ros2-ws/install/rosapi_msgs/share/rosapi_msgs/environment/library_path.dsv
[3.269s] -- Up-to-date: /home/francisco/ros2-ws/install/rosapi_msgs/lib/librosapi_msgs__rosidl_generator_c.so
[3.270s] -- Up-to-date: /home/francisco/ros2-ws/install/rosapi_msgs/include/rosapi_msgs
[3.270s] -- Up-to-date: /home/francisco/ros2-ws/install/rosapi_msgs/include/rosapi_msgs/srv
[3.270s] -- Up-to-date: /home/francisco/ros2-ws/install/rosapi_msgs/include/rosapi_msgs/srv/detail
[3.270s] -- Up-to-date: /home/francisco/ros2-ws/install/rosapi_msgs/include/rosapi_msgs/srv/detail/service_request_details__rosidl_typesupport_fastrtps_c.h
[3.271s] -- Up-to-date: /home/francisco/ros2-ws/install/rosapi_msgs/include/rosapi_msgs/srv/detail/get_ros_version__rosidl_typesupport_fastrtps_c.h
[3.271s] -- Up-to-date: /home/francisco/ros2-ws/install/rosapi_msgs/include/rosapi_msgs/srv/detail/subscribers__rosidl_typesupport_fastrtps_c.h
[3.271s] -- Up-to-date: /home/francisco/ros2-ws/install/rosapi_msgs/include/rosapi_msgs/srv/detail/service_node__rosidl_typesupport_fastrtps_c.h
[3.272s] -- Up-to-date: /home/francisco/ros2-ws/install/rosapi_msgs/include/rosapi_msgs/srv/detail/has_param__rosidl_typesupport_fastrtps_c.h
[3.272s] -- Up-to-date: /home/francisco/ros2-ws/install/rosapi_msgs/include/rosapi_msgs/srv/detail/publishers__rosidl_typesupport_fastrtps_c.h
[3.272s] -- Up-to-date: /home/francisco/ros2-ws/install/rosapi_msgs/include/rosapi_msgs/srv/detail/service_providers__rosidl_typesupport_fastrtps_c.h
[3.273s] -- Up-to-date: /home/francisco/ros2-ws/install/rosapi_msgs/include/rosapi_msgs/srv/detail/topics_for_type__rosidl_typesupport_fastrtps_c.h
[3.273s] -- Up-to-date: /home/francisco/ros2-ws/install/rosapi_msgs/include/rosapi_msgs/srv/detail/topics__rosidl_typesupport_fastrtps_c.h
[3.273s] -- Up-to-date: /home/francisco/ros2-ws/install/rosapi_msgs/include/rosapi_msgs/srv/detail/get_param__rosidl_typesupport_fastrtps_c.h
[3.273s] -- Up-to-date: /home/francisco/ros2-ws/install/rosapi_msgs/include/rosapi_msgs/srv/detail/nodes__rosidl_typesupport_fastrtps_c.h
[3.274s] -- Up-to-date: /home/francisco/ros2-ws/install/rosapi_msgs/include/rosapi_msgs/srv/detail/node_details__rosidl_typesupport_fastrtps_c.h
[3.274s] -- Up-to-date: /home/francisco/ros2-ws/install/rosapi_msgs/include/rosapi_msgs/srv/detail/get_param_names__rosidl_typesupport_fastrtps_c.h
[3.274s] -- Up-to-date: /home/francisco/ros2-ws/install/rosapi_msgs/include/rosapi_msgs/srv/detail/services__rosidl_typesupport_fastrtps_c.h
[3.275s] -- Up-to-date: /home/francisco/ros2-ws/install/rosapi_msgs/include/rosapi_msgs/srv/detail/service_type__rosidl_typesupport_fastrtps_c.h
[3.275s] -- Up-to-date: /home/francisco/ros2-ws/install/rosapi_msgs/include/rosapi_msgs/srv/detail/get_action_servers__rosidl_typesupport_fastrtps_c.h
[3.275s] -- Up-to-date: /home/francisco/ros2-ws/install/rosapi_msgs/include/rosapi_msgs/srv/detail/message_details__rosidl_typesupport_fastrtps_c.h
[3.276s] -- Up-to-date: /home/francisco/ros2-ws/install/rosapi_msgs/include/rosapi_msgs/srv/detail/get_time__rosidl_typesupport_fastrtps_c.h
[3.276s] -- Up-to-date: /home/francisco/ros2-ws/install/rosapi_msgs/include/rosapi_msgs/srv/detail/topic_type__rosidl_typesupport_fastrtps_c.h
[3.276s] -- Up-to-date: /home/francisco/ros2-ws/install/rosapi_msgs/include/rosapi_msgs/srv/detail/topics_and_raw_types__rosidl_typesupport_fastrtps_c.h
[3.276s] -- Up-to-date: /home/francisco/ros2-ws/install/rosapi_msgs/include/rosapi_msgs/srv/detail/set_param__rosidl_typesupport_fastrtps_c.h
[3.277s] -- Up-to-date: /home/francisco/ros2-ws/install/rosapi_msgs/include/rosapi_msgs/srv/detail/service_response_details__rosidl_typesupport_fastrtps_c.h
[3.277s] -- Up-to-date: /home/francisco/ros2-ws/install/rosapi_msgs/include/rosapi_msgs/srv/detail/services_for_type__rosidl_typesupport_fastrtps_c.h
[3.277s] -- Up-to-date: /home/francisco/ros2-ws/install/rosapi_msgs/include/rosapi_msgs/srv/detail/delete_param__rosidl_typesupport_fastrtps_c.h
[3.278s] -- Up-to-date: /home/francisco/ros2-ws/install/rosapi_msgs/include/rosapi_msgs/msg
[3.278s] -- Up-to-date: /home/francisco/ros2-ws/install/rosapi_msgs/include/rosapi_msgs/msg/detail
[3.278s] -- Up-to-date: /home/francisco/ros2-ws/install/rosapi_msgs/include/rosapi_msgs/msg/detail/type_def__rosidl_typesupport_fastrtps_c.h
[3.278s] -- Up-to-date: /home/francisco/ros2-ws/install/rosapi_msgs/include/rosapi_msgs/msg/rosidl_typesupport_fastrtps_c__visibility_control.h
[3.279s] -- Up-to-date: /home/francisco/ros2-ws/install/rosapi_msgs/lib/librosapi_msgs__rosidl_typesupport_fastrtps_c.so
[3.279s] -- Up-to-date: /home/francisco/ros2-ws/install/rosapi_msgs/include/rosapi_msgs
[3.279s] -- Up-to-date: /home/francisco/ros2-ws/install/rosapi_msgs/include/rosapi_msgs/srv
[3.280s] -- Up-to-date: /home/francisco/ros2-ws/install/rosapi_msgs/include/rosapi_msgs/srv/detail
[3.280s] -- Up-to-date: /home/francisco/ros2-ws/install/rosapi_msgs/include/rosapi_msgs/srv/detail/node_details__rosidl_typesupport_fastrtps_cpp.hpp
[3.280s] -- Up-to-date: /home/francisco/ros2-ws/install/rosapi_msgs/include/rosapi_msgs/srv/detail/topics__rosidl_typesupport_fastrtps_cpp.hpp
[3.281s] -- Up-to-date: /home/francisco/ros2-ws/install/rosapi_msgs/include/rosapi_msgs/srv/detail/services__rosidl_typesupport_fastrtps_cpp.hpp
[3.281s] -- Up-to-date: /home/francisco/ros2-ws/install/rosapi_msgs/include/rosapi_msgs/srv/detail/service_request_details__rosidl_typesupport_fastrtps_cpp.hpp
[3.283s] -- Up-to-date: /home/francisco/ros2-ws/install/rosapi_msgs/include/rosapi_msgs/srv/detail/has_param__rosidl_typesupport_fastrtps_cpp.hpp
[3.283s] -- Up-to-date: /home/francisco/ros2-ws/install/rosapi_msgs/include/rosapi_msgs/srv/detail/subscribers__rosidl_typesupport_fastrtps_cpp.hpp
[3.284s] -- Up-to-date: /home/francisco/ros2-ws/install/rosapi_msgs/include/rosapi_msgs/srv/detail/service_type__rosidl_typesupport_fastrtps_cpp.hpp
[3.284s] -- Up-to-date: /home/francisco/ros2-ws/install/rosapi_msgs/include/rosapi_msgs/srv/detail/get_param__rosidl_typesupport_fastrtps_cpp.hpp
[3.284s] -- Up-to-date: /home/francisco/ros2-ws/install/rosapi_msgs/include/rosapi_msgs/srv/detail/get_ros_version__rosidl_typesupport_fastrtps_cpp.hpp
[3.284s] -- Up-to-date: /home/francisco/ros2-ws/install/rosapi_msgs/include/rosapi_msgs/srv/detail/service_response_details__rosidl_typesupport_fastrtps_cpp.hpp
[3.285s] -- Up-to-date: /home/francisco/ros2-ws/install/rosapi_msgs/include/rosapi_msgs/srv/detail/topics_and_raw_types__rosidl_typesupport_fastrtps_cpp.hpp
[3.285s] -- Up-to-date: /home/francisco/ros2-ws/install/rosapi_msgs/include/rosapi_msgs/srv/detail/services_for_type__rosidl_typesupport_fastrtps_cpp.hpp
[3.285s] -- Up-to-date: /home/francisco/ros2-ws/install/rosapi_msgs/include/rosapi_msgs/srv/detail/service_node__rosidl_typesupport_fastrtps_cpp.hpp
[3.286s] -- Up-to-date: /home/francisco/ros2-ws/install/rosapi_msgs/include/rosapi_msgs/srv/detail/message_details__rosidl_typesupport_fastrtps_cpp.hpp
[3.286s] -- Up-to-date: /home/francisco/ros2-ws/install/rosapi_msgs/include/rosapi_msgs/srv/detail/get_param_names__rosidl_typesupport_fastrtps_cpp.hpp
[3.286s] -- Up-to-date: /home/francisco/ros2-ws/install/rosapi_msgs/include/rosapi_msgs/srv/detail/dds_fastrtps
[3.287s] -- Up-to-date: /home/francisco/ros2-ws/install/rosapi_msgs/include/rosapi_msgs/srv/detail/get_time__rosidl_typesupport_fastrtps_cpp.hpp
[3.287s] -- Up-to-date: /home/francisco/ros2-ws/install/rosapi_msgs/include/rosapi_msgs/srv/detail/nodes__rosidl_typesupport_fastrtps_cpp.hpp
[3.287s] -- Up-to-date: /home/francisco/ros2-ws/install/rosapi_msgs/include/rosapi_msgs/srv/detail/topic_type__rosidl_typesupport_fastrtps_cpp.hpp
[3.293s] -- Up-to-date: /home/francisco/ros2-ws/install/rosapi_msgs/include/rosapi_msgs/srv/detail/set_param__rosidl_typesupport_fastrtps_cpp.hpp
[3.294s] -- Up-to-date: /home/francisco/ros2-ws/install/rosapi_msgs/include/rosapi_msgs/srv/detail/publishers__rosidl_typesupport_fastrtps_cpp.hpp
[3.294s] -- Up-to-date: /home/francisco/ros2-ws/install/rosapi_msgs/include/rosapi_msgs/srv/detail/get_action_servers__rosidl_typesupport_fastrtps_cpp.hpp
[3.294s] -- Up-to-date: /home/francisco/ros2-ws/install/rosapi_msgs/include/rosapi_msgs/srv/detail/topics_for_type__rosidl_typesupport_fastrtps_cpp.hpp
[3.295s] -- Up-to-date: /home/francisco/ros2-ws/install/rosapi_msgs/include/rosapi_msgs/srv/detail/delete_param__rosidl_typesupport_fastrtps_cpp.hpp
[3.295s] -- Up-to-date: /home/francisco/ros2-ws/install/rosapi_msgs/include/rosapi_msgs/srv/detail/service_providers__rosidl_typesupport_fastrtps_cpp.hpp
[3.295s] -- Up-to-date: /home/francisco/ros2-ws/install/rosapi_msgs/include/rosapi_msgs/msg
[3.296s] -- Up-to-date: /home/francisco/ros2-ws/install/rosapi_msgs/include/rosapi_msgs/msg/detail
[3.296s] -- Up-to-date: /home/francisco/ros2-ws/install/rosapi_msgs/include/rosapi_msgs/msg/detail/type_def__rosidl_typesupport_fastrtps_cpp.hpp
[3.296s] -- Up-to-date: /home/francisco/ros2-ws/install/rosapi_msgs/include/rosapi_msgs/msg/detail/dds_fastrtps
[3.296s] -- Up-to-date: /home/francisco/ros2-ws/install/rosapi_msgs/include/rosapi_msgs/msg/rosidl_typesupport_fastrtps_cpp__visibility_control.h
[3.297s] -- Up-to-date: /home/francisco/ros2-ws/install/rosapi_msgs/lib/librosapi_msgs__rosidl_typesupport_fastrtps_cpp.so
[3.297s] -- Up-to-date: /home/francisco/ros2-ws/install/rosapi_msgs/include/rosapi_msgs
[3.297s] -- Up-to-date: /home/francisco/ros2-ws/install/rosapi_msgs/include/rosapi_msgs/srv
[3.298s] -- Up-to-date: /home/francisco/ros2-ws/install/rosapi_msgs/include/rosapi_msgs/srv/detail
[3.298s] -- Up-to-date: /home/francisco/ros2-ws/install/rosapi_msgs/include/rosapi_msgs/srv/detail/topic_type__type_support.c
[3.298s] -- Up-to-date: /home/francisco/ros2-ws/install/rosapi_msgs/include/rosapi_msgs/srv/detail/get_action_servers__rosidl_typesupport_introspection_c.h
[3.298s] -- Up-to-date: /home/francisco/ros2-ws/install/rosapi_msgs/include/rosapi_msgs/srv/detail/service_request_details__rosidl_typesupport_introspection_c.h
[3.299s] -- Up-to-date: /home/francisco/ros2-ws/install/rosapi_msgs/include/rosapi_msgs/srv/detail/get_time__type_support.c
[3.299s] -- Up-to-date: /home/francisco/ros2-ws/install/rosapi_msgs/include/rosapi_msgs/srv/detail/subscribers__type_support.c
[3.310s] -- Up-to-date: /home/francisco/ros2-ws/install/rosapi_msgs/include/rosapi_msgs/srv/detail/service_node__rosidl_typesupport_introspection_c.h
[3.310s] -- Up-to-date: /home/francisco/ros2-ws/install/rosapi_msgs/include/rosapi_msgs/srv/detail/delete_param__type_support.c
[3.311s] -- Up-to-date: /home/francisco/ros2-ws/install/rosapi_msgs/include/rosapi_msgs/srv/detail/get_param_names__type_support.c
[3.311s] -- Up-to-date: /home/francisco/ros2-ws/install/rosapi_msgs/include/rosapi_msgs/srv/detail/topics__rosidl_typesupport_introspection_c.h
[3.311s] -- Up-to-date: /home/francisco/ros2-ws/install/rosapi_msgs/include/rosapi_msgs/srv/detail/topic_type__rosidl_typesupport_introspection_c.h
[3.312s] -- Up-to-date: /home/francisco/ros2-ws/install/rosapi_msgs/include/rosapi_msgs/srv/detail/set_param__rosidl_typesupport_introspection_c.h
[3.312s] -- Up-to-date: /home/francisco/ros2-ws/install/rosapi_msgs/include/rosapi_msgs/srv/detail/node_details__type_support.c
[3.312s] -- Up-to-date: /home/francisco/ros2-ws/install/rosapi_msgs/include/rosapi_msgs/srv/detail/services_for_type__rosidl_typesupport_introspection_c.h
[3.314s] -- Up-to-date: /home/francisco/ros2-ws/install/rosapi_msgs/include/rosapi_msgs/srv/detail/get_param_names__rosidl_typesupport_introspection_c.h
[3.315s] -- Up-to-date: /home/francisco/ros2-ws/install/rosapi_msgs/include/rosapi_msgs/srv/detail/service_node__type_support.c
[3.315s] -- Up-to-date: /home/francisco/ros2-ws/install/rosapi_msgs/include/rosapi_msgs/srv/detail/services_for_type__type_support.c
[3.315s] -- Up-to-date: /home/francisco/ros2-ws/install/rosapi_msgs/include/rosapi_msgs/srv/detail/nodes__type_support.c
[3.316s] -- Up-to-date: /home/francisco/ros2-ws/install/rosapi_msgs/include/rosapi_msgs/srv/detail/get_time__rosidl_typesupport_introspection_c.h
[3.316s] -- Up-to-date: /home/francisco/ros2-ws/install/rosapi_msgs/include/rosapi_msgs/srv/detail/message_details__rosidl_typesupport_introspection_c.h
[3.316s] -- Up-to-date: /home/francisco/ros2-ws/install/rosapi_msgs/include/rosapi_msgs/srv/detail/topics__type_support.c
[3.316s] -- Up-to-date: /home/francisco/ros2-ws/install/rosapi_msgs/include/rosapi_msgs/srv/detail/publishers__rosidl_typesupport_introspection_c.h
[3.317s] -- Up-to-date: /home/francisco/ros2-ws/install/rosapi_msgs/include/rosapi_msgs/srv/detail/set_param__type_support.c
[3.317s] -- Up-to-date: /home/francisco/ros2-ws/install/rosapi_msgs/include/rosapi_msgs/srv/detail/has_param__type_support.c
[3.317s] -- Up-to-date: /home/francisco/ros2-ws/install/rosapi_msgs/include/rosapi_msgs/srv/detail/service_providers__rosidl_typesupport_introspection_c.h
[3.318s] -- Up-to-date: /home/francisco/ros2-ws/install/rosapi_msgs/include/rosapi_msgs/srv/detail/service_type__type_support.c
[3.318s] -- Up-to-date: /home/francisco/ros2-ws/install/rosapi_msgs/include/rosapi_msgs/srv/detail/services__rosidl_typesupport_introspection_c.h
[3.318s] -- Up-to-date: /home/francisco/ros2-ws/install/rosapi_msgs/include/rosapi_msgs/srv/detail/service_type__rosidl_typesupport_introspection_c.h
[3.318s] -- Up-to-date: /home/francisco/ros2-ws/install/rosapi_msgs/include/rosapi_msgs/srv/detail/has_param__rosidl_typesupport_introspection_c.h
[3.319s] -- Up-to-date: /home/francisco/ros2-ws/install/rosapi_msgs/include/rosapi_msgs/srv/detail/services__type_support.c
[3.319s] -- Up-to-date: /home/francisco/ros2-ws/install/rosapi_msgs/include/rosapi_msgs/srv/detail/get_ros_version__rosidl_typesupport_introspection_c.h
[3.330s] -- Up-to-date: /home/francisco/ros2-ws/install/rosapi_msgs/include/rosapi_msgs/srv/detail/nodes__rosidl_typesupport_introspection_c.h
[3.331s] -- Up-to-date: /home/francisco/ros2-ws/install/rosapi_msgs/include/rosapi_msgs/srv/detail/service_request_details__type_support.c
[3.331s] -- Up-to-date: /home/francisco/ros2-ws/install/rosapi_msgs/include/rosapi_msgs/srv/detail/topics_for_type__type_support.c
[3.331s] -- Up-to-date: /home/francisco/ros2-ws/install/rosapi_msgs/include/rosapi_msgs/srv/detail/get_param__type_support.c
[3.332s] -- Up-to-date: /home/francisco/ros2-ws/install/rosapi_msgs/include/rosapi_msgs/srv/detail/get_ros_version__type_support.c
[3.332s] -- Up-to-date: /home/francisco/ros2-ws/install/rosapi_msgs/include/rosapi_msgs/srv/detail/topics_and_raw_types__type_support.c
[3.385s] -- Up-to-date: /home/francisco/ros2-ws/install/rosapi_msgs/include/rosapi_msgs/srv/detail/node_details__rosidl_typesupport_introspection_c.h
[3.386s] -- Up-to-date: /home/francisco/ros2-ws/install/rosapi_msgs/include/rosapi_msgs/srv/detail/service_response_details__type_support.c
[3.386s] -- Up-to-date: /home/francisco/ros2-ws/install/rosapi_msgs/include/rosapi_msgs/srv/detail/topics_and_raw_types__rosidl_typesupport_introspection_c.h
[3.387s] -- Up-to-date: /home/francisco/ros2-ws/install/rosapi_msgs/include/rosapi_msgs/srv/detail/service_providers__type_support.c
[3.387s] -- Up-to-date: /home/francisco/ros2-ws/install/rosapi_msgs/include/rosapi_msgs/srv/detail/topics_for_type__rosidl_typesupport_introspection_c.h
[3.388s] -- Up-to-date: /home/francisco/ros2-ws/install/rosapi_msgs/include/rosapi_msgs/srv/detail/publishers__type_support.c
[3.388s] -- Up-to-date: /home/francisco/ros2-ws/install/rosapi_msgs/include/rosapi_msgs/srv/detail/message_details__type_support.c
[3.388s] -- Up-to-date: /home/francisco/ros2-ws/install/rosapi_msgs/include/rosapi_msgs/srv/detail/delete_param__rosidl_typesupport_introspection_c.h
[3.389s] -- Up-to-date: /home/francisco/ros2-ws/install/rosapi_msgs/include/rosapi_msgs/srv/detail/get_action_servers__type_support.c
[3.389s] -- Up-to-date: /home/francisco/ros2-ws/install/rosapi_msgs/include/rosapi_msgs/srv/detail/subscribers__rosidl_typesupport_introspection_c.h
[3.389s] -- Up-to-date: /home/francisco/ros2-ws/install/rosapi_msgs/include/rosapi_msgs/srv/detail/service_response_details__rosidl_typesupport_introspection_c.h
[3.390s] -- Up-to-date: /home/francisco/ros2-ws/install/rosapi_msgs/include/rosapi_msgs/srv/detail/get_param__rosidl_typesupport_introspection_c.h
[3.390s] -- Up-to-date: /home/francisco/ros2-ws/install/rosapi_msgs/include/rosapi_msgs/msg
[3.390s] -- Up-to-date: /home/francisco/ros2-ws/install/rosapi_msgs/include/rosapi_msgs/msg/detail
[3.390s] -- Up-to-date: /home/francisco/ros2-ws/install/rosapi_msgs/include/rosapi_msgs/msg/detail/type_def__rosidl_typesupport_introspection_c.h
[3.391s] -- Up-to-date: /home/francisco/ros2-ws/install/rosapi_msgs/include/rosapi_msgs/msg/detail/type_def__type_support.c
[3.391s] -- Up-to-date: /home/francisco/ros2-ws/install/rosapi_msgs/include/rosapi_msgs/msg/rosidl_typesupport_introspection_c__visibility_control.h
[3.443s] -- Up-to-date: /home/francisco/ros2-ws/install/rosapi_msgs/lib/librosapi_msgs__rosidl_typesupport_introspection_c.so
[3.444s] -- Up-to-date: /home/francisco/ros2-ws/install/rosapi_msgs/lib/librosapi_msgs__rosidl_typesupport_c.so
[3.444s] -- Up-to-date: /home/francisco/ros2-ws/install/rosapi_msgs/include/rosapi_msgs
[3.445s] -- Up-to-date: /home/francisco/ros2-ws/install/rosapi_msgs/include/rosapi_msgs/srv
[3.446s] -- Up-to-date: /home/francisco/ros2-ws/install/rosapi_msgs/include/rosapi_msgs/srv/get_param_names.hpp
[3.447s] -- Up-to-date: /home/francisco/ros2-ws/install/rosapi_msgs/include/rosapi_msgs/srv/get_time.hpp
[3.447s] -- Up-to-date: /home/francisco/ros2-ws/install/rosapi_msgs/include/rosapi_msgs/srv/detail
[3.448s] -- Up-to-date: /home/francisco/ros2-ws/install/rosapi_msgs/include/rosapi_msgs/srv/detail/topics__struct.hpp
[3.449s] -- Up-to-date: /home/francisco/ros2-ws/install/rosapi_msgs/include/rosapi_msgs/srv/detail/topics_and_raw_types__builder.hpp
[3.450s] -- Up-to-date: /home/francisco/ros2-ws/install/rosapi_msgs/include/rosapi_msgs/srv/detail/service_node__traits.hpp
[3.450s] -- Up-to-date: /home/francisco/ros2-ws/install/rosapi_msgs/include/rosapi_msgs/srv/detail/set_param__builder.hpp
[3.451s] -- Up-to-date: /home/francisco/ros2-ws/install/rosapi_msgs/include/rosapi_msgs/srv/detail/get_param_names__builder.hpp
[3.451s] -- Up-to-date: /home/francisco/ros2-ws/install/rosapi_msgs/include/rosapi_msgs/srv/detail/publishers__struct.hpp
[3.458s] -- Up-to-date: /home/francisco/ros2-ws/install/rosapi_msgs/include/rosapi_msgs/srv/detail/services_for_type__struct.hpp
[3.458s] -- Up-to-date: /home/francisco/ros2-ws/install/rosapi_msgs/include/rosapi_msgs/srv/detail/subscribers__traits.hpp
[3.459s] -- Up-to-date: /home/francisco/ros2-ws/install/rosapi_msgs/include/rosapi_msgs/srv/detail/has_param__traits.hpp
[3.460s] -- Up-to-date: /home/francisco/ros2-ws/install/rosapi_msgs/include/rosapi_msgs/srv/detail/get_action_servers__struct.hpp
[3.460s] -- Up-to-date: /home/francisco/ros2-ws/install/rosapi_msgs/include/rosapi_msgs/srv/detail/get_param__builder.hpp
[3.461s] -- Up-to-date: /home/francisco/ros2-ws/install/rosapi_msgs/include/rosapi_msgs/srv/detail/topics_for_type__traits.hpp
[3.462s] -- Up-to-date: /home/francisco/ros2-ws/install/rosapi_msgs/include/rosapi_msgs/srv/detail/get_ros_version__builder.hpp
[3.462s] -- Up-to-date: /home/francisco/ros2-ws/install/rosapi_msgs/include/rosapi_msgs/srv/detail/get_action_servers__builder.hpp
[3.463s] -- Up-to-date: /home/francisco/ros2-ws/install/rosapi_msgs/include/rosapi_msgs/srv/detail/service_request_details__traits.hpp
[3.464s] -- Up-to-date: /home/francisco/ros2-ws/install/rosapi_msgs/include/rosapi_msgs/srv/detail/topic_type__struct.hpp
[3.465s] -- Up-to-date: /home/francisco/ros2-ws/install/rosapi_msgs/include/rosapi_msgs/srv/detail/node_details__struct.hpp
[3.475s] -- Up-to-date: /home/francisco/ros2-ws/install/rosapi_msgs/include/rosapi_msgs/srv/detail/message_details__traits.hpp
[3.475s] -- Up-to-date: /home/francisco/ros2-ws/install/rosapi_msgs/include/rosapi_msgs/srv/detail/get_ros_version__struct.hpp
[3.476s] -- Up-to-date: /home/francisco/ros2-ws/install/rosapi_msgs/include/rosapi_msgs/srv/detail/services_for_type__traits.hpp
[3.477s] -- Up-to-date: /home/francisco/ros2-ws/install/rosapi_msgs/include/rosapi_msgs/srv/detail/service_type__struct.hpp
[3.478s] -- Up-to-date: /home/francisco/ros2-ws/install/rosapi_msgs/include/rosapi_msgs/srv/detail/service_response_details__traits.hpp
[3.478s] -- Up-to-date: /home/francisco/ros2-ws/install/rosapi_msgs/include/rosapi_msgs/srv/detail/set_param__traits.hpp
[3.479s] -- Up-to-date: /home/francisco/ros2-ws/install/rosapi_msgs/include/rosapi_msgs/srv/detail/topics_for_type__struct.hpp
[3.480s] -- Up-to-date: /home/francisco/ros2-ws/install/rosapi_msgs/include/rosapi_msgs/srv/detail/get_param_names__traits.hpp
[3.488s] -- Up-to-date: /home/francisco/ros2-ws/install/rosapi_msgs/include/rosapi_msgs/srv/detail/subscribers__struct.hpp
[3.489s] -- Up-to-date: /home/francisco/ros2-ws/install/rosapi_msgs/include/rosapi_msgs/srv/detail/service_request_details__struct.hpp
[3.490s] -- Up-to-date: /home/francisco/ros2-ws/install/rosapi_msgs/include/rosapi_msgs/srv/detail/topics_and_raw_types__struct.hpp
[3.491s] -- Up-to-date: /home/francisco/ros2-ws/install/rosapi_msgs/include/rosapi_msgs/srv/detail/services_for_type__builder.hpp
[3.492s] -- Up-to-date: /home/francisco/ros2-ws/install/rosapi_msgs/include/rosapi_msgs/srv/detail/nodes__traits.hpp
[3.493s] -- Up-to-date: /home/francisco/ros2-ws/install/rosapi_msgs/include/rosapi_msgs/srv/detail/service_node__struct.hpp
[3.494s] -- Up-to-date: /home/francisco/ros2-ws/install/rosapi_msgs/include/rosapi_msgs/srv/detail/nodes__builder.hpp
[3.495s] -- Up-to-date: /home/francisco/ros2-ws/install/rosapi_msgs/include/rosapi_msgs/srv/detail/message_details__builder.hpp
[3.496s] -- Up-to-date: /home/francisco/ros2-ws/install/rosapi_msgs/include/rosapi_msgs/srv/detail/get_time__struct.hpp
[3.497s] -- Up-to-date: /home/francisco/ros2-ws/install/rosapi_msgs/include/rosapi_msgs/srv/detail/topics_and_raw_types__traits.hpp
[3.497s] -- Up-to-date: /home/francisco/ros2-ws/install/rosapi_msgs/include/rosapi_msgs/srv/detail/service_providers__builder.hpp
[3.498s] -- Up-to-date: /home/francisco/ros2-ws/install/rosapi_msgs/include/rosapi_msgs/srv/detail/node_details__builder.hpp
[3.499s] -- Up-to-date: /home/francisco/ros2-ws/install/rosapi_msgs/include/rosapi_msgs/srv/detail/service_type__builder.hpp
[3.499s] -- Up-to-date: /home/francisco/ros2-ws/install/rosapi_msgs/include/rosapi_msgs/srv/detail/service_response_details__struct.hpp
[3.500s] -- Up-to-date: /home/francisco/ros2-ws/install/rosapi_msgs/include/rosapi_msgs/srv/detail/get_action_servers__traits.hpp
[3.501s] -- Up-to-date: /home/francisco/ros2-ws/install/rosapi_msgs/include/rosapi_msgs/srv/detail/has_param__struct.hpp
[3.501s] -- Up-to-date: /home/francisco/ros2-ws/install/rosapi_msgs/include/rosapi_msgs/srv/detail/get_param_names__struct.hpp
[3.501s] -- Up-to-date: /home/francisco/ros2-ws/install/rosapi_msgs/include/rosapi_msgs/srv/detail/publishers__traits.hpp
[3.502s] -- Up-to-date: /home/francisco/ros2-ws/install/rosapi_msgs/include/rosapi_msgs/srv/detail/service_node__builder.hpp
[3.506s] -- Up-to-date: /home/francisco/ros2-ws/install/rosapi_msgs/include/rosapi_msgs/srv/detail/service_providers__traits.hpp
[3.507s] -- Up-to-date: /home/francisco/ros2-ws/install/rosapi_msgs/include/rosapi_msgs/srv/detail/nodes__struct.hpp
[3.508s] -- Up-to-date: /home/francisco/ros2-ws/install/rosapi_msgs/include/rosapi_msgs/srv/detail/set_param__struct.hpp
[3.508s] -- Up-to-date: /home/francisco/ros2-ws/install/rosapi_msgs/include/rosapi_msgs/srv/detail/publishers__builder.hpp
[3.508s] -- Up-to-date: /home/francisco/ros2-ws/install/rosapi_msgs/include/rosapi_msgs/srv/detail/topics__traits.hpp
[3.509s] -- Up-to-date: /home/francisco/ros2-ws/install/rosapi_msgs/include/rosapi_msgs/srv/detail/delete_param__struct.hpp
[3.509s] -- Up-to-date: /home/francisco/ros2-ws/install/rosapi_msgs/include/rosapi_msgs/srv/detail/delete_param__builder.hpp
[3.509s] -- Up-to-date: /home/francisco/ros2-ws/install/rosapi_msgs/include/rosapi_msgs/srv/detail/subscribers__builder.hpp
[3.510s] -- Up-to-date: /home/francisco/ros2-ws/install/rosapi_msgs/include/rosapi_msgs/srv/detail/service_type__traits.hpp
[3.510s] -- Up-to-date: /home/francisco/ros2-ws/install/rosapi_msgs/include/rosapi_msgs/srv/detail/get_ros_version__traits.hpp
[3.510s] -- Up-to-date: /home/francisco/ros2-ws/install/rosapi_msgs/include/rosapi_msgs/srv/detail/topics_for_type__builder.hpp
[3.510s] -- Up-to-date: /home/francisco/ros2-ws/install/rosapi_msgs/include/rosapi_msgs/srv/detail/get_time__builder.hpp
[3.511s] -- Up-to-date: /home/francisco/ros2-ws/install/rosapi_msgs/include/rosapi_msgs/srv/detail/service_request_details__builder.hpp
[3.511s] -- Up-to-date: /home/francisco/ros2-ws/install/rosapi_msgs/include/rosapi_msgs/srv/detail/get_param__struct.hpp
[3.512s] -- Up-to-date: /home/francisco/ros2-ws/install/rosapi_msgs/include/rosapi_msgs/srv/detail/has_param__builder.hpp
[3.512s] -- Up-to-date: /home/francisco/ros2-ws/install/rosapi_msgs/include/rosapi_msgs/srv/detail/message_details__struct.hpp
[3.513s] -- Up-to-date: /home/francisco/ros2-ws/install/rosapi_msgs/include/rosapi_msgs/srv/detail/services__struct.hpp
[3.513s] -- Up-to-date: /home/francisco/ros2-ws/install/rosapi_msgs/include/rosapi_msgs/srv/detail/delete_param__traits.hpp
[3.513s] -- Up-to-date: /home/francisco/ros2-ws/install/rosapi_msgs/include/rosapi_msgs/srv/detail/topic_type__builder.hpp
[3.514s] -- Up-to-date: /home/francisco/ros2-ws/install/rosapi_msgs/include/rosapi_msgs/srv/detail/topic_type__traits.hpp
[3.514s] -- Up-to-date: /home/francisco/ros2-ws/install/rosapi_msgs/include/rosapi_msgs/srv/detail/service_response_details__builder.hpp
[3.514s] -- Up-to-date: /home/francisco/ros2-ws/install/rosapi_msgs/include/rosapi_msgs/srv/detail/node_details__traits.hpp
[3.514s] -- Up-to-date: /home/francisco/ros2-ws/install/rosapi_msgs/include/rosapi_msgs/srv/detail/service_providers__struct.hpp
[3.515s] -- Up-to-date: /home/francisco/ros2-ws/install/rosapi_msgs/include/rosapi_msgs/srv/detail/services__traits.hpp
[3.515s] -- Up-to-date: /home/francisco/ros2-ws/install/rosapi_msgs/include/rosapi_msgs/srv/detail/topics__builder.hpp
[3.519s] -- Up-to-date: /home/francisco/ros2-ws/install/rosapi_msgs/include/rosapi_msgs/srv/detail/services__builder.hpp
[3.519s] -- Up-to-date: /home/francisco/ros2-ws/install/rosapi_msgs/include/rosapi_msgs/srv/detail/get_time__traits.hpp
[3.520s] -- Up-to-date: /home/francisco/ros2-ws/install/rosapi_msgs/include/rosapi_msgs/srv/detail/get_param__traits.hpp
[3.520s] -- Up-to-date: /home/francisco/ros2-ws/install/rosapi_msgs/include/rosapi_msgs/srv/service_response_details.hpp
[3.520s] -- Up-to-date: /home/francisco/ros2-ws/install/rosapi_msgs/include/rosapi_msgs/srv/topic_type.hpp
[3.521s] -- Up-to-date: /home/francisco/ros2-ws/install/rosapi_msgs/include/rosapi_msgs/srv/service_request_details.hpp
[3.535s] -- Up-to-date: /home/francisco/ros2-ws/install/rosapi_msgs/include/rosapi_msgs/srv/topics_and_raw_types.hpp
[3.537s] -- Up-to-date: /home/francisco/ros2-ws/install/rosapi_msgs/include/rosapi_msgs/srv/get_param.hpp
[3.537s] -- Up-to-date: /home/francisco/ros2-ws/install/rosapi_msgs/include/rosapi_msgs/srv/node_details.hpp
[3.537s] -- Up-to-date: /home/francisco/ros2-ws/install/rosapi_msgs/include/rosapi_msgs/srv/service_node.hpp
[3.538s] -- Up-to-date: /home/francisco/ros2-ws/install/rosapi_msgs/include/rosapi_msgs/srv/set_param.hpp
[3.538s] -- Up-to-date: /home/francisco/ros2-ws/install/rosapi_msgs/include/rosapi_msgs/srv/subscribers.hpp
[3.538s] -- Up-to-date: /home/francisco/ros2-ws/install/rosapi_msgs/include/rosapi_msgs/srv/topics_for_type.hpp
[3.539s] -- Up-to-date: /home/francisco/ros2-ws/install/rosapi_msgs/include/rosapi_msgs/srv/services.hpp
[3.539s] -- Up-to-date: /home/francisco/ros2-ws/install/rosapi_msgs/include/rosapi_msgs/srv/get_action_servers.hpp
[3.539s] -- Up-to-date: /home/francisco/ros2-ws/install/rosapi_msgs/include/rosapi_msgs/srv/has_param.hpp
[3.539s] -- Up-to-date: /home/francisco/ros2-ws/install/rosapi_msgs/include/rosapi_msgs/srv/service_type.hpp
[3.540s] -- Up-to-date: /home/francisco/ros2-ws/install/rosapi_msgs/include/rosapi_msgs/srv/nodes.hpp
[3.540s] -- Up-to-date: /home/francisco/ros2-ws/install/rosapi_msgs/include/rosapi_msgs/srv/message_details.hpp
[3.540s] -- Up-to-date: /home/francisco/ros2-ws/install/rosapi_msgs/include/rosapi_msgs/srv/services_for_type.hpp
[3.541s] -- Up-to-date: /home/francisco/ros2-ws/install/rosapi_msgs/include/rosapi_msgs/srv/get_ros_version.hpp
[3.541s] -- Up-to-date: /home/francisco/ros2-ws/install/rosapi_msgs/include/rosapi_msgs/srv/topics.hpp
[3.541s] -- Up-to-date: /home/francisco/ros2-ws/install/rosapi_msgs/include/rosapi_msgs/srv/delete_param.hpp
[3.542s] -- Up-to-date: /home/francisco/ros2-ws/install/rosapi_msgs/include/rosapi_msgs/srv/service_providers.hpp
[3.542s] -- Up-to-date: /home/francisco/ros2-ws/install/rosapi_msgs/include/rosapi_msgs/srv/publishers.hpp
[3.542s] -- Up-to-date: /home/francisco/ros2-ws/install/rosapi_msgs/include/rosapi_msgs/msg
[3.543s] -- Up-to-date: /home/francisco/ros2-ws/install/rosapi_msgs/include/rosapi_msgs/msg/detail
[3.543s] -- Up-to-date: /home/francisco/ros2-ws/install/rosapi_msgs/include/rosapi_msgs/msg/detail/type_def__builder.hpp
[3.556s] -- Up-to-date: /home/francisco/ros2-ws/install/rosapi_msgs/include/rosapi_msgs/msg/detail/type_def__traits.hpp
[3.557s] -- Up-to-date: /home/francisco/ros2-ws/install/rosapi_msgs/include/rosapi_msgs/msg/detail/type_def__struct.hpp
[3.557s] -- Up-to-date: /home/francisco/ros2-ws/install/rosapi_msgs/include/rosapi_msgs/msg/type_def.hpp
[3.558s] -- Up-to-date: /home/francisco/ros2-ws/install/rosapi_msgs/include/rosapi_msgs
[3.559s] -- Up-to-date: /home/francisco/ros2-ws/install/rosapi_msgs/include/rosapi_msgs/srv
[3.559s] -- Up-to-date: /home/francisco/ros2-ws/install/rosapi_msgs/include/rosapi_msgs/srv/detail
[3.559s] -- Up-to-date: /home/francisco/ros2-ws/install/rosapi_msgs/include/rosapi_msgs/srv/detail/services__type_support.cpp
[3.560s] -- Up-to-date: /home/francisco/ros2-ws/install/rosapi_msgs/include/rosapi_msgs/srv/detail/delete_param__rosidl_typesupport_introspection_cpp.hpp
[3.560s] -- Up-to-date: /home/francisco/ros2-ws/install/rosapi_msgs/include/rosapi_msgs/srv/detail/nodes__rosidl_typesupport_introspection_cpp.hpp
[3.560s] -- Up-to-date: /home/francisco/ros2-ws/install/rosapi_msgs/include/rosapi_msgs/srv/detail/topics_and_raw_types__rosidl_typesupport_introspection_cpp.hpp
[3.561s] -- Up-to-date: /home/francisco/ros2-ws/install/rosapi_msgs/include/rosapi_msgs/srv/detail/message_details__type_support.cpp
[3.561s] -- Up-to-date: /home/francisco/ros2-ws/install/rosapi_msgs/include/rosapi_msgs/srv/detail/topics__type_support.cpp
[3.561s] -- Up-to-date: /home/francisco/ros2-ws/install/rosapi_msgs/include/rosapi_msgs/srv/detail/service_response_details__rosidl_typesupport_introspection_cpp.hpp
[3.562s] -- Up-to-date: /home/francisco/ros2-ws/install/rosapi_msgs/include/rosapi_msgs/srv/detail/topics_for_type__type_support.cpp
[3.562s] -- Up-to-date: /home/francisco/ros2-ws/install/rosapi_msgs/include/rosapi_msgs/srv/detail/message_details__rosidl_typesupport_introspection_cpp.hpp
[3.562s] -- Up-to-date: /home/francisco/ros2-ws/install/rosapi_msgs/include/rosapi_msgs/srv/detail/get_param__type_support.cpp
[3.563s] -- Up-to-date: /home/francisco/ros2-ws/install/rosapi_msgs/include/rosapi_msgs/srv/detail/topics_and_raw_types__type_support.cpp
[3.564s] -- Up-to-date: /home/francisco/ros2-ws/install/rosapi_msgs/include/rosapi_msgs/srv/detail/has_param__rosidl_typesupport_introspection_cpp.hpp
[3.564s] -- Up-to-date: /home/francisco/ros2-ws/install/rosapi_msgs/include/rosapi_msgs/srv/detail/publishers__type_support.cpp
[3.564s] -- Up-to-date: /home/francisco/ros2-ws/install/rosapi_msgs/include/rosapi_msgs/srv/detail/topic_type__type_support.cpp
[3.565s] -- Up-to-date: /home/francisco/ros2-ws/install/rosapi_msgs/include/rosapi_msgs/srv/detail/get_action_servers__rosidl_typesupport_introspection_cpp.hpp
[3.565s] -- Up-to-date: /home/francisco/ros2-ws/install/rosapi_msgs/include/rosapi_msgs/srv/detail/subscribers__type_support.cpp
[3.565s] -- Up-to-date: /home/francisco/ros2-ws/install/rosapi_msgs/include/rosapi_msgs/srv/detail/node_details__type_support.cpp
[3.566s] -- Up-to-date: /home/francisco/ros2-ws/install/rosapi_msgs/include/rosapi_msgs/srv/detail/service_response_details__type_support.cpp
[3.566s] -- Up-to-date: /home/francisco/ros2-ws/install/rosapi_msgs/include/rosapi_msgs/srv/detail/services__rosidl_typesupport_introspection_cpp.hpp
[3.566s] -- Up-to-date: /home/francisco/ros2-ws/install/rosapi_msgs/include/rosapi_msgs/srv/detail/services_for_type__type_support.cpp
[3.566s] -- Up-to-date: /home/francisco/ros2-ws/install/rosapi_msgs/include/rosapi_msgs/srv/detail/set_param__type_support.cpp
[3.567s] -- Up-to-date: /home/francisco/ros2-ws/install/rosapi_msgs/include/rosapi_msgs/srv/detail/nodes__type_support.cpp
[3.567s] -- Up-to-date: /home/francisco/ros2-ws/install/rosapi_msgs/include/rosapi_msgs/srv/detail/topic_type__rosidl_typesupport_introspection_cpp.hpp
[3.567s] -- Up-to-date: /home/francisco/ros2-ws/install/rosapi_msgs/include/rosapi_msgs/srv/detail/get_time__type_support.cpp
[3.568s] -- Up-to-date: /home/francisco/ros2-ws/install/rosapi_msgs/include/rosapi_msgs/srv/detail/service_node__type_support.cpp
[3.568s] -- Up-to-date: /home/francisco/ros2-ws/install/rosapi_msgs/include/rosapi_msgs/srv/detail/service_providers__rosidl_typesupport_introspection_cpp.hpp
[3.569s] -- Up-to-date: /home/francisco/ros2-ws/install/rosapi_msgs/include/rosapi_msgs/srv/detail/topics__rosidl_typesupport_introspection_cpp.hpp
[3.569s] -- Up-to-date: /home/francisco/ros2-ws/install/rosapi_msgs/include/rosapi_msgs/srv/detail/node_details__rosidl_typesupport_introspection_cpp.hpp
[3.569s] -- Up-to-date: /home/francisco/ros2-ws/install/rosapi_msgs/include/rosapi_msgs/srv/detail/topics_for_type__rosidl_typesupport_introspection_cpp.hpp
[3.569s] -- Up-to-date: /home/francisco/ros2-ws/install/rosapi_msgs/include/rosapi_msgs/srv/detail/service_request_details__type_support.cpp
[3.570s] -- Up-to-date: /home/francisco/ros2-ws/install/rosapi_msgs/include/rosapi_msgs/srv/detail/get_time__rosidl_typesupport_introspection_cpp.hpp
[3.570s] -- Up-to-date: /home/francisco/ros2-ws/install/rosapi_msgs/include/rosapi_msgs/srv/detail/service_type__rosidl_typesupport_introspection_cpp.hpp
[3.570s] -- Up-to-date: /home/francisco/ros2-ws/install/rosapi_msgs/include/rosapi_msgs/srv/detail/service_request_details__rosidl_typesupport_introspection_cpp.hpp
[3.571s] -- Up-to-date: /home/francisco/ros2-ws/install/rosapi_msgs/include/rosapi_msgs/srv/detail/get_ros_version__rosidl_typesupport_introspection_cpp.hpp
[3.571s] -- Up-to-date: /home/francisco/ros2-ws/install/rosapi_msgs/include/rosapi_msgs/srv/detail/delete_param__type_support.cpp
[3.571s] -- Up-to-date: /home/francisco/ros2-ws/install/rosapi_msgs/include/rosapi_msgs/srv/detail/get_param__rosidl_typesupport_introspection_cpp.hpp
[3.572s] -- Up-to-date: /home/francisco/ros2-ws/install/rosapi_msgs/include/rosapi_msgs/srv/detail/has_param__type_support.cpp
[3.572s] -- Up-to-date: /home/francisco/ros2-ws/install/rosapi_msgs/include/rosapi_msgs/srv/detail/get_param_names__rosidl_typesupport_introspection_cpp.hpp
[3.572s] -- Up-to-date: /home/francisco/ros2-ws/install/rosapi_msgs/include/rosapi_msgs/srv/detail/service_providers__type_support.cpp
[3.572s] -- Up-to-date: /home/francisco/ros2-ws/install/rosapi_msgs/include/rosapi_msgs/srv/detail/publishers__rosidl_typesupport_introspection_cpp.hpp
[3.573s] -- Up-to-date: /home/francisco/ros2-ws/install/rosapi_msgs/include/rosapi_msgs/srv/detail/services_for_type__rosidl_typesupport_introspection_cpp.hpp
[3.573s] -- Up-to-date: /home/francisco/ros2-ws/install/rosapi_msgs/include/rosapi_msgs/srv/detail/get_param_names__type_support.cpp
[3.573s] -- Up-to-date: /home/francisco/ros2-ws/install/rosapi_msgs/include/rosapi_msgs/srv/detail/set_param__rosidl_typesupport_introspection_cpp.hpp
[3.574s] -- Up-to-date: /home/francisco/ros2-ws/install/rosapi_msgs/include/rosapi_msgs/srv/detail/subscribers__rosidl_typesupport_introspection_cpp.hpp
[3.574s] -- Up-to-date: /home/francisco/ros2-ws/install/rosapi_msgs/include/rosapi_msgs/srv/detail/service_node__rosidl_typesupport_introspection_cpp.hpp
[3.574s] -- Up-to-date: /home/francisco/ros2-ws/install/rosapi_msgs/include/rosapi_msgs/srv/detail/get_action_servers__type_support.cpp
[3.575s] -- Up-to-date: /home/francisco/ros2-ws/install/rosapi_msgs/include/rosapi_msgs/srv/detail/get_ros_version__type_support.cpp
[3.575s] -- Up-to-date: /home/francisco/ros2-ws/install/rosapi_msgs/include/rosapi_msgs/srv/detail/service_type__type_support.cpp
[3.591s] -- Up-to-date: /home/francisco/ros2-ws/install/rosapi_msgs/include/rosapi_msgs/msg
[3.592s] -- Up-to-date: /home/francisco/ros2-ws/install/rosapi_msgs/include/rosapi_msgs/msg/detail
[3.592s] -- Up-to-date: /home/francisco/ros2-ws/install/rosapi_msgs/include/rosapi_msgs/msg/detail/type_def__type_support.cpp
[3.593s] -- Up-to-date: /home/francisco/ros2-ws/install/rosapi_msgs/include/rosapi_msgs/msg/detail/type_def__rosidl_typesupport_introspection_cpp.hpp
[3.593s] -- Up-to-date: /home/francisco/ros2-ws/install/rosapi_msgs/lib/librosapi_msgs__rosidl_typesupport_introspection_cpp.so
[3.593s] -- Up-to-date: /home/francisco/ros2-ws/install/rosapi_msgs/lib/librosapi_msgs__rosidl_typesupport_cpp.so
[3.594s] -- Up-to-date: /home/francisco/ros2-ws/install/rosapi_msgs/share/rosapi_msgs/environment/pythonpath.sh
[3.594s] -- Up-to-date: /home/francisco/ros2-ws/install/rosapi_msgs/share/rosapi_msgs/environment/pythonpath.dsv
[3.594s] -- Up-to-date: /home/francisco/ros2-ws/install/rosapi_msgs/lib/python3.8/site-packages/rosapi_msgs/__init__.py
[3.595s] -- Up-to-date: /home/francisco/ros2-ws/install/rosapi_msgs/lib/python3.8/site-packages/rosapi_msgs/msg
[3.595s] -- Up-to-date: /home/francisco/ros2-ws/install/rosapi_msgs/lib/python3.8/site-packages/rosapi_msgs/msg/__init__.py
[3.595s] -- Up-to-date: /home/francisco/ros2-ws/install/rosapi_msgs/lib/python3.8/site-packages/rosapi_msgs/msg/_type_def_s.c
[3.596s] -- Up-to-date: /home/francisco/ros2-ws/install/rosapi_msgs/lib/python3.8/site-packages/rosapi_msgs/msg/_type_def.py
[3.596s] -- Up-to-date: /home/francisco/ros2-ws/install/rosapi_msgs/lib/python3.8/site-packages/rosapi_msgs/srv
[3.596s] -- Up-to-date: /home/francisco/ros2-ws/install/rosapi_msgs/lib/python3.8/site-packages/rosapi_msgs/srv/_get_ros_version.py
[3.597s] -- Up-to-date: /home/francisco/ros2-ws/install/rosapi_msgs/lib/python3.8/site-packages/rosapi_msgs/srv/_service_node_s.c
[3.597s] -- Up-to-date: /home/francisco/ros2-ws/install/rosapi_msgs/lib/python3.8/site-packages/rosapi_msgs/srv/_topics_and_raw_types.py
[3.597s] -- Up-to-date: /home/francisco/ros2-ws/install/rosapi_msgs/lib/python3.8/site-packages/rosapi_msgs/srv/_topics.py
[3.598s] -- Up-to-date: /home/francisco/ros2-ws/install/rosapi_msgs/lib/python3.8/site-packages/rosapi_msgs/srv/_services_s.c
[3.598s] -- Up-to-date: /home/francisco/ros2-ws/install/rosapi_msgs/lib/python3.8/site-packages/rosapi_msgs/srv/_get_param.py
[3.598s] -- Up-to-date: /home/francisco/ros2-ws/install/rosapi_msgs/lib/python3.8/site-packages/rosapi_msgs/srv/_get_param_s.c
[3.598s] -- Up-to-date: /home/francisco/ros2-ws/install/rosapi_msgs/lib/python3.8/site-packages/rosapi_msgs/srv/_get_time.py
[3.599s] -- Up-to-date: /home/francisco/ros2-ws/install/rosapi_msgs/lib/python3.8/site-packages/rosapi_msgs/srv/_has_param_s.c
[3.599s] -- Up-to-date: /home/francisco/ros2-ws/install/rosapi_msgs/lib/python3.8/site-packages/rosapi_msgs/srv/_publishers_s.c
[3.599s] -- Up-to-date: /home/francisco/ros2-ws/install/rosapi_msgs/lib/python3.8/site-packages/rosapi_msgs/srv/_service_providers_s.c
[3.600s] -- Up-to-date: /home/francisco/ros2-ws/install/rosapi_msgs/lib/python3.8/site-packages/rosapi_msgs/srv/_topics_s.c
[3.600s] -- Up-to-date: /home/francisco/ros2-ws/install/rosapi_msgs/lib/python3.8/site-packages/rosapi_msgs/srv/_get_action_servers.py
[3.600s] -- Up-to-date: /home/francisco/ros2-ws/install/rosapi_msgs/lib/python3.8/site-packages/rosapi_msgs/srv/__init__.py
[3.601s] -- Up-to-date: /home/francisco/ros2-ws/install/rosapi_msgs/lib/python3.8/site-packages/rosapi_msgs/srv/_topic_type.py
[3.601s] -- Up-to-date: /home/francisco/ros2-ws/install/rosapi_msgs/lib/python3.8/site-packages/rosapi_msgs/srv/_subscribers.py
[3.601s] -- Up-to-date: /home/francisco/ros2-ws/install/rosapi_msgs/lib/python3.8/site-packages/rosapi_msgs/srv/_service_type.py
[3.602s] -- Up-to-date: /home/francisco/ros2-ws/install/rosapi_msgs/lib/python3.8/site-packages/rosapi_msgs/srv/_node_details_s.c
[3.602s] -- Up-to-date: /home/francisco/ros2-ws/install/rosapi_msgs/lib/python3.8/site-packages/rosapi_msgs/srv/_service_response_details.py
[3.602s] -- Up-to-date: /home/francisco/ros2-ws/install/rosapi_msgs/lib/python3.8/site-packages/rosapi_msgs/srv/_topics_for_type_s.c
[3.603s] -- Up-to-date: /home/francisco/ros2-ws/install/rosapi_msgs/lib/python3.8/site-packages/rosapi_msgs/srv/_nodes_s.c
[3.603s] -- Up-to-date: /home/francisco/ros2-ws/install/rosapi_msgs/lib/python3.8/site-packages/rosapi_msgs/srv/_set_param.py
[3.603s] -- Up-to-date: /home/francisco/ros2-ws/install/rosapi_msgs/lib/python3.8/site-packages/rosapi_msgs/srv/_service_providers.py
[3.603s] -- Up-to-date: /home/francisco/ros2-ws/install/rosapi_msgs/lib/python3.8/site-packages/rosapi_msgs/srv/_service_request_details.py
[3.604s] -- Up-to-date: /home/francisco/ros2-ws/install/rosapi_msgs/lib/python3.8/site-packages/rosapi_msgs/srv/_topics_for_type.py
[3.604s] -- Up-to-date: /home/francisco/ros2-ws/install/rosapi_msgs/lib/python3.8/site-packages/rosapi_msgs/srv/_get_time_s.c
[3.604s] -- Up-to-date: /home/francisco/ros2-ws/install/rosapi_msgs/lib/python3.8/site-packages/rosapi_msgs/srv/_services_for_type_s.c
[3.605s] -- Up-to-date: /home/francisco/ros2-ws/install/rosapi_msgs/lib/python3.8/site-packages/rosapi_msgs/srv/_topics_and_raw_types_s.c
[3.605s] -- Up-to-date: /home/francisco/ros2-ws/install/rosapi_msgs/lib/python3.8/site-packages/rosapi_msgs/srv/_get_param_names_s.c
[3.605s] -- Up-to-date: /home/francisco/ros2-ws/install/rosapi_msgs/lib/python3.8/site-packages/rosapi_msgs/srv/_delete_param.py
[3.606s] -- Up-to-date: /home/francisco/ros2-ws/install/rosapi_msgs/lib/python3.8/site-packages/rosapi_msgs/srv/_service_request_details_s.c
[3.606s] -- Up-to-date: /home/francisco/ros2-ws/install/rosapi_msgs/lib/python3.8/site-packages/rosapi_msgs/srv/_has_param.py
[3.606s] -- Up-to-date: /home/francisco/ros2-ws/install/rosapi_msgs/lib/python3.8/site-packages/rosapi_msgs/srv/_node_details.py
[3.606s] -- Up-to-date: /home/francisco/ros2-ws/install/rosapi_msgs/lib/python3.8/site-packages/rosapi_msgs/srv/_message_details_s.c
[3.607s] -- Up-to-date: /home/francisco/ros2-ws/install/rosapi_msgs/lib/python3.8/site-packages/rosapi_msgs/srv/_service_response_details_s.c
[3.607s] -- Up-to-date: /home/francisco/ros2-ws/install/rosapi_msgs/lib/python3.8/site-packages/rosapi_msgs/srv/_nodes.py
[3.608s] -- Up-to-date: /home/francisco/ros2-ws/install/rosapi_msgs/lib/python3.8/site-packages/rosapi_msgs/srv/_get_action_servers_s.c
[3.608s] -- Up-to-date: /home/francisco/ros2-ws/install/rosapi_msgs/lib/python3.8/site-packages/rosapi_msgs/srv/_set_param_s.c
[3.608s] -- Up-to-date: /home/francisco/ros2-ws/install/rosapi_msgs/lib/python3.8/site-packages/rosapi_msgs/srv/_delete_param_s.c
[3.609s] -- Up-to-date: /home/francisco/ros2-ws/install/rosapi_msgs/lib/python3.8/site-packages/rosapi_msgs/srv/_publishers.py
[3.609s] -- Up-to-date: /home/francisco/ros2-ws/install/rosapi_msgs/lib/python3.8/site-packages/rosapi_msgs/srv/_get_ros_version_s.c
[3.609s] -- Up-to-date: /home/francisco/ros2-ws/install/rosapi_msgs/lib/python3.8/site-packages/rosapi_msgs/srv/_topic_type_s.c
[3.609s] -- Up-to-date: /home/francisco/ros2-ws/install/rosapi_msgs/lib/python3.8/site-packages/rosapi_msgs/srv/_service_type_s.c
[3.610s] -- Up-to-date: /home/francisco/ros2-ws/install/rosapi_msgs/lib/python3.8/site-packages/rosapi_msgs/srv/_services_for_type.py
[3.610s] -- Up-to-date: /home/francisco/ros2-ws/install/rosapi_msgs/lib/python3.8/site-packages/rosapi_msgs/srv/_service_node.py
[3.610s] -- Up-to-date: /home/francisco/ros2-ws/install/rosapi_msgs/lib/python3.8/site-packages/rosapi_msgs/srv/_subscribers_s.c
[3.611s] -- Up-to-date: /home/francisco/ros2-ws/install/rosapi_msgs/lib/python3.8/site-packages/rosapi_msgs/srv/_get_param_names.py
[3.611s] -- Up-to-date: /home/francisco/ros2-ws/install/rosapi_msgs/lib/python3.8/site-packages/rosapi_msgs/srv/_services.py
[3.611s] -- Up-to-date: /home/francisco/ros2-ws/install/rosapi_msgs/lib/python3.8/site-packages/rosapi_msgs/srv/_message_details.py
[3.612s] -- Up-to-date: /home/francisco/ros2-ws/install/rosapi_msgs/lib/python3.8/site-packages/rosapi_msgs/rosapi_msgs_s__rosidl_typesupport_fastrtps_c.cpython-38-x86_64-linux-gnu.so
[3.645s] -- Up-to-date: /home/francisco/ros2-ws/install/rosapi_msgs/lib/python3.8/site-packages/rosapi_msgs/rosapi_msgs_s__rosidl_typesupport_introspection_c.cpython-38-x86_64-linux-gnu.so
[3.646s] -- Up-to-date: /home/francisco/ros2-ws/install/rosapi_msgs/lib/python3.8/site-packages/rosapi_msgs/rosapi_msgs_s__rosidl_typesupport_c.cpython-38-x86_64-linux-gnu.so
[3.646s] -- Up-to-date: /home/francisco/ros2-ws/install/rosapi_msgs/lib/librosapi_msgs__python.so
[3.646s] -- Up-to-date: /home/francisco/ros2-ws/install/rosapi_msgs/share/rosapi_msgs/msg/TypeDef.idl
[3.646s] -- Up-to-date: /home/francisco/ros2-ws/install/rosapi_msgs/share/rosapi_msgs/srv/DeleteParam.idl
[3.647s] -- Up-to-date: /home/francisco/ros2-ws/install/rosapi_msgs/share/rosapi_msgs/srv/GetActionServers.idl
[3.647s] -- Up-to-date: /home/francisco/ros2-ws/install/rosapi_msgs/share/rosapi_msgs/srv/GetParam.idl
[3.647s] -- Up-to-date: /home/francisco/ros2-ws/install/rosapi_msgs/share/rosapi_msgs/srv/GetParamNames.idl
[3.649s] -- Up-to-date: /home/francisco/ros2-ws/install/rosapi_msgs/share/rosapi_msgs/srv/GetROSVersion.idl
[3.649s] -- Up-to-date: /home/francisco/ros2-ws/install/rosapi_msgs/share/rosapi_msgs/srv/GetTime.idl
[3.649s] -- Up-to-date: /home/francisco/ros2-ws/install/rosapi_msgs/share/rosapi_msgs/srv/HasParam.idl
[3.650s] -- Up-to-date: /home/francisco/ros2-ws/install/rosapi_msgs/share/rosapi_msgs/srv/MessageDetails.idl
[3.650s] -- Up-to-date: /home/francisco/ros2-ws/install/rosapi_msgs/share/rosapi_msgs/srv/Nodes.idl
[3.650s] -- Up-to-date: /home/francisco/ros2-ws/install/rosapi_msgs/share/rosapi_msgs/srv/NodeDetails.idl
[3.651s] -- Up-to-date: /home/francisco/ros2-ws/install/rosapi_msgs/share/rosapi_msgs/srv/Publishers.idl
[3.651s] -- Up-to-date: /home/francisco/ros2-ws/install/rosapi_msgs/share/rosapi_msgs/srv/ServiceNode.idl
[3.651s] -- Up-to-date: /home/francisco/ros2-ws/install/rosapi_msgs/share/rosapi_msgs/srv/ServiceProviders.idl
[3.651s] -- Up-to-date: /home/francisco/ros2-ws/install/rosapi_msgs/share/rosapi_msgs/srv/ServiceRequestDetails.idl
[3.652s] -- Up-to-date: /home/francisco/ros2-ws/install/rosapi_msgs/share/rosapi_msgs/srv/ServiceResponseDetails.idl
[3.652s] -- Up-to-date: /home/francisco/ros2-ws/install/rosapi_msgs/share/rosapi_msgs/srv/Services.idl
[3.652s] -- Up-to-date: /home/francisco/ros2-ws/install/rosapi_msgs/share/rosapi_msgs/srv/ServicesForType.idl
[3.653s] -- Up-to-date: /home/francisco/ros2-ws/install/rosapi_msgs/share/rosapi_msgs/srv/ServiceType.idl
[3.654s] -- Up-to-date: /home/francisco/ros2-ws/install/rosapi_msgs/share/rosapi_msgs/srv/SetParam.idl
[3.655s] -- Up-to-date: /home/francisco/ros2-ws/install/rosapi_msgs/share/rosapi_msgs/srv/Subscribers.idl
[3.655s] -- Up-to-date: /home/francisco/ros2-ws/install/rosapi_msgs/share/rosapi_msgs/srv/Topics.idl
[3.656s] -- Up-to-date: /home/francisco/ros2-ws/install/rosapi_msgs/share/rosapi_msgs/srv/TopicsAndRawTypes.idl
[3.657s] -- Up-to-date: /home/francisco/ros2-ws/install/rosapi_msgs/share/rosapi_msgs/srv/TopicsForType.idl
[3.657s] -- Up-to-date: /home/francisco/ros2-ws/install/rosapi_msgs/share/rosapi_msgs/srv/TopicType.idl
[3.659s] -- Up-to-date: /home/francisco/ros2-ws/install/rosapi_msgs/share/rosapi_msgs/msg/TypeDef.msg
[3.667s] -- Up-to-date: /home/francisco/ros2-ws/install/rosapi_msgs/share/rosapi_msgs/srv/DeleteParam.srv
[3.668s] -- Up-to-date: /home/francisco/ros2-ws/install/rosapi_msgs/share/rosapi_msgs/srv/DeleteParam_Request.msg
[3.668s] -- Up-to-date: /home/francisco/ros2-ws/install/rosapi_msgs/share/rosapi_msgs/srv/DeleteParam_Response.msg
[3.669s] -- Up-to-date: /home/francisco/ros2-ws/install/rosapi_msgs/share/rosapi_msgs/srv/GetActionServers.srv
[3.670s] -- Up-to-date: /home/francisco/ros2-ws/install/rosapi_msgs/share/rosapi_msgs/srv/GetActionServers_Request.msg
[3.670s] -- Up-to-date: /home/francisco/ros2-ws/install/rosapi_msgs/share/rosapi_msgs/srv/GetActionServers_Response.msg
[3.671s] -- Up-to-date: /home/francisco/ros2-ws/install/rosapi_msgs/share/rosapi_msgs/srv/GetParam.srv
[3.671s] -- Up-to-date: /home/francisco/ros2-ws/install/rosapi_msgs/share/rosapi_msgs/srv/GetParam_Request.msg
[3.671s] -- Up-to-date: /home/francisco/ros2-ws/install/rosapi_msgs/share/rosapi_msgs/srv/GetParam_Response.msg
[3.672s] -- Up-to-date: /home/francisco/ros2-ws/install/rosapi_msgs/share/rosapi_msgs/srv/GetParamNames.srv
[3.672s] -- Up-to-date: /home/francisco/ros2-ws/install/rosapi_msgs/share/rosapi_msgs/srv/GetParamNames_Request.msg
[3.672s] -- Up-to-date: /home/francisco/ros2-ws/install/rosapi_msgs/share/rosapi_msgs/srv/GetParamNames_Response.msg
[3.673s] -- Up-to-date: /home/francisco/ros2-ws/install/rosapi_msgs/share/rosapi_msgs/srv/GetROSVersion.srv
[3.673s] -- Up-to-date: /home/francisco/ros2-ws/install/rosapi_msgs/share/rosapi_msgs/srv/GetROSVersion_Request.msg
[3.674s] -- Up-to-date: /home/francisco/ros2-ws/install/rosapi_msgs/share/rosapi_msgs/srv/GetROSVersion_Response.msg
[3.674s] -- Up-to-date: /home/francisco/ros2-ws/install/rosapi_msgs/share/rosapi_msgs/srv/GetTime.srv
[3.674s] -- Up-to-date: /home/francisco/ros2-ws/install/rosapi_msgs/share/rosapi_msgs/srv/GetTime_Request.msg
[3.675s] -- Up-to-date: /home/francisco/ros2-ws/install/rosapi_msgs/share/rosapi_msgs/srv/GetTime_Response.msg
[3.675s] -- Up-to-date: /home/francisco/ros2-ws/install/rosapi_msgs/share/rosapi_msgs/srv/HasParam.srv
[3.675s] -- Up-to-date: /home/francisco/ros2-ws/install/rosapi_msgs/share/rosapi_msgs/srv/HasParam_Request.msg
[3.676s] -- Up-to-date: /home/francisco/ros2-ws/install/rosapi_msgs/share/rosapi_msgs/srv/HasParam_Response.msg
[3.676s] -- Up-to-date: /home/francisco/ros2-ws/install/rosapi_msgs/share/rosapi_msgs/srv/MessageDetails.srv
[3.677s] -- Up-to-date: /home/francisco/ros2-ws/install/rosapi_msgs/share/rosapi_msgs/srv/MessageDetails_Request.msg
[3.677s] -- Up-to-date: /home/francisco/ros2-ws/install/rosapi_msgs/share/rosapi_msgs/srv/MessageDetails_Response.msg
[3.677s] -- Up-to-date: /home/francisco/ros2-ws/install/rosapi_msgs/share/rosapi_msgs/srv/Nodes.srv
[3.678s] -- Up-to-date: /home/francisco/ros2-ws/install/rosapi_msgs/share/rosapi_msgs/srv/Nodes_Request.msg
[3.678s] -- Up-to-date: /home/francisco/ros2-ws/install/rosapi_msgs/share/rosapi_msgs/srv/Nodes_Response.msg
[3.681s] -- Up-to-date: /home/francisco/ros2-ws/install/rosapi_msgs/share/rosapi_msgs/srv/NodeDetails.srv
[3.684s] -- Up-to-date: /home/francisco/ros2-ws/install/rosapi_msgs/share/rosapi_msgs/srv/NodeDetails_Request.msg
[3.686s] -- Up-to-date: /home/francisco/ros2-ws/install/rosapi_msgs/share/rosapi_msgs/srv/NodeDetails_Response.msg
[3.691s] -- Up-to-date: /home/francisco/ros2-ws/install/rosapi_msgs/share/rosapi_msgs/srv/Publishers.srv
[3.692s] -- Up-to-date: /home/francisco/ros2-ws/install/rosapi_msgs/share/rosapi_msgs/srv/Publishers_Request.msg
[3.693s] -- Up-to-date: /home/francisco/ros2-ws/install/rosapi_msgs/share/rosapi_msgs/srv/Publishers_Response.msg
[3.693s] -- Up-to-date: /home/francisco/ros2-ws/install/rosapi_msgs/share/rosapi_msgs/srv/ServiceNode.srv
[3.694s] -- Up-to-date: /home/francisco/ros2-ws/install/rosapi_msgs/share/rosapi_msgs/srv/ServiceNode_Request.msg
[3.694s] -- Up-to-date: /home/francisco/ros2-ws/install/rosapi_msgs/share/rosapi_msgs/srv/ServiceNode_Response.msg
[3.694s] -- Up-to-date: /home/francisco/ros2-ws/install/rosapi_msgs/share/rosapi_msgs/srv/ServiceProviders.srv
[3.695s] -- Up-to-date: /home/francisco/ros2-ws/install/rosapi_msgs/share/rosapi_msgs/srv/ServiceProviders_Request.msg
[3.695s] -- Up-to-date: /home/francisco/ros2-ws/install/rosapi_msgs/share/rosapi_msgs/srv/ServiceProviders_Response.msg
[3.695s] -- Up-to-date: /home/francisco/ros2-ws/install/rosapi_msgs/share/rosapi_msgs/srv/ServiceRequestDetails.srv
[3.695s] -- Up-to-date: /home/francisco/ros2-ws/install/rosapi_msgs/share/rosapi_msgs/srv/ServiceRequestDetails_Request.msg
[3.696s] -- Up-to-date: /home/francisco/ros2-ws/install/rosapi_msgs/share/rosapi_msgs/srv/ServiceRequestDetails_Response.msg
[3.696s] -- Up-to-date: /home/francisco/ros2-ws/install/rosapi_msgs/share/rosapi_msgs/srv/ServiceResponseDetails.srv
[3.696s] -- Up-to-date: /home/francisco/ros2-ws/install/rosapi_msgs/share/rosapi_msgs/srv/ServiceResponseDetails_Request.msg
[3.697s] -- Up-to-date: /home/francisco/ros2-ws/install/rosapi_msgs/share/rosapi_msgs/srv/ServiceResponseDetails_Response.msg
[3.697s] -- Up-to-date: /home/francisco/ros2-ws/install/rosapi_msgs/share/rosapi_msgs/srv/Services.srv
[3.701s] -- Up-to-date: /home/francisco/ros2-ws/install/rosapi_msgs/share/rosapi_msgs/srv/Services_Request.msg
[3.704s] -- Up-to-date: /home/francisco/ros2-ws/install/rosapi_msgs/share/rosapi_msgs/srv/Services_Response.msg
[3.707s] -- Up-to-date: /home/francisco/ros2-ws/install/rosapi_msgs/share/rosapi_msgs/srv/ServicesForType.srv
[3.709s] -- Up-to-date: /home/francisco/ros2-ws/install/rosapi_msgs/share/rosapi_msgs/srv/ServicesForType_Request.msg
[3.709s] -- Up-to-date: /home/francisco/ros2-ws/install/rosapi_msgs/share/rosapi_msgs/srv/ServicesForType_Response.msg
[3.710s] -- Up-to-date: /home/francisco/ros2-ws/install/rosapi_msgs/share/rosapi_msgs/srv/ServiceType.srv
[3.710s] -- Up-to-date: /home/francisco/ros2-ws/install/rosapi_msgs/share/rosapi_msgs/srv/ServiceType_Request.msg
[3.710s] -- Up-to-date: /home/francisco/ros2-ws/install/rosapi_msgs/share/rosapi_msgs/srv/ServiceType_Response.msg
[3.711s] -- Up-to-date: /home/francisco/ros2-ws/install/rosapi_msgs/share/rosapi_msgs/srv/SetParam.srv
[3.711s] -- Up-to-date: /home/francisco/ros2-ws/install/rosapi_msgs/share/rosapi_msgs/srv/SetParam_Request.msg
[3.711s] -- Up-to-date: /home/francisco/ros2-ws/install/rosapi_msgs/share/rosapi_msgs/srv/SetParam_Response.msg
[3.712s] -- Up-to-date: /home/francisco/ros2-ws/install/rosapi_msgs/share/rosapi_msgs/srv/Subscribers.srv
[3.712s] -- Up-to-date: /home/francisco/ros2-ws/install/rosapi_msgs/share/rosapi_msgs/srv/Subscribers_Request.msg
[3.712s] -- Up-to-date: /home/francisco/ros2-ws/install/rosapi_msgs/share/rosapi_msgs/srv/Subscribers_Response.msg
[3.712s] -- Up-to-date: /home/francisco/ros2-ws/install/rosapi_msgs/share/rosapi_msgs/srv/Topics.srv
[3.713s] -- Up-to-date: /home/francisco/ros2-ws/install/rosapi_msgs/share/rosapi_msgs/srv/Topics_Request.msg
[3.713s] -- Up-to-date: /home/francisco/ros2-ws/install/rosapi_msgs/share/rosapi_msgs/srv/Topics_Response.msg
[3.713s] -- Up-to-date: /home/francisco/ros2-ws/install/rosapi_msgs/share/rosapi_msgs/srv/TopicsAndRawTypes.srv
[3.713s] -- Up-to-date: /home/francisco/ros2-ws/install/rosapi_msgs/share/rosapi_msgs/srv/TopicsAndRawTypes_Request.msg
[3.714s] -- Up-to-date: /home/francisco/ros2-ws/install/rosapi_msgs/share/rosapi_msgs/srv/TopicsAndRawTypes_Response.msg
[3.714s] -- Up-to-date: /home/francisco/ros2-ws/install/rosapi_msgs/share/rosapi_msgs/srv/TopicsForType.srv
[3.714s] -- Up-to-date: /home/francisco/ros2-ws/install/rosapi_msgs/share/rosapi_msgs/srv/TopicsForType_Request.msg
[3.715s] -- Up-to-date: /home/francisco/ros2-ws/install/rosapi_msgs/share/rosapi_msgs/srv/TopicsForType_Response.msg
[3.715s] -- Up-to-date: /home/francisco/ros2-ws/install/rosapi_msgs/share/rosapi_msgs/srv/TopicType.srv
[3.717s] -- Up-to-date: /home/francisco/ros2-ws/install/rosapi_msgs/share/rosapi_msgs/srv/TopicType_Request.msg
[3.718s] -- Up-to-date: /home/francisco/ros2-ws/install/rosapi_msgs/share/rosapi_msgs/srv/TopicType_Response.msg
[3.722s] -- Up-to-date: /home/francisco/ros2-ws/install/rosapi_msgs/share/ament_index/resource_index/package_run_dependencies/rosapi_msgs
[3.722s] -- Up-to-date: /home/francisco/ros2-ws/install/rosapi_msgs/share/ament_index/resource_index/parent_prefix_path/rosapi_msgs
[3.722s] -- Up-to-date: /home/francisco/ros2-ws/install/rosapi_msgs/share/rosapi_msgs/environment/ament_prefix_path.sh
[3.724s] -- Up-to-date: /home/francisco/ros2-ws/install/rosapi_msgs/share/rosapi_msgs/environment/ament_prefix_path.dsv
[3.724s] -- Up-to-date: /home/francisco/ros2-ws/install/rosapi_msgs/share/rosapi_msgs/environment/path.sh
[3.725s] -- Up-to-date: /home/francisco/ros2-ws/install/rosapi_msgs/share/rosapi_msgs/environment/path.dsv
[3.725s] -- Up-to-date: /home/francisco/ros2-ws/install/rosapi_msgs/share/rosapi_msgs/local_setup.bash
[3.725s] -- Up-to-date: /home/francisco/ros2-ws/install/rosapi_msgs/share/rosapi_msgs/local_setup.sh
[3.725s] -- Up-to-date: /home/francisco/ros2-ws/install/rosapi_msgs/share/rosapi_msgs/local_setup.zsh
[3.726s] -- Up-to-date: /home/francisco/ros2-ws/install/rosapi_msgs/share/rosapi_msgs/local_setup.dsv
[3.726s] -- Installing: /home/francisco/ros2-ws/install/rosapi_msgs/share/rosapi_msgs/package.dsv
[3.726s] -- Up-to-date: /home/francisco/ros2-ws/install/rosapi_msgs/share/ament_index/resource_index/packages/rosapi_msgs
[3.727s] -- Up-to-date: /home/francisco/ros2-ws/install/rosapi_msgs/share/rosapi_msgs/cmake/rosapi_msgs__rosidl_generator_cExport.cmake
[3.727s] -- Up-to-date: /home/francisco/ros2-ws/install/rosapi_msgs/share/rosapi_msgs/cmake/rosapi_msgs__rosidl_generator_cExport-noconfig.cmake
[3.727s] -- Up-to-date: /home/francisco/ros2-ws/install/rosapi_msgs/share/rosapi_msgs/cmake/rosapi_msgs__rosidl_typesupport_introspection_cExport.cmake
[3.727s] -- Up-to-date: /home/francisco/ros2-ws/install/rosapi_msgs/share/rosapi_msgs/cmake/rosapi_msgs__rosidl_typesupport_introspection_cExport-noconfig.cmake
[3.728s] -- Up-to-date: /home/francisco/ros2-ws/install/rosapi_msgs/share/rosapi_msgs/cmake/rosapi_msgs__rosidl_typesupport_cExport.cmake
[3.728s] -- Up-to-date: /home/francisco/ros2-ws/install/rosapi_msgs/share/rosapi_msgs/cmake/rosapi_msgs__rosidl_typesupport_cExport-noconfig.cmake
[3.728s] -- Up-to-date: /home/francisco/ros2-ws/install/rosapi_msgs/share/rosapi_msgs/cmake/rosapi_msgs__rosidl_generator_cppExport.cmake
[3.729s] -- Up-to-date: /home/francisco/ros2-ws/install/rosapi_msgs/share/rosapi_msgs/cmake/rosapi_msgs__rosidl_typesupport_introspection_cppExport.cmake
[3.729s] -- Up-to-date: /home/francisco/ros2-ws/install/rosapi_msgs/share/rosapi_msgs/cmake/rosapi_msgs__rosidl_typesupport_introspection_cppExport-noconfig.cmake
[3.729s] -- Up-to-date: /home/francisco/ros2-ws/install/rosapi_msgs/share/rosapi_msgs/cmake/rosapi_msgs__rosidl_typesupport_cppExport.cmake
[3.730s] -- Up-to-date: /home/francisco/ros2-ws/install/rosapi_msgs/share/rosapi_msgs/cmake/rosapi_msgs__rosidl_typesupport_cppExport-noconfig.cmake
[3.730s] -- Up-to-date: /home/francisco/ros2-ws/install/rosapi_msgs/share/rosapi_msgs/cmake/rosidl_cmake-extras.cmake
[3.730s] -- Up-to-date: /home/francisco/ros2-ws/install/rosapi_msgs/share/rosapi_msgs/cmake/ament_cmake_export_dependencies-extras.cmake
[3.730s] -- Up-to-date: /home/francisco/ros2-ws/install/rosapi_msgs/share/rosapi_msgs/cmake/ament_cmake_export_libraries-extras.cmake
[3.731s] -- Up-to-date: /home/francisco/ros2-ws/install/rosapi_msgs/share/rosapi_msgs/cmake/ament_cmake_export_targets-extras.cmake
[3.731s] -- Up-to-date: /home/francisco/ros2-ws/install/rosapi_msgs/share/rosapi_msgs/cmake/ament_cmake_export_include_directories-extras.cmake
[3.731s] -- Up-to-date: /home/francisco/ros2-ws/install/rosapi_msgs/share/rosapi_msgs/cmake/rosidl_cmake_export_typesupport_libraries-extras.cmake
[3.732s] -- Up-to-date: /home/francisco/ros2-ws/install/rosapi_msgs/share/rosapi_msgs/cmake/rosidl_cmake_export_typesupport_targets-extras.cmake
[3.732s] -- Up-to-date: /home/francisco/ros2-ws/install/rosapi_msgs/share/rosapi_msgs/cmake/rosapi_msgsConfig.cmake
[3.732s] -- Up-to-date: /home/francisco/ros2-ws/install/rosapi_msgs/share/rosapi_msgs/cmake/rosapi_msgsConfig-version.cmake
[3.732s] -- Up-to-date: /home/francisco/ros2-ws/install/rosapi_msgs/share/rosapi_msgs/package.xml
[3.733s] Invoked command in '/home/francisco/ros2-ws/build/rosapi_msgs' returned '0': CMAKE_PREFIX_PATH=${CMAKE_PREFIX_PATH}:/home/francisco/ros2-ws/install/monitoring_station_tfm:/home/francisco/ros2-ws/install/monitoring-station-tfm:/home/francisco/ros2-ws/install/camera_driver:/opt/ros/foxy /usr/bin/cmake --install /home/francisco/ros2-ws/build/rosapi_msgs
