[2.393s] Invoking command in '/home/francisco/ros2-ws/src/monitoring_station_tfm': PYTHONPATH=/home/francisco/ros2-ws/build/monitoring_station_tfm/prefix_override:/home/francisco/ros2-ws/install/monitoring_station_tfm/lib/python3.8/site-packages:${PYTHONPATH} /usr/bin/python3 setup.py egg_info --egg-base ../../build/monitoring_station_tfm build --build-base /home/francisco/ros2-ws/build/monitoring_station_tfm/build install --record /home/francisco/ros2-ws/build/monitoring_station_tfm/install.log --install-scripts $base/lib/monitoring_station_tfm --single-version-externally-managed
[3.202s] running egg_info
[3.204s] writing ../../build/monitoring_station_tfm/monitoring_station_tfm.egg-info/PKG-INFO
[3.205s] writing dependency_links to ../../build/monitoring_station_tfm/monitoring_station_tfm.egg-info/dependency_links.txt
[3.205s] writing entry points to ../../build/monitoring_station_tfm/monitoring_station_tfm.egg-info/entry_points.txt
[3.206s] writing requirements to ../../build/monitoring_station_tfm/monitoring_station_tfm.egg-info/requires.txt
[3.206s] writing top-level names to ../../build/monitoring_station_tfm/monitoring_station_tfm.egg-info/top_level.txt
[3.345s] reading manifest file '../../build/monitoring_station_tfm/monitoring_station_tfm.egg-info/SOURCES.txt'
[3.345s] writing manifest file '../../build/monitoring_station_tfm/monitoring_station_tfm.egg-info/SOURCES.txt'
[3.345s] running build
[3.346s] running build_py
[3.351s] copying monitoring_station_tfm/stsb_sim_pub.py -> /home/francisco/ros2-ws/build/monitoring_station_tfm/build/lib/monitoring_station_tfm
[3.351s] running install
[3.356s] running install_lib
[3.360s] copying /home/francisco/ros2-ws/build/monitoring_station_tfm/build/lib/monitoring_station_tfm/stsb_sim_pub.py -> /home/francisco/ros2-ws/install/monitoring_station_tfm/lib/python3.8/site-packages/monitoring_station_tfm
[3.364s] byte-compiling /home/francisco/ros2-ws/install/monitoring_station_tfm/lib/python3.8/site-packages/monitoring_station_tfm/stsb_sim_pub.py to stsb_sim_pub.cpython-38.pyc
[3.367s] running install_data
[3.368s] running install_egg_info
[3.373s] removing '/home/francisco/ros2-ws/install/monitoring_station_tfm/lib/python3.8/site-packages/monitoring_station_tfm-0.0.0-py3.8.egg-info' (and everything under it)
[3.376s] Copying ../../build/monitoring_station_tfm/monitoring_station_tfm.egg-info to /home/francisco/ros2-ws/install/monitoring_station_tfm/lib/python3.8/site-packages/monitoring_station_tfm-0.0.0-py3.8.egg-info
[3.380s] running install_scripts
[3.439s] Installing listener script to /home/francisco/ros2-ws/install/monitoring_station_tfm/lib/monitoring_station_tfm
[3.440s] Installing pub01 script to /home/francisco/ros2-ws/install/monitoring_station_tfm/lib/monitoring_station_tfm
[3.441s] Installing pub02 script to /home/francisco/ros2-ws/install/monitoring_station_tfm/lib/monitoring_station_tfm
[3.442s] Installing pub03 script to /home/francisco/ros2-ws/install/monitoring_station_tfm/lib/monitoring_station_tfm
[3.443s] Installing publicador script to /home/francisco/ros2-ws/install/monitoring_station_tfm/lib/monitoring_station_tfm
[3.443s] Installing talker script to /home/francisco/ros2-ws/install/monitoring_station_tfm/lib/monitoring_station_tfm
[3.444s] Installing test-pub script to /home/francisco/ros2-ws/install/monitoring_station_tfm/lib/monitoring_station_tfm
[3.496s] Installing test01 script to /home/francisco/ros2-ws/install/monitoring_station_tfm/lib/monitoring_station_tfm
[3.496s] Installing test02 script to /home/francisco/ros2-ws/install/monitoring_station_tfm/lib/monitoring_station_tfm
[3.497s] Installing test03 script to /home/francisco/ros2-ws/install/monitoring_station_tfm/lib/monitoring_station_tfm
[3.497s] Installing test04 script to /home/francisco/ros2-ws/install/monitoring_station_tfm/lib/monitoring_station_tfm
[3.498s] Installing test05 script to /home/francisco/ros2-ws/install/monitoring_station_tfm/lib/monitoring_station_tfm
[3.498s] Installing timer script to /home/francisco/ros2-ws/install/monitoring_station_tfm/lib/monitoring_station_tfm
[3.499s] writing list of installed files to '/home/francisco/ros2-ws/build/monitoring_station_tfm/install.log'
[3.558s] Invoked command in '/home/francisco/ros2-ws/src/monitoring_station_tfm' returned '0': PYTHONPATH=/home/francisco/ros2-ws/build/monitoring_station_tfm/prefix_override:/home/francisco/ros2-ws/install/monitoring_station_tfm/lib/python3.8/site-packages:${PYTHONPATH} /usr/bin/python3 setup.py egg_info --egg-base ../../build/monitoring_station_tfm build --build-base /home/francisco/ros2-ws/build/monitoring_station_tfm/build install --record /home/francisco/ros2-ws/build/monitoring_station_tfm/install.log --install-scripts $base/lib/monitoring_station_tfm --single-version-externally-managed
