[0.226s] Invoking command in '/home/francisco/ros2-ws/build/rosbridge_msgs': CMAKE_PREFIX_PATH=${CMAKE_PREFIX_PATH}:/home/francisco/ros2-ws/install/monitoring_station_tfm:/home/francisco/ros2-ws/install/monitoring-station-tfm:/home/francisco/ros2-ws/install/camera_driver:/opt/ros/foxy /usr/bin/cmake --build /home/francisco/ros2-ws/build/rosbridge_msgs -- -j4 -l4
[1.511s] [  2%] Built target rosbridge_msgs__cpp
[2.044s] [ 12%] Built target rosbridge_msgs__rosidl_generator_c
[2.061s] [ 23%] Built target rosbridge_msgs__rosidl_typesupport_cpp
[2.068s] [ 33%] Built target rosbridge_msgs__rosidl_typesupport_introspection_cpp
[2.266s] [ 43%] Built target rosbridge_msgs__rosidl_typesupport_c
[2.295s] [ 53%] Built target rosbridge_msgs__rosidl_typesupport_fastrtps_cpp
[2.464s] [ 64%] Built target rosbridge_msgs__rosidl_typesupport_introspection_c
[2.563s] [ 74%] Built target rosbridge_msgs__rosidl_typesupport_fastrtps_c
[2.693s] [ 74%] Built target rosbridge_msgs
[2.897s] [ 76%] Built target rosbridge_msgs__py
[3.226s] [ 84%] Built target rosbridge_msgs__python
[3.429s] [ 89%] Built target rosbridge_msgs__rosidl_typesupport_fastrtps_c__pyext
[3.429s] [ 94%] Built target rosbridge_msgs__rosidl_typesupport_introspection_c__pyext
[3.444s] [100%] Built target rosbridge_msgs__rosidl_typesupport_c__pyext
[3.471s] Invoked command in '/home/francisco/ros2-ws/build/rosbridge_msgs' returned '0': CMAKE_PREFIX_PATH=${CMAKE_PREFIX_PATH}:/home/francisco/ros2-ws/install/monitoring_station_tfm:/home/francisco/ros2-ws/install/monitoring-station-tfm:/home/francisco/ros2-ws/install/camera_driver:/opt/ros/foxy /usr/bin/cmake --build /home/francisco/ros2-ws/build/rosbridge_msgs -- -j4 -l4
[3.630s] Invoking command in '/home/francisco/ros2-ws/build/rosbridge_msgs': CMAKE_PREFIX_PATH=${CMAKE_PREFIX_PATH}:/home/francisco/ros2-ws/install/monitoring_station_tfm:/home/francisco/ros2-ws/install/monitoring-station-tfm:/home/francisco/ros2-ws/install/camera_driver:/opt/ros/foxy /usr/bin/cmake --install /home/francisco/ros2-ws/build/rosbridge_msgs
[3.745s] -- Install configuration: ""
[3.753s] -- Up-to-date: /home/francisco/ros2-ws/install/rosbridge_msgs/share/ament_index/resource_index/rosidl_interfaces/rosbridge_msgs
[3.754s] -- Up-to-date: /home/francisco/ros2-ws/install/rosbridge_msgs/include/rosbridge_msgs
[3.754s] -- Up-to-date: /home/francisco/ros2-ws/install/rosbridge_msgs/include/rosbridge_msgs/msg
[3.765s] -- Up-to-date: /home/francisco/ros2-ws/install/rosbridge_msgs/include/rosbridge_msgs/msg/connected_clients.h
[3.765s] -- Up-to-date: /home/francisco/ros2-ws/install/rosbridge_msgs/include/rosbridge_msgs/msg/detail
[3.766s] -- Up-to-date: /home/francisco/ros2-ws/install/rosbridge_msgs/include/rosbridge_msgs/msg/detail/connected_clients__type_support.h
[3.767s] -- Up-to-date: /home/francisco/ros2-ws/install/rosbridge_msgs/include/rosbridge_msgs/msg/detail/connected_client__functions.c
[3.767s] -- Up-to-date: /home/francisco/ros2-ws/install/rosbridge_msgs/include/rosbridge_msgs/msg/detail/connected_client__struct.h
[3.767s] -- Up-to-date: /home/francisco/ros2-ws/install/rosbridge_msgs/include/rosbridge_msgs/msg/detail/connected_clients__struct.h
[3.768s] -- Up-to-date: /home/francisco/ros2-ws/install/rosbridge_msgs/include/rosbridge_msgs/msg/detail/connected_clients__functions.c
[3.768s] -- Up-to-date: /home/francisco/ros2-ws/install/rosbridge_msgs/include/rosbridge_msgs/msg/detail/connected_client__functions.h
[3.769s] -- Up-to-date: /home/francisco/ros2-ws/install/rosbridge_msgs/include/rosbridge_msgs/msg/detail/connected_clients__functions.h
[3.769s] -- Up-to-date: /home/francisco/ros2-ws/install/rosbridge_msgs/include/rosbridge_msgs/msg/detail/connected_client__type_support.h
[3.769s] -- Up-to-date: /home/francisco/ros2-ws/install/rosbridge_msgs/include/rosbridge_msgs/msg/rosidl_generator_c__visibility_control.h
[3.770s] -- Up-to-date: /home/francisco/ros2-ws/install/rosbridge_msgs/include/rosbridge_msgs/msg/connected_client.h
[3.770s] -- Up-to-date: /home/francisco/ros2-ws/install/rosbridge_msgs/share/rosbridge_msgs/environment/library_path.sh
[3.770s] -- Up-to-date: /home/francisco/ros2-ws/install/rosbridge_msgs/share/rosbridge_msgs/environment/library_path.dsv
[3.771s] -- Up-to-date: /home/francisco/ros2-ws/install/rosbridge_msgs/lib/librosbridge_msgs__rosidl_generator_c.so
[3.771s] -- Up-to-date: /home/francisco/ros2-ws/install/rosbridge_msgs/include/rosbridge_msgs
[3.771s] -- Up-to-date: /home/francisco/ros2-ws/install/rosbridge_msgs/include/rosbridge_msgs/msg
[3.772s] -- Up-to-date: /home/francisco/ros2-ws/install/rosbridge_msgs/include/rosbridge_msgs/msg/detail
[3.772s] -- Up-to-date: /home/francisco/ros2-ws/install/rosbridge_msgs/include/rosbridge_msgs/msg/detail/connected_clients__rosidl_typesupport_fastrtps_c.h
[3.772s] -- Up-to-date: /home/francisco/ros2-ws/install/rosbridge_msgs/include/rosbridge_msgs/msg/detail/connected_client__rosidl_typesupport_fastrtps_c.h
[3.772s] -- Up-to-date: /home/francisco/ros2-ws/install/rosbridge_msgs/include/rosbridge_msgs/msg/rosidl_typesupport_fastrtps_c__visibility_control.h
[3.772s] -- Up-to-date: /home/francisco/ros2-ws/install/rosbridge_msgs/lib/librosbridge_msgs__rosidl_typesupport_fastrtps_c.so
[3.772s] -- Up-to-date: /home/francisco/ros2-ws/install/rosbridge_msgs/include/rosbridge_msgs
[3.773s] -- Up-to-date: /home/francisco/ros2-ws/install/rosbridge_msgs/include/rosbridge_msgs/msg
[3.773s] -- Up-to-date: /home/francisco/ros2-ws/install/rosbridge_msgs/include/rosbridge_msgs/msg/detail
[3.773s] -- Up-to-date: /home/francisco/ros2-ws/install/rosbridge_msgs/include/rosbridge_msgs/msg/detail/connected_client__rosidl_typesupport_fastrtps_cpp.hpp
[3.773s] -- Up-to-date: /home/francisco/ros2-ws/install/rosbridge_msgs/include/rosbridge_msgs/msg/detail/dds_fastrtps
[3.773s] -- Up-to-date: /home/francisco/ros2-ws/install/rosbridge_msgs/include/rosbridge_msgs/msg/detail/connected_clients__rosidl_typesupport_fastrtps_cpp.hpp
[3.773s] -- Up-to-date: /home/francisco/ros2-ws/install/rosbridge_msgs/include/rosbridge_msgs/msg/rosidl_typesupport_fastrtps_cpp__visibility_control.h
[3.802s] -- Up-to-date: /home/francisco/ros2-ws/install/rosbridge_msgs/lib/librosbridge_msgs__rosidl_typesupport_fastrtps_cpp.so
[3.803s] -- Up-to-date: /home/francisco/ros2-ws/install/rosbridge_msgs/include/rosbridge_msgs
[3.803s] -- Up-to-date: /home/francisco/ros2-ws/install/rosbridge_msgs/include/rosbridge_msgs/msg
[3.803s] -- Up-to-date: /home/francisco/ros2-ws/install/rosbridge_msgs/include/rosbridge_msgs/msg/detail
[3.804s] -- Up-to-date: /home/francisco/ros2-ws/install/rosbridge_msgs/include/rosbridge_msgs/msg/detail/connected_clients__type_support.c
[3.804s] -- Up-to-date: /home/francisco/ros2-ws/install/rosbridge_msgs/include/rosbridge_msgs/msg/detail/connected_client__type_support.c
[3.804s] -- Up-to-date: /home/francisco/ros2-ws/install/rosbridge_msgs/include/rosbridge_msgs/msg/detail/connected_client__rosidl_typesupport_introspection_c.h
[3.804s] -- Up-to-date: /home/francisco/ros2-ws/install/rosbridge_msgs/include/rosbridge_msgs/msg/detail/connected_clients__rosidl_typesupport_introspection_c.h
[3.805s] -- Up-to-date: /home/francisco/ros2-ws/install/rosbridge_msgs/include/rosbridge_msgs/msg/rosidl_typesupport_introspection_c__visibility_control.h
[3.805s] -- Up-to-date: /home/francisco/ros2-ws/install/rosbridge_msgs/lib/librosbridge_msgs__rosidl_typesupport_introspection_c.so
[3.806s] -- Up-to-date: /home/francisco/ros2-ws/install/rosbridge_msgs/lib/librosbridge_msgs__rosidl_typesupport_c.so
[3.808s] -- Up-to-date: /home/francisco/ros2-ws/install/rosbridge_msgs/include/rosbridge_msgs
[3.809s] -- Up-to-date: /home/francisco/ros2-ws/install/rosbridge_msgs/include/rosbridge_msgs/msg
[3.809s] -- Up-to-date: /home/francisco/ros2-ws/install/rosbridge_msgs/include/rosbridge_msgs/msg/detail
[3.809s] -- Up-to-date: /home/francisco/ros2-ws/install/rosbridge_msgs/include/rosbridge_msgs/msg/detail/connected_client__struct.hpp
[3.809s] -- Up-to-date: /home/francisco/ros2-ws/install/rosbridge_msgs/include/rosbridge_msgs/msg/detail/connected_client__traits.hpp
[3.810s] -- Up-to-date: /home/francisco/ros2-ws/install/rosbridge_msgs/include/rosbridge_msgs/msg/detail/connected_clients__traits.hpp
[3.810s] -- Up-to-date: /home/francisco/ros2-ws/install/rosbridge_msgs/include/rosbridge_msgs/msg/detail/connected_client__builder.hpp
[3.810s] -- Up-to-date: /home/francisco/ros2-ws/install/rosbridge_msgs/include/rosbridge_msgs/msg/detail/connected_clients__struct.hpp
[3.810s] -- Up-to-date: /home/francisco/ros2-ws/install/rosbridge_msgs/include/rosbridge_msgs/msg/detail/connected_clients__builder.hpp
[3.810s] -- Up-to-date: /home/francisco/ros2-ws/install/rosbridge_msgs/include/rosbridge_msgs/msg/connected_clients.hpp
[3.810s] -- Up-to-date: /home/francisco/ros2-ws/install/rosbridge_msgs/include/rosbridge_msgs/msg/connected_client.hpp
[3.811s] -- Up-to-date: /home/francisco/ros2-ws/install/rosbridge_msgs/include/rosbridge_msgs
[3.811s] -- Up-to-date: /home/francisco/ros2-ws/install/rosbridge_msgs/include/rosbridge_msgs/msg
[3.811s] -- Up-to-date: /home/francisco/ros2-ws/install/rosbridge_msgs/include/rosbridge_msgs/msg/detail
[3.811s] -- Up-to-date: /home/francisco/ros2-ws/install/rosbridge_msgs/include/rosbridge_msgs/msg/detail/connected_clients__type_support.cpp
[3.811s] -- Up-to-date: /home/francisco/ros2-ws/install/rosbridge_msgs/include/rosbridge_msgs/msg/detail/connected_client__type_support.cpp
[3.812s] -- Up-to-date: /home/francisco/ros2-ws/install/rosbridge_msgs/include/rosbridge_msgs/msg/detail/connected_client__rosidl_typesupport_introspection_cpp.hpp
[3.812s] -- Up-to-date: /home/francisco/ros2-ws/install/rosbridge_msgs/include/rosbridge_msgs/msg/detail/connected_clients__rosidl_typesupport_introspection_cpp.hpp
[3.819s] -- Up-to-date: /home/francisco/ros2-ws/install/rosbridge_msgs/lib/librosbridge_msgs__rosidl_typesupport_introspection_cpp.so
[3.845s] -- Up-to-date: /home/francisco/ros2-ws/install/rosbridge_msgs/lib/librosbridge_msgs__rosidl_typesupport_cpp.so
[3.846s] -- Up-to-date: /home/francisco/ros2-ws/install/rosbridge_msgs/share/rosbridge_msgs/environment/pythonpath.sh
[3.846s] -- Up-to-date: /home/francisco/ros2-ws/install/rosbridge_msgs/share/rosbridge_msgs/environment/pythonpath.dsv
[3.846s] -- Up-to-date: /home/francisco/ros2-ws/install/rosbridge_msgs/lib/python3.8/site-packages/rosbridge_msgs/__init__.py
[3.949s] -- Up-to-date: /home/francisco/ros2-ws/install/rosbridge_msgs/lib/python3.8/site-packages/rosbridge_msgs/msg
[3.949s] -- Up-to-date: /home/francisco/ros2-ws/install/rosbridge_msgs/lib/python3.8/site-packages/rosbridge_msgs/msg/__init__.py
[3.950s] -- Up-to-date: /home/francisco/ros2-ws/install/rosbridge_msgs/lib/python3.8/site-packages/rosbridge_msgs/msg/_connected_clients_s.c
[3.950s] -- Up-to-date: /home/francisco/ros2-ws/install/rosbridge_msgs/lib/python3.8/site-packages/rosbridge_msgs/msg/_connected_client.py
[3.950s] -- Up-to-date: /home/francisco/ros2-ws/install/rosbridge_msgs/lib/python3.8/site-packages/rosbridge_msgs/msg/_connected_client_s.c
[3.950s] -- Up-to-date: /home/francisco/ros2-ws/install/rosbridge_msgs/lib/python3.8/site-packages/rosbridge_msgs/msg/_connected_clients.py
[3.970s] -- Up-to-date: /home/francisco/ros2-ws/install/rosbridge_msgs/lib/python3.8/site-packages/rosbridge_msgs/rosbridge_msgs_s__rosidl_typesupport_fastrtps_c.cpython-38-x86_64-linux-gnu.so
[3.981s] -- Up-to-date: /home/francisco/ros2-ws/install/rosbridge_msgs/lib/python3.8/site-packages/rosbridge_msgs/rosbridge_msgs_s__rosidl_typesupport_introspection_c.cpython-38-x86_64-linux-gnu.so
[3.983s] -- Up-to-date: /home/francisco/ros2-ws/install/rosbridge_msgs/lib/python3.8/site-packages/rosbridge_msgs/rosbridge_msgs_s__rosidl_typesupport_c.cpython-38-x86_64-linux-gnu.so
[3.985s] -- Up-to-date: /home/francisco/ros2-ws/install/rosbridge_msgs/lib/librosbridge_msgs__python.so
[4.000s] -- Up-to-date: /home/francisco/ros2-ws/install/rosbridge_msgs/share/rosbridge_msgs/msg/ConnectedClient.idl
[4.001s] -- Up-to-date: /home/francisco/ros2-ws/install/rosbridge_msgs/share/rosbridge_msgs/msg/ConnectedClients.idl
[4.002s] -- Up-to-date: /home/francisco/ros2-ws/install/rosbridge_msgs/share/rosbridge_msgs/msg/ConnectedClient.msg
[4.002s] -- Up-to-date: /home/francisco/ros2-ws/install/rosbridge_msgs/share/rosbridge_msgs/msg/ConnectedClients.msg
[4.003s] -- Up-to-date: /home/francisco/ros2-ws/install/rosbridge_msgs/share/ament_index/resource_index/package_run_dependencies/rosbridge_msgs
[4.015s] -- Up-to-date: /home/francisco/ros2-ws/install/rosbridge_msgs/share/ament_index/resource_index/parent_prefix_path/rosbridge_msgs
[4.019s] -- Up-to-date: /home/francisco/ros2-ws/install/rosbridge_msgs/share/rosbridge_msgs/environment/ament_prefix_path.sh
[4.019s] -- Up-to-date: /home/francisco/ros2-ws/install/rosbridge_msgs/share/rosbridge_msgs/environment/ament_prefix_path.dsv
[4.019s] -- Up-to-date: /home/francisco/ros2-ws/install/rosbridge_msgs/share/rosbridge_msgs/environment/path.sh
[4.021s] -- Up-to-date: /home/francisco/ros2-ws/install/rosbridge_msgs/share/rosbridge_msgs/environment/path.dsv
[4.021s] -- Up-to-date: /home/francisco/ros2-ws/install/rosbridge_msgs/share/rosbridge_msgs/local_setup.bash
[4.022s] -- Up-to-date: /home/francisco/ros2-ws/install/rosbridge_msgs/share/rosbridge_msgs/local_setup.sh
[4.022s] -- Up-to-date: /home/francisco/ros2-ws/install/rosbridge_msgs/share/rosbridge_msgs/local_setup.zsh
[4.023s] -- Up-to-date: /home/francisco/ros2-ws/install/rosbridge_msgs/share/rosbridge_msgs/local_setup.dsv
[4.023s] -- Installing: /home/francisco/ros2-ws/install/rosbridge_msgs/share/rosbridge_msgs/package.dsv
[4.046s] -- Up-to-date: /home/francisco/ros2-ws/install/rosbridge_msgs/share/ament_index/resource_index/packages/rosbridge_msgs
[4.110s] -- Up-to-date: /home/francisco/ros2-ws/install/rosbridge_msgs/share/rosbridge_msgs/cmake/rosbridge_msgs__rosidl_generator_cExport.cmake
[4.110s] -- Up-to-date: /home/francisco/ros2-ws/install/rosbridge_msgs/share/rosbridge_msgs/cmake/rosbridge_msgs__rosidl_generator_cExport-noconfig.cmake
[4.158s] -- Up-to-date: /home/francisco/ros2-ws/install/rosbridge_msgs/share/rosbridge_msgs/cmake/rosbridge_msgs__rosidl_typesupport_introspection_cExport.cmake
[4.158s] -- Up-to-date: /home/francisco/ros2-ws/install/rosbridge_msgs/share/rosbridge_msgs/cmake/rosbridge_msgs__rosidl_typesupport_introspection_cExport-noconfig.cmake
[4.160s] -- Up-to-date: /home/francisco/ros2-ws/install/rosbridge_msgs/share/rosbridge_msgs/cmake/rosbridge_msgs__rosidl_typesupport_cExport.cmake
[4.160s] -- Up-to-date: /home/francisco/ros2-ws/install/rosbridge_msgs/share/rosbridge_msgs/cmake/rosbridge_msgs__rosidl_typesupport_cExport-noconfig.cmake
[4.173s] -- Up-to-date: /home/francisco/ros2-ws/install/rosbridge_msgs/share/rosbridge_msgs/cmake/rosbridge_msgs__rosidl_generator_cppExport.cmake
[4.184s] -- Up-to-date: /home/francisco/ros2-ws/install/rosbridge_msgs/share/rosbridge_msgs/cmake/rosbridge_msgs__rosidl_typesupport_introspection_cppExport.cmake
[4.185s] -- Up-to-date: /home/francisco/ros2-ws/install/rosbridge_msgs/share/rosbridge_msgs/cmake/rosbridge_msgs__rosidl_typesupport_introspection_cppExport-noconfig.cmake
[4.200s] -- Up-to-date: /home/francisco/ros2-ws/install/rosbridge_msgs/share/rosbridge_msgs/cmake/rosbridge_msgs__rosidl_typesupport_cppExport.cmake
[4.200s] -- Up-to-date: /home/francisco/ros2-ws/install/rosbridge_msgs/share/rosbridge_msgs/cmake/rosbridge_msgs__rosidl_typesupport_cppExport-noconfig.cmake
[4.201s] -- Up-to-date: /home/francisco/ros2-ws/install/rosbridge_msgs/share/rosbridge_msgs/cmake/rosidl_cmake-extras.cmake
[4.201s] -- Up-to-date: /home/francisco/ros2-ws/install/rosbridge_msgs/share/rosbridge_msgs/cmake/ament_cmake_export_dependencies-extras.cmake
[4.201s] -- Up-to-date: /home/francisco/ros2-ws/install/rosbridge_msgs/share/rosbridge_msgs/cmake/ament_cmake_export_libraries-extras.cmake
[4.202s] -- Up-to-date: /home/francisco/ros2-ws/install/rosbridge_msgs/share/rosbridge_msgs/cmake/ament_cmake_export_targets-extras.cmake
[4.202s] -- Up-to-date: /home/francisco/ros2-ws/install/rosbridge_msgs/share/rosbridge_msgs/cmake/ament_cmake_export_include_directories-extras.cmake
[4.202s] -- Up-to-date: /home/francisco/ros2-ws/install/rosbridge_msgs/share/rosbridge_msgs/cmake/rosidl_cmake_export_typesupport_libraries-extras.cmake
[4.203s] -- Up-to-date: /home/francisco/ros2-ws/install/rosbridge_msgs/share/rosbridge_msgs/cmake/rosidl_cmake_export_typesupport_targets-extras.cmake
[4.203s] -- Up-to-date: /home/francisco/ros2-ws/install/rosbridge_msgs/share/rosbridge_msgs/cmake/rosbridge_msgsConfig.cmake
[4.203s] -- Up-to-date: /home/francisco/ros2-ws/install/rosbridge_msgs/share/rosbridge_msgs/cmake/rosbridge_msgsConfig-version.cmake
[4.204s] -- Up-to-date: /home/francisco/ros2-ws/install/rosbridge_msgs/share/rosbridge_msgs/package.xml
[4.230s] Invoked command in '/home/francisco/ros2-ws/build/rosbridge_msgs' returned '0': CMAKE_PREFIX_PATH=${CMAKE_PREFIX_PATH}:/home/francisco/ros2-ws/install/monitoring_station_tfm:/home/francisco/ros2-ws/install/monitoring-station-tfm:/home/francisco/ros2-ws/install/camera_driver:/opt/ros/foxy /usr/bin/cmake --install /home/francisco/ros2-ws/build/rosbridge_msgs
