[0.125s] Invoking command in '/home/francisco/ros2-ws/build/rosbridge_library': AMENT_PREFIX_PATH=/home/francisco/ros2-ws/install/rosbridge_test_msgs CMAKE_PREFIX_PATH=/home/francisco/ros2-ws/install/rosbridge_test_msgs LD_LIBRARY_PATH=/home/francisco/ros2-ws/install/rosbridge_test_msgs/lib PYTHONPATH=/home/francisco/ros2-ws/install/rosbridge_test_msgs/lib/python3.8/site-packages /usr/bin/cmake --build /home/francisco/ros2-ws/build/rosbridge_library -- -j4 -l4
[0.331s] Invoked command in '/home/francisco/ros2-ws/build/rosbridge_library' returned '0': AMENT_PREFIX_PATH=/home/francisco/ros2-ws/install/rosbridge_test_msgs CMAKE_PREFIX_PATH=/home/francisco/ros2-ws/install/rosbridge_test_msgs LD_LIBRARY_PATH=/home/francisco/ros2-ws/install/rosbridge_test_msgs/lib PYTHONPATH=/home/francisco/ros2-ws/install/rosbridge_test_msgs/lib/python3.8/site-packages /usr/bin/cmake --build /home/francisco/ros2-ws/build/rosbridge_library -- -j4 -l4
[0.383s] Invoking command in '/home/francisco/ros2-ws/build/rosbridge_library': AMENT_PREFIX_PATH=/home/francisco/ros2-ws/install/rosbridge_test_msgs CMAKE_PREFIX_PATH=/home/francisco/ros2-ws/install/rosbridge_test_msgs LD_LIBRARY_PATH=/home/francisco/ros2-ws/install/rosbridge_test_msgs/lib PYTHONPATH=/home/francisco/ros2-ws/install/rosbridge_test_msgs/lib/python3.8/site-packages /usr/bin/cmake --install /home/francisco/ros2-ws/build/rosbridge_library
[0.434s] -- Install configuration: ""
[0.434s] -- Up-to-date: /home/francisco/ros2-ws/install/rosbridge_library/share/rosbridge_library/environment/pythonpath.sh
[0.435s] -- Up-to-date: /home/francisco/ros2-ws/install/rosbridge_library/share/rosbridge_library/environment/pythonpath.dsv
[0.457s] -- Up-to-date: /home/francisco/ros2-ws/install/rosbridge_library/lib/python3.8/site-packages/rosbridge_library
[0.458s] -- Up-to-date: /home/francisco/ros2-ws/install/rosbridge_library/lib/python3.8/site-packages/rosbridge_library/internal
[0.459s] -- Up-to-date: /home/francisco/ros2-ws/install/rosbridge_library/lib/python3.8/site-packages/rosbridge_library/internal/subscription_modifiers.py
[0.461s] -- Up-to-date: /home/francisco/ros2-ws/install/rosbridge_library/lib/python3.8/site-packages/rosbridge_library/internal/topics.py
[0.461s] -- Up-to-date: /home/francisco/ros2-ws/install/rosbridge_library/lib/python3.8/site-packages/rosbridge_library/internal/services.py
[0.461s] -- Up-to-date: /home/francisco/ros2-ws/install/rosbridge_library/lib/python3.8/site-packages/rosbridge_library/internal/__init__.py
[0.462s] -- Up-to-date: /home/francisco/ros2-ws/install/rosbridge_library/lib/python3.8/site-packages/rosbridge_library/internal/exceptions.py
[0.462s] -- Up-to-date: /home/francisco/ros2-ws/install/rosbridge_library/lib/python3.8/site-packages/rosbridge_library/internal/ros_loader.py
[0.462s] -- Up-to-date: /home/francisco/ros2-ws/install/rosbridge_library/lib/python3.8/site-packages/rosbridge_library/internal/subscribers.py
[0.463s] -- Up-to-date: /home/francisco/ros2-ws/install/rosbridge_library/lib/python3.8/site-packages/rosbridge_library/internal/pngcompression.py
[0.463s] -- Up-to-date: /home/francisco/ros2-ws/install/rosbridge_library/lib/python3.8/site-packages/rosbridge_library/internal/publishers.py
[0.463s] -- Up-to-date: /home/francisco/ros2-ws/install/rosbridge_library/lib/python3.8/site-packages/rosbridge_library/internal/outgoing_message.py
[0.463s] -- Up-to-date: /home/francisco/ros2-ws/install/rosbridge_library/lib/python3.8/site-packages/rosbridge_library/internal/message_conversion.py
[0.464s] -- Up-to-date: /home/francisco/ros2-ws/install/rosbridge_library/lib/python3.8/site-packages/rosbridge_library/internal/cbor_conversion.py
[0.464s] -- Up-to-date: /home/francisco/ros2-ws/install/rosbridge_library/lib/python3.8/site-packages/rosbridge_library/rosbridge_protocol.py
[0.464s] -- Up-to-date: /home/francisco/ros2-ws/install/rosbridge_library/lib/python3.8/site-packages/rosbridge_library/__init__.py
[0.464s] -- Up-to-date: /home/francisco/ros2-ws/install/rosbridge_library/lib/python3.8/site-packages/rosbridge_library/util
[0.465s] -- Up-to-date: /home/francisco/ros2-ws/install/rosbridge_library/lib/python3.8/site-packages/rosbridge_library/util/cbor.py
[0.465s] -- Up-to-date: /home/francisco/ros2-ws/install/rosbridge_library/lib/python3.8/site-packages/rosbridge_library/util/__init__.py
[0.465s] -- Up-to-date: /home/francisco/ros2-ws/install/rosbridge_library/lib/python3.8/site-packages/rosbridge_library/protocol.py
[0.465s] -- Up-to-date: /home/francisco/ros2-ws/install/rosbridge_library/lib/python3.8/site-packages/rosbridge_library/capabilities
[0.466s] -- Up-to-date: /home/francisco/ros2-ws/install/rosbridge_library/lib/python3.8/site-packages/rosbridge_library/capabilities/subscribe.py
[0.466s] -- Up-to-date: /home/francisco/ros2-ws/install/rosbridge_library/lib/python3.8/site-packages/rosbridge_library/capabilities/publish.py
[0.466s] -- Up-to-date: /home/francisco/ros2-ws/install/rosbridge_library/lib/python3.8/site-packages/rosbridge_library/capabilities/fragmentation.py
[0.467s] -- Up-to-date: /home/francisco/ros2-ws/install/rosbridge_library/lib/python3.8/site-packages/rosbridge_library/capabilities/__init__.py
[0.467s] -- Up-to-date: /home/francisco/ros2-ws/install/rosbridge_library/lib/python3.8/site-packages/rosbridge_library/capabilities/service_response.py
[0.467s] -- Up-to-date: /home/francisco/ros2-ws/install/rosbridge_library/lib/python3.8/site-packages/rosbridge_library/capabilities/unadvertise_service.py
[0.467s] -- Up-to-date: /home/francisco/ros2-ws/install/rosbridge_library/lib/python3.8/site-packages/rosbridge_library/capabilities/call_service.py
[0.468s] -- Up-to-date: /home/francisco/ros2-ws/install/rosbridge_library/lib/python3.8/site-packages/rosbridge_library/capabilities/advertise_service.py
[0.468s] -- Up-to-date: /home/francisco/ros2-ws/install/rosbridge_library/lib/python3.8/site-packages/rosbridge_library/capabilities/defragmentation.py
[0.468s] -- Up-to-date: /home/francisco/ros2-ws/install/rosbridge_library/lib/python3.8/site-packages/rosbridge_library/capabilities/advertise.py
[0.468s] -- Up-to-date: /home/francisco/ros2-ws/install/rosbridge_library/lib/python3.8/site-packages/rosbridge_library/capability.py
[0.546s] Listing '/home/francisco/ros2-ws/install/rosbridge_library/lib/python3.8/site-packages/rosbridge_library'...
[0.546s] Listing '/home/francisco/ros2-ws/install/rosbridge_library/lib/python3.8/site-packages/rosbridge_library/capabilities'...
[0.547s] Listing '/home/francisco/ros2-ws/install/rosbridge_library/lib/python3.8/site-packages/rosbridge_library/internal'...
[0.547s] Listing '/home/francisco/ros2-ws/install/rosbridge_library/lib/python3.8/site-packages/rosbridge_library/util'...
[0.557s] -- Up-to-date: /home/francisco/ros2-ws/install/rosbridge_library/share/ament_index/resource_index/package_run_dependencies/rosbridge_library
[0.557s] -- Up-to-date: /home/francisco/ros2-ws/install/rosbridge_library/share/ament_index/resource_index/parent_prefix_path/rosbridge_library
[0.558s] -- Up-to-date: /home/francisco/ros2-ws/install/rosbridge_library/share/rosbridge_library/environment/ament_prefix_path.sh
[0.558s] -- Up-to-date: /home/francisco/ros2-ws/install/rosbridge_library/share/rosbridge_library/environment/ament_prefix_path.dsv
[0.559s] -- Up-to-date: /home/francisco/ros2-ws/install/rosbridge_library/share/rosbridge_library/environment/path.sh
[0.559s] -- Up-to-date: /home/francisco/ros2-ws/install/rosbridge_library/share/rosbridge_library/environment/path.dsv
[0.559s] -- Up-to-date: /home/francisco/ros2-ws/install/rosbridge_library/share/rosbridge_library/local_setup.bash
[0.559s] -- Up-to-date: /home/francisco/ros2-ws/install/rosbridge_library/share/rosbridge_library/local_setup.sh
[0.560s] -- Up-to-date: /home/francisco/ros2-ws/install/rosbridge_library/share/rosbridge_library/local_setup.zsh
[0.560s] -- Up-to-date: /home/francisco/ros2-ws/install/rosbridge_library/share/rosbridge_library/local_setup.dsv
[0.560s] -- Installing: /home/francisco/ros2-ws/install/rosbridge_library/share/rosbridge_library/package.dsv
[0.580s] -- Up-to-date: /home/francisco/ros2-ws/install/rosbridge_library/share/ament_index/resource_index/packages/rosbridge_library
[0.580s] -- Up-to-date: /home/francisco/ros2-ws/install/rosbridge_library/share/rosbridge_library/cmake/rosbridge_libraryConfig.cmake
[0.581s] -- Up-to-date: /home/francisco/ros2-ws/install/rosbridge_library/share/rosbridge_library/cmake/rosbridge_libraryConfig-version.cmake
[0.581s] -- Up-to-date: /home/francisco/ros2-ws/install/rosbridge_library/share/rosbridge_library/package.xml
[0.591s] Invoked command in '/home/francisco/ros2-ws/build/rosbridge_library' returned '0': AMENT_PREFIX_PATH=/home/francisco/ros2-ws/install/rosbridge_test_msgs CMAKE_PREFIX_PATH=/home/francisco/ros2-ws/install/rosbridge_test_msgs LD_LIBRARY_PATH=/home/francisco/ros2-ws/install/rosbridge_test_msgs/lib PYTHONPATH=/home/francisco/ros2-ws/install/rosbridge_test_msgs/lib/python3.8/site-packages /usr/bin/cmake --install /home/francisco/ros2-ws/build/rosbridge_library
