[0.038s] Invoking command in '/home/francisco/ros2-ws/build/rosbridge_server': AMENT_PREFIX_PATH=/home/francisco/ros2-ws/install/rosapi:/home/francisco/ros2-ws/install/rosbridge_library:/home/francisco/ros2-ws/install/rosbridge_msgs:/home/francisco/ros2-ws/install/rosapi_msgs:${AMENT_PREFIX_PATH} CMAKE_PREFIX_PATH=/home/francisco/ros2-ws/install/rosapi:/home/francisco/ros2-ws/install/rosbridge_library:/home/francisco/ros2-ws/install/rosbridge_msgs:/home/francisco/ros2-ws/install/rosapi_msgs:/opt/ros/foxy LD_LIBRARY_PATH=/home/francisco/ros2-ws/install/rosbridge_msgs/lib:/home/francisco/ros2-ws/install/rosapi_msgs/lib:${LD_LIBRARY_PATH} PYTHONPATH=/home/francisco/ros2-ws/install/rosapi/lib/python3.8/site-packages:/home/francisco/ros2-ws/install/rosbridge_library/lib/python3.8/site-packages:/home/francisco/ros2-ws/install/rosbridge_msgs/lib/python3.8/site-packages:/home/francisco/ros2-ws/install/rosapi_msgs/lib/python3.8/site-packages:${PYTHONPATH} /usr/bin/cmake /home/francisco/ros2-ws/src/rosbridge_suite/rosbridge_server -DCMAKE_INSTALL_PREFIX=/home/francisco/ros2-ws/install/rosbridge_server
[0.181s] -- The C compiler identification is GNU 9.4.0
[0.311s] -- The CXX compiler identification is GNU 9.4.0
[0.325s] -- Check for working C compiler: /usr/bin/cc
[0.498s] -- Check for working C compiler: /usr/bin/cc -- works
[0.500s] -- Detecting C compiler ABI info
[0.673s] -- Detecting C compiler ABI info - done
[0.702s] -- Detecting C compile features
[0.703s] -- Detecting C compile features - done
[0.708s] -- Check for working CXX compiler: /usr/bin/c++
[0.898s] -- Check for working CXX compiler: /usr/bin/c++ -- works
[0.901s] -- Detecting CXX compiler ABI info
[1.098s] -- Detecting CXX compiler ABI info - done
[1.133s] -- Detecting CXX compile features
[1.134s] -- Detecting CXX compile features - done
[1.139s] -- Found ament_cmake_ros: 0.9.2 (/opt/ros/foxy/share/ament_cmake_ros/cmake)
[1.213s] -- Found PythonInterp: /usr/bin/python3 (found suitable version "3.8.10", minimum required is "3") 
[1.214s] -- Using PYTHON_EXECUTABLE: /usr/bin/python3
[1.913s] -- Found launch_testing_ament_cmake: 0.10.10 (/opt/ros/foxy/share/launch_testing_ament_cmake/cmake)
[1.920s] -- Found python_cmake_module: 0.8.1 (/opt/ros/foxy/share/python_cmake_module/cmake)
[1.972s] -- Found PythonInterp: /usr/bin/python3 (found suitable version "3.8.10", minimum required is "3.5") 
[1.999s] -- Found PythonLibs: /usr/lib/x86_64-linux-gnu/libpython3.8.so (found suitable version "3.8.10", minimum required is "3.5") 
[1.999s] -- Using PYTHON_EXECUTABLE: /usr/bin/python3
[2.000s] -- Using PYTHON_INCLUDE_DIRS: /usr/include/python3.8
[2.000s] -- Using PYTHON_LIBRARIES: /usr/lib/x86_64-linux-gnu/libpython3.8.so
[2.054s] -- Found PythonExtra: .so  
[2.062s] -- Configuring done
[2.066s] -- Generating done
[2.068s] -- Build files have been written to: /home/francisco/ros2-ws/build/rosbridge_server
[2.078s] Invoked command in '/home/francisco/ros2-ws/build/rosbridge_server' returned '0': AMENT_PREFIX_PATH=/home/francisco/ros2-ws/install/rosapi:/home/francisco/ros2-ws/install/rosbridge_library:/home/francisco/ros2-ws/install/rosbridge_msgs:/home/francisco/ros2-ws/install/rosapi_msgs:${AMENT_PREFIX_PATH} CMAKE_PREFIX_PATH=/home/francisco/ros2-ws/install/rosapi:/home/francisco/ros2-ws/install/rosbridge_library:/home/francisco/ros2-ws/install/rosbridge_msgs:/home/francisco/ros2-ws/install/rosapi_msgs:/opt/ros/foxy LD_LIBRARY_PATH=/home/francisco/ros2-ws/install/rosbridge_msgs/lib:/home/francisco/ros2-ws/install/rosapi_msgs/lib:${LD_LIBRARY_PATH} PYTHONPATH=/home/francisco/ros2-ws/install/rosapi/lib/python3.8/site-packages:/home/francisco/ros2-ws/install/rosbridge_library/lib/python3.8/site-packages:/home/francisco/ros2-ws/install/rosbridge_msgs/lib/python3.8/site-packages:/home/francisco/ros2-ws/install/rosapi_msgs/lib/python3.8/site-packages:${PYTHONPATH} /usr/bin/cmake /home/francisco/ros2-ws/src/rosbridge_suite/rosbridge_server -DCMAKE_INSTALL_PREFIX=/home/francisco/ros2-ws/install/rosbridge_server
[2.085s] Invoking command in '/home/francisco/ros2-ws/build/rosbridge_server': AMENT_PREFIX_PATH=/home/francisco/ros2-ws/install/rosapi:/home/francisco/ros2-ws/install/rosbridge_library:/home/francisco/ros2-ws/install/rosbridge_msgs:/home/francisco/ros2-ws/install/rosapi_msgs:${AMENT_PREFIX_PATH} CMAKE_PREFIX_PATH=/home/francisco/ros2-ws/install/rosapi:/home/francisco/ros2-ws/install/rosbridge_library:/home/francisco/ros2-ws/install/rosbridge_msgs:/home/francisco/ros2-ws/install/rosapi_msgs:/opt/ros/foxy LD_LIBRARY_PATH=/home/francisco/ros2-ws/install/rosbridge_msgs/lib:/home/francisco/ros2-ws/install/rosapi_msgs/lib:${LD_LIBRARY_PATH} PYTHONPATH=/home/francisco/ros2-ws/install/rosapi/lib/python3.8/site-packages:/home/francisco/ros2-ws/install/rosbridge_library/lib/python3.8/site-packages:/home/francisco/ros2-ws/install/rosbridge_msgs/lib/python3.8/site-packages:/home/francisco/ros2-ws/install/rosapi_msgs/lib/python3.8/site-packages:${PYTHONPATH} /usr/bin/cmake --build /home/francisco/ros2-ws/build/rosbridge_server -- -j4 -l4
[2.178s] Invoked command in '/home/francisco/ros2-ws/build/rosbridge_server' returned '0': AMENT_PREFIX_PATH=/home/francisco/ros2-ws/install/rosapi:/home/francisco/ros2-ws/install/rosbridge_library:/home/francisco/ros2-ws/install/rosbridge_msgs:/home/francisco/ros2-ws/install/rosapi_msgs:${AMENT_PREFIX_PATH} CMAKE_PREFIX_PATH=/home/francisco/ros2-ws/install/rosapi:/home/francisco/ros2-ws/install/rosbridge_library:/home/francisco/ros2-ws/install/rosbridge_msgs:/home/francisco/ros2-ws/install/rosapi_msgs:/opt/ros/foxy LD_LIBRARY_PATH=/home/francisco/ros2-ws/install/rosbridge_msgs/lib:/home/francisco/ros2-ws/install/rosapi_msgs/lib:${LD_LIBRARY_PATH} PYTHONPATH=/home/francisco/ros2-ws/install/rosapi/lib/python3.8/site-packages:/home/francisco/ros2-ws/install/rosbridge_library/lib/python3.8/site-packages:/home/francisco/ros2-ws/install/rosbridge_msgs/lib/python3.8/site-packages:/home/francisco/ros2-ws/install/rosapi_msgs/lib/python3.8/site-packages:${PYTHONPATH} /usr/bin/cmake --build /home/francisco/ros2-ws/build/rosbridge_server -- -j4 -l4
[2.231s] Invoking command in '/home/francisco/ros2-ws/build/rosbridge_server': AMENT_PREFIX_PATH=/home/francisco/ros2-ws/install/rosapi:/home/francisco/ros2-ws/install/rosbridge_library:/home/francisco/ros2-ws/install/rosbridge_msgs:/home/francisco/ros2-ws/install/rosapi_msgs:${AMENT_PREFIX_PATH} CMAKE_PREFIX_PATH=/home/francisco/ros2-ws/install/rosapi:/home/francisco/ros2-ws/install/rosbridge_library:/home/francisco/ros2-ws/install/rosbridge_msgs:/home/francisco/ros2-ws/install/rosapi_msgs:/opt/ros/foxy LD_LIBRARY_PATH=/home/francisco/ros2-ws/install/rosbridge_msgs/lib:/home/francisco/ros2-ws/install/rosapi_msgs/lib:${LD_LIBRARY_PATH} PYTHONPATH=/home/francisco/ros2-ws/install/rosapi/lib/python3.8/site-packages:/home/francisco/ros2-ws/install/rosbridge_library/lib/python3.8/site-packages:/home/francisco/ros2-ws/install/rosbridge_msgs/lib/python3.8/site-packages:/home/francisco/ros2-ws/install/rosapi_msgs/lib/python3.8/site-packages:${PYTHONPATH} /usr/bin/cmake --install /home/francisco/ros2-ws/build/rosbridge_server
[2.256s] -- Install configuration: ""
[2.257s] -- Installing: /home/francisco/ros2-ws/install/rosbridge_server/share/rosbridge_server/environment/pythonpath.sh
[2.257s] -- Installing: /home/francisco/ros2-ws/install/rosbridge_server/share/rosbridge_server/environment/pythonpath.dsv
[2.258s] -- Installing: /home/francisco/ros2-ws/install/rosbridge_server/lib/python3.8/site-packages/rosbridge_server
[2.258s] -- Installing: /home/francisco/ros2-ws/install/rosbridge_server/lib/python3.8/site-packages/rosbridge_server/client_mananger.py
[2.259s] -- Installing: /home/francisco/ros2-ws/install/rosbridge_server/lib/python3.8/site-packages/rosbridge_server/__init__.py
[2.259s] -- Installing: /home/francisco/ros2-ws/install/rosbridge_server/lib/python3.8/site-packages/rosbridge_server/websocket_handler.py
[2.335s] Listing '/home/francisco/ros2-ws/install/rosbridge_server/lib/python3.8/site-packages/rosbridge_server'...
[2.335s] Compiling '/home/francisco/ros2-ws/install/rosbridge_server/lib/python3.8/site-packages/rosbridge_server/__init__.py'...
[2.336s] Compiling '/home/francisco/ros2-ws/install/rosbridge_server/lib/python3.8/site-packages/rosbridge_server/client_mananger.py'...
[2.336s] Compiling '/home/francisco/ros2-ws/install/rosbridge_server/lib/python3.8/site-packages/rosbridge_server/websocket_handler.py'...
[2.344s] -- Installing: /home/francisco/ros2-ws/install/rosbridge_server/share/ament_index/resource_index/package_run_dependencies/rosbridge_server
[2.345s] -- Installing: /home/francisco/ros2-ws/install/rosbridge_server/share/ament_index/resource_index/parent_prefix_path/rosbridge_server
[2.346s] -- Installing: /home/francisco/ros2-ws/install/rosbridge_server/share/rosbridge_server/environment/ament_prefix_path.sh
[2.347s] -- Installing: /home/francisco/ros2-ws/install/rosbridge_server/share/rosbridge_server/environment/ament_prefix_path.dsv
[2.347s] -- Installing: /home/francisco/ros2-ws/install/rosbridge_server/share/rosbridge_server/environment/path.sh
[2.348s] -- Installing: /home/francisco/ros2-ws/install/rosbridge_server/share/rosbridge_server/environment/path.dsv
[2.349s] -- Installing: /home/francisco/ros2-ws/install/rosbridge_server/share/rosbridge_server/local_setup.bash
[2.349s] -- Installing: /home/francisco/ros2-ws/install/rosbridge_server/share/rosbridge_server/local_setup.sh
[2.350s] -- Installing: /home/francisco/ros2-ws/install/rosbridge_server/share/rosbridge_server/local_setup.zsh
[2.350s] -- Installing: /home/francisco/ros2-ws/install/rosbridge_server/share/rosbridge_server/local_setup.dsv
[2.351s] -- Installing: /home/francisco/ros2-ws/install/rosbridge_server/share/rosbridge_server/package.dsv
[2.351s] -- Installing: /home/francisco/ros2-ws/install/rosbridge_server/share/ament_index/resource_index/packages/rosbridge_server
[2.351s] -- Installing: /home/francisco/ros2-ws/install/rosbridge_server/share/rosbridge_server/cmake/rosbridge_serverConfig.cmake
[2.352s] -- Installing: /home/francisco/ros2-ws/install/rosbridge_server/share/rosbridge_server/cmake/rosbridge_serverConfig-version.cmake
[2.352s] -- Installing: /home/francisco/ros2-ws/install/rosbridge_server/share/rosbridge_server/package.xml
[2.353s] -- Installing: /home/francisco/ros2-ws/install/rosbridge_server/lib/rosbridge_server/rosbridge_websocket.py
[2.353s] -- Installing: /home/francisco/ros2-ws/install/rosbridge_server/lib/rosbridge_server/rosbridge_websocket
[2.353s] -- Installing: /home/francisco/ros2-ws/install/rosbridge_server/share/rosbridge_server/launch/rosbridge_websocket_launch.xml
[2.365s] Invoked command in '/home/francisco/ros2-ws/build/rosbridge_server' returned '0': AMENT_PREFIX_PATH=/home/francisco/ros2-ws/install/rosapi:/home/francisco/ros2-ws/install/rosbridge_library:/home/francisco/ros2-ws/install/rosbridge_msgs:/home/francisco/ros2-ws/install/rosapi_msgs:${AMENT_PREFIX_PATH} CMAKE_PREFIX_PATH=/home/francisco/ros2-ws/install/rosapi:/home/francisco/ros2-ws/install/rosbridge_library:/home/francisco/ros2-ws/install/rosbridge_msgs:/home/francisco/ros2-ws/install/rosapi_msgs:/opt/ros/foxy LD_LIBRARY_PATH=/home/francisco/ros2-ws/install/rosbridge_msgs/lib:/home/francisco/ros2-ws/install/rosapi_msgs/lib:${LD_LIBRARY_PATH} PYTHONPATH=/home/francisco/ros2-ws/install/rosapi/lib/python3.8/site-packages:/home/francisco/ros2-ws/install/rosbridge_library/lib/python3.8/site-packages:/home/francisco/ros2-ws/install/rosbridge_msgs/lib/python3.8/site-packages:/home/francisco/ros2-ws/install/rosapi_msgs/lib/python3.8/site-packages:${PYTHONPATH} /usr/bin/cmake --install /home/francisco/ros2-ws/build/rosbridge_server
