[0.137s] Invoking command in '/home/francisco/ros2-ws/build/rosapi': AMENT_PREFIX_PATH=/home/francisco/ros2-ws/install/rosbridge_library:/home/francisco/ros2-ws/install/rosapi_msgs CMAKE_PREFIX_PATH=/home/francisco/ros2-ws/install/rosbridge_library:/home/francisco/ros2-ws/install/rosapi_msgs LD_LIBRARY_PATH=/home/francisco/ros2-ws/install/rosapi_msgs/lib PYTHONPATH=/home/francisco/ros2-ws/install/rosbridge_library/lib/python3.8/site-packages:/home/francisco/ros2-ws/install/rosapi_msgs/lib/python3.8/site-packages /usr/bin/cmake --build /home/francisco/ros2-ws/build/rosapi -- -j4 -l4
[0.351s] Invoked command in '/home/francisco/ros2-ws/build/rosapi' returned '0': AMENT_PREFIX_PATH=/home/francisco/ros2-ws/install/rosbridge_library:/home/francisco/ros2-ws/install/rosapi_msgs CMAKE_PREFIX_PATH=/home/francisco/ros2-ws/install/rosbridge_library:/home/francisco/ros2-ws/install/rosapi_msgs LD_LIBRARY_PATH=/home/francisco/ros2-ws/install/rosapi_msgs/lib PYTHONPATH=/home/francisco/ros2-ws/install/rosbridge_library/lib/python3.8/site-packages:/home/francisco/ros2-ws/install/rosapi_msgs/lib/python3.8/site-packages /usr/bin/cmake --build /home/francisco/ros2-ws/build/rosapi -- -j4 -l4
[0.392s] Invoking command in '/home/francisco/ros2-ws/build/rosapi': AMENT_PREFIX_PATH=/home/francisco/ros2-ws/install/rosbridge_library:/home/francisco/ros2-ws/install/rosapi_msgs CMAKE_PREFIX_PATH=/home/francisco/ros2-ws/install/rosbridge_library:/home/francisco/ros2-ws/install/rosapi_msgs LD_LIBRARY_PATH=/home/francisco/ros2-ws/install/rosapi_msgs/lib PYTHONPATH=/home/francisco/ros2-ws/install/rosbridge_library/lib/python3.8/site-packages:/home/francisco/ros2-ws/install/rosapi_msgs/lib/python3.8/site-packages /usr/bin/cmake --install /home/francisco/ros2-ws/build/rosapi
[0.414s] -- Install configuration: ""
[0.415s] -- Up-to-date: /home/francisco/ros2-ws/install/rosapi/share/rosapi/environment/pythonpath.sh
[0.415s] -- Up-to-date: /home/francisco/ros2-ws/install/rosapi/share/rosapi/environment/pythonpath.dsv
[0.502s] -- Up-to-date: /home/francisco/ros2-ws/install/rosapi/lib/python3.8/site-packages/rosapi
[0.532s] -- Up-to-date: /home/francisco/ros2-ws/install/rosapi/lib/python3.8/site-packages/rosapi/params.py
[0.533s] -- Up-to-date: /home/francisco/ros2-ws/install/rosapi/lib/python3.8/site-packages/rosapi/__init__.py
[0.533s] -- Up-to-date: /home/francisco/ros2-ws/install/rosapi/lib/python3.8/site-packages/rosapi/glob_helper.py
[0.533s] -- Up-to-date: /home/francisco/ros2-ws/install/rosapi/lib/python3.8/site-packages/rosapi/stringify_field_types.py
[0.533s] -- Up-to-date: /home/francisco/ros2-ws/install/rosapi/lib/python3.8/site-packages/rosapi/objectutils.py
[0.533s] -- Up-to-date: /home/francisco/ros2-ws/install/rosapi/lib/python3.8/site-packages/rosapi/proxy.py
[0.662s] Listing '/home/francisco/ros2-ws/install/rosapi/lib/python3.8/site-packages/rosapi'...
[0.683s] -- Up-to-date: /home/francisco/ros2-ws/install/rosapi/share/ament_index/resource_index/package_run_dependencies/rosapi
[0.688s] -- Up-to-date: /home/francisco/ros2-ws/install/rosapi/share/ament_index/resource_index/parent_prefix_path/rosapi
[0.688s] -- Up-to-date: /home/francisco/ros2-ws/install/rosapi/share/rosapi/environment/ament_prefix_path.sh
[0.689s] -- Up-to-date: /home/francisco/ros2-ws/install/rosapi/share/rosapi/environment/ament_prefix_path.dsv
[0.689s] -- Up-to-date: /home/francisco/ros2-ws/install/rosapi/share/rosapi/environment/path.sh
[0.690s] -- Up-to-date: /home/francisco/ros2-ws/install/rosapi/share/rosapi/environment/path.dsv
[0.690s] -- Up-to-date: /home/francisco/ros2-ws/install/rosapi/share/rosapi/local_setup.bash
[0.690s] -- Up-to-date: /home/francisco/ros2-ws/install/rosapi/share/rosapi/local_setup.sh
[0.691s] -- Up-to-date: /home/francisco/ros2-ws/install/rosapi/share/rosapi/local_setup.zsh
[0.691s] -- Up-to-date: /home/francisco/ros2-ws/install/rosapi/share/rosapi/local_setup.dsv
[0.691s] -- Installing: /home/francisco/ros2-ws/install/rosapi/share/rosapi/package.dsv
[0.711s] -- Up-to-date: /home/francisco/ros2-ws/install/rosapi/share/ament_index/resource_index/packages/rosapi
[0.734s] -- Up-to-date: /home/francisco/ros2-ws/install/rosapi/share/rosapi/cmake/rosapiConfig.cmake
[0.734s] -- Up-to-date: /home/francisco/ros2-ws/install/rosapi/share/rosapi/cmake/rosapiConfig-version.cmake
[0.734s] -- Up-to-date: /home/francisco/ros2-ws/install/rosapi/share/rosapi/package.xml
[0.773s] -- Up-to-date: /home/francisco/ros2-ws/install/rosapi/lib/rosapi/rosapi_node
[0.773s] -- Up-to-date: /home/francisco/ros2-ws/install/rosapi/share/rosapi/mapping_rules.yaml
[0.829s] Invoked command in '/home/francisco/ros2-ws/build/rosapi' returned '0': AMENT_PREFIX_PATH=/home/francisco/ros2-ws/install/rosbridge_library:/home/francisco/ros2-ws/install/rosapi_msgs CMAKE_PREFIX_PATH=/home/francisco/ros2-ws/install/rosbridge_library:/home/francisco/ros2-ws/install/rosapi_msgs LD_LIBRARY_PATH=/home/francisco/ros2-ws/install/rosapi_msgs/lib PYTHONPATH=/home/francisco/ros2-ws/install/rosbridge_library/lib/python3.8/site-packages:/home/francisco/ros2-ws/install/rosapi_msgs/lib/python3.8/site-packages /usr/bin/cmake --install /home/francisco/ros2-ws/build/rosapi
