[3.582s] Invoking command in '/home/francisco/ros2-ws/src/camera_driver': PYTHONPATH=/home/francisco/ros2-ws/build/camera_driver/prefix_override:/home/francisco/ros2-ws/install/camera_driver/lib/python3.8/site-packages: /usr/bin/python3 setup.py egg_info --egg-base ../../build/camera_driver build --build-base /home/francisco/ros2-ws/build/camera_driver/build install --record /home/francisco/ros2-ws/build/camera_driver/install.log --install-scripts $base/lib/camera_driver --single-version-externally-managed
[4.673s] running egg_info
[4.673s] writing ../../build/camera_driver/camera_driver.egg-info/PKG-INFO
[4.674s] writing dependency_links to ../../build/camera_driver/camera_driver.egg-info/dependency_links.txt
[4.674s] writing entry points to ../../build/camera_driver/camera_driver.egg-info/entry_points.txt
[4.675s] writing requirements to ../../build/camera_driver/camera_driver.egg-info/requires.txt
[4.675s] writing top-level names to ../../build/camera_driver/camera_driver.egg-info/top_level.txt
[4.849s] reading manifest file '../../build/camera_driver/camera_driver.egg-info/SOURCES.txt'
[4.853s] writing manifest file '../../build/camera_driver/camera_driver.egg-info/SOURCES.txt'
[4.854s] running build
[4.854s] running build_py
[4.855s] running install
[4.857s] running install_lib
[4.864s] running install_data
[4.865s] running install_egg_info
[4.872s] removing '/home/francisco/ros2-ws/install/camera_driver/lib/python3.8/site-packages/camera_driver-0.0.0-py3.8.egg-info' (and everything under it)
[4.873s] Copying ../../build/camera_driver/camera_driver.egg-info to /home/francisco/ros2-ws/install/camera_driver/lib/python3.8/site-packages/camera_driver-0.0.0-py3.8.egg-info
[4.876s] running install_scripts
[4.947s] Installing camera script to /home/francisco/ros2-ws/install/camera_driver/lib/camera_driver
[4.948s] writing list of installed files to '/home/francisco/ros2-ws/build/camera_driver/install.log'
[5.028s] Invoked command in '/home/francisco/ros2-ws/src/camera_driver' returned '0': PYTHONPATH=/home/francisco/ros2-ws/build/camera_driver/prefix_override:/home/francisco/ros2-ws/install/camera_driver/lib/python3.8/site-packages: /usr/bin/python3 setup.py egg_info --egg-base ../../build/camera_driver build --build-base /home/francisco/ros2-ws/build/camera_driver/build install --record /home/francisco/ros2-ws/build/camera_driver/install.log --install-scripts $base/lib/camera_driver --single-version-externally-managed
