[0.089s] Invoking command in '/home/francisco/ros2-ws/build/usb_camera_driver': CMAKE_PREFIX_PATH=${CMAKE_PREFIX_PATH}:/home/francisco/ros2-ws/install/monitoring_station_tfm:/home/francisco/ros2-ws/install/monitoring-station-tfm:/home/francisco/ros2-ws/install/camera_driver:/opt/ros/foxy /usr/bin/cmake --build /home/francisco/ros2-ws/build/usb_camera_driver -- -j4 -l4
[0.415s] [ 20%] Built target gtest_main
[0.489s] [ 40%] Built target gtest
[0.543s] [ 60%] Built target usb_camera_driver
[0.771s] [ 80%] Built target usb_camera_driver_node
[0.821s] [100%] Built target usb_camera_driver_tests
[0.875s] Invoked command in '/home/francisco/ros2-ws/build/usb_camera_driver' returned '0': CMAKE_PREFIX_PATH=${CMAKE_PREFIX_PATH}:/home/francisco/ros2-ws/install/monitoring_station_tfm:/home/francisco/ros2-ws/install/monitoring-station-tfm:/home/francisco/ros2-ws/install/camera_driver:/opt/ros/foxy /usr/bin/cmake --build /home/francisco/ros2-ws/build/usb_camera_driver -- -j4 -l4
[1.044s] Invoking command in '/home/francisco/ros2-ws/build/usb_camera_driver': CMAKE_PREFIX_PATH=${CMAKE_PREFIX_PATH}:/home/francisco/ros2-ws/install/monitoring_station_tfm:/home/francisco/ros2-ws/install/monitoring-station-tfm:/home/francisco/ros2-ws/install/camera_driver:/opt/ros/foxy /usr/bin/cmake --install /home/francisco/ros2-ws/build/usb_camera_driver
[1.072s] -- Install configuration: ""
[1.073s] -- Up-to-date: /home/francisco/ros2-ws/install/usb_camera_driver/lib/libusb_camera_driver.so
[1.075s] -- Up-to-date: /home/francisco/ros2-ws/install/usb_camera_driver/lib/usb_camera_driver/usb_camera_driver_node
[1.076s] -- Up-to-date: /home/francisco/ros2-ws/install/usb_camera_driver/share/usb_camera_driver/launch
[1.077s] -- Up-to-date: /home/francisco/ros2-ws/install/usb_camera_driver/share/usb_camera_driver/launch/usb_camera_node.launch.py
[1.078s] -- Up-to-date: /home/francisco/ros2-ws/install/usb_camera_driver/share/usb_camera_driver/launch/usb_camera_component.launch.py
[1.078s] -- Up-to-date: /home/francisco/ros2-ws/install/usb_camera_driver/share/usb_camera_driver/launch/__pycache__
[1.079s] -- Up-to-date: /home/francisco/ros2-ws/install/usb_camera_driver/share/usb_camera_driver/launch/__pycache__/usb_camera_node.launch.cpython-38.pyc
[1.079s] -- Up-to-date: /home/francisco/ros2-ws/install/usb_camera_driver/share/usb_camera_driver/config
[1.080s] -- Up-to-date: /home/francisco/ros2-ws/install/usb_camera_driver/share/usb_camera_driver/config/config.yaml
[1.080s] -- Up-to-date: /home/francisco/ros2-ws/install/usb_camera_driver/share/usb_camera_driver/config/camera.yaml
[1.081s] -- Up-to-date: /home/francisco/ros2-ws/install/usb_camera_driver/share/ament_index/resource_index/package_run_dependencies/usb_camera_driver
[1.082s] -- Up-to-date: /home/francisco/ros2-ws/install/usb_camera_driver/share/ament_index/resource_index/parent_prefix_path/usb_camera_driver
[1.082s] -- Up-to-date: /home/francisco/ros2-ws/install/usb_camera_driver/share/usb_camera_driver/environment/ament_prefix_path.sh
[1.082s] -- Up-to-date: /home/francisco/ros2-ws/install/usb_camera_driver/share/usb_camera_driver/environment/ament_prefix_path.dsv
[1.082s] -- Up-to-date: /home/francisco/ros2-ws/install/usb_camera_driver/share/usb_camera_driver/environment/path.sh
[1.083s] -- Up-to-date: /home/francisco/ros2-ws/install/usb_camera_driver/share/usb_camera_driver/environment/path.dsv
[1.083s] -- Up-to-date: /home/francisco/ros2-ws/install/usb_camera_driver/share/usb_camera_driver/local_setup.bash
[1.083s] -- Up-to-date: /home/francisco/ros2-ws/install/usb_camera_driver/share/usb_camera_driver/local_setup.sh
[1.083s] -- Up-to-date: /home/francisco/ros2-ws/install/usb_camera_driver/share/usb_camera_driver/local_setup.zsh
[1.084s] -- Up-to-date: /home/francisco/ros2-ws/install/usb_camera_driver/share/usb_camera_driver/local_setup.dsv
[1.085s] -- Installing: /home/francisco/ros2-ws/install/usb_camera_driver/share/usb_camera_driver/package.dsv
[1.085s] -- Up-to-date: /home/francisco/ros2-ws/install/usb_camera_driver/share/ament_index/resource_index/packages/usb_camera_driver
[1.085s] -- Up-to-date: /home/francisco/ros2-ws/install/usb_camera_driver/share/ament_index/resource_index/rclcpp_components/usb_camera_driver
[1.086s] -- Up-to-date: /home/francisco/ros2-ws/install/usb_camera_driver/share/usb_camera_driver/cmake/usb_camera_driverConfig.cmake
[1.095s] -- Up-to-date: /home/francisco/ros2-ws/install/usb_camera_driver/share/usb_camera_driver/cmake/usb_camera_driverConfig-version.cmake
[1.098s] -- Up-to-date: /home/francisco/ros2-ws/install/usb_camera_driver/share/usb_camera_driver/package.xml
[1.099s] Invoked command in '/home/francisco/ros2-ws/build/usb_camera_driver' returned '0': CMAKE_PREFIX_PATH=${CMAKE_PREFIX_PATH}:/home/francisco/ros2-ws/install/monitoring_station_tfm:/home/francisco/ros2-ws/install/monitoring-station-tfm:/home/francisco/ros2-ws/install/camera_driver:/opt/ros/foxy /usr/bin/cmake --install /home/francisco/ros2-ws/build/usb_camera_driver
