[5.573s] Invoking command in '/home/francisco/ros2-ws/src/camera_driver': PYTHONPATH=/home/francisco/ros2-ws/build/camera_driver/prefix_override:/home/francisco/ros2-ws/install/camera_driver/lib/python3.8/site-packages:${PYTHONPATH} /usr/bin/python3 setup.py egg_info --egg-base ../../build/camera_driver build --build-base /home/francisco/ros2-ws/build/camera_driver/build install --record /home/francisco/ros2-ws/build/camera_driver/install.log --install-scripts $base/lib/camera_driver --single-version-externally-managed
[6.407s] running egg_info
[6.410s] writing ../../build/camera_driver/camera_driver.egg-info/PKG-INFO
[6.417s] writing dependency_links to ../../build/camera_driver/camera_driver.egg-info/dependency_links.txt
[6.420s] writing entry points to ../../build/camera_driver/camera_driver.egg-info/entry_points.txt
[6.421s] writing requirements to ../../build/camera_driver/camera_driver.egg-info/requires.txt
[6.421s] writing top-level names to ../../build/camera_driver/camera_driver.egg-info/top_level.txt
[6.610s] reading manifest file '../../build/camera_driver/camera_driver.egg-info/SOURCES.txt'
[6.617s] writing manifest file '../../build/camera_driver/camera_driver.egg-info/SOURCES.txt'
[6.618s] running build
[6.618s] running build_py
[6.620s] running install
[6.622s] running install_lib
[6.628s] running install_data
[6.630s] running install_egg_info
[6.637s] removing '/home/francisco/ros2-ws/install/camera_driver/lib/python3.8/site-packages/camera_driver-0.0.0-py3.8.egg-info' (and everything under it)
[6.637s] Copying ../../build/camera_driver/camera_driver.egg-info to /home/francisco/ros2-ws/install/camera_driver/lib/python3.8/site-packages/camera_driver-0.0.0-py3.8.egg-info
[6.655s] running install_scripts
[6.714s] Installing camera script to /home/francisco/ros2-ws/install/camera_driver/lib/camera_driver
[6.724s] Installing camera-usb script to /home/francisco/ros2-ws/install/camera_driver/lib/camera_driver
[6.725s] writing list of installed files to '/home/francisco/ros2-ws/build/camera_driver/install.log'
[6.797s] Invoked command in '/home/francisco/ros2-ws/src/camera_driver' returned '0': PYTHONPATH=/home/francisco/ros2-ws/build/camera_driver/prefix_override:/home/francisco/ros2-ws/install/camera_driver/lib/python3.8/site-packages:${PYTHONPATH} /usr/bin/python3 setup.py egg_info --egg-base ../../build/camera_driver build --build-base /home/francisco/ros2-ws/build/camera_driver/build install --record /home/francisco/ros2-ws/build/camera_driver/install.log --install-scripts $base/lib/camera_driver --single-version-externally-managed
