[0.025s] Invoking command in '/home/francisco/ros2-ws/build/rosbridge_library': AMENT_PREFIX_PATH=/home/francisco/ros2-ws/install/rosbridge_test_msgs:${AMENT_PREFIX_PATH} CMAKE_PREFIX_PATH=/home/francisco/ros2-ws/install/rosbridge_test_msgs:/opt/ros/foxy LD_LIBRARY_PATH=/home/francisco/ros2-ws/install/rosbridge_test_msgs/lib:${LD_LIBRARY_PATH} PYTHONPATH=/home/francisco/ros2-ws/install/rosbridge_test_msgs/lib/python3.8/site-packages:${PYTHONPATH} /usr/bin/cmake /home/francisco/ros2-ws/src/rosbridge_suite/rosbridge_library -DCMAKE_INSTALL_PREFIX=/home/francisco/ros2-ws/install/rosbridge_library
[0.130s] -- The C compiler identification is GNU 9.4.0
[0.239s] -- The CXX compiler identification is GNU 9.4.0
[0.249s] -- Check for working C compiler: /usr/bin/cc
[0.378s] -- Check for working C compiler: /usr/bin/cc -- works
[0.380s] -- Detecting C compiler ABI info
[0.510s] -- Detecting C compiler ABI info - done
[0.538s] -- Detecting C compile features
[0.538s] -- Detecting C compile features - done
[0.544s] -- Check for working CXX compiler: /usr/bin/c++
[0.693s] -- Check for working CXX compiler: /usr/bin/c++ -- works
[0.695s] -- Detecting CXX compiler ABI info
[0.844s] -- Detecting CXX compiler ABI info - done
[0.896s] -- Detecting CXX compile features
[0.898s] -- Detecting CXX compile features - done
[0.903s] -- Found ament_cmake_ros: 0.9.2 (/opt/ros/foxy/share/ament_cmake_ros/cmake)
[0.973s] -- Found PythonInterp: /usr/bin/python3 (found suitable version "3.8.10", minimum required is "3") 
[0.973s] -- Using PYTHON_EXECUTABLE: /usr/bin/python3
[5.155s] -- Configuring done
[5.161s] -- Generating done
[5.165s] -- Build files have been written to: /home/francisco/ros2-ws/build/rosbridge_library
[5.178s] Invoked command in '/home/francisco/ros2-ws/build/rosbridge_library' returned '0': AMENT_PREFIX_PATH=/home/francisco/ros2-ws/install/rosbridge_test_msgs:${AMENT_PREFIX_PATH} CMAKE_PREFIX_PATH=/home/francisco/ros2-ws/install/rosbridge_test_msgs:/opt/ros/foxy LD_LIBRARY_PATH=/home/francisco/ros2-ws/install/rosbridge_test_msgs/lib:${LD_LIBRARY_PATH} PYTHONPATH=/home/francisco/ros2-ws/install/rosbridge_test_msgs/lib/python3.8/site-packages:${PYTHONPATH} /usr/bin/cmake /home/francisco/ros2-ws/src/rosbridge_suite/rosbridge_library -DCMAKE_INSTALL_PREFIX=/home/francisco/ros2-ws/install/rosbridge_library
[5.182s] Invoking command in '/home/francisco/ros2-ws/build/rosbridge_library': AMENT_PREFIX_PATH=/home/francisco/ros2-ws/install/rosbridge_test_msgs:${AMENT_PREFIX_PATH} CMAKE_PREFIX_PATH=/home/francisco/ros2-ws/install/rosbridge_test_msgs:/opt/ros/foxy LD_LIBRARY_PATH=/home/francisco/ros2-ws/install/rosbridge_test_msgs/lib:${LD_LIBRARY_PATH} PYTHONPATH=/home/francisco/ros2-ws/install/rosbridge_test_msgs/lib/python3.8/site-packages:${PYTHONPATH} /usr/bin/cmake --build /home/francisco/ros2-ws/build/rosbridge_library -- -j4 -l4
[5.264s] Invoked command in '/home/francisco/ros2-ws/build/rosbridge_library' returned '0': AMENT_PREFIX_PATH=/home/francisco/ros2-ws/install/rosbridge_test_msgs:${AMENT_PREFIX_PATH} CMAKE_PREFIX_PATH=/home/francisco/ros2-ws/install/rosbridge_test_msgs:/opt/ros/foxy LD_LIBRARY_PATH=/home/francisco/ros2-ws/install/rosbridge_test_msgs/lib:${LD_LIBRARY_PATH} PYTHONPATH=/home/francisco/ros2-ws/install/rosbridge_test_msgs/lib/python3.8/site-packages:${PYTHONPATH} /usr/bin/cmake --build /home/francisco/ros2-ws/build/rosbridge_library -- -j4 -l4
[5.309s] Invoking command in '/home/francisco/ros2-ws/build/rosbridge_library': AMENT_PREFIX_PATH=/home/francisco/ros2-ws/install/rosbridge_test_msgs:${AMENT_PREFIX_PATH} CMAKE_PREFIX_PATH=/home/francisco/ros2-ws/install/rosbridge_test_msgs:/opt/ros/foxy LD_LIBRARY_PATH=/home/francisco/ros2-ws/install/rosbridge_test_msgs/lib:${LD_LIBRARY_PATH} PYTHONPATH=/home/francisco/ros2-ws/install/rosbridge_test_msgs/lib/python3.8/site-packages:${PYTHONPATH} /usr/bin/cmake --install /home/francisco/ros2-ws/build/rosbridge_library
[5.325s] -- Install configuration: ""
[5.326s] -- Installing: /home/francisco/ros2-ws/install/rosbridge_library/share/rosbridge_library/environment/pythonpath.sh
[5.326s] -- Installing: /home/francisco/ros2-ws/install/rosbridge_library/share/rosbridge_library/environment/pythonpath.dsv
[5.327s] -- Installing: /home/francisco/ros2-ws/install/rosbridge_library/lib/python3.8/site-packages/rosbridge_library
[5.327s] -- Installing: /home/francisco/ros2-ws/install/rosbridge_library/lib/python3.8/site-packages/rosbridge_library/internal
[5.327s] -- Installing: /home/francisco/ros2-ws/install/rosbridge_library/lib/python3.8/site-packages/rosbridge_library/internal/subscription_modifiers.py
[5.328s] -- Installing: /home/francisco/ros2-ws/install/rosbridge_library/lib/python3.8/site-packages/rosbridge_library/internal/topics.py
[5.328s] -- Installing: /home/francisco/ros2-ws/install/rosbridge_library/lib/python3.8/site-packages/rosbridge_library/internal/services.py
[5.328s] -- Installing: /home/francisco/ros2-ws/install/rosbridge_library/lib/python3.8/site-packages/rosbridge_library/internal/__init__.py
[5.329s] -- Installing: /home/francisco/ros2-ws/install/rosbridge_library/lib/python3.8/site-packages/rosbridge_library/internal/exceptions.py
[5.329s] -- Installing: /home/francisco/ros2-ws/install/rosbridge_library/lib/python3.8/site-packages/rosbridge_library/internal/ros_loader.py
[5.330s] -- Installing: /home/francisco/ros2-ws/install/rosbridge_library/lib/python3.8/site-packages/rosbridge_library/internal/subscribers.py
[5.330s] -- Installing: /home/francisco/ros2-ws/install/rosbridge_library/lib/python3.8/site-packages/rosbridge_library/internal/pngcompression.py
[5.330s] -- Installing: /home/francisco/ros2-ws/install/rosbridge_library/lib/python3.8/site-packages/rosbridge_library/internal/publishers.py
[5.331s] -- Installing: /home/francisco/ros2-ws/install/rosbridge_library/lib/python3.8/site-packages/rosbridge_library/internal/outgoing_message.py
[5.331s] -- Installing: /home/francisco/ros2-ws/install/rosbridge_library/lib/python3.8/site-packages/rosbridge_library/internal/message_conversion.py
[5.331s] -- Installing: /home/francisco/ros2-ws/install/rosbridge_library/lib/python3.8/site-packages/rosbridge_library/internal/cbor_conversion.py
[5.332s] -- Installing: /home/francisco/ros2-ws/install/rosbridge_library/lib/python3.8/site-packages/rosbridge_library/rosbridge_protocol.py
[5.332s] -- Installing: /home/francisco/ros2-ws/install/rosbridge_library/lib/python3.8/site-packages/rosbridge_library/__init__.py
[5.332s] -- Installing: /home/francisco/ros2-ws/install/rosbridge_library/lib/python3.8/site-packages/rosbridge_library/util
[5.333s] -- Installing: /home/francisco/ros2-ws/install/rosbridge_library/lib/python3.8/site-packages/rosbridge_library/util/cbor.py
[5.333s] -- Installing: /home/francisco/ros2-ws/install/rosbridge_library/lib/python3.8/site-packages/rosbridge_library/util/__init__.py
[5.334s] -- Installing: /home/francisco/ros2-ws/install/rosbridge_library/lib/python3.8/site-packages/rosbridge_library/protocol.py
[5.334s] -- Installing: /home/francisco/ros2-ws/install/rosbridge_library/lib/python3.8/site-packages/rosbridge_library/capabilities
[5.334s] -- Installing: /home/francisco/ros2-ws/install/rosbridge_library/lib/python3.8/site-packages/rosbridge_library/capabilities/subscribe.py
[5.334s] -- Installing: /home/francisco/ros2-ws/install/rosbridge_library/lib/python3.8/site-packages/rosbridge_library/capabilities/publish.py
[5.335s] -- Installing: /home/francisco/ros2-ws/install/rosbridge_library/lib/python3.8/site-packages/rosbridge_library/capabilities/fragmentation.py
[5.335s] -- Installing: /home/francisco/ros2-ws/install/rosbridge_library/lib/python3.8/site-packages/rosbridge_library/capabilities/__init__.py
[5.335s] -- Installing: /home/francisco/ros2-ws/install/rosbridge_library/lib/python3.8/site-packages/rosbridge_library/capabilities/service_response.py
[5.336s] -- Installing: /home/francisco/ros2-ws/install/rosbridge_library/lib/python3.8/site-packages/rosbridge_library/capabilities/unadvertise_service.py
[5.336s] -- Installing: /home/francisco/ros2-ws/install/rosbridge_library/lib/python3.8/site-packages/rosbridge_library/capabilities/call_service.py
[5.336s] -- Installing: /home/francisco/ros2-ws/install/rosbridge_library/lib/python3.8/site-packages/rosbridge_library/capabilities/advertise_service.py
[5.336s] -- Installing: /home/francisco/ros2-ws/install/rosbridge_library/lib/python3.8/site-packages/rosbridge_library/capabilities/defragmentation.py
[5.337s] -- Installing: /home/francisco/ros2-ws/install/rosbridge_library/lib/python3.8/site-packages/rosbridge_library/capabilities/advertise.py
[5.337s] -- Installing: /home/francisco/ros2-ws/install/rosbridge_library/lib/python3.8/site-packages/rosbridge_library/capability.py
[5.436s] Listing '/home/francisco/ros2-ws/install/rosbridge_library/lib/python3.8/site-packages/rosbridge_library'...
[5.437s] Compiling '/home/francisco/ros2-ws/install/rosbridge_library/lib/python3.8/site-packages/rosbridge_library/__init__.py'...
[5.437s] Listing '/home/francisco/ros2-ws/install/rosbridge_library/lib/python3.8/site-packages/rosbridge_library/capabilities'...
[5.437s] Compiling '/home/francisco/ros2-ws/install/rosbridge_library/lib/python3.8/site-packages/rosbridge_library/capabilities/__init__.py'...
[5.438s] Compiling '/home/francisco/ros2-ws/install/rosbridge_library/lib/python3.8/site-packages/rosbridge_library/capabilities/advertise.py'...
[5.438s] Compiling '/home/francisco/ros2-ws/install/rosbridge_library/lib/python3.8/site-packages/rosbridge_library/capabilities/advertise_service.py'...
[5.438s] Compiling '/home/francisco/ros2-ws/install/rosbridge_library/lib/python3.8/site-packages/rosbridge_library/capabilities/call_service.py'...
[5.438s] Compiling '/home/francisco/ros2-ws/install/rosbridge_library/lib/python3.8/site-packages/rosbridge_library/capabilities/defragmentation.py'...
[5.439s] Compiling '/home/francisco/ros2-ws/install/rosbridge_library/lib/python3.8/site-packages/rosbridge_library/capabilities/fragmentation.py'...
[5.439s] Compiling '/home/francisco/ros2-ws/install/rosbridge_library/lib/python3.8/site-packages/rosbridge_library/capabilities/publish.py'...
[5.439s] Compiling '/home/francisco/ros2-ws/install/rosbridge_library/lib/python3.8/site-packages/rosbridge_library/capabilities/service_response.py'...
[5.440s] Compiling '/home/francisco/ros2-ws/install/rosbridge_library/lib/python3.8/site-packages/rosbridge_library/capabilities/subscribe.py'...
[5.440s] Compiling '/home/francisco/ros2-ws/install/rosbridge_library/lib/python3.8/site-packages/rosbridge_library/capabilities/unadvertise_service.py'...
[5.440s] Compiling '/home/francisco/ros2-ws/install/rosbridge_library/lib/python3.8/site-packages/rosbridge_library/capability.py'...
[5.440s] Listing '/home/francisco/ros2-ws/install/rosbridge_library/lib/python3.8/site-packages/rosbridge_library/internal'...
[5.441s] Compiling '/home/francisco/ros2-ws/install/rosbridge_library/lib/python3.8/site-packages/rosbridge_library/internal/__init__.py'...
[5.441s] Compiling '/home/francisco/ros2-ws/install/rosbridge_library/lib/python3.8/site-packages/rosbridge_library/internal/cbor_conversion.py'...
[5.441s] Compiling '/home/francisco/ros2-ws/install/rosbridge_library/lib/python3.8/site-packages/rosbridge_library/internal/exceptions.py'...
[5.442s] Compiling '/home/francisco/ros2-ws/install/rosbridge_library/lib/python3.8/site-packages/rosbridge_library/internal/message_conversion.py'...
[5.442s] Compiling '/home/francisco/ros2-ws/install/rosbridge_library/lib/python3.8/site-packages/rosbridge_library/internal/outgoing_message.py'...
[5.442s] Compiling '/home/francisco/ros2-ws/install/rosbridge_library/lib/python3.8/site-packages/rosbridge_library/internal/pngcompression.py'...
[5.442s] Compiling '/home/francisco/ros2-ws/install/rosbridge_library/lib/python3.8/site-packages/rosbridge_library/internal/publishers.py'...
[5.443s] Compiling '/home/francisco/ros2-ws/install/rosbridge_library/lib/python3.8/site-packages/rosbridge_library/internal/ros_loader.py'...
[5.443s] Compiling '/home/francisco/ros2-ws/install/rosbridge_library/lib/python3.8/site-packages/rosbridge_library/internal/services.py'...
[5.443s] Compiling '/home/francisco/ros2-ws/install/rosbridge_library/lib/python3.8/site-packages/rosbridge_library/internal/subscribers.py'...
[5.443s] Compiling '/home/francisco/ros2-ws/install/rosbridge_library/lib/python3.8/site-packages/rosbridge_library/internal/subscription_modifiers.py'...
[5.444s] Compiling '/home/francisco/ros2-ws/install/rosbridge_library/lib/python3.8/site-packages/rosbridge_library/internal/topics.py'...
[5.444s] Compiling '/home/francisco/ros2-ws/install/rosbridge_library/lib/python3.8/site-packages/rosbridge_library/protocol.py'...
[5.444s] Compiling '/home/francisco/ros2-ws/install/rosbridge_library/lib/python3.8/site-packages/rosbridge_library/rosbridge_protocol.py'...
[5.444s] Listing '/home/francisco/ros2-ws/install/rosbridge_library/lib/python3.8/site-packages/rosbridge_library/util'...
[5.445s] Compiling '/home/francisco/ros2-ws/install/rosbridge_library/lib/python3.8/site-packages/rosbridge_library/util/__init__.py'...
[5.445s] Compiling '/home/francisco/ros2-ws/install/rosbridge_library/lib/python3.8/site-packages/rosbridge_library/util/cbor.py'...
[5.445s] -- Installing: /home/francisco/ros2-ws/install/rosbridge_library/share/ament_index/resource_index/package_run_dependencies/rosbridge_library
[5.446s] -- Installing: /home/francisco/ros2-ws/install/rosbridge_library/share/ament_index/resource_index/parent_prefix_path/rosbridge_library
[5.446s] -- Installing: /home/francisco/ros2-ws/install/rosbridge_library/share/rosbridge_library/environment/ament_prefix_path.sh
[5.448s] -- Installing: /home/francisco/ros2-ws/install/rosbridge_library/share/rosbridge_library/environment/ament_prefix_path.dsv
[5.449s] -- Installing: /home/francisco/ros2-ws/install/rosbridge_library/share/rosbridge_library/environment/path.sh
[5.449s] -- Installing: /home/francisco/ros2-ws/install/rosbridge_library/share/rosbridge_library/environment/path.dsv
[5.450s] -- Installing: /home/francisco/ros2-ws/install/rosbridge_library/share/rosbridge_library/local_setup.bash
[5.450s] -- Installing: /home/francisco/ros2-ws/install/rosbridge_library/share/rosbridge_library/local_setup.sh
[5.450s] -- Installing: /home/francisco/ros2-ws/install/rosbridge_library/share/rosbridge_library/local_setup.zsh
[5.451s] -- Installing: /home/francisco/ros2-ws/install/rosbridge_library/share/rosbridge_library/local_setup.dsv
[5.451s] -- Installing: /home/francisco/ros2-ws/install/rosbridge_library/share/rosbridge_library/package.dsv
[5.452s] -- Installing: /home/francisco/ros2-ws/install/rosbridge_library/share/ament_index/resource_index/packages/rosbridge_library
[5.452s] -- Installing: /home/francisco/ros2-ws/install/rosbridge_library/share/rosbridge_library/cmake/rosbridge_libraryConfig.cmake
[5.452s] -- Installing: /home/francisco/ros2-ws/install/rosbridge_library/share/rosbridge_library/cmake/rosbridge_libraryConfig-version.cmake
[5.453s] -- Installing: /home/francisco/ros2-ws/install/rosbridge_library/share/rosbridge_library/package.xml
[5.466s] Invoked command in '/home/francisco/ros2-ws/build/rosbridge_library' returned '0': AMENT_PREFIX_PATH=/home/francisco/ros2-ws/install/rosbridge_test_msgs:${AMENT_PREFIX_PATH} CMAKE_PREFIX_PATH=/home/francisco/ros2-ws/install/rosbridge_test_msgs:/opt/ros/foxy LD_LIBRARY_PATH=/home/francisco/ros2-ws/install/rosbridge_test_msgs/lib:${LD_LIBRARY_PATH} PYTHONPATH=/home/francisco/ros2-ws/install/rosbridge_test_msgs/lib/python3.8/site-packages:${PYTHONPATH} /usr/bin/cmake --install /home/francisco/ros2-ws/build/rosbridge_library
