[3.711s] Invoking command in '/home/francisco/ros2-ws/src/camera_driver': PYTHONPATH=/home/francisco/ros2-ws/build/camera_driver/prefix_override:/home/francisco/ros2-ws/install/camera_driver/lib/python3.8/site-packages:${PYTHONPATH} /usr/bin/python3 setup.py egg_info --egg-base ../../build/camera_driver build --build-base /home/francisco/ros2-ws/build/camera_driver/build install --record /home/francisco/ros2-ws/build/camera_driver/install.log --install-scripts $base/lib/camera_driver --single-version-externally-managed
[4.832s] running egg_info
[4.833s] writing ../../build/camera_driver/camera_driver.egg-info/PKG-INFO
[4.834s] writing dependency_links to ../../build/camera_driver/camera_driver.egg-info/dependency_links.txt
[4.835s] writing entry points to ../../build/camera_driver/camera_driver.egg-info/entry_points.txt
[4.838s] writing requirements to ../../build/camera_driver/camera_driver.egg-info/requires.txt
[4.838s] writing top-level names to ../../build/camera_driver/camera_driver.egg-info/top_level.txt
[5.011s] reading manifest file '../../build/camera_driver/camera_driver.egg-info/SOURCES.txt'
[5.015s] writing manifest file '../../build/camera_driver/camera_driver.egg-info/SOURCES.txt'
[5.016s] running build
[5.016s] running build_py
[5.017s] running install
[5.020s] running install_lib
[5.026s] running install_data
[5.029s] running install_egg_info
[5.040s] removing '/home/francisco/ros2-ws/install/camera_driver/lib/python3.8/site-packages/camera_driver-0.0.0-py3.8.egg-info' (and everything under it)
[5.040s] Copying ../../build/camera_driver/camera_driver.egg-info to /home/francisco/ros2-ws/install/camera_driver/lib/python3.8/site-packages/camera_driver-0.0.0-py3.8.egg-info
[5.041s] running install_scripts
[5.115s] Installing camera script to /home/francisco/ros2-ws/install/camera_driver/lib/camera_driver
[5.115s] Installing camera-usb script to /home/francisco/ros2-ws/install/camera_driver/lib/camera_driver
[5.116s] writing list of installed files to '/home/francisco/ros2-ws/build/camera_driver/install.log'
[5.185s] Invoked command in '/home/francisco/ros2-ws/src/camera_driver' returned '0': PYTHONPATH=/home/francisco/ros2-ws/build/camera_driver/prefix_override:/home/francisco/ros2-ws/install/camera_driver/lib/python3.8/site-packages:${PYTHONPATH} /usr/bin/python3 setup.py egg_info --egg-base ../../build/camera_driver build --build-base /home/francisco/ros2-ws/build/camera_driver/build install --record /home/francisco/ros2-ws/build/camera_driver/install.log --install-scripts $base/lib/camera_driver --single-version-externally-managed
