[0.175s] Invoking command in '/home/francisco/ros2-ws/build/rosbridge_msgs': /usr/bin/cmake --build /home/francisco/ros2-ws/build/rosbridge_msgs -- -j4 -l4
[0.992s] [  2%] Built target rosbridge_msgs__cpp
[1.730s] [ 12%] Built target rosbridge_msgs__rosidl_generator_c
[2.661s] [ 23%] Built target rosbridge_msgs__rosidl_typesupport_cpp
[2.895s] [ 33%] Built target rosbridge_msgs__rosidl_typesupport_fastrtps_cpp
[3.019s] [ 43%] Built target rosbridge_msgs__rosidl_typesupport_introspection_cpp
[4.300s] [ 53%] Built target rosbridge_msgs__rosidl_typesupport_c
[4.525s] [ 64%] Built target rosbridge_msgs__rosidl_typesupport_introspection_c
[4.921s] [ 74%] Built target rosbridge_msgs__rosidl_typesupport_fastrtps_c
[5.114s] [ 74%] Built target rosbridge_msgs
[5.397s] [ 76%] Built target rosbridge_msgs__py
[5.804s] [ 84%] Built target rosbridge_msgs__python
[6.013s] [ 89%] Built target rosbridge_msgs__rosidl_typesupport_c__pyext
[6.018s] [ 94%] Built target rosbridge_msgs__rosidl_typesupport_fastrtps_c__pyext
[6.143s] [100%] Built target rosbridge_msgs__rosidl_typesupport_introspection_c__pyext
[6.164s] Invoked command in '/home/francisco/ros2-ws/build/rosbridge_msgs' returned '0': /usr/bin/cmake --build /home/francisco/ros2-ws/build/rosbridge_msgs -- -j4 -l4
[6.305s] Invoking command in '/home/francisco/ros2-ws/build/rosbridge_msgs': /usr/bin/cmake --install /home/francisco/ros2-ws/build/rosbridge_msgs
[6.375s] -- Install configuration: ""
[6.398s] -- Up-to-date: /home/francisco/ros2-ws/install/rosbridge_msgs/share/ament_index/resource_index/rosidl_interfaces/rosbridge_msgs
[6.401s] -- Up-to-date: /home/francisco/ros2-ws/install/rosbridge_msgs/include/rosbridge_msgs
[6.403s] -- Up-to-date: /home/francisco/ros2-ws/install/rosbridge_msgs/include/rosbridge_msgs/msg
[6.403s] -- Up-to-date: /home/francisco/ros2-ws/install/rosbridge_msgs/include/rosbridge_msgs/msg/connected_clients.h
[6.404s] -- Up-to-date: /home/francisco/ros2-ws/install/rosbridge_msgs/include/rosbridge_msgs/msg/detail
[6.412s] -- Up-to-date: /home/francisco/ros2-ws/install/rosbridge_msgs/include/rosbridge_msgs/msg/detail/connected_clients__type_support.h
[6.413s] -- Up-to-date: /home/francisco/ros2-ws/install/rosbridge_msgs/include/rosbridge_msgs/msg/detail/connected_client__functions.c
[6.413s] -- Up-to-date: /home/francisco/ros2-ws/install/rosbridge_msgs/include/rosbridge_msgs/msg/detail/connected_client__struct.h
[6.414s] -- Up-to-date: /home/francisco/ros2-ws/install/rosbridge_msgs/include/rosbridge_msgs/msg/detail/connected_clients__struct.h
[6.414s] -- Up-to-date: /home/francisco/ros2-ws/install/rosbridge_msgs/include/rosbridge_msgs/msg/detail/connected_clients__functions.c
[6.414s] -- Up-to-date: /home/francisco/ros2-ws/install/rosbridge_msgs/include/rosbridge_msgs/msg/detail/connected_client__functions.h
[6.414s] -- Up-to-date: /home/francisco/ros2-ws/install/rosbridge_msgs/include/rosbridge_msgs/msg/detail/connected_clients__functions.h
[6.414s] -- Up-to-date: /home/francisco/ros2-ws/install/rosbridge_msgs/include/rosbridge_msgs/msg/detail/connected_client__type_support.h
[6.415s] -- Up-to-date: /home/francisco/ros2-ws/install/rosbridge_msgs/include/rosbridge_msgs/msg/rosidl_generator_c__visibility_control.h
[6.415s] -- Up-to-date: /home/francisco/ros2-ws/install/rosbridge_msgs/include/rosbridge_msgs/msg/connected_client.h
[6.415s] -- Up-to-date: /home/francisco/ros2-ws/install/rosbridge_msgs/share/rosbridge_msgs/environment/library_path.sh
[6.415s] -- Up-to-date: /home/francisco/ros2-ws/install/rosbridge_msgs/share/rosbridge_msgs/environment/library_path.dsv
[6.441s] -- Up-to-date: /home/francisco/ros2-ws/install/rosbridge_msgs/lib/librosbridge_msgs__rosidl_generator_c.so
[6.442s] -- Up-to-date: /home/francisco/ros2-ws/install/rosbridge_msgs/include/rosbridge_msgs
[6.442s] -- Up-to-date: /home/francisco/ros2-ws/install/rosbridge_msgs/include/rosbridge_msgs/msg
[6.443s] -- Up-to-date: /home/francisco/ros2-ws/install/rosbridge_msgs/include/rosbridge_msgs/msg/detail
[6.443s] -- Up-to-date: /home/francisco/ros2-ws/install/rosbridge_msgs/include/rosbridge_msgs/msg/detail/connected_clients__rosidl_typesupport_fastrtps_c.h
[6.443s] -- Up-to-date: /home/francisco/ros2-ws/install/rosbridge_msgs/include/rosbridge_msgs/msg/detail/connected_client__rosidl_typesupport_fastrtps_c.h
[6.444s] -- Up-to-date: /home/francisco/ros2-ws/install/rosbridge_msgs/include/rosbridge_msgs/msg/rosidl_typesupport_fastrtps_c__visibility_control.h
[6.452s] -- Up-to-date: /home/francisco/ros2-ws/install/rosbridge_msgs/lib/librosbridge_msgs__rosidl_typesupport_fastrtps_c.so
[6.454s] -- Up-to-date: /home/francisco/ros2-ws/install/rosbridge_msgs/include/rosbridge_msgs
[6.454s] -- Up-to-date: /home/francisco/ros2-ws/install/rosbridge_msgs/include/rosbridge_msgs/msg
[6.455s] -- Up-to-date: /home/francisco/ros2-ws/install/rosbridge_msgs/include/rosbridge_msgs/msg/detail
[6.455s] -- Up-to-date: /home/francisco/ros2-ws/install/rosbridge_msgs/include/rosbridge_msgs/msg/detail/connected_client__rosidl_typesupport_fastrtps_cpp.hpp
[6.455s] -- Up-to-date: /home/francisco/ros2-ws/install/rosbridge_msgs/include/rosbridge_msgs/msg/detail/dds_fastrtps
[6.456s] -- Up-to-date: /home/francisco/ros2-ws/install/rosbridge_msgs/include/rosbridge_msgs/msg/detail/connected_clients__rosidl_typesupport_fastrtps_cpp.hpp
[6.456s] -- Up-to-date: /home/francisco/ros2-ws/install/rosbridge_msgs/include/rosbridge_msgs/msg/rosidl_typesupport_fastrtps_cpp__visibility_control.h
[6.466s] -- Up-to-date: /home/francisco/ros2-ws/install/rosbridge_msgs/lib/librosbridge_msgs__rosidl_typesupport_fastrtps_cpp.so
[6.470s] -- Up-to-date: /home/francisco/ros2-ws/install/rosbridge_msgs/include/rosbridge_msgs
[6.472s] -- Up-to-date: /home/francisco/ros2-ws/install/rosbridge_msgs/include/rosbridge_msgs/msg
[6.472s] -- Up-to-date: /home/francisco/ros2-ws/install/rosbridge_msgs/include/rosbridge_msgs/msg/detail
[6.472s] -- Up-to-date: /home/francisco/ros2-ws/install/rosbridge_msgs/include/rosbridge_msgs/msg/detail/connected_clients__type_support.c
[6.473s] -- Up-to-date: /home/francisco/ros2-ws/install/rosbridge_msgs/include/rosbridge_msgs/msg/detail/connected_client__type_support.c
[6.473s] -- Up-to-date: /home/francisco/ros2-ws/install/rosbridge_msgs/include/rosbridge_msgs/msg/detail/connected_client__rosidl_typesupport_introspection_c.h
[6.473s] -- Up-to-date: /home/francisco/ros2-ws/install/rosbridge_msgs/include/rosbridge_msgs/msg/detail/connected_clients__rosidl_typesupport_introspection_c.h
[6.474s] -- Up-to-date: /home/francisco/ros2-ws/install/rosbridge_msgs/include/rosbridge_msgs/msg/rosidl_typesupport_introspection_c__visibility_control.h
[6.479s] -- Up-to-date: /home/francisco/ros2-ws/install/rosbridge_msgs/lib/librosbridge_msgs__rosidl_typesupport_introspection_c.so
[6.490s] -- Up-to-date: /home/francisco/ros2-ws/install/rosbridge_msgs/lib/librosbridge_msgs__rosidl_typesupport_c.so
[6.491s] -- Up-to-date: /home/francisco/ros2-ws/install/rosbridge_msgs/include/rosbridge_msgs
[6.492s] -- Up-to-date: /home/francisco/ros2-ws/install/rosbridge_msgs/include/rosbridge_msgs/msg
[6.492s] -- Up-to-date: /home/francisco/ros2-ws/install/rosbridge_msgs/include/rosbridge_msgs/msg/detail
[6.493s] -- Up-to-date: /home/francisco/ros2-ws/install/rosbridge_msgs/include/rosbridge_msgs/msg/detail/connected_client__struct.hpp
[6.493s] -- Up-to-date: /home/francisco/ros2-ws/install/rosbridge_msgs/include/rosbridge_msgs/msg/detail/connected_client__traits.hpp
[6.494s] -- Up-to-date: /home/francisco/ros2-ws/install/rosbridge_msgs/include/rosbridge_msgs/msg/detail/connected_clients__traits.hpp
[6.496s] -- Up-to-date: /home/francisco/ros2-ws/install/rosbridge_msgs/include/rosbridge_msgs/msg/detail/connected_client__builder.hpp
[6.496s] -- Up-to-date: /home/francisco/ros2-ws/install/rosbridge_msgs/include/rosbridge_msgs/msg/detail/connected_clients__struct.hpp
[6.497s] -- Up-to-date: /home/francisco/ros2-ws/install/rosbridge_msgs/include/rosbridge_msgs/msg/detail/connected_clients__builder.hpp
[6.497s] -- Up-to-date: /home/francisco/ros2-ws/install/rosbridge_msgs/include/rosbridge_msgs/msg/connected_clients.hpp
[6.497s] -- Up-to-date: /home/francisco/ros2-ws/install/rosbridge_msgs/include/rosbridge_msgs/msg/connected_client.hpp
[6.497s] -- Up-to-date: /home/francisco/ros2-ws/install/rosbridge_msgs/include/rosbridge_msgs
[6.498s] -- Up-to-date: /home/francisco/ros2-ws/install/rosbridge_msgs/include/rosbridge_msgs/msg
[6.498s] -- Up-to-date: /home/francisco/ros2-ws/install/rosbridge_msgs/include/rosbridge_msgs/msg/detail
[6.498s] -- Up-to-date: /home/francisco/ros2-ws/install/rosbridge_msgs/include/rosbridge_msgs/msg/detail/connected_clients__type_support.cpp
[6.499s] -- Up-to-date: /home/francisco/ros2-ws/install/rosbridge_msgs/include/rosbridge_msgs/msg/detail/connected_client__type_support.cpp
[6.499s] -- Up-to-date: /home/francisco/ros2-ws/install/rosbridge_msgs/include/rosbridge_msgs/msg/detail/connected_client__rosidl_typesupport_introspection_cpp.hpp
[6.499s] -- Up-to-date: /home/francisco/ros2-ws/install/rosbridge_msgs/include/rosbridge_msgs/msg/detail/connected_clients__rosidl_typesupport_introspection_cpp.hpp
[6.511s] -- Up-to-date: /home/francisco/ros2-ws/install/rosbridge_msgs/lib/librosbridge_msgs__rosidl_typesupport_introspection_cpp.so
[6.531s] -- Up-to-date: /home/francisco/ros2-ws/install/rosbridge_msgs/lib/librosbridge_msgs__rosidl_typesupport_cpp.so
[6.532s] -- Up-to-date: /home/francisco/ros2-ws/install/rosbridge_msgs/share/rosbridge_msgs/environment/pythonpath.sh
[6.533s] -- Up-to-date: /home/francisco/ros2-ws/install/rosbridge_msgs/share/rosbridge_msgs/environment/pythonpath.dsv
[6.557s] -- Up-to-date: /home/francisco/ros2-ws/install/rosbridge_msgs/lib/python3.8/site-packages/rosbridge_msgs/__init__.py
[6.755s] -- Up-to-date: /home/francisco/ros2-ws/install/rosbridge_msgs/lib/python3.8/site-packages/rosbridge_msgs/msg
[6.759s] -- Up-to-date: /home/francisco/ros2-ws/install/rosbridge_msgs/lib/python3.8/site-packages/rosbridge_msgs/msg/__init__.py
[6.760s] -- Up-to-date: /home/francisco/ros2-ws/install/rosbridge_msgs/lib/python3.8/site-packages/rosbridge_msgs/msg/_connected_clients_s.c
[6.760s] -- Up-to-date: /home/francisco/ros2-ws/install/rosbridge_msgs/lib/python3.8/site-packages/rosbridge_msgs/msg/_connected_client.py
[6.760s] -- Up-to-date: /home/francisco/ros2-ws/install/rosbridge_msgs/lib/python3.8/site-packages/rosbridge_msgs/msg/_connected_client_s.c
[6.760s] -- Up-to-date: /home/francisco/ros2-ws/install/rosbridge_msgs/lib/python3.8/site-packages/rosbridge_msgs/msg/_connected_clients.py
[6.798s] -- Up-to-date: /home/francisco/ros2-ws/install/rosbridge_msgs/lib/python3.8/site-packages/rosbridge_msgs/rosbridge_msgs_s__rosidl_typesupport_fastrtps_c.cpython-38-x86_64-linux-gnu.so
[6.815s] -- Up-to-date: /home/francisco/ros2-ws/install/rosbridge_msgs/lib/python3.8/site-packages/rosbridge_msgs/rosbridge_msgs_s__rosidl_typesupport_introspection_c.cpython-38-x86_64-linux-gnu.so
[6.831s] -- Up-to-date: /home/francisco/ros2-ws/install/rosbridge_msgs/lib/python3.8/site-packages/rosbridge_msgs/rosbridge_msgs_s__rosidl_typesupport_c.cpython-38-x86_64-linux-gnu.so
[6.834s] -- Up-to-date: /home/francisco/ros2-ws/install/rosbridge_msgs/lib/librosbridge_msgs__python.so
[6.837s] -- Up-to-date: /home/francisco/ros2-ws/install/rosbridge_msgs/share/rosbridge_msgs/msg/ConnectedClient.idl
[6.837s] -- Up-to-date: /home/francisco/ros2-ws/install/rosbridge_msgs/share/rosbridge_msgs/msg/ConnectedClients.idl
[6.838s] -- Up-to-date: /home/francisco/ros2-ws/install/rosbridge_msgs/share/rosbridge_msgs/msg/ConnectedClient.msg
[6.838s] -- Up-to-date: /home/francisco/ros2-ws/install/rosbridge_msgs/share/rosbridge_msgs/msg/ConnectedClients.msg
[6.838s] -- Up-to-date: /home/francisco/ros2-ws/install/rosbridge_msgs/share/ament_index/resource_index/package_run_dependencies/rosbridge_msgs
[6.839s] -- Up-to-date: /home/francisco/ros2-ws/install/rosbridge_msgs/share/ament_index/resource_index/parent_prefix_path/rosbridge_msgs
[6.839s] -- Up-to-date: /home/francisco/ros2-ws/install/rosbridge_msgs/share/rosbridge_msgs/environment/ament_prefix_path.sh
[6.839s] -- Up-to-date: /home/francisco/ros2-ws/install/rosbridge_msgs/share/rosbridge_msgs/environment/ament_prefix_path.dsv
[6.840s] -- Up-to-date: /home/francisco/ros2-ws/install/rosbridge_msgs/share/rosbridge_msgs/environment/path.sh
[6.840s] -- Up-to-date: /home/francisco/ros2-ws/install/rosbridge_msgs/share/rosbridge_msgs/environment/path.dsv
[6.841s] -- Up-to-date: /home/francisco/ros2-ws/install/rosbridge_msgs/share/rosbridge_msgs/local_setup.bash
[6.841s] -- Up-to-date: /home/francisco/ros2-ws/install/rosbridge_msgs/share/rosbridge_msgs/local_setup.sh
[6.842s] -- Up-to-date: /home/francisco/ros2-ws/install/rosbridge_msgs/share/rosbridge_msgs/local_setup.zsh
[6.842s] -- Up-to-date: /home/francisco/ros2-ws/install/rosbridge_msgs/share/rosbridge_msgs/local_setup.dsv
[6.843s] -- Installing: /home/francisco/ros2-ws/install/rosbridge_msgs/share/rosbridge_msgs/package.dsv
[6.854s] -- Up-to-date: /home/francisco/ros2-ws/install/rosbridge_msgs/share/ament_index/resource_index/packages/rosbridge_msgs
[6.885s] -- Up-to-date: /home/francisco/ros2-ws/install/rosbridge_msgs/share/rosbridge_msgs/cmake/rosbridge_msgs__rosidl_generator_cExport.cmake
[6.885s] -- Up-to-date: /home/francisco/ros2-ws/install/rosbridge_msgs/share/rosbridge_msgs/cmake/rosbridge_msgs__rosidl_generator_cExport-noconfig.cmake
[6.886s] -- Up-to-date: /home/francisco/ros2-ws/install/rosbridge_msgs/share/rosbridge_msgs/cmake/rosbridge_msgs__rosidl_typesupport_introspection_cExport.cmake
[6.886s] -- Up-to-date: /home/francisco/ros2-ws/install/rosbridge_msgs/share/rosbridge_msgs/cmake/rosbridge_msgs__rosidl_typesupport_introspection_cExport-noconfig.cmake
[6.887s] -- Up-to-date: /home/francisco/ros2-ws/install/rosbridge_msgs/share/rosbridge_msgs/cmake/rosbridge_msgs__rosidl_typesupport_cExport.cmake
[6.887s] -- Up-to-date: /home/francisco/ros2-ws/install/rosbridge_msgs/share/rosbridge_msgs/cmake/rosbridge_msgs__rosidl_typesupport_cExport-noconfig.cmake
[6.888s] -- Up-to-date: /home/francisco/ros2-ws/install/rosbridge_msgs/share/rosbridge_msgs/cmake/rosbridge_msgs__rosidl_generator_cppExport.cmake
[6.891s] -- Up-to-date: /home/francisco/ros2-ws/install/rosbridge_msgs/share/rosbridge_msgs/cmake/rosbridge_msgs__rosidl_typesupport_introspection_cppExport.cmake
[6.891s] -- Up-to-date: /home/francisco/ros2-ws/install/rosbridge_msgs/share/rosbridge_msgs/cmake/rosbridge_msgs__rosidl_typesupport_introspection_cppExport-noconfig.cmake
[6.908s] -- Up-to-date: /home/francisco/ros2-ws/install/rosbridge_msgs/share/rosbridge_msgs/cmake/rosbridge_msgs__rosidl_typesupport_cppExport.cmake
[6.908s] -- Up-to-date: /home/francisco/ros2-ws/install/rosbridge_msgs/share/rosbridge_msgs/cmake/rosbridge_msgs__rosidl_typesupport_cppExport-noconfig.cmake
[6.908s] -- Up-to-date: /home/francisco/ros2-ws/install/rosbridge_msgs/share/rosbridge_msgs/cmake/rosidl_cmake-extras.cmake
[6.909s] -- Up-to-date: /home/francisco/ros2-ws/install/rosbridge_msgs/share/rosbridge_msgs/cmake/ament_cmake_export_dependencies-extras.cmake
[6.909s] -- Up-to-date: /home/francisco/ros2-ws/install/rosbridge_msgs/share/rosbridge_msgs/cmake/ament_cmake_export_libraries-extras.cmake
[6.909s] -- Up-to-date: /home/francisco/ros2-ws/install/rosbridge_msgs/share/rosbridge_msgs/cmake/ament_cmake_export_targets-extras.cmake
[6.909s] -- Up-to-date: /home/francisco/ros2-ws/install/rosbridge_msgs/share/rosbridge_msgs/cmake/ament_cmake_export_include_directories-extras.cmake
[6.910s] -- Up-to-date: /home/francisco/ros2-ws/install/rosbridge_msgs/share/rosbridge_msgs/cmake/rosidl_cmake_export_typesupport_libraries-extras.cmake
[6.910s] -- Up-to-date: /home/francisco/ros2-ws/install/rosbridge_msgs/share/rosbridge_msgs/cmake/rosidl_cmake_export_typesupport_targets-extras.cmake
[6.910s] -- Up-to-date: /home/francisco/ros2-ws/install/rosbridge_msgs/share/rosbridge_msgs/cmake/rosbridge_msgsConfig.cmake
[6.911s] -- Up-to-date: /home/francisco/ros2-ws/install/rosbridge_msgs/share/rosbridge_msgs/cmake/rosbridge_msgsConfig-version.cmake
[6.911s] -- Up-to-date: /home/francisco/ros2-ws/install/rosbridge_msgs/share/rosbridge_msgs/package.xml
[6.917s] Invoked command in '/home/francisco/ros2-ws/build/rosbridge_msgs' returned '0': /usr/bin/cmake --install /home/francisco/ros2-ws/build/rosbridge_msgs
