[1.796s] Invoking command in '/home/francisco/ros2-ws/src/monitoring_station_tfm': PYTHONPATH=/home/francisco/ros2-ws/build/monitoring_station_tfm/prefix_override:/home/francisco/ros2-ws/install/monitoring_station_tfm/lib/python3.8/site-packages:${PYTHONPATH} /usr/bin/python3 setup.py egg_info --egg-base ../../build/monitoring_station_tfm build --build-base /home/francisco/ros2-ws/build/monitoring_station_tfm/build install --record /home/francisco/ros2-ws/build/monitoring_station_tfm/install.log --install-scripts $base/lib/monitoring_station_tfm --single-version-externally-managed
[2.384s] running egg_info
[2.385s] writing ../../build/monitoring_station_tfm/monitoring_station_tfm.egg-info/PKG-INFO
[2.386s] writing dependency_links to ../../build/monitoring_station_tfm/monitoring_station_tfm.egg-info/dependency_links.txt
[2.386s] writing entry points to ../../build/monitoring_station_tfm/monitoring_station_tfm.egg-info/entry_points.txt
[2.387s] writing requirements to ../../build/monitoring_station_tfm/monitoring_station_tfm.egg-info/requires.txt
[2.387s] writing top-level names to ../../build/monitoring_station_tfm/monitoring_station_tfm.egg-info/top_level.txt
[2.479s] reading manifest file '../../build/monitoring_station_tfm/monitoring_station_tfm.egg-info/SOURCES.txt'
[2.482s] writing manifest file '../../build/monitoring_station_tfm/monitoring_station_tfm.egg-info/SOURCES.txt'
[2.482s] running build
[2.482s] running build_py
[2.484s] copying monitoring_station_tfm/stsb_sim_pub.py -> /home/francisco/ros2-ws/build/monitoring_station_tfm/build/lib/monitoring_station_tfm
[2.485s] running install
[2.486s] running install_lib
[2.489s] copying /home/francisco/ros2-ws/build/monitoring_station_tfm/build/lib/monitoring_station_tfm/stsb_sim_pub.py -> /home/francisco/ros2-ws/install/monitoring_station_tfm/lib/python3.8/site-packages/monitoring_station_tfm
[2.491s] byte-compiling /home/francisco/ros2-ws/install/monitoring_station_tfm/lib/python3.8/site-packages/monitoring_station_tfm/stsb_sim_pub.py to stsb_sim_pub.cpython-38.pyc
[2.494s] running install_data
[2.495s] running install_egg_info
[2.498s] removing '/home/francisco/ros2-ws/install/monitoring_station_tfm/lib/python3.8/site-packages/monitoring_station_tfm-0.0.0-py3.8.egg-info' (and everything under it)
[2.499s] Copying ../../build/monitoring_station_tfm/monitoring_station_tfm.egg-info to /home/francisco/ros2-ws/install/monitoring_station_tfm/lib/python3.8/site-packages/monitoring_station_tfm-0.0.0-py3.8.egg-info
[2.501s] running install_scripts
[2.543s] Installing listener script to /home/francisco/ros2-ws/install/monitoring_station_tfm/lib/monitoring_station_tfm
[2.543s] Installing pub01 script to /home/francisco/ros2-ws/install/monitoring_station_tfm/lib/monitoring_station_tfm
[2.544s] Installing pub02 script to /home/francisco/ros2-ws/install/monitoring_station_tfm/lib/monitoring_station_tfm
[2.544s] Installing pub03 script to /home/francisco/ros2-ws/install/monitoring_station_tfm/lib/monitoring_station_tfm
[2.544s] Installing publicador script to /home/francisco/ros2-ws/install/monitoring_station_tfm/lib/monitoring_station_tfm
[2.544s] Installing talker script to /home/francisco/ros2-ws/install/monitoring_station_tfm/lib/monitoring_station_tfm
[2.545s] Installing test-pub script to /home/francisco/ros2-ws/install/monitoring_station_tfm/lib/monitoring_station_tfm
[2.545s] Installing test01 script to /home/francisco/ros2-ws/install/monitoring_station_tfm/lib/monitoring_station_tfm
[2.545s] Installing test02 script to /home/francisco/ros2-ws/install/monitoring_station_tfm/lib/monitoring_station_tfm
[2.545s] Installing test03 script to /home/francisco/ros2-ws/install/monitoring_station_tfm/lib/monitoring_station_tfm
[2.546s] Installing test04 script to /home/francisco/ros2-ws/install/monitoring_station_tfm/lib/monitoring_station_tfm
[2.546s] Installing test05 script to /home/francisco/ros2-ws/install/monitoring_station_tfm/lib/monitoring_station_tfm
[2.546s] Installing timer script to /home/francisco/ros2-ws/install/monitoring_station_tfm/lib/monitoring_station_tfm
[2.555s] writing list of installed files to '/home/francisco/ros2-ws/build/monitoring_station_tfm/install.log'
[2.600s] Invoked command in '/home/francisco/ros2-ws/src/monitoring_station_tfm' returned '0': PYTHONPATH=/home/francisco/ros2-ws/build/monitoring_station_tfm/prefix_override:/home/francisco/ros2-ws/install/monitoring_station_tfm/lib/python3.8/site-packages:${PYTHONPATH} /usr/bin/python3 setup.py egg_info --egg-base ../../build/monitoring_station_tfm build --build-base /home/francisco/ros2-ws/build/monitoring_station_tfm/build install --record /home/francisco/ros2-ws/build/monitoring_station_tfm/install.log --install-scripts $base/lib/monitoring_station_tfm --single-version-externally-managed
