[0.118s] Invoking command in '/home/francisco/ros2-ws/build/rosapi': AMENT_PREFIX_PATH=/home/francisco/ros2-ws/install/rosbridge_library:/home/francisco/ros2-ws/install/rosapi_msgs CMAKE_PREFIX_PATH=/home/francisco/ros2-ws/install/rosbridge_library:/home/francisco/ros2-ws/install/rosapi_msgs LD_LIBRARY_PATH=/home/francisco/ros2-ws/install/rosapi_msgs/lib PYTHONPATH=/home/francisco/ros2-ws/install/rosbridge_library/lib/python3.8/site-packages:/home/francisco/ros2-ws/install/rosapi_msgs/lib/python3.8/site-packages /usr/bin/cmake --build /home/francisco/ros2-ws/build/rosapi -- -j4 -l4
[0.230s] Invoked command in '/home/francisco/ros2-ws/build/rosapi' returned '0': AMENT_PREFIX_PATH=/home/francisco/ros2-ws/install/rosbridge_library:/home/francisco/ros2-ws/install/rosapi_msgs CMAKE_PREFIX_PATH=/home/francisco/ros2-ws/install/rosbridge_library:/home/francisco/ros2-ws/install/rosapi_msgs LD_LIBRARY_PATH=/home/francisco/ros2-ws/install/rosapi_msgs/lib PYTHONPATH=/home/francisco/ros2-ws/install/rosbridge_library/lib/python3.8/site-packages:/home/francisco/ros2-ws/install/rosapi_msgs/lib/python3.8/site-packages /usr/bin/cmake --build /home/francisco/ros2-ws/build/rosapi -- -j4 -l4
[0.287s] Invoking command in '/home/francisco/ros2-ws/build/rosapi': AMENT_PREFIX_PATH=/home/francisco/ros2-ws/install/rosbridge_library:/home/francisco/ros2-ws/install/rosapi_msgs CMAKE_PREFIX_PATH=/home/francisco/ros2-ws/install/rosbridge_library:/home/francisco/ros2-ws/install/rosapi_msgs LD_LIBRARY_PATH=/home/francisco/ros2-ws/install/rosapi_msgs/lib PYTHONPATH=/home/francisco/ros2-ws/install/rosbridge_library/lib/python3.8/site-packages:/home/francisco/ros2-ws/install/rosapi_msgs/lib/python3.8/site-packages /usr/bin/cmake --install /home/francisco/ros2-ws/build/rosapi
[0.305s] -- Install configuration: ""
[0.305s] -- Up-to-date: /home/francisco/ros2-ws/install/rosapi/share/rosapi/environment/pythonpath.sh
[0.306s] -- Up-to-date: /home/francisco/ros2-ws/install/rosapi/share/rosapi/environment/pythonpath.dsv
[0.323s] -- Up-to-date: /home/francisco/ros2-ws/install/rosapi/lib/python3.8/site-packages/rosapi
[0.324s] -- Up-to-date: /home/francisco/ros2-ws/install/rosapi/lib/python3.8/site-packages/rosapi/params.py
[0.324s] -- Up-to-date: /home/francisco/ros2-ws/install/rosapi/lib/python3.8/site-packages/rosapi/__init__.py
[0.324s] -- Up-to-date: /home/francisco/ros2-ws/install/rosapi/lib/python3.8/site-packages/rosapi/glob_helper.py
[0.324s] -- Up-to-date: /home/francisco/ros2-ws/install/rosapi/lib/python3.8/site-packages/rosapi/stringify_field_types.py
[0.325s] -- Up-to-date: /home/francisco/ros2-ws/install/rosapi/lib/python3.8/site-packages/rosapi/objectutils.py
[0.325s] -- Up-to-date: /home/francisco/ros2-ws/install/rosapi/lib/python3.8/site-packages/rosapi/proxy.py
[0.402s] Listing '/home/francisco/ros2-ws/install/rosapi/lib/python3.8/site-packages/rosapi'...
[0.411s] -- Up-to-date: /home/francisco/ros2-ws/install/rosapi/share/ament_index/resource_index/package_run_dependencies/rosapi
[0.412s] -- Up-to-date: /home/francisco/ros2-ws/install/rosapi/share/ament_index/resource_index/parent_prefix_path/rosapi
[0.412s] -- Up-to-date: /home/francisco/ros2-ws/install/rosapi/share/rosapi/environment/ament_prefix_path.sh
[0.413s] -- Up-to-date: /home/francisco/ros2-ws/install/rosapi/share/rosapi/environment/ament_prefix_path.dsv
[0.413s] -- Up-to-date: /home/francisco/ros2-ws/install/rosapi/share/rosapi/environment/path.sh
[0.414s] -- Up-to-date: /home/francisco/ros2-ws/install/rosapi/share/rosapi/environment/path.dsv
[0.414s] -- Up-to-date: /home/francisco/ros2-ws/install/rosapi/share/rosapi/local_setup.bash
[0.414s] -- Up-to-date: /home/francisco/ros2-ws/install/rosapi/share/rosapi/local_setup.sh
[0.414s] -- Up-to-date: /home/francisco/ros2-ws/install/rosapi/share/rosapi/local_setup.zsh
[0.414s] -- Up-to-date: /home/francisco/ros2-ws/install/rosapi/share/rosapi/local_setup.dsv
[0.414s] -- Installing: /home/francisco/ros2-ws/install/rosapi/share/rosapi/package.dsv
[0.436s] -- Up-to-date: /home/francisco/ros2-ws/install/rosapi/share/ament_index/resource_index/packages/rosapi
[0.436s] -- Up-to-date: /home/francisco/ros2-ws/install/rosapi/share/rosapi/cmake/rosapiConfig.cmake
[0.436s] -- Up-to-date: /home/francisco/ros2-ws/install/rosapi/share/rosapi/cmake/rosapiConfig-version.cmake
[0.436s] -- Up-to-date: /home/francisco/ros2-ws/install/rosapi/share/rosapi/package.xml
[0.457s] -- Up-to-date: /home/francisco/ros2-ws/install/rosapi/lib/rosapi/rosapi_node
[0.458s] -- Up-to-date: /home/francisco/ros2-ws/install/rosapi/share/rosapi/mapping_rules.yaml
[0.473s] Invoked command in '/home/francisco/ros2-ws/build/rosapi' returned '0': AMENT_PREFIX_PATH=/home/francisco/ros2-ws/install/rosbridge_library:/home/francisco/ros2-ws/install/rosapi_msgs CMAKE_PREFIX_PATH=/home/francisco/ros2-ws/install/rosbridge_library:/home/francisco/ros2-ws/install/rosapi_msgs LD_LIBRARY_PATH=/home/francisco/ros2-ws/install/rosapi_msgs/lib PYTHONPATH=/home/francisco/ros2-ws/install/rosbridge_library/lib/python3.8/site-packages:/home/francisco/ros2-ws/install/rosapi_msgs/lib/python3.8/site-packages /usr/bin/cmake --install /home/francisco/ros2-ws/build/rosapi
