[21.423s] DEBUG:colcon:Command line arguments: ['/usr/bin/colcon', 'build', '--packages-select', 'monitoring-station-tfm']
[21.423s] DEBUG:colcon:Parsed command line arguments: Namespace(allow_overriding=[], ament_cmake_args=None, base_paths=['.'], build_base='build', catkin_cmake_args=None, catkin_skip_building_tests=False, cmake_args=None, cmake_clean_cache=False, cmake_clean_first=False, cmake_force_configure=False, cmake_target=None, cmake_target_skip_unavailable=False, continue_on_error=False, event_handlers=None, executor='parallel', ignore_user_meta=False, install_base='install', log_base=None, log_level=None, main=<bound method BuildVerb.main of <colcon_core.verb.build.BuildVerb object at 0x7f3ff3240a00>>, merge_install=False, metas=['./colcon.meta'], packages_above=None, packages_above_and_dependencies=None, packages_above_depth=None, packages_end=None, packages_ignore=None, packages_ignore_regex=None, packages_select=['monitoring-station-tfm'], packages_select_build_failed=False, packages_select_by_dep=None, packages_select_regex=None, packages_select_test_failures=False, packages_skip=None, packages_skip_build_finished=False, packages_skip_by_dep=None, packages_skip_regex=None, packages_skip_test_passed=False, packages_skip_up_to=None, packages_start=None, packages_up_to=None, packages_up_to_regex=None, parallel_workers=4, paths=None, symlink_install=False, test_result_base=None, verb_extension=<colcon_core.verb.build.BuildVerb object at 0x7f3ff3240a00>, verb_name='build', verb_parser=<colcon_defaults.argument_parser.defaults.DefaultArgumentsDecorator object at 0x7f3ff3240f70>)
[23.084s] Level 1:colcon.colcon_core.package_discovery:discover_packages(colcon_meta) check parameters
[23.084s] Level 1:colcon.colcon_core.package_discovery:discover_packages(recursive) check parameters
[23.084s] Level 1:colcon.colcon_core.package_discovery:discover_packages(ignore) check parameters
[23.084s] Level 1:colcon.colcon_core.package_discovery:discover_packages(path) check parameters
[23.085s] Level 1:colcon.colcon_core.package_discovery:discover_packages(colcon_meta) discover
[23.085s] Level 1:colcon.colcon_core.package_discovery:discover_packages(recursive) discover
[23.085s] INFO:colcon.colcon_core.package_discovery:Crawling recursively for packages in '/home/francisco/ros2-ws'
[23.085s] Level 1:colcon.colcon_core.package_identification:_identify(.) by extensions ['ignore', 'ignore_ament_install']
[23.085s] Level 1:colcon.colcon_core.package_identification:_identify(.) by extension 'ignore'
[23.085s] Level 1:colcon.colcon_core.package_identification:_identify(.) by extension 'ignore_ament_install'
[23.086s] Level 1:colcon.colcon_core.package_identification:_identify(.) by extensions ['colcon_pkg']
[23.086s] Level 1:colcon.colcon_core.package_identification:_identify(.) by extension 'colcon_pkg'
[23.086s] Level 1:colcon.colcon_core.package_identification:_identify(.) by extensions ['colcon_meta']
[23.086s] Level 1:colcon.colcon_core.package_identification:_identify(.) by extension 'colcon_meta'
[23.086s] Level 1:colcon.colcon_core.package_identification:_identify(.) by extensions ['ros']
[23.086s] Level 1:colcon.colcon_core.package_identification:_identify(.) by extension 'ros'
[23.240s] Level 1:colcon.colcon_core.package_identification:_identify(.) by extensions ['cmake', 'python']
[23.241s] Level 1:colcon.colcon_core.package_identification:_identify(.) by extension 'cmake'
[23.241s] Level 1:colcon.colcon_core.package_identification:_identify(.) by extension 'python'
[23.241s] Level 1:colcon.colcon_core.package_identification:_identify(.) by extensions ['python_setup_py']
[23.241s] Level 1:colcon.colcon_core.package_identification:_identify(.) by extension 'python_setup_py'
[23.241s] Level 1:colcon.colcon_core.package_identification:_identify(build) by extensions ['ignore', 'ignore_ament_install']
[23.241s] Level 1:colcon.colcon_core.package_identification:_identify(build) by extension 'ignore'
[23.241s] Level 1:colcon.colcon_core.package_identification:_identify(build) ignored
[23.242s] Level 1:colcon.colcon_core.package_identification:_identify(install) by extensions ['ignore', 'ignore_ament_install']
[23.242s] Level 1:colcon.colcon_core.package_identification:_identify(install) by extension 'ignore'
[23.242s] Level 1:colcon.colcon_core.package_identification:_identify(install) ignored
[23.242s] Level 1:colcon.colcon_core.package_identification:_identify(log) by extensions ['ignore', 'ignore_ament_install']
[23.242s] Level 1:colcon.colcon_core.package_identification:_identify(log) by extension 'ignore'
[23.243s] Level 1:colcon.colcon_core.package_identification:_identify(log) ignored
[23.268s] Level 1:colcon.colcon_core.package_identification:_identify(src) by extensions ['ignore', 'ignore_ament_install']
[23.269s] Level 1:colcon.colcon_core.package_identification:_identify(src) by extension 'ignore'
[23.269s] Level 1:colcon.colcon_core.package_identification:_identify(src) by extension 'ignore_ament_install'
[23.269s] Level 1:colcon.colcon_core.package_identification:_identify(src) by extensions ['colcon_pkg']
[23.269s] Level 1:colcon.colcon_core.package_identification:_identify(src) by extension 'colcon_pkg'
[23.269s] Level 1:colcon.colcon_core.package_identification:_identify(src) by extensions ['colcon_meta']
[23.269s] Level 1:colcon.colcon_core.package_identification:_identify(src) by extension 'colcon_meta'
[23.269s] Level 1:colcon.colcon_core.package_identification:_identify(src) by extensions ['ros']
[23.270s] Level 1:colcon.colcon_core.package_identification:_identify(src) by extension 'ros'
[23.270s] Level 1:colcon.colcon_core.package_identification:_identify(src) by extensions ['cmake', 'python']
[23.270s] Level 1:colcon.colcon_core.package_identification:_identify(src) by extension 'cmake'
[23.270s] Level 1:colcon.colcon_core.package_identification:_identify(src) by extension 'python'
[23.270s] Level 1:colcon.colcon_core.package_identification:_identify(src) by extensions ['python_setup_py']
[23.270s] Level 1:colcon.colcon_core.package_identification:_identify(src) by extension 'python_setup_py'
[23.297s] Level 1:colcon.colcon_core.package_identification:_identify(src/monitoring-station-tfm) by extensions ['ignore', 'ignore_ament_install']
[23.297s] Level 1:colcon.colcon_core.package_identification:_identify(src/monitoring-station-tfm) by extension 'ignore'
[23.298s] Level 1:colcon.colcon_core.package_identification:_identify(src/monitoring-station-tfm) by extension 'ignore_ament_install'
[23.298s] Level 1:colcon.colcon_core.package_identification:_identify(src/monitoring-station-tfm) by extensions ['colcon_pkg']
[23.298s] Level 1:colcon.colcon_core.package_identification:_identify(src/monitoring-station-tfm) by extension 'colcon_pkg'
[23.298s] Level 1:colcon.colcon_core.package_identification:_identify(src/monitoring-station-tfm) by extensions ['colcon_meta']
[23.298s] Level 1:colcon.colcon_core.package_identification:_identify(src/monitoring-station-tfm) by extension 'colcon_meta'
[23.298s] Level 1:colcon.colcon_core.package_identification:_identify(src/monitoring-station-tfm) by extensions ['ros']
[23.298s] Level 1:colcon.colcon_core.package_identification:_identify(src/monitoring-station-tfm) by extension 'ros'
[23.358s] DEBUG:colcon.colcon_core.package_identification:Failed to parse potential ROS package manifest in'src/monitoring-station-tfm': Error(s) in package 'src/monitoring-station-tfm/package.xml':
The manifest contains invalid XML:
mismatched tag: line 6, column 60
[23.358s] Level 1:colcon.colcon_core.package_identification:_identify(src/monitoring-station-tfm) by extensions ['cmake', 'python']
[23.358s] Level 1:colcon.colcon_core.package_identification:_identify(src/monitoring-station-tfm) by extension 'cmake'
[23.358s] Level 1:colcon.colcon_core.package_identification:_identify(src/monitoring-station-tfm) by extension 'python'
[23.388s] DEBUG:colcon.colcon_core.package_identification:Python package in 'src/monitoring-station-tfm' passes arguments to the setup() function which requires a different identification extension than 'python'
[23.388s] Level 1:colcon.colcon_core.package_identification:_identify(src/monitoring-station-tfm) by extensions ['python_setup_py']
[23.389s] Level 1:colcon.colcon_core.package_identification:_identify(src/monitoring-station-tfm) by extension 'python_setup_py'
[24.562s] ERROR:colcon.colcon_core.package_identification:Exception in package identification extension 'python_setup_py' in 'src/monitoring-station-tfm': Command '['/usr/bin/python3', '-c', 'import sys;from contextlib import suppress;exec("with suppress(ImportError):    from setuptools.extern.packaging.specifiers    import SpecifierSet");exec("with suppress(ImportError):    from packaging.specifiers import SpecifierSet");from distutils.core import run_setup;dist = run_setup(    \'setup.py\', script_args=(\'--dry-run\',), stop_after=\'config\');skip_keys = (\'cmdclass\', \'distclass\', \'ext_modules\', \'metadata\');data = {    key: value for key, value in dist.__dict__.items()     if (        not key.startswith(\'_\') and         not callable(value) and         key not in skip_keys and         key not in dist.display_option_names    )};data[\'metadata\'] = {    k: v for k, v in dist.metadata.__dict__.items()     if k not in (\'license_files\', \'provides_extras\')};sys.stdout.buffer.write(repr(data).encode(\'utf-8\'))']' returned non-zero exit status 1.
Traceback (most recent call last):
  File "/usr/lib/python3/dist-packages/colcon_core/package_identification/__init__.py", line 142, in _identify
    retval = extension.identify(_reused_descriptor_instance)
  File "/usr/lib/python3/dist-packages/colcon_python_setup_py/package_identification/python_setup_py.py", line 48, in identify
    config = get_setup_information(setup_py)
  File "/usr/lib/python3/dist-packages/colcon_python_setup_py/package_identification/python_setup_py.py", line 241, in get_setup_information
    _setup_information_cache[hashable_env] = _get_setup_information(
  File "/usr/lib/python3/dist-packages/colcon_python_setup_py/package_identification/python_setup_py.py", line 288, in _get_setup_information
    result = subprocess.run(
  File "/usr/lib/python3.8/subprocess.py", line 516, in run
    raise CalledProcessError(retcode, process.args,
subprocess.CalledProcessError: Command '['/usr/bin/python3', '-c', 'import sys;from contextlib import suppress;exec("with suppress(ImportError):    from setuptools.extern.packaging.specifiers    import SpecifierSet");exec("with suppress(ImportError):    from packaging.specifiers import SpecifierSet");from distutils.core import run_setup;dist = run_setup(    \'setup.py\', script_args=(\'--dry-run\',), stop_after=\'config\');skip_keys = (\'cmdclass\', \'distclass\', \'ext_modules\', \'metadata\');data = {    key: value for key, value in dist.__dict__.items()     if (        not key.startswith(\'_\') and         not callable(value) and         key not in skip_keys and         key not in dist.display_option_names    )};data[\'metadata\'] = {    k: v for k, v in dist.metadata.__dict__.items()     if k not in (\'license_files\', \'provides_extras\')};sys.stdout.buffer.write(repr(data).encode(\'utf-8\'))']' returned non-zero exit status 1.

[24.575s] Level 1:colcon.colcon_core.package_identification:_identify(src/monitoring-station-tfm/monitoring-station-tfm) by extensions ['ignore', 'ignore_ament_install']
[24.576s] Level 1:colcon.colcon_core.package_identification:_identify(src/monitoring-station-tfm/monitoring-station-tfm) by extension 'ignore'
[24.576s] Level 1:colcon.colcon_core.package_identification:_identify(src/monitoring-station-tfm/monitoring-station-tfm) by extension 'ignore_ament_install'
[24.576s] Level 1:colcon.colcon_core.package_identification:_identify(src/monitoring-station-tfm/monitoring-station-tfm) by extensions ['colcon_pkg']
[24.576s] Level 1:colcon.colcon_core.package_identification:_identify(src/monitoring-station-tfm/monitoring-station-tfm) by extension 'colcon_pkg'
[24.576s] Level 1:colcon.colcon_core.package_identification:_identify(src/monitoring-station-tfm/monitoring-station-tfm) by extensions ['colcon_meta']
[24.576s] Level 1:colcon.colcon_core.package_identification:_identify(src/monitoring-station-tfm/monitoring-station-tfm) by extension 'colcon_meta'
[24.577s] Level 1:colcon.colcon_core.package_identification:_identify(src/monitoring-station-tfm/monitoring-station-tfm) by extensions ['ros']
[24.577s] Level 1:colcon.colcon_core.package_identification:_identify(src/monitoring-station-tfm/monitoring-station-tfm) by extension 'ros'
[24.577s] Level 1:colcon.colcon_core.package_identification:_identify(src/monitoring-station-tfm/monitoring-station-tfm) by extensions ['cmake', 'python']
[24.577s] Level 1:colcon.colcon_core.package_identification:_identify(src/monitoring-station-tfm/monitoring-station-tfm) by extension 'cmake'
[24.577s] Level 1:colcon.colcon_core.package_identification:_identify(src/monitoring-station-tfm/monitoring-station-tfm) by extension 'python'
[24.578s] Level 1:colcon.colcon_core.package_identification:_identify(src/monitoring-station-tfm/monitoring-station-tfm) by extensions ['python_setup_py']
[24.578s] Level 1:colcon.colcon_core.package_identification:_identify(src/monitoring-station-tfm/monitoring-station-tfm) by extension 'python_setup_py'
[24.584s] Level 1:colcon.colcon_core.package_identification:_identify(src/monitoring-station-tfm/resource) by extensions ['ignore', 'ignore_ament_install']
[24.586s] Level 1:colcon.colcon_core.package_identification:_identify(src/monitoring-station-tfm/resource) by extension 'ignore'
[24.587s] Level 1:colcon.colcon_core.package_identification:_identify(src/monitoring-station-tfm/resource) by extension 'ignore_ament_install'
[24.587s] Level 1:colcon.colcon_core.package_identification:_identify(src/monitoring-station-tfm/resource) by extensions ['colcon_pkg']
[24.587s] Level 1:colcon.colcon_core.package_identification:_identify(src/monitoring-station-tfm/resource) by extension 'colcon_pkg'
[24.587s] Level 1:colcon.colcon_core.package_identification:_identify(src/monitoring-station-tfm/resource) by extensions ['colcon_meta']
[24.588s] Level 1:colcon.colcon_core.package_identification:_identify(src/monitoring-station-tfm/resource) by extension 'colcon_meta'
[24.588s] Level 1:colcon.colcon_core.package_identification:_identify(src/monitoring-station-tfm/resource) by extensions ['ros']
[24.588s] Level 1:colcon.colcon_core.package_identification:_identify(src/monitoring-station-tfm/resource) by extension 'ros'
[24.589s] Level 1:colcon.colcon_core.package_identification:_identify(src/monitoring-station-tfm/resource) by extensions ['cmake', 'python']
[24.589s] Level 1:colcon.colcon_core.package_identification:_identify(src/monitoring-station-tfm/resource) by extension 'cmake'
[24.589s] Level 1:colcon.colcon_core.package_identification:_identify(src/monitoring-station-tfm/resource) by extension 'python'
[24.589s] Level 1:colcon.colcon_core.package_identification:_identify(src/monitoring-station-tfm/resource) by extensions ['python_setup_py']
[24.590s] Level 1:colcon.colcon_core.package_identification:_identify(src/monitoring-station-tfm/resource) by extension 'python_setup_py'
[24.596s] Level 1:colcon.colcon_core.package_identification:_identify(src/monitoring-station-tfm/test) by extensions ['ignore', 'ignore_ament_install']
[24.596s] Level 1:colcon.colcon_core.package_identification:_identify(src/monitoring-station-tfm/test) by extension 'ignore'
[24.597s] Level 1:colcon.colcon_core.package_identification:_identify(src/monitoring-station-tfm/test) by extension 'ignore_ament_install'
[24.597s] Level 1:colcon.colcon_core.package_identification:_identify(src/monitoring-station-tfm/test) by extensions ['colcon_pkg']
[24.597s] Level 1:colcon.colcon_core.package_identification:_identify(src/monitoring-station-tfm/test) by extension 'colcon_pkg'
[24.597s] Level 1:colcon.colcon_core.package_identification:_identify(src/monitoring-station-tfm/test) by extensions ['colcon_meta']
[24.597s] Level 1:colcon.colcon_core.package_identification:_identify(src/monitoring-station-tfm/test) by extension 'colcon_meta'
[24.597s] Level 1:colcon.colcon_core.package_identification:_identify(src/monitoring-station-tfm/test) by extensions ['ros']
[24.597s] Level 1:colcon.colcon_core.package_identification:_identify(src/monitoring-station-tfm/test) by extension 'ros'
[24.598s] Level 1:colcon.colcon_core.package_identification:_identify(src/monitoring-station-tfm/test) by extensions ['cmake', 'python']
[24.598s] Level 1:colcon.colcon_core.package_identification:_identify(src/monitoring-station-tfm/test) by extension 'cmake'
[24.598s] Level 1:colcon.colcon_core.package_identification:_identify(src/monitoring-station-tfm/test) by extension 'python'
[24.598s] Level 1:colcon.colcon_core.package_identification:_identify(src/monitoring-station-tfm/test) by extensions ['python_setup_py']
[24.598s] Level 1:colcon.colcon_core.package_identification:_identify(src/monitoring-station-tfm/test) by extension 'python_setup_py'
[24.657s] Level 1:colcon.colcon_core.package_identification:_identify(src/ros2_usb_camera) by extensions ['ignore', 'ignore_ament_install']
[24.658s] Level 1:colcon.colcon_core.package_identification:_identify(src/ros2_usb_camera) by extension 'ignore'
[24.658s] Level 1:colcon.colcon_core.package_identification:_identify(src/ros2_usb_camera) by extension 'ignore_ament_install'
[24.658s] Level 1:colcon.colcon_core.package_identification:_identify(src/ros2_usb_camera) by extensions ['colcon_pkg']
[24.658s] Level 1:colcon.colcon_core.package_identification:_identify(src/ros2_usb_camera) by extension 'colcon_pkg'
[24.658s] Level 1:colcon.colcon_core.package_identification:_identify(src/ros2_usb_camera) by extensions ['colcon_meta']
[24.659s] Level 1:colcon.colcon_core.package_identification:_identify(src/ros2_usb_camera) by extension 'colcon_meta'
[24.659s] Level 1:colcon.colcon_core.package_identification:_identify(src/ros2_usb_camera) by extensions ['ros']
[24.659s] Level 1:colcon.colcon_core.package_identification:_identify(src/ros2_usb_camera) by extension 'ros'
[24.735s] DEBUG:colcon.colcon_core.package_identification:Package 'src/ros2_usb_camera' with type 'ros.ament_cmake' and name 'usb_camera_driver'
[24.776s] Level 1:colcon.colcon_core.package_identification:_identify(src/rosbridge_suite) by extensions ['ignore', 'ignore_ament_install']
[24.777s] Level 1:colcon.colcon_core.package_identification:_identify(src/rosbridge_suite) by extension 'ignore'
[24.777s] Level 1:colcon.colcon_core.package_identification:_identify(src/rosbridge_suite) by extension 'ignore_ament_install'
[24.777s] Level 1:colcon.colcon_core.package_identification:_identify(src/rosbridge_suite) by extensions ['colcon_pkg']
[24.777s] Level 1:colcon.colcon_core.package_identification:_identify(src/rosbridge_suite) by extension 'colcon_pkg'
[24.777s] Level 1:colcon.colcon_core.package_identification:_identify(src/rosbridge_suite) by extensions ['colcon_meta']
[24.777s] Level 1:colcon.colcon_core.package_identification:_identify(src/rosbridge_suite) by extension 'colcon_meta'
[24.777s] Level 1:colcon.colcon_core.package_identification:_identify(src/rosbridge_suite) by extensions ['ros']
[24.777s] Level 1:colcon.colcon_core.package_identification:_identify(src/rosbridge_suite) by extension 'ros'
[24.778s] Level 1:colcon.colcon_core.package_identification:_identify(src/rosbridge_suite) by extensions ['cmake', 'python']
[24.778s] Level 1:colcon.colcon_core.package_identification:_identify(src/rosbridge_suite) by extension 'cmake'
[24.778s] Level 1:colcon.colcon_core.package_identification:_identify(src/rosbridge_suite) by extension 'python'
[24.778s] Level 1:colcon.colcon_core.package_identification:_identify(src/rosbridge_suite) by extensions ['python_setup_py']
[24.778s] Level 1:colcon.colcon_core.package_identification:_identify(src/rosbridge_suite) by extension 'python_setup_py'
[24.800s] Level 1:colcon.colcon_core.package_identification:_identify(src/rosbridge_suite/rosapi) by extensions ['ignore', 'ignore_ament_install']
[24.801s] Level 1:colcon.colcon_core.package_identification:_identify(src/rosbridge_suite/rosapi) by extension 'ignore'
[24.801s] Level 1:colcon.colcon_core.package_identification:_identify(src/rosbridge_suite/rosapi) by extension 'ignore_ament_install'
[24.801s] Level 1:colcon.colcon_core.package_identification:_identify(src/rosbridge_suite/rosapi) by extensions ['colcon_pkg']
[24.801s] Level 1:colcon.colcon_core.package_identification:_identify(src/rosbridge_suite/rosapi) by extension 'colcon_pkg'
[24.801s] Level 1:colcon.colcon_core.package_identification:_identify(src/rosbridge_suite/rosapi) by extensions ['colcon_meta']
[24.801s] Level 1:colcon.colcon_core.package_identification:_identify(src/rosbridge_suite/rosapi) by extension 'colcon_meta'
[24.801s] Level 1:colcon.colcon_core.package_identification:_identify(src/rosbridge_suite/rosapi) by extensions ['ros']
[24.801s] Level 1:colcon.colcon_core.package_identification:_identify(src/rosbridge_suite/rosapi) by extension 'ros'
[24.830s] DEBUG:colcon.colcon_core.package_identification:Package 'src/rosbridge_suite/rosapi' with type 'ros.ament_cmake' and name 'rosapi'
[24.831s] Level 1:colcon.colcon_core.package_identification:_identify(src/rosbridge_suite/rosapi_msgs) by extensions ['ignore', 'ignore_ament_install']
[24.831s] Level 1:colcon.colcon_core.package_identification:_identify(src/rosbridge_suite/rosapi_msgs) by extension 'ignore'
[24.832s] Level 1:colcon.colcon_core.package_identification:_identify(src/rosbridge_suite/rosapi_msgs) by extension 'ignore_ament_install'
[24.832s] Level 1:colcon.colcon_core.package_identification:_identify(src/rosbridge_suite/rosapi_msgs) by extensions ['colcon_pkg']
[24.832s] Level 1:colcon.colcon_core.package_identification:_identify(src/rosbridge_suite/rosapi_msgs) by extension 'colcon_pkg'
[24.832s] Level 1:colcon.colcon_core.package_identification:_identify(src/rosbridge_suite/rosapi_msgs) by extensions ['colcon_meta']
[24.832s] Level 1:colcon.colcon_core.package_identification:_identify(src/rosbridge_suite/rosapi_msgs) by extension 'colcon_meta'
[24.832s] Level 1:colcon.colcon_core.package_identification:_identify(src/rosbridge_suite/rosapi_msgs) by extensions ['ros']
[24.832s] Level 1:colcon.colcon_core.package_identification:_identify(src/rosbridge_suite/rosapi_msgs) by extension 'ros'
[24.844s] DEBUG:colcon.colcon_core.package_identification:Package 'src/rosbridge_suite/rosapi_msgs' with type 'ros.ament_cmake' and name 'rosapi_msgs'
[24.865s] Level 1:colcon.colcon_core.package_identification:_identify(src/rosbridge_suite/rosbridge_library) by extensions ['ignore', 'ignore_ament_install']
[24.865s] Level 1:colcon.colcon_core.package_identification:_identify(src/rosbridge_suite/rosbridge_library) by extension 'ignore'
[24.866s] Level 1:colcon.colcon_core.package_identification:_identify(src/rosbridge_suite/rosbridge_library) by extension 'ignore_ament_install'
[24.866s] Level 1:colcon.colcon_core.package_identification:_identify(src/rosbridge_suite/rosbridge_library) by extensions ['colcon_pkg']
[24.866s] Level 1:colcon.colcon_core.package_identification:_identify(src/rosbridge_suite/rosbridge_library) by extension 'colcon_pkg'
[24.866s] Level 1:colcon.colcon_core.package_identification:_identify(src/rosbridge_suite/rosbridge_library) by extensions ['colcon_meta']
[24.867s] Level 1:colcon.colcon_core.package_identification:_identify(src/rosbridge_suite/rosbridge_library) by extension 'colcon_meta'
[24.867s] Level 1:colcon.colcon_core.package_identification:_identify(src/rosbridge_suite/rosbridge_library) by extensions ['ros']
[24.867s] Level 1:colcon.colcon_core.package_identification:_identify(src/rosbridge_suite/rosbridge_library) by extension 'ros'
[24.880s] DEBUG:colcon.colcon_core.package_identification:Package 'src/rosbridge_suite/rosbridge_library' with type 'ros.ament_cmake' and name 'rosbridge_library'
[24.910s] Level 1:colcon.colcon_core.package_identification:_identify(src/rosbridge_suite/rosbridge_msgs) by extensions ['ignore', 'ignore_ament_install']
[24.911s] Level 1:colcon.colcon_core.package_identification:_identify(src/rosbridge_suite/rosbridge_msgs) by extension 'ignore'
[24.911s] Level 1:colcon.colcon_core.package_identification:_identify(src/rosbridge_suite/rosbridge_msgs) by extension 'ignore_ament_install'
[24.911s] Level 1:colcon.colcon_core.package_identification:_identify(src/rosbridge_suite/rosbridge_msgs) by extensions ['colcon_pkg']
[24.911s] Level 1:colcon.colcon_core.package_identification:_identify(src/rosbridge_suite/rosbridge_msgs) by extension 'colcon_pkg'
[24.911s] Level 1:colcon.colcon_core.package_identification:_identify(src/rosbridge_suite/rosbridge_msgs) by extensions ['colcon_meta']
[24.911s] Level 1:colcon.colcon_core.package_identification:_identify(src/rosbridge_suite/rosbridge_msgs) by extension 'colcon_meta'
[24.911s] Level 1:colcon.colcon_core.package_identification:_identify(src/rosbridge_suite/rosbridge_msgs) by extensions ['ros']
[24.912s] Level 1:colcon.colcon_core.package_identification:_identify(src/rosbridge_suite/rosbridge_msgs) by extension 'ros'
[24.951s] DEBUG:colcon.colcon_core.package_identification:Package 'src/rosbridge_suite/rosbridge_msgs' with type 'ros.ament_cmake' and name 'rosbridge_msgs'
[24.971s] Level 1:colcon.colcon_core.package_identification:_identify(src/rosbridge_suite/rosbridge_server) by extensions ['ignore', 'ignore_ament_install']
[24.971s] Level 1:colcon.colcon_core.package_identification:_identify(src/rosbridge_suite/rosbridge_server) by extension 'ignore'
[24.971s] Level 1:colcon.colcon_core.package_identification:_identify(src/rosbridge_suite/rosbridge_server) by extension 'ignore_ament_install'
[24.971s] Level 1:colcon.colcon_core.package_identification:_identify(src/rosbridge_suite/rosbridge_server) by extensions ['colcon_pkg']
[24.972s] Level 1:colcon.colcon_core.package_identification:_identify(src/rosbridge_suite/rosbridge_server) by extension 'colcon_pkg'
[24.972s] Level 1:colcon.colcon_core.package_identification:_identify(src/rosbridge_suite/rosbridge_server) by extensions ['colcon_meta']
[24.972s] Level 1:colcon.colcon_core.package_identification:_identify(src/rosbridge_suite/rosbridge_server) by extension 'colcon_meta'
[24.972s] Level 1:colcon.colcon_core.package_identification:_identify(src/rosbridge_suite/rosbridge_server) by extensions ['ros']
[24.972s] Level 1:colcon.colcon_core.package_identification:_identify(src/rosbridge_suite/rosbridge_server) by extension 'ros'
[24.997s] DEBUG:colcon.colcon_core.package_identification:Package 'src/rosbridge_suite/rosbridge_server' with type 'ros.ament_cmake' and name 'rosbridge_server'
[25.014s] Level 1:colcon.colcon_core.package_identification:_identify(src/rosbridge_suite/rosbridge_suite) by extensions ['ignore', 'ignore_ament_install']
[25.015s] Level 1:colcon.colcon_core.package_identification:_identify(src/rosbridge_suite/rosbridge_suite) by extension 'ignore'
[25.015s] Level 1:colcon.colcon_core.package_identification:_identify(src/rosbridge_suite/rosbridge_suite) by extension 'ignore_ament_install'
[25.015s] Level 1:colcon.colcon_core.package_identification:_identify(src/rosbridge_suite/rosbridge_suite) by extensions ['colcon_pkg']
[25.015s] Level 1:colcon.colcon_core.package_identification:_identify(src/rosbridge_suite/rosbridge_suite) by extension 'colcon_pkg'
[25.015s] Level 1:colcon.colcon_core.package_identification:_identify(src/rosbridge_suite/rosbridge_suite) by extensions ['colcon_meta']
[25.015s] Level 1:colcon.colcon_core.package_identification:_identify(src/rosbridge_suite/rosbridge_suite) by extension 'colcon_meta'
[25.015s] Level 1:colcon.colcon_core.package_identification:_identify(src/rosbridge_suite/rosbridge_suite) by extensions ['ros']
[25.016s] Level 1:colcon.colcon_core.package_identification:_identify(src/rosbridge_suite/rosbridge_suite) by extension 'ros'
[25.042s] DEBUG:colcon.colcon_core.package_identification:Package 'src/rosbridge_suite/rosbridge_suite' with type 'ros.ament_cmake' and name 'rosbridge_suite'
[25.063s] Level 1:colcon.colcon_core.package_identification:_identify(src/rosbridge_suite/rosbridge_test_msgs) by extensions ['ignore', 'ignore_ament_install']
[25.063s] Level 1:colcon.colcon_core.package_identification:_identify(src/rosbridge_suite/rosbridge_test_msgs) by extension 'ignore'
[25.063s] Level 1:colcon.colcon_core.package_identification:_identify(src/rosbridge_suite/rosbridge_test_msgs) by extension 'ignore_ament_install'
[25.063s] Level 1:colcon.colcon_core.package_identification:_identify(src/rosbridge_suite/rosbridge_test_msgs) by extensions ['colcon_pkg']
[25.064s] Level 1:colcon.colcon_core.package_identification:_identify(src/rosbridge_suite/rosbridge_test_msgs) by extension 'colcon_pkg'
[25.064s] Level 1:colcon.colcon_core.package_identification:_identify(src/rosbridge_suite/rosbridge_test_msgs) by extensions ['colcon_meta']
[25.064s] Level 1:colcon.colcon_core.package_identification:_identify(src/rosbridge_suite/rosbridge_test_msgs) by extension 'colcon_meta'
[25.064s] Level 1:colcon.colcon_core.package_identification:_identify(src/rosbridge_suite/rosbridge_test_msgs) by extensions ['ros']
[25.064s] Level 1:colcon.colcon_core.package_identification:_identify(src/rosbridge_suite/rosbridge_test_msgs) by extension 'ros'
[25.070s] DEBUG:colcon.colcon_core.package_identification:Package 'src/rosbridge_suite/rosbridge_test_msgs' with type 'ros.ament_cmake' and name 'rosbridge_test_msgs'
[25.070s] Level 1:colcon.colcon_core.package_discovery:discover_packages(recursive) using defaults
[25.070s] Level 1:colcon.colcon_core.package_discovery:discover_packages(ignore) discover
[25.070s] Level 1:colcon.colcon_core.package_discovery:discover_packages(ignore) using defaults
[25.070s] Level 1:colcon.colcon_core.package_discovery:discover_packages(path) discover
[25.070s] Level 1:colcon.colcon_core.package_discovery:discover_packages(path) using defaults
[25.074s] WARNING:colcon.colcon_core.package_selection:ignoring unknown package 'monitoring-station-tfm' in --packages-select
[25.757s] INFO:colcon.colcon_core.package_selection:Skipping not selected package 'rosapi_msgs' in 'src/rosbridge_suite/rosapi_msgs'
[25.757s] INFO:colcon.colcon_core.package_selection:Skipping not selected package 'rosbridge_msgs' in 'src/rosbridge_suite/rosbridge_msgs'
[25.757s] INFO:colcon.colcon_core.package_selection:Skipping not selected package 'rosbridge_test_msgs' in 'src/rosbridge_suite/rosbridge_test_msgs'
[25.757s] INFO:colcon.colcon_core.package_selection:Skipping not selected package 'usb_camera_driver' in 'src/ros2_usb_camera'
[25.757s] INFO:colcon.colcon_core.package_selection:Skipping not selected package 'rosbridge_library' in 'src/rosbridge_suite/rosbridge_library'
[25.757s] INFO:colcon.colcon_core.package_selection:Skipping not selected package 'rosapi' in 'src/rosbridge_suite/rosapi'
[25.757s] INFO:colcon.colcon_core.package_selection:Skipping not selected package 'rosbridge_server' in 'src/rosbridge_suite/rosbridge_server'
[25.757s] INFO:colcon.colcon_core.package_selection:Skipping not selected package 'rosbridge_suite' in 'src/rosbridge_suite/rosbridge_suite'
[25.764s] Level 1:colcon.colcon_core.package_discovery:discover_packages(prefix_path) check parameters
[25.764s] Level 1:colcon.colcon_core.package_discovery:discover_packages(prefix_path) discover
[25.856s] DEBUG:colcon.colcon_installed_package_information.package_discovery:Found 258 installed packages in /opt/ros/foxy
[25.860s] Level 1:colcon.colcon_core.package_discovery:discover_packages(prefix_path) using defaults
[27.632s] INFO:colcon.colcon_core.executor:Executing jobs using 'parallel' executor
[27.640s] DEBUG:colcon.colcon_parallel_executor.executor.parallel:run_until_complete
[27.641s] DEBUG:colcon.colcon_parallel_executor.executor.parallel:closing loop
[27.641s] DEBUG:colcon.colcon_parallel_executor.executor.parallel:loop closed
[27.642s] DEBUG:colcon.colcon_parallel_executor.executor.parallel:run_until_complete finished with '0'
[27.642s] DEBUG:colcon.colcon_core.event_reactor:joining thread
[27.688s] INFO:colcon.colcon_core.plugin_system:Skipping extension 'colcon_notification.desktop_notification.terminal_notifier': Not used on non-Darwin systems
[27.688s] INFO:colcon.colcon_core.plugin_system:Skipping extension 'colcon_notification.desktop_notification.win32': Not used on non-Windows systems
[27.688s] INFO:colcon.colcon_notification.desktop_notification:Sending desktop notification using 'notify2'
[27.737s] DEBUG:colcon.colcon_core.event_reactor:joined thread
[28.133s] INFO:colcon.colcon_core.plugin_system:Skipping extension 'colcon_core.shell.bat': Not used on non-Windows systems
[28.133s] INFO:colcon.colcon_core.shell:Creating prefix script '/home/francisco/ros2-ws/install/local_setup.ps1'
[28.171s] INFO:colcon.colcon_core.shell:Creating prefix util module '/home/francisco/ros2-ws/install/_local_setup_util_ps1.py'
[28.190s] INFO:colcon.colcon_core.shell:Creating prefix chain script '/home/francisco/ros2-ws/install/setup.ps1'
[28.204s] INFO:colcon.colcon_core.shell:Creating prefix script '/home/francisco/ros2-ws/install/local_setup.sh'
[28.219s] INFO:colcon.colcon_core.shell:Creating prefix util module '/home/francisco/ros2-ws/install/_local_setup_util_sh.py'
[28.220s] INFO:colcon.colcon_core.shell:Creating prefix chain script '/home/francisco/ros2-ws/install/setup.sh'
[28.232s] INFO:colcon.colcon_core.shell:Creating prefix script '/home/francisco/ros2-ws/install/local_setup.bash'
[28.285s] INFO:colcon.colcon_core.shell:Creating prefix chain script '/home/francisco/ros2-ws/install/setup.bash'
[28.306s] INFO:colcon.colcon_core.shell:Creating prefix script '/home/francisco/ros2-ws/install/local_setup.zsh'
[28.331s] INFO:colcon.colcon_core.shell:Creating prefix chain script '/home/francisco/ros2-ws/install/setup.zsh'
