[3.202s] Invoking command in '/home/francisco/ros2-ws/src/camera_driver': PYTHONPATH=/home/francisco/ros2-ws/build/camera_driver/prefix_override:/home/francisco/ros2-ws/install/camera_driver/lib/python3.8/site-packages:${PYTHONPATH} /usr/bin/python3 setup.py egg_info --egg-base ../../build/camera_driver build --build-base /home/francisco/ros2-ws/build/camera_driver/build install --record /home/francisco/ros2-ws/build/camera_driver/install.log --install-scripts $base/lib/camera_driver --single-version-externally-managed
[4.095s] running egg_info
[4.098s] writing ../../build/camera_driver/camera_driver.egg-info/PKG-INFO
[4.100s] writing dependency_links to ../../build/camera_driver/camera_driver.egg-info/dependency_links.txt
[4.101s] writing entry points to ../../build/camera_driver/camera_driver.egg-info/entry_points.txt
[4.102s] writing requirements to ../../build/camera_driver/camera_driver.egg-info/requires.txt
[4.103s] writing top-level names to ../../build/camera_driver/camera_driver.egg-info/top_level.txt
[4.252s] reading manifest file '../../build/camera_driver/camera_driver.egg-info/SOURCES.txt'
[4.256s] writing manifest file '../../build/camera_driver/camera_driver.egg-info/SOURCES.txt'
[4.256s] running build
[4.257s] running build_py
[4.258s] running install
[4.261s] running install_lib
[4.266s] running install_data
[4.268s] running install_egg_info
[4.274s] removing '/home/francisco/ros2-ws/install/camera_driver/lib/python3.8/site-packages/camera_driver-0.0.0-py3.8.egg-info' (and everything under it)
[4.275s] Copying ../../build/camera_driver/camera_driver.egg-info to /home/francisco/ros2-ws/install/camera_driver/lib/python3.8/site-packages/camera_driver-0.0.0-py3.8.egg-info
[4.278s] running install_scripts
[4.340s] Installing camera script to /home/francisco/ros2-ws/install/camera_driver/lib/camera_driver
[4.341s] Installing camera-usb script to /home/francisco/ros2-ws/install/camera_driver/lib/camera_driver
[4.342s] writing list of installed files to '/home/francisco/ros2-ws/build/camera_driver/install.log'
[4.423s] Invoked command in '/home/francisco/ros2-ws/src/camera_driver' returned '0': PYTHONPATH=/home/francisco/ros2-ws/build/camera_driver/prefix_override:/home/francisco/ros2-ws/install/camera_driver/lib/python3.8/site-packages:${PYTHONPATH} /usr/bin/python3 setup.py egg_info --egg-base ../../build/camera_driver build --build-base /home/francisco/ros2-ws/build/camera_driver/build install --record /home/francisco/ros2-ws/build/camera_driver/install.log --install-scripts $base/lib/camera_driver --single-version-externally-managed
