[0.088s] Invoking command in '/home/francisco/ros2-ws/build/rosapi_msgs': /usr/bin/cmake --build /home/francisco/ros2-ws/build/rosapi_msgs -- -j4 -l4
[1.636s] [  0%] Built target rosapi_msgs__cpp
[1.636s] [ 12%] Built target rosapi_msgs__rosidl_generator_c
[1.636s] [ 34%] Built target rosapi_msgs__rosidl_typesupport_cpp
[1.637s] [ 37%] Built target rosapi_msgs__rosidl_typesupport_introspection_cpp
[1.637s] [ 49%] Built target rosapi_msgs__rosidl_typesupport_introspection_c
[1.637s] [ 61%] Built target rosapi_msgs__rosidl_typesupport_fastrtps_cpp
[1.638s] [ 73%] Built target rosapi_msgs__rosidl_typesupport_c
[1.638s] [ 85%] Built target rosapi_msgs__rosidl_typesupport_fastrtps_c
[1.638s] [ 85%] Built target rosapi_msgs
[1.639s] [ 85%] Built target rosapi_msgs__py
[1.759s] [ 97%] Built target rosapi_msgs__python
[1.940s] [ 98%] Built target rosapi_msgs__rosidl_typesupport_introspection_c__pyext
[1.952s] [ 99%] Built target rosapi_msgs__rosidl_typesupport_c__pyext
[1.969s] [100%] Built target rosapi_msgs__rosidl_typesupport_fastrtps_c__pyext
[2.021s] Invoked command in '/home/francisco/ros2-ws/build/rosapi_msgs' returned '0': /usr/bin/cmake --build /home/francisco/ros2-ws/build/rosapi_msgs -- -j4 -l4
[3.614s] Invoking command in '/home/francisco/ros2-ws/build/rosapi_msgs': /usr/bin/cmake --install /home/francisco/ros2-ws/build/rosapi_msgs
[3.675s] -- Install configuration: ""
[3.676s] -- Up-to-date: /home/francisco/ros2-ws/install/rosapi_msgs/share/ament_index/resource_index/rosidl_interfaces/rosapi_msgs
[3.678s] -- Up-to-date: /home/francisco/ros2-ws/install/rosapi_msgs/include/rosapi_msgs
[3.678s] -- Up-to-date: /home/francisco/ros2-ws/install/rosapi_msgs/include/rosapi_msgs/srv
[3.679s] -- Up-to-date: /home/francisco/ros2-ws/install/rosapi_msgs/include/rosapi_msgs/srv/get_param_names.h
[3.682s] -- Up-to-date: /home/francisco/ros2-ws/install/rosapi_msgs/include/rosapi_msgs/srv/services_for_type.h
[3.683s] -- Up-to-date: /home/francisco/ros2-ws/install/rosapi_msgs/include/rosapi_msgs/srv/detail
[3.683s] -- Up-to-date: /home/francisco/ros2-ws/install/rosapi_msgs/include/rosapi_msgs/srv/detail/get_ros_version__type_support.h
[3.683s] -- Up-to-date: /home/francisco/ros2-ws/install/rosapi_msgs/include/rosapi_msgs/srv/detail/delete_param__struct.h
[3.684s] -- Up-to-date: /home/francisco/ros2-ws/install/rosapi_msgs/include/rosapi_msgs/srv/detail/publishers__functions.h
[3.684s] -- Up-to-date: /home/francisco/ros2-ws/install/rosapi_msgs/include/rosapi_msgs/srv/detail/get_param__struct.h
[3.685s] -- Up-to-date: /home/francisco/ros2-ws/install/rosapi_msgs/include/rosapi_msgs/srv/detail/delete_param__functions.h
[3.686s] -- Up-to-date: /home/francisco/ros2-ws/install/rosapi_msgs/include/rosapi_msgs/srv/detail/service_type__type_support.h
[3.687s] -- Up-to-date: /home/francisco/ros2-ws/install/rosapi_msgs/include/rosapi_msgs/srv/detail/delete_param__functions.c
[3.687s] -- Up-to-date: /home/francisco/ros2-ws/install/rosapi_msgs/include/rosapi_msgs/srv/detail/set_param__struct.h
[3.687s] -- Up-to-date: /home/francisco/ros2-ws/install/rosapi_msgs/include/rosapi_msgs/srv/detail/service_request_details__functions.c
[3.688s] -- Up-to-date: /home/francisco/ros2-ws/install/rosapi_msgs/include/rosapi_msgs/srv/detail/topic_type__struct.h
[3.688s] -- Up-to-date: /home/francisco/ros2-ws/install/rosapi_msgs/include/rosapi_msgs/srv/detail/topics__functions.c
[3.688s] -- Up-to-date: /home/francisco/ros2-ws/install/rosapi_msgs/include/rosapi_msgs/srv/detail/service_providers__functions.h
[3.689s] -- Up-to-date: /home/francisco/ros2-ws/install/rosapi_msgs/include/rosapi_msgs/srv/detail/services_for_type__functions.c
[3.689s] -- Up-to-date: /home/francisco/ros2-ws/install/rosapi_msgs/include/rosapi_msgs/srv/detail/topics__struct.h
[3.689s] -- Up-to-date: /home/francisco/ros2-ws/install/rosapi_msgs/include/rosapi_msgs/srv/detail/get_ros_version__struct.h
[3.690s] -- Up-to-date: /home/francisco/ros2-ws/install/rosapi_msgs/include/rosapi_msgs/srv/detail/get_action_servers__type_support.h
[3.690s] -- Up-to-date: /home/francisco/ros2-ws/install/rosapi_msgs/include/rosapi_msgs/srv/detail/set_param__type_support.h
[3.690s] -- Up-to-date: /home/francisco/ros2-ws/install/rosapi_msgs/include/rosapi_msgs/srv/detail/services__functions.h
[3.690s] -- Up-to-date: /home/francisco/ros2-ws/install/rosapi_msgs/include/rosapi_msgs/srv/detail/service_node__struct.h
[3.691s] -- Up-to-date: /home/francisco/ros2-ws/install/rosapi_msgs/include/rosapi_msgs/srv/detail/services__struct.h
[3.700s] -- Up-to-date: /home/francisco/ros2-ws/install/rosapi_msgs/include/rosapi_msgs/srv/detail/subscribers__functions.c
[3.706s] -- Up-to-date: /home/francisco/ros2-ws/install/rosapi_msgs/include/rosapi_msgs/srv/detail/service_node__functions.h
[3.710s] -- Up-to-date: /home/francisco/ros2-ws/install/rosapi_msgs/include/rosapi_msgs/srv/detail/service_type__struct.h
[3.711s] -- Up-to-date: /home/francisco/ros2-ws/install/rosapi_msgs/include/rosapi_msgs/srv/detail/service_type__functions.c
[3.711s] -- Up-to-date: /home/francisco/ros2-ws/install/rosapi_msgs/include/rosapi_msgs/srv/detail/service_node__functions.c
[3.713s] -- Up-to-date: /home/francisco/ros2-ws/install/rosapi_msgs/include/rosapi_msgs/srv/detail/message_details__functions.c
[3.714s] -- Up-to-date: /home/francisco/ros2-ws/install/rosapi_msgs/include/rosapi_msgs/srv/detail/service_request_details__type_support.h
[3.717s] -- Up-to-date: /home/francisco/ros2-ws/install/rosapi_msgs/include/rosapi_msgs/srv/detail/nodes__struct.h
[3.718s] -- Up-to-date: /home/francisco/ros2-ws/install/rosapi_msgs/include/rosapi_msgs/srv/detail/subscribers__struct.h
[3.813s] -- Up-to-date: /home/francisco/ros2-ws/install/rosapi_msgs/include/rosapi_msgs/srv/detail/get_time__functions.h
[3.814s] -- Up-to-date: /home/francisco/ros2-ws/install/rosapi_msgs/include/rosapi_msgs/srv/detail/services__type_support.h
[3.814s] -- Up-to-date: /home/francisco/ros2-ws/install/rosapi_msgs/include/rosapi_msgs/srv/detail/get_ros_version__functions.c
[3.814s] -- Up-to-date: /home/francisco/ros2-ws/install/rosapi_msgs/include/rosapi_msgs/srv/detail/delete_param__type_support.h
[3.815s] -- Up-to-date: /home/francisco/ros2-ws/install/rosapi_msgs/include/rosapi_msgs/srv/detail/get_action_servers__functions.h
[3.815s] -- Up-to-date: /home/francisco/ros2-ws/install/rosapi_msgs/include/rosapi_msgs/srv/detail/has_param__struct.h
[3.815s] -- Up-to-date: /home/francisco/ros2-ws/install/rosapi_msgs/include/rosapi_msgs/srv/detail/get_time__type_support.h
[3.815s] -- Up-to-date: /home/francisco/ros2-ws/install/rosapi_msgs/include/rosapi_msgs/srv/detail/get_time__struct.h
[3.816s] -- Up-to-date: /home/francisco/ros2-ws/install/rosapi_msgs/include/rosapi_msgs/srv/detail/get_param__functions.c
[3.816s] -- Up-to-date: /home/francisco/ros2-ws/install/rosapi_msgs/include/rosapi_msgs/srv/detail/nodes__functions.c
[3.818s] -- Up-to-date: /home/francisco/ros2-ws/install/rosapi_msgs/include/rosapi_msgs/srv/detail/topics_and_raw_types__functions.h
[3.818s] -- Up-to-date: /home/francisco/ros2-ws/install/rosapi_msgs/include/rosapi_msgs/srv/detail/node_details__functions.c
[3.819s] -- Up-to-date: /home/francisco/ros2-ws/install/rosapi_msgs/include/rosapi_msgs/srv/detail/service_type__functions.h
[3.819s] -- Up-to-date: /home/francisco/ros2-ws/install/rosapi_msgs/include/rosapi_msgs/srv/detail/get_param__type_support.h
[3.819s] -- Up-to-date: /home/francisco/ros2-ws/install/rosapi_msgs/include/rosapi_msgs/srv/detail/services__functions.c
[3.820s] -- Up-to-date: /home/francisco/ros2-ws/install/rosapi_msgs/include/rosapi_msgs/srv/detail/service_request_details__functions.h
[3.820s] -- Up-to-date: /home/francisco/ros2-ws/install/rosapi_msgs/include/rosapi_msgs/srv/detail/service_response_details__functions.c
[3.820s] -- Up-to-date: /home/francisco/ros2-ws/install/rosapi_msgs/include/rosapi_msgs/srv/detail/service_request_details__struct.h
[3.821s] -- Up-to-date: /home/francisco/ros2-ws/install/rosapi_msgs/include/rosapi_msgs/srv/detail/topics_for_type__functions.h
[3.821s] -- Up-to-date: /home/francisco/ros2-ws/install/rosapi_msgs/include/rosapi_msgs/srv/detail/node_details__type_support.h
[3.821s] -- Up-to-date: /home/francisco/ros2-ws/install/rosapi_msgs/include/rosapi_msgs/srv/detail/service_providers__functions.c
[3.822s] -- Up-to-date: /home/francisco/ros2-ws/install/rosapi_msgs/include/rosapi_msgs/srv/detail/node_details__functions.h
[3.822s] -- Up-to-date: /home/francisco/ros2-ws/install/rosapi_msgs/include/rosapi_msgs/srv/detail/service_providers__type_support.h
[3.822s] -- Up-to-date: /home/francisco/ros2-ws/install/rosapi_msgs/include/rosapi_msgs/srv/detail/get_action_servers__functions.c
[3.822s] -- Up-to-date: /home/francisco/ros2-ws/install/rosapi_msgs/include/rosapi_msgs/srv/detail/message_details__struct.h
[3.823s] -- Up-to-date: /home/francisco/ros2-ws/install/rosapi_msgs/include/rosapi_msgs/srv/detail/service_response_details__functions.h
[3.823s] -- Up-to-date: /home/francisco/ros2-ws/install/rosapi_msgs/include/rosapi_msgs/srv/detail/has_param__type_support.h
[3.823s] -- Up-to-date: /home/francisco/ros2-ws/install/rosapi_msgs/include/rosapi_msgs/srv/detail/publishers__functions.c
[3.824s] -- Up-to-date: /home/francisco/ros2-ws/install/rosapi_msgs/include/rosapi_msgs/srv/detail/get_time__functions.c
[3.824s] -- Up-to-date: /home/francisco/ros2-ws/install/rosapi_msgs/include/rosapi_msgs/srv/detail/topics__type_support.h
[3.824s] -- Up-to-date: /home/francisco/ros2-ws/install/rosapi_msgs/include/rosapi_msgs/srv/detail/services_for_type__type_support.h
[3.825s] -- Up-to-date: /home/francisco/ros2-ws/install/rosapi_msgs/include/rosapi_msgs/srv/detail/service_response_details__struct.h
[3.825s] -- Up-to-date: /home/francisco/ros2-ws/install/rosapi_msgs/include/rosapi_msgs/srv/detail/get_action_servers__struct.h
[3.825s] -- Up-to-date: /home/francisco/ros2-ws/install/rosapi_msgs/include/rosapi_msgs/srv/detail/set_param__functions.h
[3.825s] -- Up-to-date: /home/francisco/ros2-ws/install/rosapi_msgs/include/rosapi_msgs/srv/detail/subscribers__type_support.h
[3.866s] -- Up-to-date: /home/francisco/ros2-ws/install/rosapi_msgs/include/rosapi_msgs/srv/detail/subscribers__functions.h
[3.866s] -- Up-to-date: /home/francisco/ros2-ws/install/rosapi_msgs/include/rosapi_msgs/srv/detail/topic_type__functions.h
[3.867s] -- Up-to-date: /home/francisco/ros2-ws/install/rosapi_msgs/include/rosapi_msgs/srv/detail/publishers__struct.h
[3.867s] -- Up-to-date: /home/francisco/ros2-ws/install/rosapi_msgs/include/rosapi_msgs/srv/detail/topics_and_raw_types__struct.h
[3.867s] -- Up-to-date: /home/francisco/ros2-ws/install/rosapi_msgs/include/rosapi_msgs/srv/detail/topic_type__type_support.h
[3.868s] -- Up-to-date: /home/francisco/ros2-ws/install/rosapi_msgs/include/rosapi_msgs/srv/detail/service_response_details__type_support.h
[3.868s] -- Up-to-date: /home/francisco/ros2-ws/install/rosapi_msgs/include/rosapi_msgs/srv/detail/service_providers__struct.h
[3.872s] -- Up-to-date: /home/francisco/ros2-ws/install/rosapi_msgs/include/rosapi_msgs/srv/detail/message_details__type_support.h
[3.873s] -- Up-to-date: /home/francisco/ros2-ws/install/rosapi_msgs/include/rosapi_msgs/srv/detail/publishers__type_support.h
[3.873s] -- Up-to-date: /home/francisco/ros2-ws/install/rosapi_msgs/include/rosapi_msgs/srv/detail/service_node__type_support.h
[3.873s] -- Up-to-date: /home/francisco/ros2-ws/install/rosapi_msgs/include/rosapi_msgs/srv/detail/topics_for_type__type_support.h
[3.874s] -- Up-to-date: /home/francisco/ros2-ws/install/rosapi_msgs/include/rosapi_msgs/srv/detail/topics__functions.h
[3.874s] -- Up-to-date: /home/francisco/ros2-ws/install/rosapi_msgs/include/rosapi_msgs/srv/detail/services_for_type__struct.h
[3.874s] -- Up-to-date: /home/francisco/ros2-ws/install/rosapi_msgs/include/rosapi_msgs/srv/detail/has_param__functions.c
[3.875s] -- Up-to-date: /home/francisco/ros2-ws/install/rosapi_msgs/include/rosapi_msgs/srv/detail/get_ros_version__functions.h
[3.875s] -- Up-to-date: /home/francisco/ros2-ws/install/rosapi_msgs/include/rosapi_msgs/srv/detail/get_param_names__type_support.h
[3.875s] -- Up-to-date: /home/francisco/ros2-ws/install/rosapi_msgs/include/rosapi_msgs/srv/detail/topics_and_raw_types__functions.c
[3.875s] -- Up-to-date: /home/francisco/ros2-ws/install/rosapi_msgs/include/rosapi_msgs/srv/detail/set_param__functions.c
[3.876s] -- Up-to-date: /home/francisco/ros2-ws/install/rosapi_msgs/include/rosapi_msgs/srv/detail/nodes__type_support.h
[3.876s] -- Up-to-date: /home/francisco/ros2-ws/install/rosapi_msgs/include/rosapi_msgs/srv/detail/topics_for_type__struct.h
[3.877s] -- Up-to-date: /home/francisco/ros2-ws/install/rosapi_msgs/include/rosapi_msgs/srv/detail/get_param__functions.h
[3.877s] -- Up-to-date: /home/francisco/ros2-ws/install/rosapi_msgs/include/rosapi_msgs/srv/detail/topics_and_raw_types__type_support.h
[3.877s] -- Up-to-date: /home/francisco/ros2-ws/install/rosapi_msgs/include/rosapi_msgs/srv/detail/get_param_names__struct.h
[3.878s] -- Up-to-date: /home/francisco/ros2-ws/install/rosapi_msgs/include/rosapi_msgs/srv/detail/topic_type__functions.c
[3.878s] -- Up-to-date: /home/francisco/ros2-ws/install/rosapi_msgs/include/rosapi_msgs/srv/detail/services_for_type__functions.h
[3.878s] -- Up-to-date: /home/francisco/ros2-ws/install/rosapi_msgs/include/rosapi_msgs/srv/detail/nodes__functions.h
[3.878s] -- Up-to-date: /home/francisco/ros2-ws/install/rosapi_msgs/include/rosapi_msgs/srv/detail/get_param_names__functions.c
[3.879s] -- Up-to-date: /home/francisco/ros2-ws/install/rosapi_msgs/include/rosapi_msgs/srv/detail/message_details__functions.h
[3.879s] -- Up-to-date: /home/francisco/ros2-ws/install/rosapi_msgs/include/rosapi_msgs/srv/detail/node_details__struct.h
[3.879s] -- Up-to-date: /home/francisco/ros2-ws/install/rosapi_msgs/include/rosapi_msgs/srv/detail/topics_for_type__functions.c
[3.880s] -- Up-to-date: /home/francisco/ros2-ws/install/rosapi_msgs/include/rosapi_msgs/srv/detail/has_param__functions.h
[3.880s] -- Up-to-date: /home/francisco/ros2-ws/install/rosapi_msgs/include/rosapi_msgs/srv/detail/get_param_names__functions.h
[3.880s] -- Up-to-date: /home/francisco/ros2-ws/install/rosapi_msgs/include/rosapi_msgs/srv/get_action_servers.h
[3.881s] -- Up-to-date: /home/francisco/ros2-ws/install/rosapi_msgs/include/rosapi_msgs/srv/services.h
[3.881s] -- Up-to-date: /home/francisco/ros2-ws/install/rosapi_msgs/include/rosapi_msgs/srv/get_time.h
[3.881s] -- Up-to-date: /home/francisco/ros2-ws/install/rosapi_msgs/include/rosapi_msgs/srv/topic_type.h
[3.884s] -- Up-to-date: /home/francisco/ros2-ws/install/rosapi_msgs/include/rosapi_msgs/srv/delete_param.h
[3.884s] -- Up-to-date: /home/francisco/ros2-ws/install/rosapi_msgs/include/rosapi_msgs/srv/topics_for_type.h
[3.884s] -- Up-to-date: /home/francisco/ros2-ws/install/rosapi_msgs/include/rosapi_msgs/srv/get_param.h
[3.885s] -- Up-to-date: /home/francisco/ros2-ws/install/rosapi_msgs/include/rosapi_msgs/srv/node_details.h
[3.885s] -- Up-to-date: /home/francisco/ros2-ws/install/rosapi_msgs/include/rosapi_msgs/srv/get_ros_version.h
[3.885s] -- Up-to-date: /home/francisco/ros2-ws/install/rosapi_msgs/include/rosapi_msgs/srv/service_node.h
[3.886s] -- Up-to-date: /home/francisco/ros2-ws/install/rosapi_msgs/include/rosapi_msgs/srv/subscribers.h
[3.886s] -- Up-to-date: /home/francisco/ros2-ws/install/rosapi_msgs/include/rosapi_msgs/srv/nodes.h
[3.886s] -- Up-to-date: /home/francisco/ros2-ws/install/rosapi_msgs/include/rosapi_msgs/srv/publishers.h
[3.886s] -- Up-to-date: /home/francisco/ros2-ws/install/rosapi_msgs/include/rosapi_msgs/srv/service_providers.h
[3.887s] -- Up-to-date: /home/francisco/ros2-ws/install/rosapi_msgs/include/rosapi_msgs/srv/topics_and_raw_types.h
[3.887s] -- Up-to-date: /home/francisco/ros2-ws/install/rosapi_msgs/include/rosapi_msgs/srv/message_details.h
[3.887s] -- Up-to-date: /home/francisco/ros2-ws/install/rosapi_msgs/include/rosapi_msgs/srv/service_response_details.h
[3.888s] -- Up-to-date: /home/francisco/ros2-ws/install/rosapi_msgs/include/rosapi_msgs/srv/has_param.h
[3.888s] -- Up-to-date: /home/francisco/ros2-ws/install/rosapi_msgs/include/rosapi_msgs/srv/topics.h
[3.888s] -- Up-to-date: /home/francisco/ros2-ws/install/rosapi_msgs/include/rosapi_msgs/srv/service_request_details.h
[3.889s] -- Up-to-date: /home/francisco/ros2-ws/install/rosapi_msgs/include/rosapi_msgs/srv/set_param.h
[3.889s] -- Up-to-date: /home/francisco/ros2-ws/install/rosapi_msgs/include/rosapi_msgs/srv/service_type.h
[3.889s] -- Up-to-date: /home/francisco/ros2-ws/install/rosapi_msgs/include/rosapi_msgs/msg
[3.890s] -- Up-to-date: /home/francisco/ros2-ws/install/rosapi_msgs/include/rosapi_msgs/msg/detail
[3.890s] -- Up-to-date: /home/francisco/ros2-ws/install/rosapi_msgs/include/rosapi_msgs/msg/detail/type_def__functions.h
[3.890s] -- Up-to-date: /home/francisco/ros2-ws/install/rosapi_msgs/include/rosapi_msgs/msg/detail/type_def__type_support.h
[3.891s] -- Up-to-date: /home/francisco/ros2-ws/install/rosapi_msgs/include/rosapi_msgs/msg/detail/type_def__struct.h
[3.891s] -- Up-to-date: /home/francisco/ros2-ws/install/rosapi_msgs/include/rosapi_msgs/msg/detail/type_def__functions.c
[3.891s] -- Up-to-date: /home/francisco/ros2-ws/install/rosapi_msgs/include/rosapi_msgs/msg/type_def.h
[3.892s] -- Up-to-date: /home/francisco/ros2-ws/install/rosapi_msgs/include/rosapi_msgs/msg/rosidl_generator_c__visibility_control.h
[3.892s] -- Up-to-date: /home/francisco/ros2-ws/install/rosapi_msgs/share/rosapi_msgs/environment/library_path.sh
[3.892s] -- Up-to-date: /home/francisco/ros2-ws/install/rosapi_msgs/share/rosapi_msgs/environment/library_path.dsv
[3.893s] -- Up-to-date: /home/francisco/ros2-ws/install/rosapi_msgs/lib/librosapi_msgs__rosidl_generator_c.so
[3.893s] -- Up-to-date: /home/francisco/ros2-ws/install/rosapi_msgs/include/rosapi_msgs
[3.893s] -- Up-to-date: /home/francisco/ros2-ws/install/rosapi_msgs/include/rosapi_msgs/srv
[3.893s] -- Up-to-date: /home/francisco/ros2-ws/install/rosapi_msgs/include/rosapi_msgs/srv/detail
[3.894s] -- Up-to-date: /home/francisco/ros2-ws/install/rosapi_msgs/include/rosapi_msgs/srv/detail/service_request_details__rosidl_typesupport_fastrtps_c.h
[3.894s] -- Up-to-date: /home/francisco/ros2-ws/install/rosapi_msgs/include/rosapi_msgs/srv/detail/get_ros_version__rosidl_typesupport_fastrtps_c.h
[3.894s] -- Up-to-date: /home/francisco/ros2-ws/install/rosapi_msgs/include/rosapi_msgs/srv/detail/subscribers__rosidl_typesupport_fastrtps_c.h
[3.895s] -- Up-to-date: /home/francisco/ros2-ws/install/rosapi_msgs/include/rosapi_msgs/srv/detail/service_node__rosidl_typesupport_fastrtps_c.h
[3.895s] -- Up-to-date: /home/francisco/ros2-ws/install/rosapi_msgs/include/rosapi_msgs/srv/detail/has_param__rosidl_typesupport_fastrtps_c.h
[3.895s] -- Up-to-date: /home/francisco/ros2-ws/install/rosapi_msgs/include/rosapi_msgs/srv/detail/publishers__rosidl_typesupport_fastrtps_c.h
[3.896s] -- Up-to-date: /home/francisco/ros2-ws/install/rosapi_msgs/include/rosapi_msgs/srv/detail/service_providers__rosidl_typesupport_fastrtps_c.h
[3.897s] -- Up-to-date: /home/francisco/ros2-ws/install/rosapi_msgs/include/rosapi_msgs/srv/detail/topics_for_type__rosidl_typesupport_fastrtps_c.h
[3.897s] -- Up-to-date: /home/francisco/ros2-ws/install/rosapi_msgs/include/rosapi_msgs/srv/detail/topics__rosidl_typesupport_fastrtps_c.h
[3.897s] -- Up-to-date: /home/francisco/ros2-ws/install/rosapi_msgs/include/rosapi_msgs/srv/detail/get_param__rosidl_typesupport_fastrtps_c.h
[3.897s] -- Up-to-date: /home/francisco/ros2-ws/install/rosapi_msgs/include/rosapi_msgs/srv/detail/nodes__rosidl_typesupport_fastrtps_c.h
[3.898s] -- Up-to-date: /home/francisco/ros2-ws/install/rosapi_msgs/include/rosapi_msgs/srv/detail/node_details__rosidl_typesupport_fastrtps_c.h
[3.898s] -- Up-to-date: /home/francisco/ros2-ws/install/rosapi_msgs/include/rosapi_msgs/srv/detail/get_param_names__rosidl_typesupport_fastrtps_c.h
[3.898s] -- Up-to-date: /home/francisco/ros2-ws/install/rosapi_msgs/include/rosapi_msgs/srv/detail/services__rosidl_typesupport_fastrtps_c.h
[3.899s] -- Up-to-date: /home/francisco/ros2-ws/install/rosapi_msgs/include/rosapi_msgs/srv/detail/service_type__rosidl_typesupport_fastrtps_c.h
[3.899s] -- Up-to-date: /home/francisco/ros2-ws/install/rosapi_msgs/include/rosapi_msgs/srv/detail/get_action_servers__rosidl_typesupport_fastrtps_c.h
[3.899s] -- Up-to-date: /home/francisco/ros2-ws/install/rosapi_msgs/include/rosapi_msgs/srv/detail/message_details__rosidl_typesupport_fastrtps_c.h
[3.900s] -- Up-to-date: /home/francisco/ros2-ws/install/rosapi_msgs/include/rosapi_msgs/srv/detail/get_time__rosidl_typesupport_fastrtps_c.h
[3.900s] -- Up-to-date: /home/francisco/ros2-ws/install/rosapi_msgs/include/rosapi_msgs/srv/detail/topic_type__rosidl_typesupport_fastrtps_c.h
[3.900s] -- Up-to-date: /home/francisco/ros2-ws/install/rosapi_msgs/include/rosapi_msgs/srv/detail/topics_and_raw_types__rosidl_typesupport_fastrtps_c.h
[3.901s] -- Up-to-date: /home/francisco/ros2-ws/install/rosapi_msgs/include/rosapi_msgs/srv/detail/set_param__rosidl_typesupport_fastrtps_c.h
[3.901s] -- Up-to-date: /home/francisco/ros2-ws/install/rosapi_msgs/include/rosapi_msgs/srv/detail/service_response_details__rosidl_typesupport_fastrtps_c.h
[3.901s] -- Up-to-date: /home/francisco/ros2-ws/install/rosapi_msgs/include/rosapi_msgs/srv/detail/services_for_type__rosidl_typesupport_fastrtps_c.h
[3.902s] -- Up-to-date: /home/francisco/ros2-ws/install/rosapi_msgs/include/rosapi_msgs/srv/detail/delete_param__rosidl_typesupport_fastrtps_c.h
[3.902s] -- Up-to-date: /home/francisco/ros2-ws/install/rosapi_msgs/include/rosapi_msgs/msg
[3.902s] -- Up-to-date: /home/francisco/ros2-ws/install/rosapi_msgs/include/rosapi_msgs/msg/detail
[3.902s] -- Up-to-date: /home/francisco/ros2-ws/install/rosapi_msgs/include/rosapi_msgs/msg/detail/type_def__rosidl_typesupport_fastrtps_c.h
[3.903s] -- Up-to-date: /home/francisco/ros2-ws/install/rosapi_msgs/include/rosapi_msgs/msg/rosidl_typesupport_fastrtps_c__visibility_control.h
[3.903s] -- Up-to-date: /home/francisco/ros2-ws/install/rosapi_msgs/lib/librosapi_msgs__rosidl_typesupport_fastrtps_c.so
[3.903s] -- Up-to-date: /home/francisco/ros2-ws/install/rosapi_msgs/include/rosapi_msgs
[3.904s] -- Up-to-date: /home/francisco/ros2-ws/install/rosapi_msgs/include/rosapi_msgs/srv
[3.904s] -- Up-to-date: /home/francisco/ros2-ws/install/rosapi_msgs/include/rosapi_msgs/srv/detail
[3.908s] -- Up-to-date: /home/francisco/ros2-ws/install/rosapi_msgs/include/rosapi_msgs/srv/detail/node_details__rosidl_typesupport_fastrtps_cpp.hpp
[3.909s] -- Up-to-date: /home/francisco/ros2-ws/install/rosapi_msgs/include/rosapi_msgs/srv/detail/topics__rosidl_typesupport_fastrtps_cpp.hpp
[3.909s] -- Up-to-date: /home/francisco/ros2-ws/install/rosapi_msgs/include/rosapi_msgs/srv/detail/services__rosidl_typesupport_fastrtps_cpp.hpp
[3.910s] -- Up-to-date: /home/francisco/ros2-ws/install/rosapi_msgs/include/rosapi_msgs/srv/detail/service_request_details__rosidl_typesupport_fastrtps_cpp.hpp
[3.910s] -- Up-to-date: /home/francisco/ros2-ws/install/rosapi_msgs/include/rosapi_msgs/srv/detail/has_param__rosidl_typesupport_fastrtps_cpp.hpp
[3.912s] -- Up-to-date: /home/francisco/ros2-ws/install/rosapi_msgs/include/rosapi_msgs/srv/detail/subscribers__rosidl_typesupport_fastrtps_cpp.hpp
[3.912s] -- Up-to-date: /home/francisco/ros2-ws/install/rosapi_msgs/include/rosapi_msgs/srv/detail/service_type__rosidl_typesupport_fastrtps_cpp.hpp
[3.913s] -- Up-to-date: /home/francisco/ros2-ws/install/rosapi_msgs/include/rosapi_msgs/srv/detail/get_param__rosidl_typesupport_fastrtps_cpp.hpp
[3.913s] -- Up-to-date: /home/francisco/ros2-ws/install/rosapi_msgs/include/rosapi_msgs/srv/detail/get_ros_version__rosidl_typesupport_fastrtps_cpp.hpp
[3.913s] -- Up-to-date: /home/francisco/ros2-ws/install/rosapi_msgs/include/rosapi_msgs/srv/detail/service_response_details__rosidl_typesupport_fastrtps_cpp.hpp
[3.913s] -- Up-to-date: /home/francisco/ros2-ws/install/rosapi_msgs/include/rosapi_msgs/srv/detail/topics_and_raw_types__rosidl_typesupport_fastrtps_cpp.hpp
[3.914s] -- Up-to-date: /home/francisco/ros2-ws/install/rosapi_msgs/include/rosapi_msgs/srv/detail/services_for_type__rosidl_typesupport_fastrtps_cpp.hpp
[3.914s] -- Up-to-date: /home/francisco/ros2-ws/install/rosapi_msgs/include/rosapi_msgs/srv/detail/service_node__rosidl_typesupport_fastrtps_cpp.hpp
[3.914s] -- Up-to-date: /home/francisco/ros2-ws/install/rosapi_msgs/include/rosapi_msgs/srv/detail/message_details__rosidl_typesupport_fastrtps_cpp.hpp
[3.915s] -- Up-to-date: /home/francisco/ros2-ws/install/rosapi_msgs/include/rosapi_msgs/srv/detail/get_param_names__rosidl_typesupport_fastrtps_cpp.hpp
[3.915s] -- Up-to-date: /home/francisco/ros2-ws/install/rosapi_msgs/include/rosapi_msgs/srv/detail/dds_fastrtps
[3.915s] -- Up-to-date: /home/francisco/ros2-ws/install/rosapi_msgs/include/rosapi_msgs/srv/detail/get_time__rosidl_typesupport_fastrtps_cpp.hpp
[3.915s] -- Up-to-date: /home/francisco/ros2-ws/install/rosapi_msgs/include/rosapi_msgs/srv/detail/nodes__rosidl_typesupport_fastrtps_cpp.hpp
[3.916s] -- Up-to-date: /home/francisco/ros2-ws/install/rosapi_msgs/include/rosapi_msgs/srv/detail/topic_type__rosidl_typesupport_fastrtps_cpp.hpp
[3.916s] -- Up-to-date: /home/francisco/ros2-ws/install/rosapi_msgs/include/rosapi_msgs/srv/detail/set_param__rosidl_typesupport_fastrtps_cpp.hpp
[3.923s] -- Up-to-date: /home/francisco/ros2-ws/install/rosapi_msgs/include/rosapi_msgs/srv/detail/publishers__rosidl_typesupport_fastrtps_cpp.hpp
[3.923s] -- Up-to-date: /home/francisco/ros2-ws/install/rosapi_msgs/include/rosapi_msgs/srv/detail/get_action_servers__rosidl_typesupport_fastrtps_cpp.hpp
[3.924s] -- Up-to-date: /home/francisco/ros2-ws/install/rosapi_msgs/include/rosapi_msgs/srv/detail/topics_for_type__rosidl_typesupport_fastrtps_cpp.hpp
[3.924s] -- Up-to-date: /home/francisco/ros2-ws/install/rosapi_msgs/include/rosapi_msgs/srv/detail/delete_param__rosidl_typesupport_fastrtps_cpp.hpp
[3.924s] -- Up-to-date: /home/francisco/ros2-ws/install/rosapi_msgs/include/rosapi_msgs/srv/detail/service_providers__rosidl_typesupport_fastrtps_cpp.hpp
[3.925s] -- Up-to-date: /home/francisco/ros2-ws/install/rosapi_msgs/include/rosapi_msgs/msg
[3.925s] -- Up-to-date: /home/francisco/ros2-ws/install/rosapi_msgs/include/rosapi_msgs/msg/detail
[3.925s] -- Up-to-date: /home/francisco/ros2-ws/install/rosapi_msgs/include/rosapi_msgs/msg/detail/type_def__rosidl_typesupport_fastrtps_cpp.hpp
[3.926s] -- Up-to-date: /home/francisco/ros2-ws/install/rosapi_msgs/include/rosapi_msgs/msg/detail/dds_fastrtps
[3.926s] -- Up-to-date: /home/francisco/ros2-ws/install/rosapi_msgs/include/rosapi_msgs/msg/rosidl_typesupport_fastrtps_cpp__visibility_control.h
[3.926s] -- Up-to-date: /home/francisco/ros2-ws/install/rosapi_msgs/lib/librosapi_msgs__rosidl_typesupport_fastrtps_cpp.so
[3.927s] -- Up-to-date: /home/francisco/ros2-ws/install/rosapi_msgs/include/rosapi_msgs
[3.927s] -- Up-to-date: /home/francisco/ros2-ws/install/rosapi_msgs/include/rosapi_msgs/srv
[3.927s] -- Up-to-date: /home/francisco/ros2-ws/install/rosapi_msgs/include/rosapi_msgs/srv/detail
[3.928s] -- Up-to-date: /home/francisco/ros2-ws/install/rosapi_msgs/include/rosapi_msgs/srv/detail/topic_type__type_support.c
[3.928s] -- Up-to-date: /home/francisco/ros2-ws/install/rosapi_msgs/include/rosapi_msgs/srv/detail/get_action_servers__rosidl_typesupport_introspection_c.h
[3.932s] -- Up-to-date: /home/francisco/ros2-ws/install/rosapi_msgs/include/rosapi_msgs/srv/detail/service_request_details__rosidl_typesupport_introspection_c.h
[3.933s] -- Up-to-date: /home/francisco/ros2-ws/install/rosapi_msgs/include/rosapi_msgs/srv/detail/get_time__type_support.c
[3.933s] -- Up-to-date: /home/francisco/ros2-ws/install/rosapi_msgs/include/rosapi_msgs/srv/detail/subscribers__type_support.c
[3.933s] -- Up-to-date: /home/francisco/ros2-ws/install/rosapi_msgs/include/rosapi_msgs/srv/detail/service_node__rosidl_typesupport_introspection_c.h
[3.934s] -- Up-to-date: /home/francisco/ros2-ws/install/rosapi_msgs/include/rosapi_msgs/srv/detail/delete_param__type_support.c
[3.934s] -- Up-to-date: /home/francisco/ros2-ws/install/rosapi_msgs/include/rosapi_msgs/srv/detail/get_param_names__type_support.c
[3.934s] -- Up-to-date: /home/francisco/ros2-ws/install/rosapi_msgs/include/rosapi_msgs/srv/detail/topics__rosidl_typesupport_introspection_c.h
[3.934s] -- Up-to-date: /home/francisco/ros2-ws/install/rosapi_msgs/include/rosapi_msgs/srv/detail/topic_type__rosidl_typesupport_introspection_c.h
[3.935s] -- Up-to-date: /home/francisco/ros2-ws/install/rosapi_msgs/include/rosapi_msgs/srv/detail/set_param__rosidl_typesupport_introspection_c.h
[3.935s] -- Up-to-date: /home/francisco/ros2-ws/install/rosapi_msgs/include/rosapi_msgs/srv/detail/node_details__type_support.c
[3.935s] -- Up-to-date: /home/francisco/ros2-ws/install/rosapi_msgs/include/rosapi_msgs/srv/detail/services_for_type__rosidl_typesupport_introspection_c.h
[3.936s] -- Up-to-date: /home/francisco/ros2-ws/install/rosapi_msgs/include/rosapi_msgs/srv/detail/get_param_names__rosidl_typesupport_introspection_c.h
[3.936s] -- Up-to-date: /home/francisco/ros2-ws/install/rosapi_msgs/include/rosapi_msgs/srv/detail/service_node__type_support.c
[3.936s] -- Up-to-date: /home/francisco/ros2-ws/install/rosapi_msgs/include/rosapi_msgs/srv/detail/services_for_type__type_support.c
[3.937s] -- Up-to-date: /home/francisco/ros2-ws/install/rosapi_msgs/include/rosapi_msgs/srv/detail/nodes__type_support.c
[3.937s] -- Up-to-date: /home/francisco/ros2-ws/install/rosapi_msgs/include/rosapi_msgs/srv/detail/get_time__rosidl_typesupport_introspection_c.h
[3.937s] -- Up-to-date: /home/francisco/ros2-ws/install/rosapi_msgs/include/rosapi_msgs/srv/detail/message_details__rosidl_typesupport_introspection_c.h
[3.937s] -- Up-to-date: /home/francisco/ros2-ws/install/rosapi_msgs/include/rosapi_msgs/srv/detail/topics__type_support.c
[3.938s] -- Up-to-date: /home/francisco/ros2-ws/install/rosapi_msgs/include/rosapi_msgs/srv/detail/publishers__rosidl_typesupport_introspection_c.h
[3.938s] -- Up-to-date: /home/francisco/ros2-ws/install/rosapi_msgs/include/rosapi_msgs/srv/detail/set_param__type_support.c
[3.938s] -- Up-to-date: /home/francisco/ros2-ws/install/rosapi_msgs/include/rosapi_msgs/srv/detail/has_param__type_support.c
[3.939s] -- Up-to-date: /home/francisco/ros2-ws/install/rosapi_msgs/include/rosapi_msgs/srv/detail/service_providers__rosidl_typesupport_introspection_c.h
[3.939s] -- Up-to-date: /home/francisco/ros2-ws/install/rosapi_msgs/include/rosapi_msgs/srv/detail/service_type__type_support.c
[3.940s] -- Up-to-date: /home/francisco/ros2-ws/install/rosapi_msgs/include/rosapi_msgs/srv/detail/services__rosidl_typesupport_introspection_c.h
[3.940s] -- Up-to-date: /home/francisco/ros2-ws/install/rosapi_msgs/include/rosapi_msgs/srv/detail/service_type__rosidl_typesupport_introspection_c.h
[3.940s] -- Up-to-date: /home/francisco/ros2-ws/install/rosapi_msgs/include/rosapi_msgs/srv/detail/has_param__rosidl_typesupport_introspection_c.h
[3.941s] -- Up-to-date: /home/francisco/ros2-ws/install/rosapi_msgs/include/rosapi_msgs/srv/detail/services__type_support.c
[3.941s] -- Up-to-date: /home/francisco/ros2-ws/install/rosapi_msgs/include/rosapi_msgs/srv/detail/get_ros_version__rosidl_typesupport_introspection_c.h
[3.942s] -- Up-to-date: /home/francisco/ros2-ws/install/rosapi_msgs/include/rosapi_msgs/srv/detail/nodes__rosidl_typesupport_introspection_c.h
[3.942s] -- Up-to-date: /home/francisco/ros2-ws/install/rosapi_msgs/include/rosapi_msgs/srv/detail/service_request_details__type_support.c
[3.942s] -- Up-to-date: /home/francisco/ros2-ws/install/rosapi_msgs/include/rosapi_msgs/srv/detail/topics_for_type__type_support.c
[3.943s] -- Up-to-date: /home/francisco/ros2-ws/install/rosapi_msgs/include/rosapi_msgs/srv/detail/get_param__type_support.c
[3.943s] -- Up-to-date: /home/francisco/ros2-ws/install/rosapi_msgs/include/rosapi_msgs/srv/detail/get_ros_version__type_support.c
[3.943s] -- Up-to-date: /home/francisco/ros2-ws/install/rosapi_msgs/include/rosapi_msgs/srv/detail/topics_and_raw_types__type_support.c
[3.944s] -- Up-to-date: /home/francisco/ros2-ws/install/rosapi_msgs/include/rosapi_msgs/srv/detail/node_details__rosidl_typesupport_introspection_c.h
[3.944s] -- Up-to-date: /home/francisco/ros2-ws/install/rosapi_msgs/include/rosapi_msgs/srv/detail/service_response_details__type_support.c
[3.944s] -- Up-to-date: /home/francisco/ros2-ws/install/rosapi_msgs/include/rosapi_msgs/srv/detail/topics_and_raw_types__rosidl_typesupport_introspection_c.h
[3.945s] -- Up-to-date: /home/francisco/ros2-ws/install/rosapi_msgs/include/rosapi_msgs/srv/detail/service_providers__type_support.c
[3.945s] -- Up-to-date: /home/francisco/ros2-ws/install/rosapi_msgs/include/rosapi_msgs/srv/detail/topics_for_type__rosidl_typesupport_introspection_c.h
[3.945s] -- Up-to-date: /home/francisco/ros2-ws/install/rosapi_msgs/include/rosapi_msgs/srv/detail/publishers__type_support.c
[3.946s] -- Up-to-date: /home/francisco/ros2-ws/install/rosapi_msgs/include/rosapi_msgs/srv/detail/message_details__type_support.c
[3.946s] -- Up-to-date: /home/francisco/ros2-ws/install/rosapi_msgs/include/rosapi_msgs/srv/detail/delete_param__rosidl_typesupport_introspection_c.h
[3.946s] -- Up-to-date: /home/francisco/ros2-ws/install/rosapi_msgs/include/rosapi_msgs/srv/detail/get_action_servers__type_support.c
[3.972s] -- Up-to-date: /home/francisco/ros2-ws/install/rosapi_msgs/include/rosapi_msgs/srv/detail/subscribers__rosidl_typesupport_introspection_c.h
[3.973s] -- Up-to-date: /home/francisco/ros2-ws/install/rosapi_msgs/include/rosapi_msgs/srv/detail/service_response_details__rosidl_typesupport_introspection_c.h
[3.974s] -- Up-to-date: /home/francisco/ros2-ws/install/rosapi_msgs/include/rosapi_msgs/srv/detail/get_param__rosidl_typesupport_introspection_c.h
[3.974s] -- Up-to-date: /home/francisco/ros2-ws/install/rosapi_msgs/include/rosapi_msgs/msg
[3.974s] -- Up-to-date: /home/francisco/ros2-ws/install/rosapi_msgs/include/rosapi_msgs/msg/detail
[3.975s] -- Up-to-date: /home/francisco/ros2-ws/install/rosapi_msgs/include/rosapi_msgs/msg/detail/type_def__rosidl_typesupport_introspection_c.h
[3.975s] -- Up-to-date: /home/francisco/ros2-ws/install/rosapi_msgs/include/rosapi_msgs/msg/detail/type_def__type_support.c
[3.995s] -- Up-to-date: /home/francisco/ros2-ws/install/rosapi_msgs/include/rosapi_msgs/msg/rosidl_typesupport_introspection_c__visibility_control.h
[3.995s] -- Up-to-date: /home/francisco/ros2-ws/install/rosapi_msgs/lib/librosapi_msgs__rosidl_typesupport_introspection_c.so
[3.995s] -- Up-to-date: /home/francisco/ros2-ws/install/rosapi_msgs/lib/librosapi_msgs__rosidl_typesupport_c.so
[3.995s] -- Up-to-date: /home/francisco/ros2-ws/install/rosapi_msgs/include/rosapi_msgs
[3.996s] -- Up-to-date: /home/francisco/ros2-ws/install/rosapi_msgs/include/rosapi_msgs/srv
[3.996s] -- Up-to-date: /home/francisco/ros2-ws/install/rosapi_msgs/include/rosapi_msgs/srv/get_param_names.hpp
[3.997s] -- Up-to-date: /home/francisco/ros2-ws/install/rosapi_msgs/include/rosapi_msgs/srv/get_time.hpp
[3.997s] -- Up-to-date: /home/francisco/ros2-ws/install/rosapi_msgs/include/rosapi_msgs/srv/detail
[3.998s] -- Up-to-date: /home/francisco/ros2-ws/install/rosapi_msgs/include/rosapi_msgs/srv/detail/topics__struct.hpp
[3.998s] -- Up-to-date: /home/francisco/ros2-ws/install/rosapi_msgs/include/rosapi_msgs/srv/detail/topics_and_raw_types__builder.hpp
[3.998s] -- Up-to-date: /home/francisco/ros2-ws/install/rosapi_msgs/include/rosapi_msgs/srv/detail/service_node__traits.hpp
[3.999s] -- Up-to-date: /home/francisco/ros2-ws/install/rosapi_msgs/include/rosapi_msgs/srv/detail/set_param__builder.hpp
[4.000s] -- Up-to-date: /home/francisco/ros2-ws/install/rosapi_msgs/include/rosapi_msgs/srv/detail/get_param_names__builder.hpp
[4.000s] -- Up-to-date: /home/francisco/ros2-ws/install/rosapi_msgs/include/rosapi_msgs/srv/detail/publishers__struct.hpp
[4.007s] -- Up-to-date: /home/francisco/ros2-ws/install/rosapi_msgs/include/rosapi_msgs/srv/detail/services_for_type__struct.hpp
[4.007s] -- Up-to-date: /home/francisco/ros2-ws/install/rosapi_msgs/include/rosapi_msgs/srv/detail/subscribers__traits.hpp
[4.008s] -- Up-to-date: /home/francisco/ros2-ws/install/rosapi_msgs/include/rosapi_msgs/srv/detail/has_param__traits.hpp
[4.008s] -- Up-to-date: /home/francisco/ros2-ws/install/rosapi_msgs/include/rosapi_msgs/srv/detail/get_action_servers__struct.hpp
[4.014s] -- Up-to-date: /home/francisco/ros2-ws/install/rosapi_msgs/include/rosapi_msgs/srv/detail/get_param__builder.hpp
[4.014s] -- Up-to-date: /home/francisco/ros2-ws/install/rosapi_msgs/include/rosapi_msgs/srv/detail/topics_for_type__traits.hpp
[4.015s] -- Up-to-date: /home/francisco/ros2-ws/install/rosapi_msgs/include/rosapi_msgs/srv/detail/get_ros_version__builder.hpp
[4.015s] -- Up-to-date: /home/francisco/ros2-ws/install/rosapi_msgs/include/rosapi_msgs/srv/detail/get_action_servers__builder.hpp
[4.015s] -- Up-to-date: /home/francisco/ros2-ws/install/rosapi_msgs/include/rosapi_msgs/srv/detail/service_request_details__traits.hpp
[4.015s] -- Up-to-date: /home/francisco/ros2-ws/install/rosapi_msgs/include/rosapi_msgs/srv/detail/topic_type__struct.hpp
[4.016s] -- Up-to-date: /home/francisco/ros2-ws/install/rosapi_msgs/include/rosapi_msgs/srv/detail/node_details__struct.hpp
[4.016s] -- Up-to-date: /home/francisco/ros2-ws/install/rosapi_msgs/include/rosapi_msgs/srv/detail/message_details__traits.hpp
[4.030s] -- Up-to-date: /home/francisco/ros2-ws/install/rosapi_msgs/include/rosapi_msgs/srv/detail/get_ros_version__struct.hpp
[4.030s] -- Up-to-date: /home/francisco/ros2-ws/install/rosapi_msgs/include/rosapi_msgs/srv/detail/services_for_type__traits.hpp
[4.030s] -- Up-to-date: /home/francisco/ros2-ws/install/rosapi_msgs/include/rosapi_msgs/srv/detail/service_type__struct.hpp
[4.031s] -- Up-to-date: /home/francisco/ros2-ws/install/rosapi_msgs/include/rosapi_msgs/srv/detail/service_response_details__traits.hpp
[4.032s] -- Up-to-date: /home/francisco/ros2-ws/install/rosapi_msgs/include/rosapi_msgs/srv/detail/set_param__traits.hpp
[4.033s] -- Up-to-date: /home/francisco/ros2-ws/install/rosapi_msgs/include/rosapi_msgs/srv/detail/topics_for_type__struct.hpp
[4.044s] -- Up-to-date: /home/francisco/ros2-ws/install/rosapi_msgs/include/rosapi_msgs/srv/detail/get_param_names__traits.hpp
[4.045s] -- Up-to-date: /home/francisco/ros2-ws/install/rosapi_msgs/include/rosapi_msgs/srv/detail/subscribers__struct.hpp
[4.045s] -- Up-to-date: /home/francisco/ros2-ws/install/rosapi_msgs/include/rosapi_msgs/srv/detail/service_request_details__struct.hpp
[4.046s] -- Up-to-date: /home/francisco/ros2-ws/install/rosapi_msgs/include/rosapi_msgs/srv/detail/topics_and_raw_types__struct.hpp
[4.046s] -- Up-to-date: /home/francisco/ros2-ws/install/rosapi_msgs/include/rosapi_msgs/srv/detail/services_for_type__builder.hpp
[4.047s] -- Up-to-date: /home/francisco/ros2-ws/install/rosapi_msgs/include/rosapi_msgs/srv/detail/nodes__traits.hpp
[4.047s] -- Up-to-date: /home/francisco/ros2-ws/install/rosapi_msgs/include/rosapi_msgs/srv/detail/service_node__struct.hpp
[4.047s] -- Up-to-date: /home/francisco/ros2-ws/install/rosapi_msgs/include/rosapi_msgs/srv/detail/nodes__builder.hpp
[4.048s] -- Up-to-date: /home/francisco/ros2-ws/install/rosapi_msgs/include/rosapi_msgs/srv/detail/message_details__builder.hpp
[4.048s] -- Up-to-date: /home/francisco/ros2-ws/install/rosapi_msgs/include/rosapi_msgs/srv/detail/get_time__struct.hpp
[4.048s] -- Up-to-date: /home/francisco/ros2-ws/install/rosapi_msgs/include/rosapi_msgs/srv/detail/topics_and_raw_types__traits.hpp
[4.049s] -- Up-to-date: /home/francisco/ros2-ws/install/rosapi_msgs/include/rosapi_msgs/srv/detail/service_providers__builder.hpp
[4.053s] -- Up-to-date: /home/francisco/ros2-ws/install/rosapi_msgs/include/rosapi_msgs/srv/detail/node_details__builder.hpp
[4.054s] -- Up-to-date: /home/francisco/ros2-ws/install/rosapi_msgs/include/rosapi_msgs/srv/detail/service_type__builder.hpp
[4.054s] -- Up-to-date: /home/francisco/ros2-ws/install/rosapi_msgs/include/rosapi_msgs/srv/detail/service_response_details__struct.hpp
[4.055s] -- Up-to-date: /home/francisco/ros2-ws/install/rosapi_msgs/include/rosapi_msgs/srv/detail/get_action_servers__traits.hpp
[4.055s] -- Up-to-date: /home/francisco/ros2-ws/install/rosapi_msgs/include/rosapi_msgs/srv/detail/has_param__struct.hpp
[4.055s] -- Up-to-date: /home/francisco/ros2-ws/install/rosapi_msgs/include/rosapi_msgs/srv/detail/get_param_names__struct.hpp
[4.056s] -- Up-to-date: /home/francisco/ros2-ws/install/rosapi_msgs/include/rosapi_msgs/srv/detail/publishers__traits.hpp
[4.060s] -- Up-to-date: /home/francisco/ros2-ws/install/rosapi_msgs/include/rosapi_msgs/srv/detail/service_node__builder.hpp
[4.064s] -- Up-to-date: /home/francisco/ros2-ws/install/rosapi_msgs/include/rosapi_msgs/srv/detail/service_providers__traits.hpp
[4.065s] -- Up-to-date: /home/francisco/ros2-ws/install/rosapi_msgs/include/rosapi_msgs/srv/detail/nodes__struct.hpp
[4.065s] -- Up-to-date: /home/francisco/ros2-ws/install/rosapi_msgs/include/rosapi_msgs/srv/detail/set_param__struct.hpp
[4.065s] -- Up-to-date: /home/francisco/ros2-ws/install/rosapi_msgs/include/rosapi_msgs/srv/detail/publishers__builder.hpp
[4.066s] -- Up-to-date: /home/francisco/ros2-ws/install/rosapi_msgs/include/rosapi_msgs/srv/detail/topics__traits.hpp
[4.066s] -- Up-to-date: /home/francisco/ros2-ws/install/rosapi_msgs/include/rosapi_msgs/srv/detail/delete_param__struct.hpp
[4.066s] -- Up-to-date: /home/francisco/ros2-ws/install/rosapi_msgs/include/rosapi_msgs/srv/detail/delete_param__builder.hpp
[4.066s] -- Up-to-date: /home/francisco/ros2-ws/install/rosapi_msgs/include/rosapi_msgs/srv/detail/subscribers__builder.hpp
[4.067s] -- Up-to-date: /home/francisco/ros2-ws/install/rosapi_msgs/include/rosapi_msgs/srv/detail/service_type__traits.hpp
[4.067s] -- Up-to-date: /home/francisco/ros2-ws/install/rosapi_msgs/include/rosapi_msgs/srv/detail/get_ros_version__traits.hpp
[4.068s] -- Up-to-date: /home/francisco/ros2-ws/install/rosapi_msgs/include/rosapi_msgs/srv/detail/topics_for_type__builder.hpp
[4.068s] -- Up-to-date: /home/francisco/ros2-ws/install/rosapi_msgs/include/rosapi_msgs/srv/detail/get_time__builder.hpp
[4.072s] -- Up-to-date: /home/francisco/ros2-ws/install/rosapi_msgs/include/rosapi_msgs/srv/detail/service_request_details__builder.hpp
[4.077s] -- Up-to-date: /home/francisco/ros2-ws/install/rosapi_msgs/include/rosapi_msgs/srv/detail/get_param__struct.hpp
[4.077s] -- Up-to-date: /home/francisco/ros2-ws/install/rosapi_msgs/include/rosapi_msgs/srv/detail/has_param__builder.hpp
[4.078s] -- Up-to-date: /home/francisco/ros2-ws/install/rosapi_msgs/include/rosapi_msgs/srv/detail/message_details__struct.hpp
[4.078s] -- Up-to-date: /home/francisco/ros2-ws/install/rosapi_msgs/include/rosapi_msgs/srv/detail/services__struct.hpp
[4.078s] -- Up-to-date: /home/francisco/ros2-ws/install/rosapi_msgs/include/rosapi_msgs/srv/detail/delete_param__traits.hpp
[4.078s] -- Up-to-date: /home/francisco/ros2-ws/install/rosapi_msgs/include/rosapi_msgs/srv/detail/topic_type__builder.hpp
[4.079s] -- Up-to-date: /home/francisco/ros2-ws/install/rosapi_msgs/include/rosapi_msgs/srv/detail/topic_type__traits.hpp
[4.079s] -- Up-to-date: /home/francisco/ros2-ws/install/rosapi_msgs/include/rosapi_msgs/srv/detail/service_response_details__builder.hpp
[4.079s] -- Up-to-date: /home/francisco/ros2-ws/install/rosapi_msgs/include/rosapi_msgs/srv/detail/node_details__traits.hpp
[4.079s] -- Up-to-date: /home/francisco/ros2-ws/install/rosapi_msgs/include/rosapi_msgs/srv/detail/service_providers__struct.hpp
[4.080s] -- Up-to-date: /home/francisco/ros2-ws/install/rosapi_msgs/include/rosapi_msgs/srv/detail/services__traits.hpp
[4.080s] -- Up-to-date: /home/francisco/ros2-ws/install/rosapi_msgs/include/rosapi_msgs/srv/detail/topics__builder.hpp
[4.080s] -- Up-to-date: /home/francisco/ros2-ws/install/rosapi_msgs/include/rosapi_msgs/srv/detail/services__builder.hpp
[4.081s] -- Up-to-date: /home/francisco/ros2-ws/install/rosapi_msgs/include/rosapi_msgs/srv/detail/get_time__traits.hpp
[4.090s] -- Up-to-date: /home/francisco/ros2-ws/install/rosapi_msgs/include/rosapi_msgs/srv/detail/get_param__traits.hpp
[4.090s] -- Up-to-date: /home/francisco/ros2-ws/install/rosapi_msgs/include/rosapi_msgs/srv/service_response_details.hpp
[4.091s] -- Up-to-date: /home/francisco/ros2-ws/install/rosapi_msgs/include/rosapi_msgs/srv/topic_type.hpp
[4.091s] -- Up-to-date: /home/francisco/ros2-ws/install/rosapi_msgs/include/rosapi_msgs/srv/service_request_details.hpp
[4.091s] -- Up-to-date: /home/francisco/ros2-ws/install/rosapi_msgs/include/rosapi_msgs/srv/topics_and_raw_types.hpp
[4.092s] -- Up-to-date: /home/francisco/ros2-ws/install/rosapi_msgs/include/rosapi_msgs/srv/get_param.hpp
[4.092s] -- Up-to-date: /home/francisco/ros2-ws/install/rosapi_msgs/include/rosapi_msgs/srv/node_details.hpp
[4.092s] -- Up-to-date: /home/francisco/ros2-ws/install/rosapi_msgs/include/rosapi_msgs/srv/service_node.hpp
[4.104s] -- Up-to-date: /home/francisco/ros2-ws/install/rosapi_msgs/include/rosapi_msgs/srv/set_param.hpp
[4.104s] -- Up-to-date: /home/francisco/ros2-ws/install/rosapi_msgs/include/rosapi_msgs/srv/subscribers.hpp
[4.105s] -- Up-to-date: /home/francisco/ros2-ws/install/rosapi_msgs/include/rosapi_msgs/srv/topics_for_type.hpp
[4.105s] -- Up-to-date: /home/francisco/ros2-ws/install/rosapi_msgs/include/rosapi_msgs/srv/services.hpp
[4.105s] -- Up-to-date: /home/francisco/ros2-ws/install/rosapi_msgs/include/rosapi_msgs/srv/get_action_servers.hpp
[4.106s] -- Up-to-date: /home/francisco/ros2-ws/install/rosapi_msgs/include/rosapi_msgs/srv/has_param.hpp
[4.106s] -- Up-to-date: /home/francisco/ros2-ws/install/rosapi_msgs/include/rosapi_msgs/srv/service_type.hpp
[4.106s] -- Up-to-date: /home/francisco/ros2-ws/install/rosapi_msgs/include/rosapi_msgs/srv/nodes.hpp
[4.107s] -- Up-to-date: /home/francisco/ros2-ws/install/rosapi_msgs/include/rosapi_msgs/srv/message_details.hpp
[4.107s] -- Up-to-date: /home/francisco/ros2-ws/install/rosapi_msgs/include/rosapi_msgs/srv/services_for_type.hpp
[4.107s] -- Up-to-date: /home/francisco/ros2-ws/install/rosapi_msgs/include/rosapi_msgs/srv/get_ros_version.hpp
[4.107s] -- Up-to-date: /home/francisco/ros2-ws/install/rosapi_msgs/include/rosapi_msgs/srv/topics.hpp
[4.108s] -- Up-to-date: /home/francisco/ros2-ws/install/rosapi_msgs/include/rosapi_msgs/srv/delete_param.hpp
[4.108s] -- Up-to-date: /home/francisco/ros2-ws/install/rosapi_msgs/include/rosapi_msgs/srv/service_providers.hpp
[4.108s] -- Up-to-date: /home/francisco/ros2-ws/install/rosapi_msgs/include/rosapi_msgs/srv/publishers.hpp
[4.108s] -- Up-to-date: /home/francisco/ros2-ws/install/rosapi_msgs/include/rosapi_msgs/msg
[4.109s] -- Up-to-date: /home/francisco/ros2-ws/install/rosapi_msgs/include/rosapi_msgs/msg/detail
[4.109s] -- Up-to-date: /home/francisco/ros2-ws/install/rosapi_msgs/include/rosapi_msgs/msg/detail/type_def__builder.hpp
[4.110s] -- Up-to-date: /home/francisco/ros2-ws/install/rosapi_msgs/include/rosapi_msgs/msg/detail/type_def__traits.hpp
[4.110s] -- Up-to-date: /home/francisco/ros2-ws/install/rosapi_msgs/include/rosapi_msgs/msg/detail/type_def__struct.hpp
[4.110s] -- Up-to-date: /home/francisco/ros2-ws/install/rosapi_msgs/include/rosapi_msgs/msg/type_def.hpp
[4.110s] -- Up-to-date: /home/francisco/ros2-ws/install/rosapi_msgs/include/rosapi_msgs
[4.111s] -- Up-to-date: /home/francisco/ros2-ws/install/rosapi_msgs/include/rosapi_msgs/srv
[4.111s] -- Up-to-date: /home/francisco/ros2-ws/install/rosapi_msgs/include/rosapi_msgs/srv/detail
[4.111s] -- Up-to-date: /home/francisco/ros2-ws/install/rosapi_msgs/include/rosapi_msgs/srv/detail/services__type_support.cpp
[4.112s] -- Up-to-date: /home/francisco/ros2-ws/install/rosapi_msgs/include/rosapi_msgs/srv/detail/delete_param__rosidl_typesupport_introspection_cpp.hpp
[4.112s] -- Up-to-date: /home/francisco/ros2-ws/install/rosapi_msgs/include/rosapi_msgs/srv/detail/nodes__rosidl_typesupport_introspection_cpp.hpp
[4.113s] -- Up-to-date: /home/francisco/ros2-ws/install/rosapi_msgs/include/rosapi_msgs/srv/detail/topics_and_raw_types__rosidl_typesupport_introspection_cpp.hpp
[4.113s] -- Up-to-date: /home/francisco/ros2-ws/install/rosapi_msgs/include/rosapi_msgs/srv/detail/message_details__type_support.cpp
[4.113s] -- Up-to-date: /home/francisco/ros2-ws/install/rosapi_msgs/include/rosapi_msgs/srv/detail/topics__type_support.cpp
[4.113s] -- Up-to-date: /home/francisco/ros2-ws/install/rosapi_msgs/include/rosapi_msgs/srv/detail/service_response_details__rosidl_typesupport_introspection_cpp.hpp
[4.113s] -- Up-to-date: /home/francisco/ros2-ws/install/rosapi_msgs/include/rosapi_msgs/srv/detail/topics_for_type__type_support.cpp
[4.114s] -- Up-to-date: /home/francisco/ros2-ws/install/rosapi_msgs/include/rosapi_msgs/srv/detail/message_details__rosidl_typesupport_introspection_cpp.hpp
[4.114s] -- Up-to-date: /home/francisco/ros2-ws/install/rosapi_msgs/include/rosapi_msgs/srv/detail/get_param__type_support.cpp
[4.114s] -- Up-to-date: /home/francisco/ros2-ws/install/rosapi_msgs/include/rosapi_msgs/srv/detail/topics_and_raw_types__type_support.cpp
[4.115s] -- Up-to-date: /home/francisco/ros2-ws/install/rosapi_msgs/include/rosapi_msgs/srv/detail/has_param__rosidl_typesupport_introspection_cpp.hpp
[4.115s] -- Up-to-date: /home/francisco/ros2-ws/install/rosapi_msgs/include/rosapi_msgs/srv/detail/publishers__type_support.cpp
[4.115s] -- Up-to-date: /home/francisco/ros2-ws/install/rosapi_msgs/include/rosapi_msgs/srv/detail/topic_type__type_support.cpp
[4.116s] -- Up-to-date: /home/francisco/ros2-ws/install/rosapi_msgs/include/rosapi_msgs/srv/detail/get_action_servers__rosidl_typesupport_introspection_cpp.hpp
[4.116s] -- Up-to-date: /home/francisco/ros2-ws/install/rosapi_msgs/include/rosapi_msgs/srv/detail/subscribers__type_support.cpp
[4.127s] -- Up-to-date: /home/francisco/ros2-ws/install/rosapi_msgs/include/rosapi_msgs/srv/detail/node_details__type_support.cpp
[4.128s] -- Up-to-date: /home/francisco/ros2-ws/install/rosapi_msgs/include/rosapi_msgs/srv/detail/service_response_details__type_support.cpp
[4.128s] -- Up-to-date: /home/francisco/ros2-ws/install/rosapi_msgs/include/rosapi_msgs/srv/detail/services__rosidl_typesupport_introspection_cpp.hpp
[4.128s] -- Up-to-date: /home/francisco/ros2-ws/install/rosapi_msgs/include/rosapi_msgs/srv/detail/services_for_type__type_support.cpp
[4.129s] -- Up-to-date: /home/francisco/ros2-ws/install/rosapi_msgs/include/rosapi_msgs/srv/detail/set_param__type_support.cpp
[4.129s] -- Up-to-date: /home/francisco/ros2-ws/install/rosapi_msgs/include/rosapi_msgs/srv/detail/nodes__type_support.cpp
[4.129s] -- Up-to-date: /home/francisco/ros2-ws/install/rosapi_msgs/include/rosapi_msgs/srv/detail/topic_type__rosidl_typesupport_introspection_cpp.hpp
[4.129s] -- Up-to-date: /home/francisco/ros2-ws/install/rosapi_msgs/include/rosapi_msgs/srv/detail/get_time__type_support.cpp
[4.130s] -- Up-to-date: /home/francisco/ros2-ws/install/rosapi_msgs/include/rosapi_msgs/srv/detail/service_node__type_support.cpp
[4.130s] -- Up-to-date: /home/francisco/ros2-ws/install/rosapi_msgs/include/rosapi_msgs/srv/detail/service_providers__rosidl_typesupport_introspection_cpp.hpp
[4.130s] -- Up-to-date: /home/francisco/ros2-ws/install/rosapi_msgs/include/rosapi_msgs/srv/detail/topics__rosidl_typesupport_introspection_cpp.hpp
[4.130s] -- Up-to-date: /home/francisco/ros2-ws/install/rosapi_msgs/include/rosapi_msgs/srv/detail/node_details__rosidl_typesupport_introspection_cpp.hpp
[4.130s] -- Up-to-date: /home/francisco/ros2-ws/install/rosapi_msgs/include/rosapi_msgs/srv/detail/topics_for_type__rosidl_typesupport_introspection_cpp.hpp
[4.131s] -- Up-to-date: /home/francisco/ros2-ws/install/rosapi_msgs/include/rosapi_msgs/srv/detail/service_request_details__type_support.cpp
[4.131s] -- Up-to-date: /home/francisco/ros2-ws/install/rosapi_msgs/include/rosapi_msgs/srv/detail/get_time__rosidl_typesupport_introspection_cpp.hpp
[4.131s] -- Up-to-date: /home/francisco/ros2-ws/install/rosapi_msgs/include/rosapi_msgs/srv/detail/service_type__rosidl_typesupport_introspection_cpp.hpp
[4.132s] -- Up-to-date: /home/francisco/ros2-ws/install/rosapi_msgs/include/rosapi_msgs/srv/detail/service_request_details__rosidl_typesupport_introspection_cpp.hpp
[4.132s] -- Up-to-date: /home/francisco/ros2-ws/install/rosapi_msgs/include/rosapi_msgs/srv/detail/get_ros_version__rosidl_typesupport_introspection_cpp.hpp
[4.132s] -- Up-to-date: /home/francisco/ros2-ws/install/rosapi_msgs/include/rosapi_msgs/srv/detail/delete_param__type_support.cpp
[4.132s] -- Up-to-date: /home/francisco/ros2-ws/install/rosapi_msgs/include/rosapi_msgs/srv/detail/get_param__rosidl_typesupport_introspection_cpp.hpp
[4.136s] -- Up-to-date: /home/francisco/ros2-ws/install/rosapi_msgs/include/rosapi_msgs/srv/detail/has_param__type_support.cpp
[4.136s] -- Up-to-date: /home/francisco/ros2-ws/install/rosapi_msgs/include/rosapi_msgs/srv/detail/get_param_names__rosidl_typesupport_introspection_cpp.hpp
[4.137s] -- Up-to-date: /home/francisco/ros2-ws/install/rosapi_msgs/include/rosapi_msgs/srv/detail/service_providers__type_support.cpp
[4.137s] -- Up-to-date: /home/francisco/ros2-ws/install/rosapi_msgs/include/rosapi_msgs/srv/detail/publishers__rosidl_typesupport_introspection_cpp.hpp
[4.137s] -- Up-to-date: /home/francisco/ros2-ws/install/rosapi_msgs/include/rosapi_msgs/srv/detail/services_for_type__rosidl_typesupport_introspection_cpp.hpp
[4.137s] -- Up-to-date: /home/francisco/ros2-ws/install/rosapi_msgs/include/rosapi_msgs/srv/detail/get_param_names__type_support.cpp
[4.138s] -- Up-to-date: /home/francisco/ros2-ws/install/rosapi_msgs/include/rosapi_msgs/srv/detail/set_param__rosidl_typesupport_introspection_cpp.hpp
[4.138s] -- Up-to-date: /home/francisco/ros2-ws/install/rosapi_msgs/include/rosapi_msgs/srv/detail/subscribers__rosidl_typesupport_introspection_cpp.hpp
[4.138s] -- Up-to-date: /home/francisco/ros2-ws/install/rosapi_msgs/include/rosapi_msgs/srv/detail/service_node__rosidl_typesupport_introspection_cpp.hpp
[4.138s] -- Up-to-date: /home/francisco/ros2-ws/install/rosapi_msgs/include/rosapi_msgs/srv/detail/get_action_servers__type_support.cpp
[4.139s] -- Up-to-date: /home/francisco/ros2-ws/install/rosapi_msgs/include/rosapi_msgs/srv/detail/get_ros_version__type_support.cpp
[4.139s] -- Up-to-date: /home/francisco/ros2-ws/install/rosapi_msgs/include/rosapi_msgs/srv/detail/service_type__type_support.cpp
[4.139s] -- Up-to-date: /home/francisco/ros2-ws/install/rosapi_msgs/include/rosapi_msgs/msg
[4.139s] -- Up-to-date: /home/francisco/ros2-ws/install/rosapi_msgs/include/rosapi_msgs/msg/detail
[4.139s] -- Up-to-date: /home/francisco/ros2-ws/install/rosapi_msgs/include/rosapi_msgs/msg/detail/type_def__type_support.cpp
[4.140s] -- Up-to-date: /home/francisco/ros2-ws/install/rosapi_msgs/include/rosapi_msgs/msg/detail/type_def__rosidl_typesupport_introspection_cpp.hpp
[4.140s] -- Up-to-date: /home/francisco/ros2-ws/install/rosapi_msgs/lib/librosapi_msgs__rosidl_typesupport_introspection_cpp.so
[4.158s] -- Up-to-date: /home/francisco/ros2-ws/install/rosapi_msgs/lib/librosapi_msgs__rosidl_typesupport_cpp.so
[4.159s] -- Up-to-date: /home/francisco/ros2-ws/install/rosapi_msgs/share/rosapi_msgs/environment/pythonpath.sh
[4.179s] -- Up-to-date: /home/francisco/ros2-ws/install/rosapi_msgs/share/rosapi_msgs/environment/pythonpath.dsv
[4.179s] -- Up-to-date: /home/francisco/ros2-ws/install/rosapi_msgs/lib/python3.8/site-packages/rosapi_msgs/__init__.py
[4.251s] -- Up-to-date: /home/francisco/ros2-ws/install/rosapi_msgs/lib/python3.8/site-packages/rosapi_msgs/msg
[4.251s] -- Up-to-date: /home/francisco/ros2-ws/install/rosapi_msgs/lib/python3.8/site-packages/rosapi_msgs/msg/__init__.py
[4.252s] -- Up-to-date: /home/francisco/ros2-ws/install/rosapi_msgs/lib/python3.8/site-packages/rosapi_msgs/msg/_type_def_s.c
[4.252s] -- Up-to-date: /home/francisco/ros2-ws/install/rosapi_msgs/lib/python3.8/site-packages/rosapi_msgs/msg/_type_def.py
[4.254s] -- Up-to-date: /home/francisco/ros2-ws/install/rosapi_msgs/lib/python3.8/site-packages/rosapi_msgs/srv
[4.254s] -- Up-to-date: /home/francisco/ros2-ws/install/rosapi_msgs/lib/python3.8/site-packages/rosapi_msgs/srv/_get_ros_version.py
[4.255s] -- Up-to-date: /home/francisco/ros2-ws/install/rosapi_msgs/lib/python3.8/site-packages/rosapi_msgs/srv/_service_node_s.c
[4.255s] -- Up-to-date: /home/francisco/ros2-ws/install/rosapi_msgs/lib/python3.8/site-packages/rosapi_msgs/srv/_topics_and_raw_types.py
[4.255s] -- Up-to-date: /home/francisco/ros2-ws/install/rosapi_msgs/lib/python3.8/site-packages/rosapi_msgs/srv/_topics.py
[4.255s] -- Up-to-date: /home/francisco/ros2-ws/install/rosapi_msgs/lib/python3.8/site-packages/rosapi_msgs/srv/_services_s.c
[4.256s] -- Up-to-date: /home/francisco/ros2-ws/install/rosapi_msgs/lib/python3.8/site-packages/rosapi_msgs/srv/_get_param.py
[4.256s] -- Up-to-date: /home/francisco/ros2-ws/install/rosapi_msgs/lib/python3.8/site-packages/rosapi_msgs/srv/_get_param_s.c
[4.256s] -- Up-to-date: /home/francisco/ros2-ws/install/rosapi_msgs/lib/python3.8/site-packages/rosapi_msgs/srv/_get_time.py
[4.281s] -- Up-to-date: /home/francisco/ros2-ws/install/rosapi_msgs/lib/python3.8/site-packages/rosapi_msgs/srv/_has_param_s.c
[4.282s] -- Up-to-date: /home/francisco/ros2-ws/install/rosapi_msgs/lib/python3.8/site-packages/rosapi_msgs/srv/_publishers_s.c
[4.282s] -- Up-to-date: /home/francisco/ros2-ws/install/rosapi_msgs/lib/python3.8/site-packages/rosapi_msgs/srv/_service_providers_s.c
[4.283s] -- Up-to-date: /home/francisco/ros2-ws/install/rosapi_msgs/lib/python3.8/site-packages/rosapi_msgs/srv/_topics_s.c
[4.283s] -- Up-to-date: /home/francisco/ros2-ws/install/rosapi_msgs/lib/python3.8/site-packages/rosapi_msgs/srv/_get_action_servers.py
[4.283s] -- Up-to-date: /home/francisco/ros2-ws/install/rosapi_msgs/lib/python3.8/site-packages/rosapi_msgs/srv/__init__.py
[4.283s] -- Up-to-date: /home/francisco/ros2-ws/install/rosapi_msgs/lib/python3.8/site-packages/rosapi_msgs/srv/_topic_type.py
[4.284s] -- Up-to-date: /home/francisco/ros2-ws/install/rosapi_msgs/lib/python3.8/site-packages/rosapi_msgs/srv/_subscribers.py
[4.284s] -- Up-to-date: /home/francisco/ros2-ws/install/rosapi_msgs/lib/python3.8/site-packages/rosapi_msgs/srv/_service_type.py
[4.284s] -- Up-to-date: /home/francisco/ros2-ws/install/rosapi_msgs/lib/python3.8/site-packages/rosapi_msgs/srv/_node_details_s.c
[4.284s] -- Up-to-date: /home/francisco/ros2-ws/install/rosapi_msgs/lib/python3.8/site-packages/rosapi_msgs/srv/_service_response_details.py
[4.285s] -- Up-to-date: /home/francisco/ros2-ws/install/rosapi_msgs/lib/python3.8/site-packages/rosapi_msgs/srv/_topics_for_type_s.c
[4.285s] -- Up-to-date: /home/francisco/ros2-ws/install/rosapi_msgs/lib/python3.8/site-packages/rosapi_msgs/srv/_nodes_s.c
[4.285s] -- Up-to-date: /home/francisco/ros2-ws/install/rosapi_msgs/lib/python3.8/site-packages/rosapi_msgs/srv/_set_param.py
[4.285s] -- Up-to-date: /home/francisco/ros2-ws/install/rosapi_msgs/lib/python3.8/site-packages/rosapi_msgs/srv/_service_providers.py
[4.286s] -- Up-to-date: /home/francisco/ros2-ws/install/rosapi_msgs/lib/python3.8/site-packages/rosapi_msgs/srv/_service_request_details.py
[4.286s] -- Up-to-date: /home/francisco/ros2-ws/install/rosapi_msgs/lib/python3.8/site-packages/rosapi_msgs/srv/_topics_for_type.py
[4.286s] -- Up-to-date: /home/francisco/ros2-ws/install/rosapi_msgs/lib/python3.8/site-packages/rosapi_msgs/srv/_get_time_s.c
[4.286s] -- Up-to-date: /home/francisco/ros2-ws/install/rosapi_msgs/lib/python3.8/site-packages/rosapi_msgs/srv/_services_for_type_s.c
[4.287s] -- Up-to-date: /home/francisco/ros2-ws/install/rosapi_msgs/lib/python3.8/site-packages/rosapi_msgs/srv/_topics_and_raw_types_s.c
[4.287s] -- Up-to-date: /home/francisco/ros2-ws/install/rosapi_msgs/lib/python3.8/site-packages/rosapi_msgs/srv/_get_param_names_s.c
[4.287s] -- Up-to-date: /home/francisco/ros2-ws/install/rosapi_msgs/lib/python3.8/site-packages/rosapi_msgs/srv/_delete_param.py
[4.287s] -- Up-to-date: /home/francisco/ros2-ws/install/rosapi_msgs/lib/python3.8/site-packages/rosapi_msgs/srv/_service_request_details_s.c
[4.288s] -- Up-to-date: /home/francisco/ros2-ws/install/rosapi_msgs/lib/python3.8/site-packages/rosapi_msgs/srv/_has_param.py
[4.288s] -- Up-to-date: /home/francisco/ros2-ws/install/rosapi_msgs/lib/python3.8/site-packages/rosapi_msgs/srv/_node_details.py
[4.288s] -- Up-to-date: /home/francisco/ros2-ws/install/rosapi_msgs/lib/python3.8/site-packages/rosapi_msgs/srv/_message_details_s.c
[4.288s] -- Up-to-date: /home/francisco/ros2-ws/install/rosapi_msgs/lib/python3.8/site-packages/rosapi_msgs/srv/_service_response_details_s.c
[4.289s] -- Up-to-date: /home/francisco/ros2-ws/install/rosapi_msgs/lib/python3.8/site-packages/rosapi_msgs/srv/_nodes.py
[4.289s] -- Up-to-date: /home/francisco/ros2-ws/install/rosapi_msgs/lib/python3.8/site-packages/rosapi_msgs/srv/_get_action_servers_s.c
[4.289s] -- Up-to-date: /home/francisco/ros2-ws/install/rosapi_msgs/lib/python3.8/site-packages/rosapi_msgs/srv/_set_param_s.c
[4.289s] -- Up-to-date: /home/francisco/ros2-ws/install/rosapi_msgs/lib/python3.8/site-packages/rosapi_msgs/srv/_delete_param_s.c
[4.290s] -- Up-to-date: /home/francisco/ros2-ws/install/rosapi_msgs/lib/python3.8/site-packages/rosapi_msgs/srv/_publishers.py
[4.290s] -- Up-to-date: /home/francisco/ros2-ws/install/rosapi_msgs/lib/python3.8/site-packages/rosapi_msgs/srv/_get_ros_version_s.c
[4.290s] -- Up-to-date: /home/francisco/ros2-ws/install/rosapi_msgs/lib/python3.8/site-packages/rosapi_msgs/srv/_topic_type_s.c
[4.290s] -- Up-to-date: /home/francisco/ros2-ws/install/rosapi_msgs/lib/python3.8/site-packages/rosapi_msgs/srv/_service_type_s.c
[4.291s] -- Up-to-date: /home/francisco/ros2-ws/install/rosapi_msgs/lib/python3.8/site-packages/rosapi_msgs/srv/_services_for_type.py
[4.291s] -- Up-to-date: /home/francisco/ros2-ws/install/rosapi_msgs/lib/python3.8/site-packages/rosapi_msgs/srv/_service_node.py
[4.291s] -- Up-to-date: /home/francisco/ros2-ws/install/rosapi_msgs/lib/python3.8/site-packages/rosapi_msgs/srv/_subscribers_s.c
[4.291s] -- Up-to-date: /home/francisco/ros2-ws/install/rosapi_msgs/lib/python3.8/site-packages/rosapi_msgs/srv/_get_param_names.py
[4.292s] -- Up-to-date: /home/francisco/ros2-ws/install/rosapi_msgs/lib/python3.8/site-packages/rosapi_msgs/srv/_services.py
[4.292s] -- Up-to-date: /home/francisco/ros2-ws/install/rosapi_msgs/lib/python3.8/site-packages/rosapi_msgs/srv/_message_details.py
[4.292s] -- Up-to-date: /home/francisco/ros2-ws/install/rosapi_msgs/lib/python3.8/site-packages/rosapi_msgs/rosapi_msgs_s__rosidl_typesupport_fastrtps_c.cpython-38-x86_64-linux-gnu.so
[4.292s] -- Up-to-date: /home/francisco/ros2-ws/install/rosapi_msgs/lib/python3.8/site-packages/rosapi_msgs/rosapi_msgs_s__rosidl_typesupport_introspection_c.cpython-38-x86_64-linux-gnu.so
[4.293s] -- Up-to-date: /home/francisco/ros2-ws/install/rosapi_msgs/lib/python3.8/site-packages/rosapi_msgs/rosapi_msgs_s__rosidl_typesupport_c.cpython-38-x86_64-linux-gnu.so
[4.293s] -- Up-to-date: /home/francisco/ros2-ws/install/rosapi_msgs/lib/librosapi_msgs__python.so
[4.293s] -- Up-to-date: /home/francisco/ros2-ws/install/rosapi_msgs/share/rosapi_msgs/msg/TypeDef.idl
[4.293s] -- Up-to-date: /home/francisco/ros2-ws/install/rosapi_msgs/share/rosapi_msgs/srv/DeleteParam.idl
[4.294s] -- Up-to-date: /home/francisco/ros2-ws/install/rosapi_msgs/share/rosapi_msgs/srv/GetActionServers.idl
[4.294s] -- Up-to-date: /home/francisco/ros2-ws/install/rosapi_msgs/share/rosapi_msgs/srv/GetParam.idl
[4.294s] -- Up-to-date: /home/francisco/ros2-ws/install/rosapi_msgs/share/rosapi_msgs/srv/GetParamNames.idl
[4.294s] -- Up-to-date: /home/francisco/ros2-ws/install/rosapi_msgs/share/rosapi_msgs/srv/GetROSVersion.idl
[4.295s] -- Up-to-date: /home/francisco/ros2-ws/install/rosapi_msgs/share/rosapi_msgs/srv/GetTime.idl
[4.295s] -- Up-to-date: /home/francisco/ros2-ws/install/rosapi_msgs/share/rosapi_msgs/srv/HasParam.idl
[4.295s] -- Up-to-date: /home/francisco/ros2-ws/install/rosapi_msgs/share/rosapi_msgs/srv/MessageDetails.idl
[4.295s] -- Up-to-date: /home/francisco/ros2-ws/install/rosapi_msgs/share/rosapi_msgs/srv/Nodes.idl
[4.296s] -- Up-to-date: /home/francisco/ros2-ws/install/rosapi_msgs/share/rosapi_msgs/srv/NodeDetails.idl
[4.309s] -- Up-to-date: /home/francisco/ros2-ws/install/rosapi_msgs/share/rosapi_msgs/srv/Publishers.idl
[4.309s] -- Up-to-date: /home/francisco/ros2-ws/install/rosapi_msgs/share/rosapi_msgs/srv/ServiceNode.idl
[4.309s] -- Up-to-date: /home/francisco/ros2-ws/install/rosapi_msgs/share/rosapi_msgs/srv/ServiceProviders.idl
[4.310s] -- Up-to-date: /home/francisco/ros2-ws/install/rosapi_msgs/share/rosapi_msgs/srv/ServiceRequestDetails.idl
[4.310s] -- Up-to-date: /home/francisco/ros2-ws/install/rosapi_msgs/share/rosapi_msgs/srv/ServiceResponseDetails.idl
[4.310s] -- Up-to-date: /home/francisco/ros2-ws/install/rosapi_msgs/share/rosapi_msgs/srv/Services.idl
[4.310s] -- Up-to-date: /home/francisco/ros2-ws/install/rosapi_msgs/share/rosapi_msgs/srv/ServicesForType.idl
[4.311s] -- Up-to-date: /home/francisco/ros2-ws/install/rosapi_msgs/share/rosapi_msgs/srv/ServiceType.idl
[4.311s] -- Up-to-date: /home/francisco/ros2-ws/install/rosapi_msgs/share/rosapi_msgs/srv/SetParam.idl
[4.311s] -- Up-to-date: /home/francisco/ros2-ws/install/rosapi_msgs/share/rosapi_msgs/srv/Subscribers.idl
[4.311s] -- Up-to-date: /home/francisco/ros2-ws/install/rosapi_msgs/share/rosapi_msgs/srv/Topics.idl
[4.312s] -- Up-to-date: /home/francisco/ros2-ws/install/rosapi_msgs/share/rosapi_msgs/srv/TopicsAndRawTypes.idl
[4.312s] -- Up-to-date: /home/francisco/ros2-ws/install/rosapi_msgs/share/rosapi_msgs/srv/TopicsForType.idl
[4.312s] -- Up-to-date: /home/francisco/ros2-ws/install/rosapi_msgs/share/rosapi_msgs/srv/TopicType.idl
[4.313s] -- Up-to-date: /home/francisco/ros2-ws/install/rosapi_msgs/share/rosapi_msgs/msg/TypeDef.msg
[4.313s] -- Up-to-date: /home/francisco/ros2-ws/install/rosapi_msgs/share/rosapi_msgs/srv/DeleteParam.srv
[4.313s] -- Up-to-date: /home/francisco/ros2-ws/install/rosapi_msgs/share/rosapi_msgs/srv/DeleteParam_Request.msg
[4.313s] -- Up-to-date: /home/francisco/ros2-ws/install/rosapi_msgs/share/rosapi_msgs/srv/DeleteParam_Response.msg
[4.314s] -- Up-to-date: /home/francisco/ros2-ws/install/rosapi_msgs/share/rosapi_msgs/srv/GetActionServers.srv
[4.314s] -- Up-to-date: /home/francisco/ros2-ws/install/rosapi_msgs/share/rosapi_msgs/srv/GetActionServers_Request.msg
[4.314s] -- Up-to-date: /home/francisco/ros2-ws/install/rosapi_msgs/share/rosapi_msgs/srv/GetActionServers_Response.msg
[4.314s] -- Up-to-date: /home/francisco/ros2-ws/install/rosapi_msgs/share/rosapi_msgs/srv/GetParam.srv
[4.315s] -- Up-to-date: /home/francisco/ros2-ws/install/rosapi_msgs/share/rosapi_msgs/srv/GetParam_Request.msg
[4.315s] -- Up-to-date: /home/francisco/ros2-ws/install/rosapi_msgs/share/rosapi_msgs/srv/GetParam_Response.msg
[4.315s] -- Up-to-date: /home/francisco/ros2-ws/install/rosapi_msgs/share/rosapi_msgs/srv/GetParamNames.srv
[4.315s] -- Up-to-date: /home/francisco/ros2-ws/install/rosapi_msgs/share/rosapi_msgs/srv/GetParamNames_Request.msg
[4.316s] -- Up-to-date: /home/francisco/ros2-ws/install/rosapi_msgs/share/rosapi_msgs/srv/GetParamNames_Response.msg
[4.316s] -- Up-to-date: /home/francisco/ros2-ws/install/rosapi_msgs/share/rosapi_msgs/srv/GetROSVersion.srv
[4.316s] -- Up-to-date: /home/francisco/ros2-ws/install/rosapi_msgs/share/rosapi_msgs/srv/GetROSVersion_Request.msg
[4.316s] -- Up-to-date: /home/francisco/ros2-ws/install/rosapi_msgs/share/rosapi_msgs/srv/GetROSVersion_Response.msg
[4.317s] -- Up-to-date: /home/francisco/ros2-ws/install/rosapi_msgs/share/rosapi_msgs/srv/GetTime.srv
[4.317s] -- Up-to-date: /home/francisco/ros2-ws/install/rosapi_msgs/share/rosapi_msgs/srv/GetTime_Request.msg
[4.317s] -- Up-to-date: /home/francisco/ros2-ws/install/rosapi_msgs/share/rosapi_msgs/srv/GetTime_Response.msg
[4.317s] -- Up-to-date: /home/francisco/ros2-ws/install/rosapi_msgs/share/rosapi_msgs/srv/HasParam.srv
[4.318s] -- Up-to-date: /home/francisco/ros2-ws/install/rosapi_msgs/share/rosapi_msgs/srv/HasParam_Request.msg
[4.318s] -- Up-to-date: /home/francisco/ros2-ws/install/rosapi_msgs/share/rosapi_msgs/srv/HasParam_Response.msg
[4.318s] -- Up-to-date: /home/francisco/ros2-ws/install/rosapi_msgs/share/rosapi_msgs/srv/MessageDetails.srv
[4.318s] -- Up-to-date: /home/francisco/ros2-ws/install/rosapi_msgs/share/rosapi_msgs/srv/MessageDetails_Request.msg
[4.319s] -- Up-to-date: /home/francisco/ros2-ws/install/rosapi_msgs/share/rosapi_msgs/srv/MessageDetails_Response.msg
[4.319s] -- Up-to-date: /home/francisco/ros2-ws/install/rosapi_msgs/share/rosapi_msgs/srv/Nodes.srv
[4.319s] -- Up-to-date: /home/francisco/ros2-ws/install/rosapi_msgs/share/rosapi_msgs/srv/Nodes_Request.msg
[4.319s] -- Up-to-date: /home/francisco/ros2-ws/install/rosapi_msgs/share/rosapi_msgs/srv/Nodes_Response.msg
[4.320s] -- Up-to-date: /home/francisco/ros2-ws/install/rosapi_msgs/share/rosapi_msgs/srv/NodeDetails.srv
[4.320s] -- Up-to-date: /home/francisco/ros2-ws/install/rosapi_msgs/share/rosapi_msgs/srv/NodeDetails_Request.msg
[4.320s] -- Up-to-date: /home/francisco/ros2-ws/install/rosapi_msgs/share/rosapi_msgs/srv/NodeDetails_Response.msg
[4.329s] -- Up-to-date: /home/francisco/ros2-ws/install/rosapi_msgs/share/rosapi_msgs/srv/Publishers.srv
[4.329s] -- Up-to-date: /home/francisco/ros2-ws/install/rosapi_msgs/share/rosapi_msgs/srv/Publishers_Request.msg
[4.329s] -- Up-to-date: /home/francisco/ros2-ws/install/rosapi_msgs/share/rosapi_msgs/srv/Publishers_Response.msg
[4.329s] -- Up-to-date: /home/francisco/ros2-ws/install/rosapi_msgs/share/rosapi_msgs/srv/ServiceNode.srv
[4.330s] -- Up-to-date: /home/francisco/ros2-ws/install/rosapi_msgs/share/rosapi_msgs/srv/ServiceNode_Request.msg
[4.330s] -- Up-to-date: /home/francisco/ros2-ws/install/rosapi_msgs/share/rosapi_msgs/srv/ServiceNode_Response.msg
[4.330s] -- Up-to-date: /home/francisco/ros2-ws/install/rosapi_msgs/share/rosapi_msgs/srv/ServiceProviders.srv
[4.330s] -- Up-to-date: /home/francisco/ros2-ws/install/rosapi_msgs/share/rosapi_msgs/srv/ServiceProviders_Request.msg
[4.331s] -- Up-to-date: /home/francisco/ros2-ws/install/rosapi_msgs/share/rosapi_msgs/srv/ServiceProviders_Response.msg
[4.331s] -- Up-to-date: /home/francisco/ros2-ws/install/rosapi_msgs/share/rosapi_msgs/srv/ServiceRequestDetails.srv
[4.331s] -- Up-to-date: /home/francisco/ros2-ws/install/rosapi_msgs/share/rosapi_msgs/srv/ServiceRequestDetails_Request.msg
[4.331s] -- Up-to-date: /home/francisco/ros2-ws/install/rosapi_msgs/share/rosapi_msgs/srv/ServiceRequestDetails_Response.msg
[4.332s] -- Up-to-date: /home/francisco/ros2-ws/install/rosapi_msgs/share/rosapi_msgs/srv/ServiceResponseDetails.srv
[4.332s] -- Up-to-date: /home/francisco/ros2-ws/install/rosapi_msgs/share/rosapi_msgs/srv/ServiceResponseDetails_Request.msg
[4.333s] -- Up-to-date: /home/francisco/ros2-ws/install/rosapi_msgs/share/rosapi_msgs/srv/ServiceResponseDetails_Response.msg
[4.355s] -- Up-to-date: /home/francisco/ros2-ws/install/rosapi_msgs/share/rosapi_msgs/srv/Services.srv
[4.355s] -- Up-to-date: /home/francisco/ros2-ws/install/rosapi_msgs/share/rosapi_msgs/srv/Services_Request.msg
[4.356s] -- Up-to-date: /home/francisco/ros2-ws/install/rosapi_msgs/share/rosapi_msgs/srv/Services_Response.msg
[4.356s] -- Up-to-date: /home/francisco/ros2-ws/install/rosapi_msgs/share/rosapi_msgs/srv/ServicesForType.srv
[4.381s] -- Up-to-date: /home/francisco/ros2-ws/install/rosapi_msgs/share/rosapi_msgs/srv/ServicesForType_Request.msg
[4.381s] -- Up-to-date: /home/francisco/ros2-ws/install/rosapi_msgs/share/rosapi_msgs/srv/ServicesForType_Response.msg
[4.381s] -- Up-to-date: /home/francisco/ros2-ws/install/rosapi_msgs/share/rosapi_msgs/srv/ServiceType.srv
[4.381s] -- Up-to-date: /home/francisco/ros2-ws/install/rosapi_msgs/share/rosapi_msgs/srv/ServiceType_Request.msg
[4.382s] -- Up-to-date: /home/francisco/ros2-ws/install/rosapi_msgs/share/rosapi_msgs/srv/ServiceType_Response.msg
[4.382s] -- Up-to-date: /home/francisco/ros2-ws/install/rosapi_msgs/share/rosapi_msgs/srv/SetParam.srv
[4.382s] -- Up-to-date: /home/francisco/ros2-ws/install/rosapi_msgs/share/rosapi_msgs/srv/SetParam_Request.msg
[4.383s] -- Up-to-date: /home/francisco/ros2-ws/install/rosapi_msgs/share/rosapi_msgs/srv/SetParam_Response.msg
[4.383s] -- Up-to-date: /home/francisco/ros2-ws/install/rosapi_msgs/share/rosapi_msgs/srv/Subscribers.srv
[4.383s] -- Up-to-date: /home/francisco/ros2-ws/install/rosapi_msgs/share/rosapi_msgs/srv/Subscribers_Request.msg
[4.383s] -- Up-to-date: /home/francisco/ros2-ws/install/rosapi_msgs/share/rosapi_msgs/srv/Subscribers_Response.msg
[4.384s] -- Up-to-date: /home/francisco/ros2-ws/install/rosapi_msgs/share/rosapi_msgs/srv/Topics.srv
[4.384s] -- Up-to-date: /home/francisco/ros2-ws/install/rosapi_msgs/share/rosapi_msgs/srv/Topics_Request.msg
[4.396s] -- Up-to-date: /home/francisco/ros2-ws/install/rosapi_msgs/share/rosapi_msgs/srv/Topics_Response.msg
[4.404s] -- Up-to-date: /home/francisco/ros2-ws/install/rosapi_msgs/share/rosapi_msgs/srv/TopicsAndRawTypes.srv
[4.405s] -- Up-to-date: /home/francisco/ros2-ws/install/rosapi_msgs/share/rosapi_msgs/srv/TopicsAndRawTypes_Request.msg
[4.418s] -- Up-to-date: /home/francisco/ros2-ws/install/rosapi_msgs/share/rosapi_msgs/srv/TopicsAndRawTypes_Response.msg
[4.419s] -- Up-to-date: /home/francisco/ros2-ws/install/rosapi_msgs/share/rosapi_msgs/srv/TopicsForType.srv
[4.419s] -- Up-to-date: /home/francisco/ros2-ws/install/rosapi_msgs/share/rosapi_msgs/srv/TopicsForType_Request.msg
[4.419s] -- Up-to-date: /home/francisco/ros2-ws/install/rosapi_msgs/share/rosapi_msgs/srv/TopicsForType_Response.msg
[4.420s] -- Up-to-date: /home/francisco/ros2-ws/install/rosapi_msgs/share/rosapi_msgs/srv/TopicType.srv
[4.421s] -- Up-to-date: /home/francisco/ros2-ws/install/rosapi_msgs/share/rosapi_msgs/srv/TopicType_Request.msg
[4.421s] -- Up-to-date: /home/francisco/ros2-ws/install/rosapi_msgs/share/rosapi_msgs/srv/TopicType_Response.msg
[4.422s] -- Up-to-date: /home/francisco/ros2-ws/install/rosapi_msgs/share/ament_index/resource_index/package_run_dependencies/rosapi_msgs
[4.422s] -- Up-to-date: /home/francisco/ros2-ws/install/rosapi_msgs/share/ament_index/resource_index/parent_prefix_path/rosapi_msgs
[4.423s] -- Up-to-date: /home/francisco/ros2-ws/install/rosapi_msgs/share/rosapi_msgs/environment/ament_prefix_path.sh
[4.423s] -- Up-to-date: /home/francisco/ros2-ws/install/rosapi_msgs/share/rosapi_msgs/environment/ament_prefix_path.dsv
[4.424s] -- Up-to-date: /home/francisco/ros2-ws/install/rosapi_msgs/share/rosapi_msgs/environment/path.sh
[4.424s] -- Up-to-date: /home/francisco/ros2-ws/install/rosapi_msgs/share/rosapi_msgs/environment/path.dsv
[4.424s] -- Up-to-date: /home/francisco/ros2-ws/install/rosapi_msgs/share/rosapi_msgs/local_setup.bash
[4.425s] -- Up-to-date: /home/francisco/ros2-ws/install/rosapi_msgs/share/rosapi_msgs/local_setup.sh
[4.426s] -- Up-to-date: /home/francisco/ros2-ws/install/rosapi_msgs/share/rosapi_msgs/local_setup.zsh
[4.437s] -- Up-to-date: /home/francisco/ros2-ws/install/rosapi_msgs/share/rosapi_msgs/local_setup.dsv
[4.438s] -- Installing: /home/francisco/ros2-ws/install/rosapi_msgs/share/rosapi_msgs/package.dsv
[4.441s] -- Up-to-date: /home/francisco/ros2-ws/install/rosapi_msgs/share/ament_index/resource_index/packages/rosapi_msgs
[4.442s] -- Up-to-date: /home/francisco/ros2-ws/install/rosapi_msgs/share/rosapi_msgs/cmake/rosapi_msgs__rosidl_generator_cExport.cmake
[4.442s] -- Up-to-date: /home/francisco/ros2-ws/install/rosapi_msgs/share/rosapi_msgs/cmake/rosapi_msgs__rosidl_generator_cExport-noconfig.cmake
[4.442s] -- Up-to-date: /home/francisco/ros2-ws/install/rosapi_msgs/share/rosapi_msgs/cmake/rosapi_msgs__rosidl_typesupport_introspection_cExport.cmake
[4.443s] -- Up-to-date: /home/francisco/ros2-ws/install/rosapi_msgs/share/rosapi_msgs/cmake/rosapi_msgs__rosidl_typesupport_introspection_cExport-noconfig.cmake
[4.443s] -- Up-to-date: /home/francisco/ros2-ws/install/rosapi_msgs/share/rosapi_msgs/cmake/rosapi_msgs__rosidl_typesupport_cExport.cmake
[4.443s] -- Up-to-date: /home/francisco/ros2-ws/install/rosapi_msgs/share/rosapi_msgs/cmake/rosapi_msgs__rosidl_typesupport_cExport-noconfig.cmake
[4.454s] -- Up-to-date: /home/francisco/ros2-ws/install/rosapi_msgs/share/rosapi_msgs/cmake/rosapi_msgs__rosidl_generator_cppExport.cmake
[4.454s] -- Up-to-date: /home/francisco/ros2-ws/install/rosapi_msgs/share/rosapi_msgs/cmake/rosapi_msgs__rosidl_typesupport_introspection_cppExport.cmake
[4.454s] -- Up-to-date: /home/francisco/ros2-ws/install/rosapi_msgs/share/rosapi_msgs/cmake/rosapi_msgs__rosidl_typesupport_introspection_cppExport-noconfig.cmake
[4.455s] -- Up-to-date: /home/francisco/ros2-ws/install/rosapi_msgs/share/rosapi_msgs/cmake/rosapi_msgs__rosidl_typesupport_cppExport.cmake
[4.455s] -- Up-to-date: /home/francisco/ros2-ws/install/rosapi_msgs/share/rosapi_msgs/cmake/rosapi_msgs__rosidl_typesupport_cppExport-noconfig.cmake
[4.455s] -- Up-to-date: /home/francisco/ros2-ws/install/rosapi_msgs/share/rosapi_msgs/cmake/rosidl_cmake-extras.cmake
[4.456s] -- Up-to-date: /home/francisco/ros2-ws/install/rosapi_msgs/share/rosapi_msgs/cmake/ament_cmake_export_dependencies-extras.cmake
[4.456s] -- Up-to-date: /home/francisco/ros2-ws/install/rosapi_msgs/share/rosapi_msgs/cmake/ament_cmake_export_libraries-extras.cmake
[4.456s] -- Up-to-date: /home/francisco/ros2-ws/install/rosapi_msgs/share/rosapi_msgs/cmake/ament_cmake_export_targets-extras.cmake
[4.458s] -- Up-to-date: /home/francisco/ros2-ws/install/rosapi_msgs/share/rosapi_msgs/cmake/ament_cmake_export_include_directories-extras.cmake
[4.464s] -- Up-to-date: /home/francisco/ros2-ws/install/rosapi_msgs/share/rosapi_msgs/cmake/rosidl_cmake_export_typesupport_libraries-extras.cmake
[4.465s] -- Up-to-date: /home/francisco/ros2-ws/install/rosapi_msgs/share/rosapi_msgs/cmake/rosidl_cmake_export_typesupport_targets-extras.cmake
[4.465s] -- Up-to-date: /home/francisco/ros2-ws/install/rosapi_msgs/share/rosapi_msgs/cmake/rosapi_msgsConfig.cmake
[4.465s] -- Up-to-date: /home/francisco/ros2-ws/install/rosapi_msgs/share/rosapi_msgs/cmake/rosapi_msgsConfig-version.cmake
[4.466s] -- Up-to-date: /home/francisco/ros2-ws/install/rosapi_msgs/share/rosapi_msgs/package.xml
[4.467s] Invoked command in '/home/francisco/ros2-ws/build/rosapi_msgs' returned '0': /usr/bin/cmake --install /home/francisco/ros2-ws/build/rosapi_msgs
