[0.166s] Invoking command in '/home/francisco/ros2-ws/build/rosbridge_msgs': /usr/bin/cmake --build /home/francisco/ros2-ws/build/rosbridge_msgs -- -j4 -l4
[1.430s] [  2%] Built target rosbridge_msgs__cpp
[1.451s] [ 12%] Built target rosbridge_msgs__rosidl_generator_c
[1.943s] [ 23%] Built target rosbridge_msgs__rosidl_typesupport_c
[1.948s] [ 33%] Built target rosbridge_msgs__rosidl_typesupport_cpp
[2.046s] [ 43%] Built target rosbridge_msgs__rosidl_typesupport_introspection_cpp
[2.205s] [ 53%] Built target rosbridge_msgs__rosidl_typesupport_fastrtps_cpp
[2.277s] [ 64%] Built target rosbridge_msgs__rosidl_typesupport_introspection_c
[2.495s] [ 74%] Built target rosbridge_msgs__rosidl_typesupport_fastrtps_c
[2.612s] [ 74%] Built target rosbridge_msgs
[2.828s] [ 76%] Built target rosbridge_msgs__py
[3.126s] [ 84%] Built target rosbridge_msgs__python
[3.522s] [ 89%] Built target rosbridge_msgs__rosidl_typesupport_c__pyext
[3.530s] [100%] Built target rosbridge_msgs__rosidl_typesupport_introspection_c__pyext
[3.530s] [100%] Built target rosbridge_msgs__rosidl_typesupport_fastrtps_c__pyext
[3.552s] Invoked command in '/home/francisco/ros2-ws/build/rosbridge_msgs' returned '0': /usr/bin/cmake --build /home/francisco/ros2-ws/build/rosbridge_msgs -- -j4 -l4
[3.675s] Invoking command in '/home/francisco/ros2-ws/build/rosbridge_msgs': /usr/bin/cmake --install /home/francisco/ros2-ws/build/rosbridge_msgs
[3.856s] -- Install configuration: ""
[3.877s] -- Up-to-date: /home/francisco/ros2-ws/install/rosbridge_msgs/share/ament_index/resource_index/rosidl_interfaces/rosbridge_msgs
[3.878s] -- Up-to-date: /home/francisco/ros2-ws/install/rosbridge_msgs/include/rosbridge_msgs
[3.884s] -- Up-to-date: /home/francisco/ros2-ws/install/rosbridge_msgs/include/rosbridge_msgs/msg
[3.885s] -- Up-to-date: /home/francisco/ros2-ws/install/rosbridge_msgs/include/rosbridge_msgs/msg/connected_clients.h
[3.885s] -- Up-to-date: /home/francisco/ros2-ws/install/rosbridge_msgs/include/rosbridge_msgs/msg/detail
[3.893s] -- Up-to-date: /home/francisco/ros2-ws/install/rosbridge_msgs/include/rosbridge_msgs/msg/detail/connected_clients__type_support.h
[3.894s] -- Up-to-date: /home/francisco/ros2-ws/install/rosbridge_msgs/include/rosbridge_msgs/msg/detail/connected_client__functions.c
[3.894s] -- Up-to-date: /home/francisco/ros2-ws/install/rosbridge_msgs/include/rosbridge_msgs/msg/detail/connected_client__struct.h
[3.895s] -- Up-to-date: /home/francisco/ros2-ws/install/rosbridge_msgs/include/rosbridge_msgs/msg/detail/connected_clients__struct.h
[3.895s] -- Up-to-date: /home/francisco/ros2-ws/install/rosbridge_msgs/include/rosbridge_msgs/msg/detail/connected_clients__functions.c
[3.895s] -- Up-to-date: /home/francisco/ros2-ws/install/rosbridge_msgs/include/rosbridge_msgs/msg/detail/connected_client__functions.h
[3.896s] -- Up-to-date: /home/francisco/ros2-ws/install/rosbridge_msgs/include/rosbridge_msgs/msg/detail/connected_clients__functions.h
[3.896s] -- Up-to-date: /home/francisco/ros2-ws/install/rosbridge_msgs/include/rosbridge_msgs/msg/detail/connected_client__type_support.h
[3.896s] -- Up-to-date: /home/francisco/ros2-ws/install/rosbridge_msgs/include/rosbridge_msgs/msg/rosidl_generator_c__visibility_control.h
[3.897s] -- Up-to-date: /home/francisco/ros2-ws/install/rosbridge_msgs/include/rosbridge_msgs/msg/connected_client.h
[3.897s] -- Up-to-date: /home/francisco/ros2-ws/install/rosbridge_msgs/share/rosbridge_msgs/environment/library_path.sh
[3.897s] -- Up-to-date: /home/francisco/ros2-ws/install/rosbridge_msgs/share/rosbridge_msgs/environment/library_path.dsv
[3.930s] -- Up-to-date: /home/francisco/ros2-ws/install/rosbridge_msgs/lib/librosbridge_msgs__rosidl_generator_c.so
[3.931s] -- Up-to-date: /home/francisco/ros2-ws/install/rosbridge_msgs/include/rosbridge_msgs
[3.931s] -- Up-to-date: /home/francisco/ros2-ws/install/rosbridge_msgs/include/rosbridge_msgs/msg
[3.931s] -- Up-to-date: /home/francisco/ros2-ws/install/rosbridge_msgs/include/rosbridge_msgs/msg/detail
[3.932s] -- Up-to-date: /home/francisco/ros2-ws/install/rosbridge_msgs/include/rosbridge_msgs/msg/detail/connected_clients__rosidl_typesupport_fastrtps_c.h
[3.932s] -- Up-to-date: /home/francisco/ros2-ws/install/rosbridge_msgs/include/rosbridge_msgs/msg/detail/connected_client__rosidl_typesupport_fastrtps_c.h
[3.932s] -- Up-to-date: /home/francisco/ros2-ws/install/rosbridge_msgs/include/rosbridge_msgs/msg/rosidl_typesupport_fastrtps_c__visibility_control.h
[3.951s] -- Up-to-date: /home/francisco/ros2-ws/install/rosbridge_msgs/lib/librosbridge_msgs__rosidl_typesupport_fastrtps_c.so
[3.951s] -- Up-to-date: /home/francisco/ros2-ws/install/rosbridge_msgs/include/rosbridge_msgs
[3.952s] -- Up-to-date: /home/francisco/ros2-ws/install/rosbridge_msgs/include/rosbridge_msgs/msg
[3.952s] -- Up-to-date: /home/francisco/ros2-ws/install/rosbridge_msgs/include/rosbridge_msgs/msg/detail
[3.952s] -- Up-to-date: /home/francisco/ros2-ws/install/rosbridge_msgs/include/rosbridge_msgs/msg/detail/connected_client__rosidl_typesupport_fastrtps_cpp.hpp
[3.953s] -- Up-to-date: /home/francisco/ros2-ws/install/rosbridge_msgs/include/rosbridge_msgs/msg/detail/dds_fastrtps
[3.953s] -- Up-to-date: /home/francisco/ros2-ws/install/rosbridge_msgs/include/rosbridge_msgs/msg/detail/connected_clients__rosidl_typesupport_fastrtps_cpp.hpp
[3.953s] -- Up-to-date: /home/francisco/ros2-ws/install/rosbridge_msgs/include/rosbridge_msgs/msg/rosidl_typesupport_fastrtps_cpp__visibility_control.h
[4.041s] -- Up-to-date: /home/francisco/ros2-ws/install/rosbridge_msgs/lib/librosbridge_msgs__rosidl_typesupport_fastrtps_cpp.so
[4.042s] -- Up-to-date: /home/francisco/ros2-ws/install/rosbridge_msgs/include/rosbridge_msgs
[4.042s] -- Up-to-date: /home/francisco/ros2-ws/install/rosbridge_msgs/include/rosbridge_msgs/msg
[4.043s] -- Up-to-date: /home/francisco/ros2-ws/install/rosbridge_msgs/include/rosbridge_msgs/msg/detail
[4.043s] -- Up-to-date: /home/francisco/ros2-ws/install/rosbridge_msgs/include/rosbridge_msgs/msg/detail/connected_clients__type_support.c
[4.044s] -- Up-to-date: /home/francisco/ros2-ws/install/rosbridge_msgs/include/rosbridge_msgs/msg/detail/connected_client__type_support.c
[4.044s] -- Up-to-date: /home/francisco/ros2-ws/install/rosbridge_msgs/include/rosbridge_msgs/msg/detail/connected_client__rosidl_typesupport_introspection_c.h
[4.044s] -- Up-to-date: /home/francisco/ros2-ws/install/rosbridge_msgs/include/rosbridge_msgs/msg/detail/connected_clients__rosidl_typesupport_introspection_c.h
[4.045s] -- Up-to-date: /home/francisco/ros2-ws/install/rosbridge_msgs/include/rosbridge_msgs/msg/rosidl_typesupport_introspection_c__visibility_control.h
[4.065s] -- Up-to-date: /home/francisco/ros2-ws/install/rosbridge_msgs/lib/librosbridge_msgs__rosidl_typesupport_introspection_c.so
[4.076s] -- Up-to-date: /home/francisco/ros2-ws/install/rosbridge_msgs/lib/librosbridge_msgs__rosidl_typesupport_c.so
[4.076s] -- Up-to-date: /home/francisco/ros2-ws/install/rosbridge_msgs/include/rosbridge_msgs
[4.077s] -- Up-to-date: /home/francisco/ros2-ws/install/rosbridge_msgs/include/rosbridge_msgs/msg
[4.077s] -- Up-to-date: /home/francisco/ros2-ws/install/rosbridge_msgs/include/rosbridge_msgs/msg/detail
[4.078s] -- Up-to-date: /home/francisco/ros2-ws/install/rosbridge_msgs/include/rosbridge_msgs/msg/detail/connected_client__struct.hpp
[4.078s] -- Up-to-date: /home/francisco/ros2-ws/install/rosbridge_msgs/include/rosbridge_msgs/msg/detail/connected_client__traits.hpp
[4.078s] -- Up-to-date: /home/francisco/ros2-ws/install/rosbridge_msgs/include/rosbridge_msgs/msg/detail/connected_clients__traits.hpp
[4.079s] -- Up-to-date: /home/francisco/ros2-ws/install/rosbridge_msgs/include/rosbridge_msgs/msg/detail/connected_client__builder.hpp
[4.079s] -- Up-to-date: /home/francisco/ros2-ws/install/rosbridge_msgs/include/rosbridge_msgs/msg/detail/connected_clients__struct.hpp
[4.079s] -- Up-to-date: /home/francisco/ros2-ws/install/rosbridge_msgs/include/rosbridge_msgs/msg/detail/connected_clients__builder.hpp
[4.079s] -- Up-to-date: /home/francisco/ros2-ws/install/rosbridge_msgs/include/rosbridge_msgs/msg/connected_clients.hpp
[4.080s] -- Up-to-date: /home/francisco/ros2-ws/install/rosbridge_msgs/include/rosbridge_msgs/msg/connected_client.hpp
[4.081s] -- Up-to-date: /home/francisco/ros2-ws/install/rosbridge_msgs/include/rosbridge_msgs
[4.081s] -- Up-to-date: /home/francisco/ros2-ws/install/rosbridge_msgs/include/rosbridge_msgs/msg
[4.081s] -- Up-to-date: /home/francisco/ros2-ws/install/rosbridge_msgs/include/rosbridge_msgs/msg/detail
[4.082s] -- Up-to-date: /home/francisco/ros2-ws/install/rosbridge_msgs/include/rosbridge_msgs/msg/detail/connected_clients__type_support.cpp
[4.082s] -- Up-to-date: /home/francisco/ros2-ws/install/rosbridge_msgs/include/rosbridge_msgs/msg/detail/connected_client__type_support.cpp
[4.083s] -- Up-to-date: /home/francisco/ros2-ws/install/rosbridge_msgs/include/rosbridge_msgs/msg/detail/connected_client__rosidl_typesupport_introspection_cpp.hpp
[4.083s] -- Up-to-date: /home/francisco/ros2-ws/install/rosbridge_msgs/include/rosbridge_msgs/msg/detail/connected_clients__rosidl_typesupport_introspection_cpp.hpp
[4.147s] -- Up-to-date: /home/francisco/ros2-ws/install/rosbridge_msgs/lib/librosbridge_msgs__rosidl_typesupport_introspection_cpp.so
[4.159s] -- Up-to-date: /home/francisco/ros2-ws/install/rosbridge_msgs/lib/librosbridge_msgs__rosidl_typesupport_cpp.so
[4.160s] -- Up-to-date: /home/francisco/ros2-ws/install/rosbridge_msgs/share/rosbridge_msgs/environment/pythonpath.sh
[4.160s] -- Up-to-date: /home/francisco/ros2-ws/install/rosbridge_msgs/share/rosbridge_msgs/environment/pythonpath.dsv
[4.161s] -- Up-to-date: /home/francisco/ros2-ws/install/rosbridge_msgs/lib/python3.8/site-packages/rosbridge_msgs/__init__.py
[4.274s] -- Up-to-date: /home/francisco/ros2-ws/install/rosbridge_msgs/lib/python3.8/site-packages/rosbridge_msgs/msg
[4.275s] -- Up-to-date: /home/francisco/ros2-ws/install/rosbridge_msgs/lib/python3.8/site-packages/rosbridge_msgs/msg/__init__.py
[4.276s] -- Up-to-date: /home/francisco/ros2-ws/install/rosbridge_msgs/lib/python3.8/site-packages/rosbridge_msgs/msg/_connected_clients_s.c
[4.278s] -- Up-to-date: /home/francisco/ros2-ws/install/rosbridge_msgs/lib/python3.8/site-packages/rosbridge_msgs/msg/_connected_client.py
[4.278s] -- Up-to-date: /home/francisco/ros2-ws/install/rosbridge_msgs/lib/python3.8/site-packages/rosbridge_msgs/msg/_connected_client_s.c
[4.279s] -- Up-to-date: /home/francisco/ros2-ws/install/rosbridge_msgs/lib/python3.8/site-packages/rosbridge_msgs/msg/_connected_clients.py
[4.310s] -- Up-to-date: /home/francisco/ros2-ws/install/rosbridge_msgs/lib/python3.8/site-packages/rosbridge_msgs/rosbridge_msgs_s__rosidl_typesupport_fastrtps_c.cpython-38-x86_64-linux-gnu.so
[4.346s] -- Up-to-date: /home/francisco/ros2-ws/install/rosbridge_msgs/lib/python3.8/site-packages/rosbridge_msgs/rosbridge_msgs_s__rosidl_typesupport_introspection_c.cpython-38-x86_64-linux-gnu.so
[4.349s] -- Up-to-date: /home/francisco/ros2-ws/install/rosbridge_msgs/lib/python3.8/site-packages/rosbridge_msgs/rosbridge_msgs_s__rosidl_typesupport_c.cpython-38-x86_64-linux-gnu.so
[4.363s] -- Up-to-date: /home/francisco/ros2-ws/install/rosbridge_msgs/lib/librosbridge_msgs__python.so
[4.377s] -- Up-to-date: /home/francisco/ros2-ws/install/rosbridge_msgs/share/rosbridge_msgs/msg/ConnectedClient.idl
[4.378s] -- Up-to-date: /home/francisco/ros2-ws/install/rosbridge_msgs/share/rosbridge_msgs/msg/ConnectedClients.idl
[4.378s] -- Up-to-date: /home/francisco/ros2-ws/install/rosbridge_msgs/share/rosbridge_msgs/msg/ConnectedClient.msg
[4.379s] -- Up-to-date: /home/francisco/ros2-ws/install/rosbridge_msgs/share/rosbridge_msgs/msg/ConnectedClients.msg
[4.381s] -- Up-to-date: /home/francisco/ros2-ws/install/rosbridge_msgs/share/ament_index/resource_index/package_run_dependencies/rosbridge_msgs
[4.387s] -- Up-to-date: /home/francisco/ros2-ws/install/rosbridge_msgs/share/ament_index/resource_index/parent_prefix_path/rosbridge_msgs
[4.387s] -- Up-to-date: /home/francisco/ros2-ws/install/rosbridge_msgs/share/rosbridge_msgs/environment/ament_prefix_path.sh
[4.388s] -- Up-to-date: /home/francisco/ros2-ws/install/rosbridge_msgs/share/rosbridge_msgs/environment/ament_prefix_path.dsv
[4.388s] -- Up-to-date: /home/francisco/ros2-ws/install/rosbridge_msgs/share/rosbridge_msgs/environment/path.sh
[4.389s] -- Up-to-date: /home/francisco/ros2-ws/install/rosbridge_msgs/share/rosbridge_msgs/environment/path.dsv
[4.390s] -- Up-to-date: /home/francisco/ros2-ws/install/rosbridge_msgs/share/rosbridge_msgs/local_setup.bash
[4.390s] -- Up-to-date: /home/francisco/ros2-ws/install/rosbridge_msgs/share/rosbridge_msgs/local_setup.sh
[4.391s] -- Up-to-date: /home/francisco/ros2-ws/install/rosbridge_msgs/share/rosbridge_msgs/local_setup.zsh
[4.391s] -- Up-to-date: /home/francisco/ros2-ws/install/rosbridge_msgs/share/rosbridge_msgs/local_setup.dsv
[4.391s] -- Installing: /home/francisco/ros2-ws/install/rosbridge_msgs/share/rosbridge_msgs/package.dsv
[4.424s] -- Up-to-date: /home/francisco/ros2-ws/install/rosbridge_msgs/share/ament_index/resource_index/packages/rosbridge_msgs
[4.444s] -- Up-to-date: /home/francisco/ros2-ws/install/rosbridge_msgs/share/rosbridge_msgs/cmake/rosbridge_msgs__rosidl_generator_cExport.cmake
[4.444s] -- Up-to-date: /home/francisco/ros2-ws/install/rosbridge_msgs/share/rosbridge_msgs/cmake/rosbridge_msgs__rosidl_generator_cExport-noconfig.cmake
[4.447s] -- Up-to-date: /home/francisco/ros2-ws/install/rosbridge_msgs/share/rosbridge_msgs/cmake/rosbridge_msgs__rosidl_typesupport_introspection_cExport.cmake
[4.448s] -- Up-to-date: /home/francisco/ros2-ws/install/rosbridge_msgs/share/rosbridge_msgs/cmake/rosbridge_msgs__rosidl_typesupport_introspection_cExport-noconfig.cmake
[4.448s] -- Up-to-date: /home/francisco/ros2-ws/install/rosbridge_msgs/share/rosbridge_msgs/cmake/rosbridge_msgs__rosidl_typesupport_cExport.cmake
[4.448s] -- Up-to-date: /home/francisco/ros2-ws/install/rosbridge_msgs/share/rosbridge_msgs/cmake/rosbridge_msgs__rosidl_typesupport_cExport-noconfig.cmake
[4.449s] -- Up-to-date: /home/francisco/ros2-ws/install/rosbridge_msgs/share/rosbridge_msgs/cmake/rosbridge_msgs__rosidl_generator_cppExport.cmake
[4.450s] -- Up-to-date: /home/francisco/ros2-ws/install/rosbridge_msgs/share/rosbridge_msgs/cmake/rosbridge_msgs__rosidl_typesupport_introspection_cppExport.cmake
[4.451s] -- Up-to-date: /home/francisco/ros2-ws/install/rosbridge_msgs/share/rosbridge_msgs/cmake/rosbridge_msgs__rosidl_typesupport_introspection_cppExport-noconfig.cmake
[4.452s] -- Up-to-date: /home/francisco/ros2-ws/install/rosbridge_msgs/share/rosbridge_msgs/cmake/rosbridge_msgs__rosidl_typesupport_cppExport.cmake
[4.452s] -- Up-to-date: /home/francisco/ros2-ws/install/rosbridge_msgs/share/rosbridge_msgs/cmake/rosbridge_msgs__rosidl_typesupport_cppExport-noconfig.cmake
[4.453s] -- Up-to-date: /home/francisco/ros2-ws/install/rosbridge_msgs/share/rosbridge_msgs/cmake/rosidl_cmake-extras.cmake
[4.453s] -- Up-to-date: /home/francisco/ros2-ws/install/rosbridge_msgs/share/rosbridge_msgs/cmake/ament_cmake_export_dependencies-extras.cmake
[4.453s] -- Up-to-date: /home/francisco/ros2-ws/install/rosbridge_msgs/share/rosbridge_msgs/cmake/ament_cmake_export_libraries-extras.cmake
[4.454s] -- Up-to-date: /home/francisco/ros2-ws/install/rosbridge_msgs/share/rosbridge_msgs/cmake/ament_cmake_export_targets-extras.cmake
[4.455s] -- Up-to-date: /home/francisco/ros2-ws/install/rosbridge_msgs/share/rosbridge_msgs/cmake/ament_cmake_export_include_directories-extras.cmake
[4.455s] -- Up-to-date: /home/francisco/ros2-ws/install/rosbridge_msgs/share/rosbridge_msgs/cmake/rosidl_cmake_export_typesupport_libraries-extras.cmake
[4.456s] -- Up-to-date: /home/francisco/ros2-ws/install/rosbridge_msgs/share/rosbridge_msgs/cmake/rosidl_cmake_export_typesupport_targets-extras.cmake
[4.456s] -- Up-to-date: /home/francisco/ros2-ws/install/rosbridge_msgs/share/rosbridge_msgs/cmake/rosbridge_msgsConfig.cmake
[4.456s] -- Up-to-date: /home/francisco/ros2-ws/install/rosbridge_msgs/share/rosbridge_msgs/cmake/rosbridge_msgsConfig-version.cmake
[4.460s] -- Up-to-date: /home/francisco/ros2-ws/install/rosbridge_msgs/share/rosbridge_msgs/package.xml
[4.461s] Invoked command in '/home/francisco/ros2-ws/build/rosbridge_msgs' returned '0': /usr/bin/cmake --install /home/francisco/ros2-ws/build/rosbridge_msgs
