[0.048s] Invoking command in '/home/francisco/ros2-ws/build/usb_camera_driver': /usr/bin/cmake --build /home/francisco/ros2-ws/build/usb_camera_driver -- -j4 -l4
[0.263s] [ 20%] Built target gtest
[0.295s] [ 40%] Built target gtest_main
[0.346s] [ 60%] Built target usb_camera_driver
[0.481s] [ 80%] Built target usb_camera_driver_node
[0.515s] [100%] Built target usb_camera_driver_tests
[0.551s] Invoked command in '/home/francisco/ros2-ws/build/usb_camera_driver' returned '0': /usr/bin/cmake --build /home/francisco/ros2-ws/build/usb_camera_driver -- -j4 -l4
[0.673s] Invoking command in '/home/francisco/ros2-ws/build/usb_camera_driver': /usr/bin/cmake --install /home/francisco/ros2-ws/build/usb_camera_driver
[0.705s] -- Install configuration: ""
[0.705s] -- Up-to-date: /home/francisco/ros2-ws/install/usb_camera_driver/lib/libusb_camera_driver.so
[0.706s] -- Up-to-date: /home/francisco/ros2-ws/install/usb_camera_driver/lib/usb_camera_driver/usb_camera_driver_node
[0.707s] -- Up-to-date: /home/francisco/ros2-ws/install/usb_camera_driver/share/usb_camera_driver/launch
[0.708s] -- Up-to-date: /home/francisco/ros2-ws/install/usb_camera_driver/share/usb_camera_driver/launch/usb_camera_node.launch.py
[0.708s] -- Up-to-date: /home/francisco/ros2-ws/install/usb_camera_driver/share/usb_camera_driver/launch/usb_camera_component.launch.py
[0.708s] -- Up-to-date: /home/francisco/ros2-ws/install/usb_camera_driver/share/usb_camera_driver/launch/__pycache__
[0.708s] -- Up-to-date: /home/francisco/ros2-ws/install/usb_camera_driver/share/usb_camera_driver/launch/__pycache__/usb_camera_node.launch.cpython-38.pyc
[0.709s] -- Up-to-date: /home/francisco/ros2-ws/install/usb_camera_driver/share/usb_camera_driver/config
[0.709s] -- Up-to-date: /home/francisco/ros2-ws/install/usb_camera_driver/share/usb_camera_driver/config/config.yaml
[0.709s] -- Up-to-date: /home/francisco/ros2-ws/install/usb_camera_driver/share/usb_camera_driver/config/camera.yaml
[0.710s] -- Up-to-date: /home/francisco/ros2-ws/install/usb_camera_driver/share/ament_index/resource_index/package_run_dependencies/usb_camera_driver
[0.710s] -- Up-to-date: /home/francisco/ros2-ws/install/usb_camera_driver/share/ament_index/resource_index/parent_prefix_path/usb_camera_driver
[0.710s] -- Up-to-date: /home/francisco/ros2-ws/install/usb_camera_driver/share/usb_camera_driver/environment/ament_prefix_path.sh
[0.711s] -- Up-to-date: /home/francisco/ros2-ws/install/usb_camera_driver/share/usb_camera_driver/environment/ament_prefix_path.dsv
[0.711s] -- Up-to-date: /home/francisco/ros2-ws/install/usb_camera_driver/share/usb_camera_driver/environment/path.sh
[0.711s] -- Up-to-date: /home/francisco/ros2-ws/install/usb_camera_driver/share/usb_camera_driver/environment/path.dsv
[0.711s] -- Up-to-date: /home/francisco/ros2-ws/install/usb_camera_driver/share/usb_camera_driver/local_setup.bash
[0.712s] -- Up-to-date: /home/francisco/ros2-ws/install/usb_camera_driver/share/usb_camera_driver/local_setup.sh
[0.714s] -- Up-to-date: /home/francisco/ros2-ws/install/usb_camera_driver/share/usb_camera_driver/local_setup.zsh
[0.715s] -- Up-to-date: /home/francisco/ros2-ws/install/usb_camera_driver/share/usb_camera_driver/local_setup.dsv
[0.715s] -- Installing: /home/francisco/ros2-ws/install/usb_camera_driver/share/usb_camera_driver/package.dsv
[0.715s] -- Up-to-date: /home/francisco/ros2-ws/install/usb_camera_driver/share/ament_index/resource_index/packages/usb_camera_driver
[0.716s] -- Up-to-date: /home/francisco/ros2-ws/install/usb_camera_driver/share/ament_index/resource_index/rclcpp_components/usb_camera_driver
[0.716s] -- Up-to-date: /home/francisco/ros2-ws/install/usb_camera_driver/share/usb_camera_driver/cmake/usb_camera_driverConfig.cmake
[0.716s] -- Up-to-date: /home/francisco/ros2-ws/install/usb_camera_driver/share/usb_camera_driver/cmake/usb_camera_driverConfig-version.cmake
[0.716s] -- Up-to-date: /home/francisco/ros2-ws/install/usb_camera_driver/share/usb_camera_driver/package.xml
[0.727s] Invoked command in '/home/francisco/ros2-ws/build/usb_camera_driver' returned '0': /usr/bin/cmake --install /home/francisco/ros2-ws/build/usb_camera_driver
