[0.737s] DEBUG:colcon:Command line arguments: ['/usr/bin/colcon', 'build']
[0.738s] DEBUG:colcon:Parsed command line arguments: Namespace(allow_overriding=[], ament_cmake_args=None, base_paths=['.'], build_base='build', catkin_cmake_args=None, catkin_skip_building_tests=False, cmake_args=None, cmake_clean_cache=False, cmake_clean_first=False, cmake_force_configure=False, cmake_target=None, cmake_target_skip_unavailable=False, continue_on_error=False, event_handlers=None, executor='parallel', ignore_user_meta=False, install_base='install', log_base=None, log_level=None, main=<bound method BuildVerb.main of <colcon_core.verb.build.BuildVerb object at 0x7f9a1a273430>>, merge_install=False, metas=['./colcon.meta'], packages_above=None, packages_above_and_dependencies=None, packages_above_depth=None, packages_end=None, packages_ignore=None, packages_ignore_regex=None, packages_select=None, packages_select_build_failed=False, packages_select_by_dep=None, packages_select_regex=None, packages_select_test_failures=False, packages_skip=None, packages_skip_build_finished=False, packages_skip_by_dep=None, packages_skip_regex=None, packages_skip_test_passed=False, packages_skip_up_to=None, packages_start=None, packages_up_to=None, packages_up_to_regex=None, parallel_workers=4, paths=None, symlink_install=False, test_result_base=None, verb_extension=<colcon_core.verb.build.BuildVerb object at 0x7f9a1a273430>, verb_name='build', verb_parser=<colcon_defaults.argument_parser.defaults.DefaultArgumentsDecorator object at 0x7f9a1a273970>)
[0.798s] Level 1:colcon.colcon_core.package_discovery:discover_packages(colcon_meta) check parameters
[0.799s] Level 1:colcon.colcon_core.package_discovery:discover_packages(recursive) check parameters
[0.799s] Level 1:colcon.colcon_core.package_discovery:discover_packages(ignore) check parameters
[0.799s] Level 1:colcon.colcon_core.package_discovery:discover_packages(path) check parameters
[0.799s] Level 1:colcon.colcon_core.package_discovery:discover_packages(colcon_meta) discover
[0.799s] Level 1:colcon.colcon_core.package_discovery:discover_packages(recursive) discover
[0.799s] INFO:colcon.colcon_core.package_discovery:Crawling recursively for packages in '/home/francisco/ros2-ws'
[0.799s] Level 1:colcon.colcon_core.package_identification:_identify(.) by extensions ['ignore', 'ignore_ament_install']
[0.799s] Level 1:colcon.colcon_core.package_identification:_identify(.) by extension 'ignore'
[0.800s] Level 1:colcon.colcon_core.package_identification:_identify(.) by extension 'ignore_ament_install'
[0.800s] Level 1:colcon.colcon_core.package_identification:_identify(.) by extensions ['colcon_pkg']
[0.800s] Level 1:colcon.colcon_core.package_identification:_identify(.) by extension 'colcon_pkg'
[0.800s] Level 1:colcon.colcon_core.package_identification:_identify(.) by extensions ['colcon_meta']
[0.800s] Level 1:colcon.colcon_core.package_identification:_identify(.) by extension 'colcon_meta'
[0.800s] Level 1:colcon.colcon_core.package_identification:_identify(.) by extensions ['ros']
[0.800s] Level 1:colcon.colcon_core.package_identification:_identify(.) by extension 'ros'
[0.839s] Level 1:colcon.colcon_core.package_identification:_identify(.) by extensions ['cmake', 'python']
[0.840s] Level 1:colcon.colcon_core.package_identification:_identify(.) by extension 'cmake'
[0.840s] Level 1:colcon.colcon_core.package_identification:_identify(.) by extension 'python'
[0.840s] Level 1:colcon.colcon_core.package_identification:_identify(.) by extensions ['python_setup_py']
[0.840s] Level 1:colcon.colcon_core.package_identification:_identify(.) by extension 'python_setup_py'
[0.840s] Level 1:colcon.colcon_core.package_identification:_identify(build) by extensions ['ignore', 'ignore_ament_install']
[0.840s] Level 1:colcon.colcon_core.package_identification:_identify(build) by extension 'ignore'
[0.841s] Level 1:colcon.colcon_core.package_identification:_identify(build) ignored
[0.841s] Level 1:colcon.colcon_core.package_identification:_identify(install) by extensions ['ignore', 'ignore_ament_install']
[0.841s] Level 1:colcon.colcon_core.package_identification:_identify(install) by extension 'ignore'
[0.841s] Level 1:colcon.colcon_core.package_identification:_identify(install) ignored
[0.841s] Level 1:colcon.colcon_core.package_identification:_identify(log) by extensions ['ignore', 'ignore_ament_install']
[0.842s] Level 1:colcon.colcon_core.package_identification:_identify(log) by extension 'ignore'
[0.842s] Level 1:colcon.colcon_core.package_identification:_identify(log) ignored
[0.842s] Level 1:colcon.colcon_core.package_identification:_identify(src) by extensions ['ignore', 'ignore_ament_install']
[0.842s] Level 1:colcon.colcon_core.package_identification:_identify(src) by extension 'ignore'
[0.842s] Level 1:colcon.colcon_core.package_identification:_identify(src) by extension 'ignore_ament_install'
[0.842s] Level 1:colcon.colcon_core.package_identification:_identify(src) by extensions ['colcon_pkg']
[0.842s] Level 1:colcon.colcon_core.package_identification:_identify(src) by extension 'colcon_pkg'
[0.842s] Level 1:colcon.colcon_core.package_identification:_identify(src) by extensions ['colcon_meta']
[0.843s] Level 1:colcon.colcon_core.package_identification:_identify(src) by extension 'colcon_meta'
[0.843s] Level 1:colcon.colcon_core.package_identification:_identify(src) by extensions ['ros']
[0.843s] Level 1:colcon.colcon_core.package_identification:_identify(src) by extension 'ros'
[0.843s] Level 1:colcon.colcon_core.package_identification:_identify(src) by extensions ['cmake', 'python']
[0.843s] Level 1:colcon.colcon_core.package_identification:_identify(src) by extension 'cmake'
[0.843s] Level 1:colcon.colcon_core.package_identification:_identify(src) by extension 'python'
[0.843s] Level 1:colcon.colcon_core.package_identification:_identify(src) by extensions ['python_setup_py']
[0.843s] Level 1:colcon.colcon_core.package_identification:_identify(src) by extension 'python_setup_py'
[0.844s] Level 1:colcon.colcon_core.package_identification:_identify(src/ros2_usb_camera) by extensions ['ignore', 'ignore_ament_install']
[0.844s] Level 1:colcon.colcon_core.package_identification:_identify(src/ros2_usb_camera) by extension 'ignore'
[0.844s] Level 1:colcon.colcon_core.package_identification:_identify(src/ros2_usb_camera) by extension 'ignore_ament_install'
[0.844s] Level 1:colcon.colcon_core.package_identification:_identify(src/ros2_usb_camera) by extensions ['colcon_pkg']
[0.844s] Level 1:colcon.colcon_core.package_identification:_identify(src/ros2_usb_camera) by extension 'colcon_pkg'
[0.844s] Level 1:colcon.colcon_core.package_identification:_identify(src/ros2_usb_camera) by extensions ['colcon_meta']
[0.844s] Level 1:colcon.colcon_core.package_identification:_identify(src/ros2_usb_camera) by extension 'colcon_meta'
[0.844s] Level 1:colcon.colcon_core.package_identification:_identify(src/ros2_usb_camera) by extensions ['ros']
[0.844s] Level 1:colcon.colcon_core.package_identification:_identify(src/ros2_usb_camera) by extension 'ros'
[0.851s] DEBUG:colcon.colcon_core.package_identification:Package 'src/ros2_usb_camera' with type 'ros.ament_cmake' and name 'usb_camera_driver'
[0.851s] Level 1:colcon.colcon_core.package_discovery:discover_packages(recursive) using defaults
[0.851s] Level 1:colcon.colcon_core.package_discovery:discover_packages(ignore) discover
[0.851s] Level 1:colcon.colcon_core.package_discovery:discover_packages(ignore) using defaults
[0.851s] Level 1:colcon.colcon_core.package_discovery:discover_packages(path) discover
[0.851s] Level 1:colcon.colcon_core.package_discovery:discover_packages(path) using defaults
[0.894s] Level 1:colcon.colcon_core.package_discovery:discover_packages(prefix_path) check parameters
[0.894s] Level 1:colcon.colcon_core.package_discovery:discover_packages(prefix_path) discover
[0.901s] DEBUG:colcon.colcon_installed_package_information.package_discovery:Found 258 installed packages in /opt/ros/foxy
[0.905s] Level 1:colcon.colcon_core.package_discovery:discover_packages(prefix_path) using defaults
[1.087s] Level 5:colcon.colcon_core.verb:set package 'usb_camera_driver' build argument 'cmake_args' from command line to 'None'
[1.087s] Level 5:colcon.colcon_core.verb:set package 'usb_camera_driver' build argument 'cmake_target' from command line to 'None'
[1.087s] Level 5:colcon.colcon_core.verb:set package 'usb_camera_driver' build argument 'cmake_target_skip_unavailable' from command line to 'False'
[1.087s] Level 5:colcon.colcon_core.verb:set package 'usb_camera_driver' build argument 'cmake_clean_cache' from command line to 'False'
[1.087s] Level 5:colcon.colcon_core.verb:set package 'usb_camera_driver' build argument 'cmake_clean_first' from command line to 'False'
[1.087s] Level 5:colcon.colcon_core.verb:set package 'usb_camera_driver' build argument 'cmake_force_configure' from command line to 'False'
[1.087s] Level 5:colcon.colcon_core.verb:set package 'usb_camera_driver' build argument 'ament_cmake_args' from command line to 'None'
[1.088s] Level 5:colcon.colcon_core.verb:set package 'usb_camera_driver' build argument 'catkin_cmake_args' from command line to 'None'
[1.088s] Level 5:colcon.colcon_core.verb:set package 'usb_camera_driver' build argument 'catkin_skip_building_tests' from command line to 'False'
[1.088s] DEBUG:colcon.colcon_core.verb:Building package 'usb_camera_driver' with the following arguments: {'ament_cmake_args': None, 'build_base': '/home/francisco/ros2-ws/build/usb_camera_driver', 'catkin_cmake_args': None, 'catkin_skip_building_tests': False, 'cmake_args': None, 'cmake_clean_cache': False, 'cmake_clean_first': False, 'cmake_force_configure': False, 'cmake_target': None, 'cmake_target_skip_unavailable': False, 'install_base': '/home/francisco/ros2-ws/install/usb_camera_driver', 'merge_install': False, 'path': '/home/francisco/ros2-ws/src/ros2_usb_camera', 'symlink_install': False, 'test_result_base': None}
[1.089s] INFO:colcon.colcon_core.executor:Executing jobs using 'parallel' executor
[1.098s] DEBUG:colcon.colcon_parallel_executor.executor.parallel:run_until_complete
[1.098s] INFO:colcon.colcon_ros.task.ament_cmake.build:Building ROS package in '/home/francisco/ros2-ws/src/ros2_usb_camera' with build type 'ament_cmake'
[1.098s] INFO:colcon.colcon_cmake.task.cmake.build:Building CMake package in '/home/francisco/ros2-ws/src/ros2_usb_camera'
[1.110s] INFO:colcon.colcon_core.plugin_system:Skipping extension 'colcon_core.shell.bat': Not used on non-Windows systems
[1.111s] INFO:colcon.colcon_core.shell:Skip shell extension 'powershell' for command environment: Not usable outside of PowerShell
[1.111s] DEBUG:colcon.colcon_core.shell:Skip shell extension 'dsv' for command environment
[1.138s] DEBUG:colcon.colcon_core.event_handler.log_command:Invoking command in '/home/francisco/ros2-ws/build/usb_camera_driver': CMAKE_PREFIX_PATH=/opt/ros/foxy /usr/bin/cmake /home/francisco/ros2-ws/src/ros2_usb_camera -DCMAKE_INSTALL_PREFIX=/home/francisco/ros2-ws/install/usb_camera_driver
[4.515s] DEBUG:colcon.colcon_core.event_handler.log_command:Invoked command in '/home/francisco/ros2-ws/build/usb_camera_driver' returned '0': CMAKE_PREFIX_PATH=/opt/ros/foxy /usr/bin/cmake /home/francisco/ros2-ws/src/ros2_usb_camera -DCMAKE_INSTALL_PREFIX=/home/francisco/ros2-ws/install/usb_camera_driver
[4.525s] DEBUG:colcon.colcon_core.event_handler.log_command:Invoking command in '/home/francisco/ros2-ws/build/usb_camera_driver': CMAKE_PREFIX_PATH=/opt/ros/foxy /usr/bin/cmake --build /home/francisco/ros2-ws/build/usb_camera_driver -- -j4 -l4
[28.321s] DEBUG:colcon.colcon_core.event_handler.log_command:Invoked command in '/home/francisco/ros2-ws/build/usb_camera_driver' returned '0': CMAKE_PREFIX_PATH=/opt/ros/foxy /usr/bin/cmake --build /home/francisco/ros2-ws/build/usb_camera_driver -- -j4 -l4
[28.424s] DEBUG:colcon.colcon_core.event_handler.log_command:Invoking command in '/home/francisco/ros2-ws/build/usb_camera_driver': CMAKE_PREFIX_PATH=/opt/ros/foxy /usr/bin/cmake --install /home/francisco/ros2-ws/build/usb_camera_driver
[28.456s] Level 1:colcon.colcon_core.environment:create_environment_scripts_only(usb_camera_driver)
[28.459s] DEBUG:colcon.colcon_core.event_handler.log_command:Invoked command in '/home/francisco/ros2-ws/build/usb_camera_driver' returned '0': CMAKE_PREFIX_PATH=/opt/ros/foxy /usr/bin/cmake --install /home/francisco/ros2-ws/build/usb_camera_driver
[28.473s] Level 1:colcon.colcon_core.environment:checking '/home/francisco/ros2-ws/install/usb_camera_driver' for CMake module files
[28.475s] Level 1:colcon.colcon_core.environment:checking '/home/francisco/ros2-ws/install/usb_camera_driver' for CMake config files
[28.475s] Level 1:colcon.colcon_core.shell:create_environment_hook('usb_camera_driver', 'cmake_prefix_path')
[28.479s] INFO:colcon.colcon_core.shell:Creating environment hook '/home/francisco/ros2-ws/install/usb_camera_driver/share/usb_camera_driver/hook/cmake_prefix_path.ps1'
[28.492s] INFO:colcon.colcon_core.shell:Creating environment descriptor '/home/francisco/ros2-ws/install/usb_camera_driver/share/usb_camera_driver/hook/cmake_prefix_path.dsv'
[28.497s] INFO:colcon.colcon_core.shell:Creating environment hook '/home/francisco/ros2-ws/install/usb_camera_driver/share/usb_camera_driver/hook/cmake_prefix_path.sh'
[28.500s] Level 1:colcon.colcon_core.environment:checking '/home/francisco/ros2-ws/install/usb_camera_driver/lib'
[28.500s] Level 1:colcon.colcon_core.shell:create_environment_hook('usb_camera_driver', 'ld_library_path_lib')
[28.504s] INFO:colcon.colcon_core.shell:Creating environment hook '/home/francisco/ros2-ws/install/usb_camera_driver/share/usb_camera_driver/hook/ld_library_path_lib.ps1'
[28.504s] INFO:colcon.colcon_core.shell:Creating environment descriptor '/home/francisco/ros2-ws/install/usb_camera_driver/share/usb_camera_driver/hook/ld_library_path_lib.dsv'
[28.505s] INFO:colcon.colcon_core.shell:Creating environment hook '/home/francisco/ros2-ws/install/usb_camera_driver/share/usb_camera_driver/hook/ld_library_path_lib.sh'
[28.506s] Level 1:colcon.colcon_core.environment:checking '/home/francisco/ros2-ws/install/usb_camera_driver/bin'
[28.506s] Level 1:colcon.colcon_core.environment:checking '/home/francisco/ros2-ws/install/usb_camera_driver/lib/pkgconfig/usb_camera_driver.pc'
[28.506s] Level 1:colcon.colcon_core.environment:checking '/home/francisco/ros2-ws/install/usb_camera_driver/lib/python3.8/site-packages'
[28.507s] Level 1:colcon.colcon_core.environment:checking '/home/francisco/ros2-ws/install/usb_camera_driver/bin'
[28.510s] INFO:colcon.colcon_core.shell:Creating package script '/home/francisco/ros2-ws/install/usb_camera_driver/share/usb_camera_driver/package.ps1'
[28.512s] INFO:colcon.colcon_core.shell:Creating package descriptor '/home/francisco/ros2-ws/install/usb_camera_driver/share/usb_camera_driver/package.dsv'
[28.513s] INFO:colcon.colcon_core.shell:Creating package script '/home/francisco/ros2-ws/install/usb_camera_driver/share/usb_camera_driver/package.sh'
[28.515s] INFO:colcon.colcon_core.shell:Creating package script '/home/francisco/ros2-ws/install/usb_camera_driver/share/usb_camera_driver/package.bash'
[28.516s] INFO:colcon.colcon_core.shell:Creating package script '/home/francisco/ros2-ws/install/usb_camera_driver/share/usb_camera_driver/package.zsh'
[28.517s] Level 1:colcon.colcon_core.environment:create_file_with_runtime_dependencies(/home/francisco/ros2-ws/install/usb_camera_driver/share/colcon-core/packages/usb_camera_driver)
[28.589s] Level 1:colcon.colcon_core.environment:create_environment_scripts_only(usb_camera_driver)
[28.594s] Level 1:colcon.colcon_core.environment:checking '/home/francisco/ros2-ws/install/usb_camera_driver' for CMake module files
[28.595s] Level 1:colcon.colcon_core.environment:checking '/home/francisco/ros2-ws/install/usb_camera_driver' for CMake config files
[28.596s] Level 1:colcon.colcon_core.shell:create_environment_hook('usb_camera_driver', 'cmake_prefix_path')
[28.599s] INFO:colcon.colcon_core.shell:Creating environment hook '/home/francisco/ros2-ws/install/usb_camera_driver/share/usb_camera_driver/hook/cmake_prefix_path.ps1'
[28.601s] INFO:colcon.colcon_core.shell:Creating environment descriptor '/home/francisco/ros2-ws/install/usb_camera_driver/share/usb_camera_driver/hook/cmake_prefix_path.dsv'
[28.601s] INFO:colcon.colcon_core.shell:Creating environment hook '/home/francisco/ros2-ws/install/usb_camera_driver/share/usb_camera_driver/hook/cmake_prefix_path.sh'
[28.602s] Level 1:colcon.colcon_core.environment:checking '/home/francisco/ros2-ws/install/usb_camera_driver/lib'
[28.603s] Level 1:colcon.colcon_core.shell:create_environment_hook('usb_camera_driver', 'ld_library_path_lib')
[28.606s] INFO:colcon.colcon_core.shell:Creating environment hook '/home/francisco/ros2-ws/install/usb_camera_driver/share/usb_camera_driver/hook/ld_library_path_lib.ps1'
[28.607s] INFO:colcon.colcon_core.shell:Creating environment descriptor '/home/francisco/ros2-ws/install/usb_camera_driver/share/usb_camera_driver/hook/ld_library_path_lib.dsv'
[28.607s] INFO:colcon.colcon_core.shell:Creating environment hook '/home/francisco/ros2-ws/install/usb_camera_driver/share/usb_camera_driver/hook/ld_library_path_lib.sh'
[28.608s] Level 1:colcon.colcon_core.environment:checking '/home/francisco/ros2-ws/install/usb_camera_driver/bin'
[28.608s] Level 1:colcon.colcon_core.environment:checking '/home/francisco/ros2-ws/install/usb_camera_driver/lib/pkgconfig/usb_camera_driver.pc'
[28.609s] Level 1:colcon.colcon_core.environment:checking '/home/francisco/ros2-ws/install/usb_camera_driver/lib/python3.8/site-packages'
[28.609s] Level 1:colcon.colcon_core.environment:checking '/home/francisco/ros2-ws/install/usb_camera_driver/bin'
[28.613s] INFO:colcon.colcon_core.shell:Creating package script '/home/francisco/ros2-ws/install/usb_camera_driver/share/usb_camera_driver/package.ps1'
[28.614s] INFO:colcon.colcon_core.shell:Creating package descriptor '/home/francisco/ros2-ws/install/usb_camera_driver/share/usb_camera_driver/package.dsv'
[28.615s] INFO:colcon.colcon_core.shell:Creating package script '/home/francisco/ros2-ws/install/usb_camera_driver/share/usb_camera_driver/package.sh'
[28.616s] INFO:colcon.colcon_core.shell:Creating package script '/home/francisco/ros2-ws/install/usb_camera_driver/share/usb_camera_driver/package.bash'
[28.616s] INFO:colcon.colcon_core.shell:Creating package script '/home/francisco/ros2-ws/install/usb_camera_driver/share/usb_camera_driver/package.zsh'
[28.617s] Level 1:colcon.colcon_core.environment:create_file_with_runtime_dependencies(/home/francisco/ros2-ws/install/usb_camera_driver/share/colcon-core/packages/usb_camera_driver)
[28.618s] DEBUG:colcon.colcon_parallel_executor.executor.parallel:closing loop
[28.619s] DEBUG:colcon.colcon_parallel_executor.executor.parallel:loop closed
[28.619s] DEBUG:colcon.colcon_parallel_executor.executor.parallel:run_until_complete finished with '0'
[28.619s] DEBUG:colcon.colcon_core.event_reactor:joining thread
[28.636s] INFO:colcon.colcon_core.plugin_system:Skipping extension 'colcon_notification.desktop_notification.terminal_notifier': Not used on non-Darwin systems
[28.637s] INFO:colcon.colcon_core.plugin_system:Skipping extension 'colcon_notification.desktop_notification.win32': Not used on non-Windows systems
[28.637s] INFO:colcon.colcon_notification.desktop_notification:Sending desktop notification using 'notify2'
[28.678s] DEBUG:colcon.colcon_core.event_reactor:joined thread
[28.682s] INFO:colcon.colcon_core.shell:Creating prefix script '/home/francisco/ros2-ws/install/local_setup.ps1'
[28.684s] INFO:colcon.colcon_core.shell:Creating prefix util module '/home/francisco/ros2-ws/install/_local_setup_util_ps1.py'
[28.687s] INFO:colcon.colcon_core.shell:Creating prefix chain script '/home/francisco/ros2-ws/install/setup.ps1'
[28.691s] INFO:colcon.colcon_core.shell:Creating prefix script '/home/francisco/ros2-ws/install/local_setup.sh'
[28.692s] INFO:colcon.colcon_core.shell:Creating prefix util module '/home/francisco/ros2-ws/install/_local_setup_util_sh.py'
[28.693s] INFO:colcon.colcon_core.shell:Creating prefix chain script '/home/francisco/ros2-ws/install/setup.sh'
[28.696s] INFO:colcon.colcon_core.shell:Creating prefix script '/home/francisco/ros2-ws/install/local_setup.bash'
[28.697s] INFO:colcon.colcon_core.shell:Creating prefix chain script '/home/francisco/ros2-ws/install/setup.bash'
[28.699s] INFO:colcon.colcon_core.shell:Creating prefix script '/home/francisco/ros2-ws/install/local_setup.zsh'
[28.700s] INFO:colcon.colcon_core.shell:Creating prefix chain script '/home/francisco/ros2-ws/install/setup.zsh'
