[0.150s] Invoking command in '/home/francisco/ros2-ws/build/rosapi_msgs': CMAKE_PREFIX_PATH=${CMAKE_PREFIX_PATH}:/home/francisco/ros2-ws/install/monitoring_station_tfm:/home/francisco/ros2-ws/install/monitoring-station-tfm:/home/francisco/ros2-ws/install/camera_driver:/opt/ros/foxy /usr/bin/cmake --build /home/francisco/ros2-ws/build/rosapi_msgs -- -j4 -l4
[0.386s] [  0%] Built target rosapi_msgs__cpp
[0.493s] [ 12%] Built target rosapi_msgs__rosidl_generator_c
[0.728s] [ 24%] Built target rosapi_msgs__rosidl_typesupport_cpp
[0.822s] [ 36%] Built target rosapi_msgs__rosidl_typesupport_fastrtps_cpp
[0.844s] [ 49%] Built target rosapi_msgs__rosidl_typesupport_introspection_cpp
[0.858s] [ 61%] Built target rosapi_msgs__rosidl_typesupport_introspection_c
[0.991s] [ 73%] Built target rosapi_msgs__rosidl_typesupport_c
[1.088s] [ 85%] Built target rosapi_msgs__rosidl_typesupport_fastrtps_c
[1.203s] [ 85%] Built target rosapi_msgs
[1.285s] [ 85%] Built target rosapi_msgs__py
[1.491s] [ 97%] Built target rosapi_msgs__python
[1.615s] [ 98%] Built target rosapi_msgs__rosidl_typesupport_c__pyext
[1.646s] [ 99%] Built target rosapi_msgs__rosidl_typesupport_fastrtps_c__pyext
[1.676s] [100%] Built target rosapi_msgs__rosidl_typesupport_introspection_c__pyext
[1.741s] Invoked command in '/home/francisco/ros2-ws/build/rosapi_msgs' returned '0': CMAKE_PREFIX_PATH=${CMAKE_PREFIX_PATH}:/home/francisco/ros2-ws/install/monitoring_station_tfm:/home/francisco/ros2-ws/install/monitoring-station-tfm:/home/francisco/ros2-ws/install/camera_driver:/opt/ros/foxy /usr/bin/cmake --build /home/francisco/ros2-ws/build/rosapi_msgs -- -j4 -l4
[3.794s] Invoking command in '/home/francisco/ros2-ws/build/rosapi_msgs': CMAKE_PREFIX_PATH=${CMAKE_PREFIX_PATH}:/home/francisco/ros2-ws/install/monitoring_station_tfm:/home/francisco/ros2-ws/install/monitoring-station-tfm:/home/francisco/ros2-ws/install/camera_driver:/opt/ros/foxy /usr/bin/cmake --install /home/francisco/ros2-ws/build/rosapi_msgs
[3.836s] -- Install configuration: ""
[3.837s] -- Up-to-date: /home/francisco/ros2-ws/install/rosapi_msgs/share/ament_index/resource_index/rosidl_interfaces/rosapi_msgs
[3.841s] -- Up-to-date: /home/francisco/ros2-ws/install/rosapi_msgs/include/rosapi_msgs
[3.843s] -- Up-to-date: /home/francisco/ros2-ws/install/rosapi_msgs/include/rosapi_msgs/srv
[3.845s] -- Up-to-date: /home/francisco/ros2-ws/install/rosapi_msgs/include/rosapi_msgs/srv/get_param_names.h
[3.846s] -- Up-to-date: /home/francisco/ros2-ws/install/rosapi_msgs/include/rosapi_msgs/srv/services_for_type.h
[3.846s] -- Up-to-date: /home/francisco/ros2-ws/install/rosapi_msgs/include/rosapi_msgs/srv/detail
[3.847s] -- Up-to-date: /home/francisco/ros2-ws/install/rosapi_msgs/include/rosapi_msgs/srv/detail/get_ros_version__type_support.h
[3.847s] -- Up-to-date: /home/francisco/ros2-ws/install/rosapi_msgs/include/rosapi_msgs/srv/detail/delete_param__struct.h
[3.847s] -- Up-to-date: /home/francisco/ros2-ws/install/rosapi_msgs/include/rosapi_msgs/srv/detail/publishers__functions.h
[3.848s] -- Up-to-date: /home/francisco/ros2-ws/install/rosapi_msgs/include/rosapi_msgs/srv/detail/get_param__struct.h
[3.848s] -- Up-to-date: /home/francisco/ros2-ws/install/rosapi_msgs/include/rosapi_msgs/srv/detail/delete_param__functions.h
[3.849s] -- Up-to-date: /home/francisco/ros2-ws/install/rosapi_msgs/include/rosapi_msgs/srv/detail/service_type__type_support.h
[3.853s] -- Up-to-date: /home/francisco/ros2-ws/install/rosapi_msgs/include/rosapi_msgs/srv/detail/delete_param__functions.c
[3.859s] -- Up-to-date: /home/francisco/ros2-ws/install/rosapi_msgs/include/rosapi_msgs/srv/detail/set_param__struct.h
[3.859s] -- Up-to-date: /home/francisco/ros2-ws/install/rosapi_msgs/include/rosapi_msgs/srv/detail/service_request_details__functions.c
[3.861s] -- Up-to-date: /home/francisco/ros2-ws/install/rosapi_msgs/include/rosapi_msgs/srv/detail/topic_type__struct.h
[3.861s] -- Up-to-date: /home/francisco/ros2-ws/install/rosapi_msgs/include/rosapi_msgs/srv/detail/topics__functions.c
[3.864s] -- Up-to-date: /home/francisco/ros2-ws/install/rosapi_msgs/include/rosapi_msgs/srv/detail/service_providers__functions.h
[3.865s] -- Up-to-date: /home/francisco/ros2-ws/install/rosapi_msgs/include/rosapi_msgs/srv/detail/services_for_type__functions.c
[3.866s] -- Up-to-date: /home/francisco/ros2-ws/install/rosapi_msgs/include/rosapi_msgs/srv/detail/topics__struct.h
[3.866s] -- Up-to-date: /home/francisco/ros2-ws/install/rosapi_msgs/include/rosapi_msgs/srv/detail/get_ros_version__struct.h
[3.866s] -- Up-to-date: /home/francisco/ros2-ws/install/rosapi_msgs/include/rosapi_msgs/srv/detail/get_action_servers__type_support.h
[3.867s] -- Up-to-date: /home/francisco/ros2-ws/install/rosapi_msgs/include/rosapi_msgs/srv/detail/set_param__type_support.h
[3.867s] -- Up-to-date: /home/francisco/ros2-ws/install/rosapi_msgs/include/rosapi_msgs/srv/detail/services__functions.h
[3.868s] -- Up-to-date: /home/francisco/ros2-ws/install/rosapi_msgs/include/rosapi_msgs/srv/detail/service_node__struct.h
[3.868s] -- Up-to-date: /home/francisco/ros2-ws/install/rosapi_msgs/include/rosapi_msgs/srv/detail/services__struct.h
[3.869s] -- Up-to-date: /home/francisco/ros2-ws/install/rosapi_msgs/include/rosapi_msgs/srv/detail/subscribers__functions.c
[3.869s] -- Up-to-date: /home/francisco/ros2-ws/install/rosapi_msgs/include/rosapi_msgs/srv/detail/service_node__functions.h
[3.869s] -- Up-to-date: /home/francisco/ros2-ws/install/rosapi_msgs/include/rosapi_msgs/srv/detail/service_type__struct.h
[3.870s] -- Up-to-date: /home/francisco/ros2-ws/install/rosapi_msgs/include/rosapi_msgs/srv/detail/service_type__functions.c
[3.870s] -- Up-to-date: /home/francisco/ros2-ws/install/rosapi_msgs/include/rosapi_msgs/srv/detail/service_node__functions.c
[3.871s] -- Up-to-date: /home/francisco/ros2-ws/install/rosapi_msgs/include/rosapi_msgs/srv/detail/message_details__functions.c
[3.872s] -- Up-to-date: /home/francisco/ros2-ws/install/rosapi_msgs/include/rosapi_msgs/srv/detail/service_request_details__type_support.h
[3.873s] -- Up-to-date: /home/francisco/ros2-ws/install/rosapi_msgs/include/rosapi_msgs/srv/detail/nodes__struct.h
[3.874s] -- Up-to-date: /home/francisco/ros2-ws/install/rosapi_msgs/include/rosapi_msgs/srv/detail/subscribers__struct.h
[3.876s] -- Up-to-date: /home/francisco/ros2-ws/install/rosapi_msgs/include/rosapi_msgs/srv/detail/get_time__functions.h
[3.876s] -- Up-to-date: /home/francisco/ros2-ws/install/rosapi_msgs/include/rosapi_msgs/srv/detail/services__type_support.h
[3.876s] -- Up-to-date: /home/francisco/ros2-ws/install/rosapi_msgs/include/rosapi_msgs/srv/detail/get_ros_version__functions.c
[3.877s] -- Up-to-date: /home/francisco/ros2-ws/install/rosapi_msgs/include/rosapi_msgs/srv/detail/delete_param__type_support.h
[3.877s] -- Up-to-date: /home/francisco/ros2-ws/install/rosapi_msgs/include/rosapi_msgs/srv/detail/get_action_servers__functions.h
[3.877s] -- Up-to-date: /home/francisco/ros2-ws/install/rosapi_msgs/include/rosapi_msgs/srv/detail/has_param__struct.h
[3.878s] -- Up-to-date: /home/francisco/ros2-ws/install/rosapi_msgs/include/rosapi_msgs/srv/detail/get_time__type_support.h
[3.878s] -- Up-to-date: /home/francisco/ros2-ws/install/rosapi_msgs/include/rosapi_msgs/srv/detail/get_time__struct.h
[3.878s] -- Up-to-date: /home/francisco/ros2-ws/install/rosapi_msgs/include/rosapi_msgs/srv/detail/get_param__functions.c
[3.879s] -- Up-to-date: /home/francisco/ros2-ws/install/rosapi_msgs/include/rosapi_msgs/srv/detail/nodes__functions.c
[3.879s] -- Up-to-date: /home/francisco/ros2-ws/install/rosapi_msgs/include/rosapi_msgs/srv/detail/topics_and_raw_types__functions.h
[3.879s] -- Up-to-date: /home/francisco/ros2-ws/install/rosapi_msgs/include/rosapi_msgs/srv/detail/node_details__functions.c
[3.879s] -- Up-to-date: /home/francisco/ros2-ws/install/rosapi_msgs/include/rosapi_msgs/srv/detail/service_type__functions.h
[3.880s] -- Up-to-date: /home/francisco/ros2-ws/install/rosapi_msgs/include/rosapi_msgs/srv/detail/get_param__type_support.h
[3.880s] -- Up-to-date: /home/francisco/ros2-ws/install/rosapi_msgs/include/rosapi_msgs/srv/detail/services__functions.c
[3.880s] -- Up-to-date: /home/francisco/ros2-ws/install/rosapi_msgs/include/rosapi_msgs/srv/detail/service_request_details__functions.h
[3.881s] -- Up-to-date: /home/francisco/ros2-ws/install/rosapi_msgs/include/rosapi_msgs/srv/detail/service_response_details__functions.c
[3.881s] -- Up-to-date: /home/francisco/ros2-ws/install/rosapi_msgs/include/rosapi_msgs/srv/detail/service_request_details__struct.h
[3.881s] -- Up-to-date: /home/francisco/ros2-ws/install/rosapi_msgs/include/rosapi_msgs/srv/detail/topics_for_type__functions.h
[3.882s] -- Up-to-date: /home/francisco/ros2-ws/install/rosapi_msgs/include/rosapi_msgs/srv/detail/node_details__type_support.h
[3.882s] -- Up-to-date: /home/francisco/ros2-ws/install/rosapi_msgs/include/rosapi_msgs/srv/detail/service_providers__functions.c
[3.882s] -- Up-to-date: /home/francisco/ros2-ws/install/rosapi_msgs/include/rosapi_msgs/srv/detail/node_details__functions.h
[3.883s] -- Up-to-date: /home/francisco/ros2-ws/install/rosapi_msgs/include/rosapi_msgs/srv/detail/service_providers__type_support.h
[3.883s] -- Up-to-date: /home/francisco/ros2-ws/install/rosapi_msgs/include/rosapi_msgs/srv/detail/get_action_servers__functions.c
[3.883s] -- Up-to-date: /home/francisco/ros2-ws/install/rosapi_msgs/include/rosapi_msgs/srv/detail/message_details__struct.h
[3.883s] -- Up-to-date: /home/francisco/ros2-ws/install/rosapi_msgs/include/rosapi_msgs/srv/detail/service_response_details__functions.h
[3.884s] -- Up-to-date: /home/francisco/ros2-ws/install/rosapi_msgs/include/rosapi_msgs/srv/detail/has_param__type_support.h
[3.884s] -- Up-to-date: /home/francisco/ros2-ws/install/rosapi_msgs/include/rosapi_msgs/srv/detail/publishers__functions.c
[3.884s] -- Up-to-date: /home/francisco/ros2-ws/install/rosapi_msgs/include/rosapi_msgs/srv/detail/get_time__functions.c
[3.885s] -- Up-to-date: /home/francisco/ros2-ws/install/rosapi_msgs/include/rosapi_msgs/srv/detail/topics__type_support.h
[3.885s] -- Up-to-date: /home/francisco/ros2-ws/install/rosapi_msgs/include/rosapi_msgs/srv/detail/services_for_type__type_support.h
[3.885s] -- Up-to-date: /home/francisco/ros2-ws/install/rosapi_msgs/include/rosapi_msgs/srv/detail/service_response_details__struct.h
[3.886s] -- Up-to-date: /home/francisco/ros2-ws/install/rosapi_msgs/include/rosapi_msgs/srv/detail/get_action_servers__struct.h
[3.886s] -- Up-to-date: /home/francisco/ros2-ws/install/rosapi_msgs/include/rosapi_msgs/srv/detail/set_param__functions.h
[3.886s] -- Up-to-date: /home/francisco/ros2-ws/install/rosapi_msgs/include/rosapi_msgs/srv/detail/subscribers__type_support.h
[3.887s] -- Up-to-date: /home/francisco/ros2-ws/install/rosapi_msgs/include/rosapi_msgs/srv/detail/subscribers__functions.h
[3.887s] -- Up-to-date: /home/francisco/ros2-ws/install/rosapi_msgs/include/rosapi_msgs/srv/detail/topic_type__functions.h
[3.888s] -- Up-to-date: /home/francisco/ros2-ws/install/rosapi_msgs/include/rosapi_msgs/srv/detail/publishers__struct.h
[3.888s] -- Up-to-date: /home/francisco/ros2-ws/install/rosapi_msgs/include/rosapi_msgs/srv/detail/topics_and_raw_types__struct.h
[3.888s] -- Up-to-date: /home/francisco/ros2-ws/install/rosapi_msgs/include/rosapi_msgs/srv/detail/topic_type__type_support.h
[3.889s] -- Up-to-date: /home/francisco/ros2-ws/install/rosapi_msgs/include/rosapi_msgs/srv/detail/service_response_details__type_support.h
[3.889s] -- Up-to-date: /home/francisco/ros2-ws/install/rosapi_msgs/include/rosapi_msgs/srv/detail/service_providers__struct.h
[3.889s] -- Up-to-date: /home/francisco/ros2-ws/install/rosapi_msgs/include/rosapi_msgs/srv/detail/message_details__type_support.h
[3.889s] -- Up-to-date: /home/francisco/ros2-ws/install/rosapi_msgs/include/rosapi_msgs/srv/detail/publishers__type_support.h
[3.890s] -- Up-to-date: /home/francisco/ros2-ws/install/rosapi_msgs/include/rosapi_msgs/srv/detail/service_node__type_support.h
[3.890s] -- Up-to-date: /home/francisco/ros2-ws/install/rosapi_msgs/include/rosapi_msgs/srv/detail/topics_for_type__type_support.h
[3.890s] -- Up-to-date: /home/francisco/ros2-ws/install/rosapi_msgs/include/rosapi_msgs/srv/detail/topics__functions.h
[3.891s] -- Up-to-date: /home/francisco/ros2-ws/install/rosapi_msgs/include/rosapi_msgs/srv/detail/services_for_type__struct.h
[3.891s] -- Up-to-date: /home/francisco/ros2-ws/install/rosapi_msgs/include/rosapi_msgs/srv/detail/has_param__functions.c
[3.892s] -- Up-to-date: /home/francisco/ros2-ws/install/rosapi_msgs/include/rosapi_msgs/srv/detail/get_ros_version__functions.h
[3.892s] -- Up-to-date: /home/francisco/ros2-ws/install/rosapi_msgs/include/rosapi_msgs/srv/detail/get_param_names__type_support.h
[3.892s] -- Up-to-date: /home/francisco/ros2-ws/install/rosapi_msgs/include/rosapi_msgs/srv/detail/topics_and_raw_types__functions.c
[3.893s] -- Up-to-date: /home/francisco/ros2-ws/install/rosapi_msgs/include/rosapi_msgs/srv/detail/set_param__functions.c
[3.893s] -- Up-to-date: /home/francisco/ros2-ws/install/rosapi_msgs/include/rosapi_msgs/srv/detail/nodes__type_support.h
[3.893s] -- Up-to-date: /home/francisco/ros2-ws/install/rosapi_msgs/include/rosapi_msgs/srv/detail/topics_for_type__struct.h
[3.893s] -- Up-to-date: /home/francisco/ros2-ws/install/rosapi_msgs/include/rosapi_msgs/srv/detail/get_param__functions.h
[3.894s] -- Up-to-date: /home/francisco/ros2-ws/install/rosapi_msgs/include/rosapi_msgs/srv/detail/topics_and_raw_types__type_support.h
[3.894s] -- Up-to-date: /home/francisco/ros2-ws/install/rosapi_msgs/include/rosapi_msgs/srv/detail/get_param_names__struct.h
[3.894s] -- Up-to-date: /home/francisco/ros2-ws/install/rosapi_msgs/include/rosapi_msgs/srv/detail/topic_type__functions.c
[3.895s] -- Up-to-date: /home/francisco/ros2-ws/install/rosapi_msgs/include/rosapi_msgs/srv/detail/services_for_type__functions.h
[3.895s] -- Up-to-date: /home/francisco/ros2-ws/install/rosapi_msgs/include/rosapi_msgs/srv/detail/nodes__functions.h
[3.896s] -- Up-to-date: /home/francisco/ros2-ws/install/rosapi_msgs/include/rosapi_msgs/srv/detail/get_param_names__functions.c
[3.896s] -- Up-to-date: /home/francisco/ros2-ws/install/rosapi_msgs/include/rosapi_msgs/srv/detail/message_details__functions.h
[3.897s] -- Up-to-date: /home/francisco/ros2-ws/install/rosapi_msgs/include/rosapi_msgs/srv/detail/node_details__struct.h
[3.897s] -- Up-to-date: /home/francisco/ros2-ws/install/rosapi_msgs/include/rosapi_msgs/srv/detail/topics_for_type__functions.c
[3.897s] -- Up-to-date: /home/francisco/ros2-ws/install/rosapi_msgs/include/rosapi_msgs/srv/detail/has_param__functions.h
[3.897s] -- Up-to-date: /home/francisco/ros2-ws/install/rosapi_msgs/include/rosapi_msgs/srv/detail/get_param_names__functions.h
[3.898s] -- Up-to-date: /home/francisco/ros2-ws/install/rosapi_msgs/include/rosapi_msgs/srv/get_action_servers.h
[3.898s] -- Up-to-date: /home/francisco/ros2-ws/install/rosapi_msgs/include/rosapi_msgs/srv/services.h
[3.898s] -- Up-to-date: /home/francisco/ros2-ws/install/rosapi_msgs/include/rosapi_msgs/srv/get_time.h
[3.980s] -- Up-to-date: /home/francisco/ros2-ws/install/rosapi_msgs/include/rosapi_msgs/srv/topic_type.h
[3.981s] -- Up-to-date: /home/francisco/ros2-ws/install/rosapi_msgs/include/rosapi_msgs/srv/delete_param.h
[3.981s] -- Up-to-date: /home/francisco/ros2-ws/install/rosapi_msgs/include/rosapi_msgs/srv/topics_for_type.h
[3.981s] -- Up-to-date: /home/francisco/ros2-ws/install/rosapi_msgs/include/rosapi_msgs/srv/get_param.h
[3.981s] -- Up-to-date: /home/francisco/ros2-ws/install/rosapi_msgs/include/rosapi_msgs/srv/node_details.h
[3.982s] -- Up-to-date: /home/francisco/ros2-ws/install/rosapi_msgs/include/rosapi_msgs/srv/get_ros_version.h
[3.982s] -- Up-to-date: /home/francisco/ros2-ws/install/rosapi_msgs/include/rosapi_msgs/srv/service_node.h
[3.982s] -- Up-to-date: /home/francisco/ros2-ws/install/rosapi_msgs/include/rosapi_msgs/srv/subscribers.h
[3.983s] -- Up-to-date: /home/francisco/ros2-ws/install/rosapi_msgs/include/rosapi_msgs/srv/nodes.h
[3.983s] -- Up-to-date: /home/francisco/ros2-ws/install/rosapi_msgs/include/rosapi_msgs/srv/publishers.h
[3.983s] -- Up-to-date: /home/francisco/ros2-ws/install/rosapi_msgs/include/rosapi_msgs/srv/service_providers.h
[3.983s] -- Up-to-date: /home/francisco/ros2-ws/install/rosapi_msgs/include/rosapi_msgs/srv/topics_and_raw_types.h
[3.984s] -- Up-to-date: /home/francisco/ros2-ws/install/rosapi_msgs/include/rosapi_msgs/srv/message_details.h
[3.984s] -- Up-to-date: /home/francisco/ros2-ws/install/rosapi_msgs/include/rosapi_msgs/srv/service_response_details.h
[3.984s] -- Up-to-date: /home/francisco/ros2-ws/install/rosapi_msgs/include/rosapi_msgs/srv/has_param.h
[3.985s] -- Up-to-date: /home/francisco/ros2-ws/install/rosapi_msgs/include/rosapi_msgs/srv/topics.h
[3.985s] -- Up-to-date: /home/francisco/ros2-ws/install/rosapi_msgs/include/rosapi_msgs/srv/service_request_details.h
[3.985s] -- Up-to-date: /home/francisco/ros2-ws/install/rosapi_msgs/include/rosapi_msgs/srv/set_param.h
[3.985s] -- Up-to-date: /home/francisco/ros2-ws/install/rosapi_msgs/include/rosapi_msgs/srv/service_type.h
[3.986s] -- Up-to-date: /home/francisco/ros2-ws/install/rosapi_msgs/include/rosapi_msgs/msg
[3.986s] -- Up-to-date: /home/francisco/ros2-ws/install/rosapi_msgs/include/rosapi_msgs/msg/detail
[3.986s] -- Up-to-date: /home/francisco/ros2-ws/install/rosapi_msgs/include/rosapi_msgs/msg/detail/type_def__functions.h
[3.987s] -- Up-to-date: /home/francisco/ros2-ws/install/rosapi_msgs/include/rosapi_msgs/msg/detail/type_def__type_support.h
[3.987s] -- Up-to-date: /home/francisco/ros2-ws/install/rosapi_msgs/include/rosapi_msgs/msg/detail/type_def__struct.h
[3.987s] -- Up-to-date: /home/francisco/ros2-ws/install/rosapi_msgs/include/rosapi_msgs/msg/detail/type_def__functions.c
[3.988s] -- Up-to-date: /home/francisco/ros2-ws/install/rosapi_msgs/include/rosapi_msgs/msg/type_def.h
[3.988s] -- Up-to-date: /home/francisco/ros2-ws/install/rosapi_msgs/include/rosapi_msgs/msg/rosidl_generator_c__visibility_control.h
[3.988s] -- Up-to-date: /home/francisco/ros2-ws/install/rosapi_msgs/share/rosapi_msgs/environment/library_path.sh
[3.989s] -- Up-to-date: /home/francisco/ros2-ws/install/rosapi_msgs/share/rosapi_msgs/environment/library_path.dsv
[3.989s] -- Up-to-date: /home/francisco/ros2-ws/install/rosapi_msgs/lib/librosapi_msgs__rosidl_generator_c.so
[3.989s] -- Up-to-date: /home/francisco/ros2-ws/install/rosapi_msgs/include/rosapi_msgs
[3.990s] -- Up-to-date: /home/francisco/ros2-ws/install/rosapi_msgs/include/rosapi_msgs/srv
[3.990s] -- Up-to-date: /home/francisco/ros2-ws/install/rosapi_msgs/include/rosapi_msgs/srv/detail
[3.990s] -- Up-to-date: /home/francisco/ros2-ws/install/rosapi_msgs/include/rosapi_msgs/srv/detail/service_request_details__rosidl_typesupport_fastrtps_c.h
[3.990s] -- Up-to-date: /home/francisco/ros2-ws/install/rosapi_msgs/include/rosapi_msgs/srv/detail/get_ros_version__rosidl_typesupport_fastrtps_c.h
[3.991s] -- Up-to-date: /home/francisco/ros2-ws/install/rosapi_msgs/include/rosapi_msgs/srv/detail/subscribers__rosidl_typesupport_fastrtps_c.h
[3.991s] -- Up-to-date: /home/francisco/ros2-ws/install/rosapi_msgs/include/rosapi_msgs/srv/detail/service_node__rosidl_typesupport_fastrtps_c.h
[3.991s] -- Up-to-date: /home/francisco/ros2-ws/install/rosapi_msgs/include/rosapi_msgs/srv/detail/has_param__rosidl_typesupport_fastrtps_c.h
[4.000s] -- Up-to-date: /home/francisco/ros2-ws/install/rosapi_msgs/include/rosapi_msgs/srv/detail/publishers__rosidl_typesupport_fastrtps_c.h
[4.000s] -- Up-to-date: /home/francisco/ros2-ws/install/rosapi_msgs/include/rosapi_msgs/srv/detail/service_providers__rosidl_typesupport_fastrtps_c.h
[4.001s] -- Up-to-date: /home/francisco/ros2-ws/install/rosapi_msgs/include/rosapi_msgs/srv/detail/topics_for_type__rosidl_typesupport_fastrtps_c.h
[4.001s] -- Up-to-date: /home/francisco/ros2-ws/install/rosapi_msgs/include/rosapi_msgs/srv/detail/topics__rosidl_typesupport_fastrtps_c.h
[4.001s] -- Up-to-date: /home/francisco/ros2-ws/install/rosapi_msgs/include/rosapi_msgs/srv/detail/get_param__rosidl_typesupport_fastrtps_c.h
[4.001s] -- Up-to-date: /home/francisco/ros2-ws/install/rosapi_msgs/include/rosapi_msgs/srv/detail/nodes__rosidl_typesupport_fastrtps_c.h
[4.002s] -- Up-to-date: /home/francisco/ros2-ws/install/rosapi_msgs/include/rosapi_msgs/srv/detail/node_details__rosidl_typesupport_fastrtps_c.h
[4.002s] -- Up-to-date: /home/francisco/ros2-ws/install/rosapi_msgs/include/rosapi_msgs/srv/detail/get_param_names__rosidl_typesupport_fastrtps_c.h
[4.002s] -- Up-to-date: /home/francisco/ros2-ws/install/rosapi_msgs/include/rosapi_msgs/srv/detail/services__rosidl_typesupport_fastrtps_c.h
[4.003s] -- Up-to-date: /home/francisco/ros2-ws/install/rosapi_msgs/include/rosapi_msgs/srv/detail/service_type__rosidl_typesupport_fastrtps_c.h
[4.003s] -- Up-to-date: /home/francisco/ros2-ws/install/rosapi_msgs/include/rosapi_msgs/srv/detail/get_action_servers__rosidl_typesupport_fastrtps_c.h
[4.003s] -- Up-to-date: /home/francisco/ros2-ws/install/rosapi_msgs/include/rosapi_msgs/srv/detail/message_details__rosidl_typesupport_fastrtps_c.h
[4.004s] -- Up-to-date: /home/francisco/ros2-ws/install/rosapi_msgs/include/rosapi_msgs/srv/detail/get_time__rosidl_typesupport_fastrtps_c.h
[4.004s] -- Up-to-date: /home/francisco/ros2-ws/install/rosapi_msgs/include/rosapi_msgs/srv/detail/topic_type__rosidl_typesupport_fastrtps_c.h
[4.004s] -- Up-to-date: /home/francisco/ros2-ws/install/rosapi_msgs/include/rosapi_msgs/srv/detail/topics_and_raw_types__rosidl_typesupport_fastrtps_c.h
[4.005s] -- Up-to-date: /home/francisco/ros2-ws/install/rosapi_msgs/include/rosapi_msgs/srv/detail/set_param__rosidl_typesupport_fastrtps_c.h
[4.005s] -- Up-to-date: /home/francisco/ros2-ws/install/rosapi_msgs/include/rosapi_msgs/srv/detail/service_response_details__rosidl_typesupport_fastrtps_c.h
[4.005s] -- Up-to-date: /home/francisco/ros2-ws/install/rosapi_msgs/include/rosapi_msgs/srv/detail/services_for_type__rosidl_typesupport_fastrtps_c.h
[4.006s] -- Up-to-date: /home/francisco/ros2-ws/install/rosapi_msgs/include/rosapi_msgs/srv/detail/delete_param__rosidl_typesupport_fastrtps_c.h
[4.006s] -- Up-to-date: /home/francisco/ros2-ws/install/rosapi_msgs/include/rosapi_msgs/msg
[4.006s] -- Up-to-date: /home/francisco/ros2-ws/install/rosapi_msgs/include/rosapi_msgs/msg/detail
[4.006s] -- Up-to-date: /home/francisco/ros2-ws/install/rosapi_msgs/include/rosapi_msgs/msg/detail/type_def__rosidl_typesupport_fastrtps_c.h
[4.007s] -- Up-to-date: /home/francisco/ros2-ws/install/rosapi_msgs/include/rosapi_msgs/msg/rosidl_typesupport_fastrtps_c__visibility_control.h
[4.007s] -- Up-to-date: /home/francisco/ros2-ws/install/rosapi_msgs/lib/librosapi_msgs__rosidl_typesupport_fastrtps_c.so
[4.007s] -- Up-to-date: /home/francisco/ros2-ws/install/rosapi_msgs/include/rosapi_msgs
[4.008s] -- Up-to-date: /home/francisco/ros2-ws/install/rosapi_msgs/include/rosapi_msgs/srv
[4.008s] -- Up-to-date: /home/francisco/ros2-ws/install/rosapi_msgs/include/rosapi_msgs/srv/detail
[4.008s] -- Up-to-date: /home/francisco/ros2-ws/install/rosapi_msgs/include/rosapi_msgs/srv/detail/node_details__rosidl_typesupport_fastrtps_cpp.hpp
[4.009s] -- Up-to-date: /home/francisco/ros2-ws/install/rosapi_msgs/include/rosapi_msgs/srv/detail/topics__rosidl_typesupport_fastrtps_cpp.hpp
[4.009s] -- Up-to-date: /home/francisco/ros2-ws/install/rosapi_msgs/include/rosapi_msgs/srv/detail/services__rosidl_typesupport_fastrtps_cpp.hpp
[4.009s] -- Up-to-date: /home/francisco/ros2-ws/install/rosapi_msgs/include/rosapi_msgs/srv/detail/service_request_details__rosidl_typesupport_fastrtps_cpp.hpp
[4.009s] -- Up-to-date: /home/francisco/ros2-ws/install/rosapi_msgs/include/rosapi_msgs/srv/detail/has_param__rosidl_typesupport_fastrtps_cpp.hpp
[4.029s] -- Up-to-date: /home/francisco/ros2-ws/install/rosapi_msgs/include/rosapi_msgs/srv/detail/subscribers__rosidl_typesupport_fastrtps_cpp.hpp
[4.030s] -- Up-to-date: /home/francisco/ros2-ws/install/rosapi_msgs/include/rosapi_msgs/srv/detail/service_type__rosidl_typesupport_fastrtps_cpp.hpp
[4.030s] -- Up-to-date: /home/francisco/ros2-ws/install/rosapi_msgs/include/rosapi_msgs/srv/detail/get_param__rosidl_typesupport_fastrtps_cpp.hpp
[4.030s] -- Up-to-date: /home/francisco/ros2-ws/install/rosapi_msgs/include/rosapi_msgs/srv/detail/get_ros_version__rosidl_typesupport_fastrtps_cpp.hpp
[4.030s] -- Up-to-date: /home/francisco/ros2-ws/install/rosapi_msgs/include/rosapi_msgs/srv/detail/service_response_details__rosidl_typesupport_fastrtps_cpp.hpp
[4.031s] -- Up-to-date: /home/francisco/ros2-ws/install/rosapi_msgs/include/rosapi_msgs/srv/detail/topics_and_raw_types__rosidl_typesupport_fastrtps_cpp.hpp
[4.031s] -- Up-to-date: /home/francisco/ros2-ws/install/rosapi_msgs/include/rosapi_msgs/srv/detail/services_for_type__rosidl_typesupport_fastrtps_cpp.hpp
[4.031s] -- Up-to-date: /home/francisco/ros2-ws/install/rosapi_msgs/include/rosapi_msgs/srv/detail/service_node__rosidl_typesupport_fastrtps_cpp.hpp
[4.032s] -- Up-to-date: /home/francisco/ros2-ws/install/rosapi_msgs/include/rosapi_msgs/srv/detail/message_details__rosidl_typesupport_fastrtps_cpp.hpp
[4.032s] -- Up-to-date: /home/francisco/ros2-ws/install/rosapi_msgs/include/rosapi_msgs/srv/detail/get_param_names__rosidl_typesupport_fastrtps_cpp.hpp
[4.032s] -- Up-to-date: /home/francisco/ros2-ws/install/rosapi_msgs/include/rosapi_msgs/srv/detail/dds_fastrtps
[4.033s] -- Up-to-date: /home/francisco/ros2-ws/install/rosapi_msgs/include/rosapi_msgs/srv/detail/get_time__rosidl_typesupport_fastrtps_cpp.hpp
[4.033s] -- Up-to-date: /home/francisco/ros2-ws/install/rosapi_msgs/include/rosapi_msgs/srv/detail/nodes__rosidl_typesupport_fastrtps_cpp.hpp
[4.050s] -- Up-to-date: /home/francisco/ros2-ws/install/rosapi_msgs/include/rosapi_msgs/srv/detail/topic_type__rosidl_typesupport_fastrtps_cpp.hpp
[4.051s] -- Up-to-date: /home/francisco/ros2-ws/install/rosapi_msgs/include/rosapi_msgs/srv/detail/set_param__rosidl_typesupport_fastrtps_cpp.hpp
[4.052s] -- Up-to-date: /home/francisco/ros2-ws/install/rosapi_msgs/include/rosapi_msgs/srv/detail/publishers__rosidl_typesupport_fastrtps_cpp.hpp
[4.052s] -- Up-to-date: /home/francisco/ros2-ws/install/rosapi_msgs/include/rosapi_msgs/srv/detail/get_action_servers__rosidl_typesupport_fastrtps_cpp.hpp
[4.052s] -- Up-to-date: /home/francisco/ros2-ws/install/rosapi_msgs/include/rosapi_msgs/srv/detail/topics_for_type__rosidl_typesupport_fastrtps_cpp.hpp
[4.053s] -- Up-to-date: /home/francisco/ros2-ws/install/rosapi_msgs/include/rosapi_msgs/srv/detail/delete_param__rosidl_typesupport_fastrtps_cpp.hpp
[4.053s] -- Up-to-date: /home/francisco/ros2-ws/install/rosapi_msgs/include/rosapi_msgs/srv/detail/service_providers__rosidl_typesupport_fastrtps_cpp.hpp
[4.053s] -- Up-to-date: /home/francisco/ros2-ws/install/rosapi_msgs/include/rosapi_msgs/msg
[4.054s] -- Up-to-date: /home/francisco/ros2-ws/install/rosapi_msgs/include/rosapi_msgs/msg/detail
[4.054s] -- Up-to-date: /home/francisco/ros2-ws/install/rosapi_msgs/include/rosapi_msgs/msg/detail/type_def__rosidl_typesupport_fastrtps_cpp.hpp
[4.054s] -- Up-to-date: /home/francisco/ros2-ws/install/rosapi_msgs/include/rosapi_msgs/msg/detail/dds_fastrtps
[4.055s] -- Up-to-date: /home/francisco/ros2-ws/install/rosapi_msgs/include/rosapi_msgs/msg/rosidl_typesupport_fastrtps_cpp__visibility_control.h
[4.055s] -- Up-to-date: /home/francisco/ros2-ws/install/rosapi_msgs/lib/librosapi_msgs__rosidl_typesupport_fastrtps_cpp.so
[4.055s] -- Up-to-date: /home/francisco/ros2-ws/install/rosapi_msgs/include/rosapi_msgs
[4.056s] -- Up-to-date: /home/francisco/ros2-ws/install/rosapi_msgs/include/rosapi_msgs/srv
[4.056s] -- Up-to-date: /home/francisco/ros2-ws/install/rosapi_msgs/include/rosapi_msgs/srv/detail
[4.056s] -- Up-to-date: /home/francisco/ros2-ws/install/rosapi_msgs/include/rosapi_msgs/srv/detail/topic_type__type_support.c
[4.057s] -- Up-to-date: /home/francisco/ros2-ws/install/rosapi_msgs/include/rosapi_msgs/srv/detail/get_action_servers__rosidl_typesupport_introspection_c.h
[4.057s] -- Up-to-date: /home/francisco/ros2-ws/install/rosapi_msgs/include/rosapi_msgs/srv/detail/service_request_details__rosidl_typesupport_introspection_c.h
[4.057s] -- Up-to-date: /home/francisco/ros2-ws/install/rosapi_msgs/include/rosapi_msgs/srv/detail/get_time__type_support.c
[4.058s] -- Up-to-date: /home/francisco/ros2-ws/install/rosapi_msgs/include/rosapi_msgs/srv/detail/subscribers__type_support.c
[4.058s] -- Up-to-date: /home/francisco/ros2-ws/install/rosapi_msgs/include/rosapi_msgs/srv/detail/service_node__rosidl_typesupport_introspection_c.h
[4.058s] -- Up-to-date: /home/francisco/ros2-ws/install/rosapi_msgs/include/rosapi_msgs/srv/detail/delete_param__type_support.c
[4.059s] -- Up-to-date: /home/francisco/ros2-ws/install/rosapi_msgs/include/rosapi_msgs/srv/detail/get_param_names__type_support.c
[4.059s] -- Up-to-date: /home/francisco/ros2-ws/install/rosapi_msgs/include/rosapi_msgs/srv/detail/topics__rosidl_typesupport_introspection_c.h
[4.059s] -- Up-to-date: /home/francisco/ros2-ws/install/rosapi_msgs/include/rosapi_msgs/srv/detail/topic_type__rosidl_typesupport_introspection_c.h
[4.059s] -- Up-to-date: /home/francisco/ros2-ws/install/rosapi_msgs/include/rosapi_msgs/srv/detail/set_param__rosidl_typesupport_introspection_c.h
[4.060s] -- Up-to-date: /home/francisco/ros2-ws/install/rosapi_msgs/include/rosapi_msgs/srv/detail/node_details__type_support.c
[4.060s] -- Up-to-date: /home/francisco/ros2-ws/install/rosapi_msgs/include/rosapi_msgs/srv/detail/services_for_type__rosidl_typesupport_introspection_c.h
[4.060s] -- Up-to-date: /home/francisco/ros2-ws/install/rosapi_msgs/include/rosapi_msgs/srv/detail/get_param_names__rosidl_typesupport_introspection_c.h
[4.061s] -- Up-to-date: /home/francisco/ros2-ws/install/rosapi_msgs/include/rosapi_msgs/srv/detail/service_node__type_support.c
[4.061s] -- Up-to-date: /home/francisco/ros2-ws/install/rosapi_msgs/include/rosapi_msgs/srv/detail/services_for_type__type_support.c
[4.061s] -- Up-to-date: /home/francisco/ros2-ws/install/rosapi_msgs/include/rosapi_msgs/srv/detail/nodes__type_support.c
[4.061s] -- Up-to-date: /home/francisco/ros2-ws/install/rosapi_msgs/include/rosapi_msgs/srv/detail/get_time__rosidl_typesupport_introspection_c.h
[4.071s] -- Up-to-date: /home/francisco/ros2-ws/install/rosapi_msgs/include/rosapi_msgs/srv/detail/message_details__rosidl_typesupport_introspection_c.h
[4.072s] -- Up-to-date: /home/francisco/ros2-ws/install/rosapi_msgs/include/rosapi_msgs/srv/detail/topics__type_support.c
[4.072s] -- Up-to-date: /home/francisco/ros2-ws/install/rosapi_msgs/include/rosapi_msgs/srv/detail/publishers__rosidl_typesupport_introspection_c.h
[4.072s] -- Up-to-date: /home/francisco/ros2-ws/install/rosapi_msgs/include/rosapi_msgs/srv/detail/set_param__type_support.c
[4.073s] -- Up-to-date: /home/francisco/ros2-ws/install/rosapi_msgs/include/rosapi_msgs/srv/detail/has_param__type_support.c
[4.073s] -- Up-to-date: /home/francisco/ros2-ws/install/rosapi_msgs/include/rosapi_msgs/srv/detail/service_providers__rosidl_typesupport_introspection_c.h
[4.073s] -- Up-to-date: /home/francisco/ros2-ws/install/rosapi_msgs/include/rosapi_msgs/srv/detail/service_type__type_support.c
[4.074s] -- Up-to-date: /home/francisco/ros2-ws/install/rosapi_msgs/include/rosapi_msgs/srv/detail/services__rosidl_typesupport_introspection_c.h
[4.074s] -- Up-to-date: /home/francisco/ros2-ws/install/rosapi_msgs/include/rosapi_msgs/srv/detail/service_type__rosidl_typesupport_introspection_c.h
[4.074s] -- Up-to-date: /home/francisco/ros2-ws/install/rosapi_msgs/include/rosapi_msgs/srv/detail/has_param__rosidl_typesupport_introspection_c.h
[4.075s] -- Up-to-date: /home/francisco/ros2-ws/install/rosapi_msgs/include/rosapi_msgs/srv/detail/services__type_support.c
[4.075s] -- Up-to-date: /home/francisco/ros2-ws/install/rosapi_msgs/include/rosapi_msgs/srv/detail/get_ros_version__rosidl_typesupport_introspection_c.h
[4.075s] -- Up-to-date: /home/francisco/ros2-ws/install/rosapi_msgs/include/rosapi_msgs/srv/detail/nodes__rosidl_typesupport_introspection_c.h
[4.076s] -- Up-to-date: /home/francisco/ros2-ws/install/rosapi_msgs/include/rosapi_msgs/srv/detail/service_request_details__type_support.c
[4.076s] -- Up-to-date: /home/francisco/ros2-ws/install/rosapi_msgs/include/rosapi_msgs/srv/detail/topics_for_type__type_support.c
[4.076s] -- Up-to-date: /home/francisco/ros2-ws/install/rosapi_msgs/include/rosapi_msgs/srv/detail/get_param__type_support.c
[4.076s] -- Up-to-date: /home/francisco/ros2-ws/install/rosapi_msgs/include/rosapi_msgs/srv/detail/get_ros_version__type_support.c
[4.077s] -- Up-to-date: /home/francisco/ros2-ws/install/rosapi_msgs/include/rosapi_msgs/srv/detail/topics_and_raw_types__type_support.c
[4.077s] -- Up-to-date: /home/francisco/ros2-ws/install/rosapi_msgs/include/rosapi_msgs/srv/detail/node_details__rosidl_typesupport_introspection_c.h
[4.077s] -- Up-to-date: /home/francisco/ros2-ws/install/rosapi_msgs/include/rosapi_msgs/srv/detail/service_response_details__type_support.c
[4.078s] -- Up-to-date: /home/francisco/ros2-ws/install/rosapi_msgs/include/rosapi_msgs/srv/detail/topics_and_raw_types__rosidl_typesupport_introspection_c.h
[4.078s] -- Up-to-date: /home/francisco/ros2-ws/install/rosapi_msgs/include/rosapi_msgs/srv/detail/service_providers__type_support.c
[4.078s] -- Up-to-date: /home/francisco/ros2-ws/install/rosapi_msgs/include/rosapi_msgs/srv/detail/topics_for_type__rosidl_typesupport_introspection_c.h
[4.079s] -- Up-to-date: /home/francisco/ros2-ws/install/rosapi_msgs/include/rosapi_msgs/srv/detail/publishers__type_support.c
[4.079s] -- Up-to-date: /home/francisco/ros2-ws/install/rosapi_msgs/include/rosapi_msgs/srv/detail/message_details__type_support.c
[4.079s] -- Up-to-date: /home/francisco/ros2-ws/install/rosapi_msgs/include/rosapi_msgs/srv/detail/delete_param__rosidl_typesupport_introspection_c.h
[4.082s] -- Up-to-date: /home/francisco/ros2-ws/install/rosapi_msgs/include/rosapi_msgs/srv/detail/get_action_servers__type_support.c
[4.082s] -- Up-to-date: /home/francisco/ros2-ws/install/rosapi_msgs/include/rosapi_msgs/srv/detail/subscribers__rosidl_typesupport_introspection_c.h
[4.082s] -- Up-to-date: /home/francisco/ros2-ws/install/rosapi_msgs/include/rosapi_msgs/srv/detail/service_response_details__rosidl_typesupport_introspection_c.h
[4.083s] -- Up-to-date: /home/francisco/ros2-ws/install/rosapi_msgs/include/rosapi_msgs/srv/detail/get_param__rosidl_typesupport_introspection_c.h
[4.083s] -- Up-to-date: /home/francisco/ros2-ws/install/rosapi_msgs/include/rosapi_msgs/msg
[4.088s] -- Up-to-date: /home/francisco/ros2-ws/install/rosapi_msgs/include/rosapi_msgs/msg/detail
[4.089s] -- Up-to-date: /home/francisco/ros2-ws/install/rosapi_msgs/include/rosapi_msgs/msg/detail/type_def__rosidl_typesupport_introspection_c.h
[4.090s] -- Up-to-date: /home/francisco/ros2-ws/install/rosapi_msgs/include/rosapi_msgs/msg/detail/type_def__type_support.c
[4.090s] -- Up-to-date: /home/francisco/ros2-ws/install/rosapi_msgs/include/rosapi_msgs/msg/rosidl_typesupport_introspection_c__visibility_control.h
[4.091s] -- Up-to-date: /home/francisco/ros2-ws/install/rosapi_msgs/lib/librosapi_msgs__rosidl_typesupport_introspection_c.so
[4.091s] -- Up-to-date: /home/francisco/ros2-ws/install/rosapi_msgs/lib/librosapi_msgs__rosidl_typesupport_c.so
[4.092s] -- Up-to-date: /home/francisco/ros2-ws/install/rosapi_msgs/include/rosapi_msgs
[4.093s] -- Up-to-date: /home/francisco/ros2-ws/install/rosapi_msgs/include/rosapi_msgs/srv
[4.094s] -- Up-to-date: /home/francisco/ros2-ws/install/rosapi_msgs/include/rosapi_msgs/srv/get_param_names.hpp
[4.095s] -- Up-to-date: /home/francisco/ros2-ws/install/rosapi_msgs/include/rosapi_msgs/srv/get_time.hpp
[4.097s] -- Up-to-date: /home/francisco/ros2-ws/install/rosapi_msgs/include/rosapi_msgs/srv/detail
[4.098s] -- Up-to-date: /home/francisco/ros2-ws/install/rosapi_msgs/include/rosapi_msgs/srv/detail/topics__struct.hpp
[4.100s] -- Up-to-date: /home/francisco/ros2-ws/install/rosapi_msgs/include/rosapi_msgs/srv/detail/topics_and_raw_types__builder.hpp
[4.100s] -- Up-to-date: /home/francisco/ros2-ws/install/rosapi_msgs/include/rosapi_msgs/srv/detail/service_node__traits.hpp
[4.101s] -- Up-to-date: /home/francisco/ros2-ws/install/rosapi_msgs/include/rosapi_msgs/srv/detail/set_param__builder.hpp
[4.102s] -- Up-to-date: /home/francisco/ros2-ws/install/rosapi_msgs/include/rosapi_msgs/srv/detail/get_param_names__builder.hpp
[4.103s] -- Up-to-date: /home/francisco/ros2-ws/install/rosapi_msgs/include/rosapi_msgs/srv/detail/publishers__struct.hpp
[4.105s] -- Up-to-date: /home/francisco/ros2-ws/install/rosapi_msgs/include/rosapi_msgs/srv/detail/services_for_type__struct.hpp
[4.106s] -- Up-to-date: /home/francisco/ros2-ws/install/rosapi_msgs/include/rosapi_msgs/srv/detail/subscribers__traits.hpp
[4.107s] -- Up-to-date: /home/francisco/ros2-ws/install/rosapi_msgs/include/rosapi_msgs/srv/detail/has_param__traits.hpp
[4.107s] -- Up-to-date: /home/francisco/ros2-ws/install/rosapi_msgs/include/rosapi_msgs/srv/detail/get_action_servers__struct.hpp
[4.107s] -- Up-to-date: /home/francisco/ros2-ws/install/rosapi_msgs/include/rosapi_msgs/srv/detail/get_param__builder.hpp
[4.110s] -- Up-to-date: /home/francisco/ros2-ws/install/rosapi_msgs/include/rosapi_msgs/srv/detail/topics_for_type__traits.hpp
[4.125s] -- Up-to-date: /home/francisco/ros2-ws/install/rosapi_msgs/include/rosapi_msgs/srv/detail/get_ros_version__builder.hpp
[4.126s] -- Up-to-date: /home/francisco/ros2-ws/install/rosapi_msgs/include/rosapi_msgs/srv/detail/get_action_servers__builder.hpp
[4.126s] -- Up-to-date: /home/francisco/ros2-ws/install/rosapi_msgs/include/rosapi_msgs/srv/detail/service_request_details__traits.hpp
[4.127s] -- Up-to-date: /home/francisco/ros2-ws/install/rosapi_msgs/include/rosapi_msgs/srv/detail/topic_type__struct.hpp
[4.127s] -- Up-to-date: /home/francisco/ros2-ws/install/rosapi_msgs/include/rosapi_msgs/srv/detail/node_details__struct.hpp
[4.127s] -- Up-to-date: /home/francisco/ros2-ws/install/rosapi_msgs/include/rosapi_msgs/srv/detail/message_details__traits.hpp
[4.128s] -- Up-to-date: /home/francisco/ros2-ws/install/rosapi_msgs/include/rosapi_msgs/srv/detail/get_ros_version__struct.hpp
[4.128s] -- Up-to-date: /home/francisco/ros2-ws/install/rosapi_msgs/include/rosapi_msgs/srv/detail/services_for_type__traits.hpp
[4.129s] -- Up-to-date: /home/francisco/ros2-ws/install/rosapi_msgs/include/rosapi_msgs/srv/detail/service_type__struct.hpp
[4.129s] -- Up-to-date: /home/francisco/ros2-ws/install/rosapi_msgs/include/rosapi_msgs/srv/detail/service_response_details__traits.hpp
[4.129s] -- Up-to-date: /home/francisco/ros2-ws/install/rosapi_msgs/include/rosapi_msgs/srv/detail/set_param__traits.hpp
[4.129s] -- Up-to-date: /home/francisco/ros2-ws/install/rosapi_msgs/include/rosapi_msgs/srv/detail/topics_for_type__struct.hpp
[4.130s] -- Up-to-date: /home/francisco/ros2-ws/install/rosapi_msgs/include/rosapi_msgs/srv/detail/get_param_names__traits.hpp
[4.130s] -- Up-to-date: /home/francisco/ros2-ws/install/rosapi_msgs/include/rosapi_msgs/srv/detail/subscribers__struct.hpp
[4.133s] -- Up-to-date: /home/francisco/ros2-ws/install/rosapi_msgs/include/rosapi_msgs/srv/detail/service_request_details__struct.hpp
[4.134s] -- Up-to-date: /home/francisco/ros2-ws/install/rosapi_msgs/include/rosapi_msgs/srv/detail/topics_and_raw_types__struct.hpp
[4.134s] -- Up-to-date: /home/francisco/ros2-ws/install/rosapi_msgs/include/rosapi_msgs/srv/detail/services_for_type__builder.hpp
[4.135s] -- Up-to-date: /home/francisco/ros2-ws/install/rosapi_msgs/include/rosapi_msgs/srv/detail/nodes__traits.hpp
[4.138s] -- Up-to-date: /home/francisco/ros2-ws/install/rosapi_msgs/include/rosapi_msgs/srv/detail/service_node__struct.hpp
[4.140s] -- Up-to-date: /home/francisco/ros2-ws/install/rosapi_msgs/include/rosapi_msgs/srv/detail/nodes__builder.hpp
[4.140s] -- Up-to-date: /home/francisco/ros2-ws/install/rosapi_msgs/include/rosapi_msgs/srv/detail/message_details__builder.hpp
[4.142s] -- Up-to-date: /home/francisco/ros2-ws/install/rosapi_msgs/include/rosapi_msgs/srv/detail/get_time__struct.hpp
[4.143s] -- Up-to-date: /home/francisco/ros2-ws/install/rosapi_msgs/include/rosapi_msgs/srv/detail/topics_and_raw_types__traits.hpp
[4.150s] -- Up-to-date: /home/francisco/ros2-ws/install/rosapi_msgs/include/rosapi_msgs/srv/detail/service_providers__builder.hpp
[4.150s] -- Up-to-date: /home/francisco/ros2-ws/install/rosapi_msgs/include/rosapi_msgs/srv/detail/node_details__builder.hpp
[4.151s] -- Up-to-date: /home/francisco/ros2-ws/install/rosapi_msgs/include/rosapi_msgs/srv/detail/service_type__builder.hpp
[4.152s] -- Up-to-date: /home/francisco/ros2-ws/install/rosapi_msgs/include/rosapi_msgs/srv/detail/service_response_details__struct.hpp
[4.153s] -- Up-to-date: /home/francisco/ros2-ws/install/rosapi_msgs/include/rosapi_msgs/srv/detail/get_action_servers__traits.hpp
[4.154s] -- Up-to-date: /home/francisco/ros2-ws/install/rosapi_msgs/include/rosapi_msgs/srv/detail/has_param__struct.hpp
[4.155s] -- Up-to-date: /home/francisco/ros2-ws/install/rosapi_msgs/include/rosapi_msgs/srv/detail/get_param_names__struct.hpp
[4.155s] -- Up-to-date: /home/francisco/ros2-ws/install/rosapi_msgs/include/rosapi_msgs/srv/detail/publishers__traits.hpp
[4.156s] -- Up-to-date: /home/francisco/ros2-ws/install/rosapi_msgs/include/rosapi_msgs/srv/detail/service_node__builder.hpp
[4.158s] -- Up-to-date: /home/francisco/ros2-ws/install/rosapi_msgs/include/rosapi_msgs/srv/detail/service_providers__traits.hpp
[4.158s] -- Up-to-date: /home/francisco/ros2-ws/install/rosapi_msgs/include/rosapi_msgs/srv/detail/nodes__struct.hpp
[4.158s] -- Up-to-date: /home/francisco/ros2-ws/install/rosapi_msgs/include/rosapi_msgs/srv/detail/set_param__struct.hpp
[4.159s] -- Up-to-date: /home/francisco/ros2-ws/install/rosapi_msgs/include/rosapi_msgs/srv/detail/publishers__builder.hpp
[4.165s] -- Up-to-date: /home/francisco/ros2-ws/install/rosapi_msgs/include/rosapi_msgs/srv/detail/topics__traits.hpp
[4.167s] -- Up-to-date: /home/francisco/ros2-ws/install/rosapi_msgs/include/rosapi_msgs/srv/detail/delete_param__struct.hpp
[4.168s] -- Up-to-date: /home/francisco/ros2-ws/install/rosapi_msgs/include/rosapi_msgs/srv/detail/delete_param__builder.hpp
[4.171s] -- Up-to-date: /home/francisco/ros2-ws/install/rosapi_msgs/include/rosapi_msgs/srv/detail/subscribers__builder.hpp
[4.171s] -- Up-to-date: /home/francisco/ros2-ws/install/rosapi_msgs/include/rosapi_msgs/srv/detail/service_type__traits.hpp
[4.172s] -- Up-to-date: /home/francisco/ros2-ws/install/rosapi_msgs/include/rosapi_msgs/srv/detail/get_ros_version__traits.hpp
[4.172s] -- Up-to-date: /home/francisco/ros2-ws/install/rosapi_msgs/include/rosapi_msgs/srv/detail/topics_for_type__builder.hpp
[4.173s] -- Up-to-date: /home/francisco/ros2-ws/install/rosapi_msgs/include/rosapi_msgs/srv/detail/get_time__builder.hpp
[4.173s] -- Up-to-date: /home/francisco/ros2-ws/install/rosapi_msgs/include/rosapi_msgs/srv/detail/service_request_details__builder.hpp
[4.173s] -- Up-to-date: /home/francisco/ros2-ws/install/rosapi_msgs/include/rosapi_msgs/srv/detail/get_param__struct.hpp
[4.174s] -- Up-to-date: /home/francisco/ros2-ws/install/rosapi_msgs/include/rosapi_msgs/srv/detail/has_param__builder.hpp
[4.175s] -- Up-to-date: /home/francisco/ros2-ws/install/rosapi_msgs/include/rosapi_msgs/srv/detail/message_details__struct.hpp
[4.175s] -- Up-to-date: /home/francisco/ros2-ws/install/rosapi_msgs/include/rosapi_msgs/srv/detail/services__struct.hpp
[4.176s] -- Up-to-date: /home/francisco/ros2-ws/install/rosapi_msgs/include/rosapi_msgs/srv/detail/delete_param__traits.hpp
[4.182s] -- Up-to-date: /home/francisco/ros2-ws/install/rosapi_msgs/include/rosapi_msgs/srv/detail/topic_type__builder.hpp
[4.182s] -- Up-to-date: /home/francisco/ros2-ws/install/rosapi_msgs/include/rosapi_msgs/srv/detail/topic_type__traits.hpp
[4.183s] -- Up-to-date: /home/francisco/ros2-ws/install/rosapi_msgs/include/rosapi_msgs/srv/detail/service_response_details__builder.hpp
[4.183s] -- Up-to-date: /home/francisco/ros2-ws/install/rosapi_msgs/include/rosapi_msgs/srv/detail/node_details__traits.hpp
[4.183s] -- Up-to-date: /home/francisco/ros2-ws/install/rosapi_msgs/include/rosapi_msgs/srv/detail/service_providers__struct.hpp
[4.184s] -- Up-to-date: /home/francisco/ros2-ws/install/rosapi_msgs/include/rosapi_msgs/srv/detail/services__traits.hpp
[4.184s] -- Up-to-date: /home/francisco/ros2-ws/install/rosapi_msgs/include/rosapi_msgs/srv/detail/topics__builder.hpp
[4.184s] -- Up-to-date: /home/francisco/ros2-ws/install/rosapi_msgs/include/rosapi_msgs/srv/detail/services__builder.hpp
[4.185s] -- Up-to-date: /home/francisco/ros2-ws/install/rosapi_msgs/include/rosapi_msgs/srv/detail/get_time__traits.hpp
[4.185s] -- Up-to-date: /home/francisco/ros2-ws/install/rosapi_msgs/include/rosapi_msgs/srv/detail/get_param__traits.hpp
[4.185s] -- Up-to-date: /home/francisco/ros2-ws/install/rosapi_msgs/include/rosapi_msgs/srv/service_response_details.hpp
[4.186s] -- Up-to-date: /home/francisco/ros2-ws/install/rosapi_msgs/include/rosapi_msgs/srv/topic_type.hpp
[4.202s] -- Up-to-date: /home/francisco/ros2-ws/install/rosapi_msgs/include/rosapi_msgs/srv/service_request_details.hpp
[4.202s] -- Up-to-date: /home/francisco/ros2-ws/install/rosapi_msgs/include/rosapi_msgs/srv/topics_and_raw_types.hpp
[4.203s] -- Up-to-date: /home/francisco/ros2-ws/install/rosapi_msgs/include/rosapi_msgs/srv/get_param.hpp
[4.203s] -- Up-to-date: /home/francisco/ros2-ws/install/rosapi_msgs/include/rosapi_msgs/srv/node_details.hpp
[4.204s] -- Up-to-date: /home/francisco/ros2-ws/install/rosapi_msgs/include/rosapi_msgs/srv/service_node.hpp
[4.205s] -- Up-to-date: /home/francisco/ros2-ws/install/rosapi_msgs/include/rosapi_msgs/srv/set_param.hpp
[4.205s] -- Up-to-date: /home/francisco/ros2-ws/install/rosapi_msgs/include/rosapi_msgs/srv/subscribers.hpp
[4.205s] -- Up-to-date: /home/francisco/ros2-ws/install/rosapi_msgs/include/rosapi_msgs/srv/topics_for_type.hpp
[4.206s] -- Up-to-date: /home/francisco/ros2-ws/install/rosapi_msgs/include/rosapi_msgs/srv/services.hpp
[4.206s] -- Up-to-date: /home/francisco/ros2-ws/install/rosapi_msgs/include/rosapi_msgs/srv/get_action_servers.hpp
[4.206s] -- Up-to-date: /home/francisco/ros2-ws/install/rosapi_msgs/include/rosapi_msgs/srv/has_param.hpp
[4.242s] -- Up-to-date: /home/francisco/ros2-ws/install/rosapi_msgs/include/rosapi_msgs/srv/service_type.hpp
[4.243s] -- Up-to-date: /home/francisco/ros2-ws/install/rosapi_msgs/include/rosapi_msgs/srv/nodes.hpp
[4.243s] -- Up-to-date: /home/francisco/ros2-ws/install/rosapi_msgs/include/rosapi_msgs/srv/message_details.hpp
[4.243s] -- Up-to-date: /home/francisco/ros2-ws/install/rosapi_msgs/include/rosapi_msgs/srv/services_for_type.hpp
[4.243s] -- Up-to-date: /home/francisco/ros2-ws/install/rosapi_msgs/include/rosapi_msgs/srv/get_ros_version.hpp
[4.244s] -- Up-to-date: /home/francisco/ros2-ws/install/rosapi_msgs/include/rosapi_msgs/srv/topics.hpp
[4.244s] -- Up-to-date: /home/francisco/ros2-ws/install/rosapi_msgs/include/rosapi_msgs/srv/delete_param.hpp
[4.244s] -- Up-to-date: /home/francisco/ros2-ws/install/rosapi_msgs/include/rosapi_msgs/srv/service_providers.hpp
[4.245s] -- Up-to-date: /home/francisco/ros2-ws/install/rosapi_msgs/include/rosapi_msgs/srv/publishers.hpp
[4.245s] -- Up-to-date: /home/francisco/ros2-ws/install/rosapi_msgs/include/rosapi_msgs/msg
[4.245s] -- Up-to-date: /home/francisco/ros2-ws/install/rosapi_msgs/include/rosapi_msgs/msg/detail
[4.245s] -- Up-to-date: /home/francisco/ros2-ws/install/rosapi_msgs/include/rosapi_msgs/msg/detail/type_def__builder.hpp
[4.246s] -- Up-to-date: /home/francisco/ros2-ws/install/rosapi_msgs/include/rosapi_msgs/msg/detail/type_def__traits.hpp
[4.246s] -- Up-to-date: /home/francisco/ros2-ws/install/rosapi_msgs/include/rosapi_msgs/msg/detail/type_def__struct.hpp
[4.246s] -- Up-to-date: /home/francisco/ros2-ws/install/rosapi_msgs/include/rosapi_msgs/msg/type_def.hpp
[4.247s] -- Up-to-date: /home/francisco/ros2-ws/install/rosapi_msgs/include/rosapi_msgs
[4.247s] -- Up-to-date: /home/francisco/ros2-ws/install/rosapi_msgs/include/rosapi_msgs/srv
[4.247s] -- Up-to-date: /home/francisco/ros2-ws/install/rosapi_msgs/include/rosapi_msgs/srv/detail
[4.247s] -- Up-to-date: /home/francisco/ros2-ws/install/rosapi_msgs/include/rosapi_msgs/srv/detail/services__type_support.cpp
[4.248s] -- Up-to-date: /home/francisco/ros2-ws/install/rosapi_msgs/include/rosapi_msgs/srv/detail/delete_param__rosidl_typesupport_introspection_cpp.hpp
[4.248s] -- Up-to-date: /home/francisco/ros2-ws/install/rosapi_msgs/include/rosapi_msgs/srv/detail/nodes__rosidl_typesupport_introspection_cpp.hpp
[4.248s] -- Up-to-date: /home/francisco/ros2-ws/install/rosapi_msgs/include/rosapi_msgs/srv/detail/topics_and_raw_types__rosidl_typesupport_introspection_cpp.hpp
[4.249s] -- Up-to-date: /home/francisco/ros2-ws/install/rosapi_msgs/include/rosapi_msgs/srv/detail/message_details__type_support.cpp
[4.260s] -- Up-to-date: /home/francisco/ros2-ws/install/rosapi_msgs/include/rosapi_msgs/srv/detail/topics__type_support.cpp
[4.262s] -- Up-to-date: /home/francisco/ros2-ws/install/rosapi_msgs/include/rosapi_msgs/srv/detail/service_response_details__rosidl_typesupport_introspection_cpp.hpp
[4.262s] -- Up-to-date: /home/francisco/ros2-ws/install/rosapi_msgs/include/rosapi_msgs/srv/detail/topics_for_type__type_support.cpp
[4.263s] -- Up-to-date: /home/francisco/ros2-ws/install/rosapi_msgs/include/rosapi_msgs/srv/detail/message_details__rosidl_typesupport_introspection_cpp.hpp
[4.264s] -- Up-to-date: /home/francisco/ros2-ws/install/rosapi_msgs/include/rosapi_msgs/srv/detail/get_param__type_support.cpp
[4.264s] -- Up-to-date: /home/francisco/ros2-ws/install/rosapi_msgs/include/rosapi_msgs/srv/detail/topics_and_raw_types__type_support.cpp
[4.264s] -- Up-to-date: /home/francisco/ros2-ws/install/rosapi_msgs/include/rosapi_msgs/srv/detail/has_param__rosidl_typesupport_introspection_cpp.hpp
[4.265s] -- Up-to-date: /home/francisco/ros2-ws/install/rosapi_msgs/include/rosapi_msgs/srv/detail/publishers__type_support.cpp
[4.265s] -- Up-to-date: /home/francisco/ros2-ws/install/rosapi_msgs/include/rosapi_msgs/srv/detail/topic_type__type_support.cpp
[4.265s] -- Up-to-date: /home/francisco/ros2-ws/install/rosapi_msgs/include/rosapi_msgs/srv/detail/get_action_servers__rosidl_typesupport_introspection_cpp.hpp
[4.266s] -- Up-to-date: /home/francisco/ros2-ws/install/rosapi_msgs/include/rosapi_msgs/srv/detail/subscribers__type_support.cpp
[4.266s] -- Up-to-date: /home/francisco/ros2-ws/install/rosapi_msgs/include/rosapi_msgs/srv/detail/node_details__type_support.cpp
[4.266s] -- Up-to-date: /home/francisco/ros2-ws/install/rosapi_msgs/include/rosapi_msgs/srv/detail/service_response_details__type_support.cpp
[4.288s] -- Up-to-date: /home/francisco/ros2-ws/install/rosapi_msgs/include/rosapi_msgs/srv/detail/services__rosidl_typesupport_introspection_cpp.hpp
[4.289s] -- Up-to-date: /home/francisco/ros2-ws/install/rosapi_msgs/include/rosapi_msgs/srv/detail/services_for_type__type_support.cpp
[4.289s] -- Up-to-date: /home/francisco/ros2-ws/install/rosapi_msgs/include/rosapi_msgs/srv/detail/set_param__type_support.cpp
[4.289s] -- Up-to-date: /home/francisco/ros2-ws/install/rosapi_msgs/include/rosapi_msgs/srv/detail/nodes__type_support.cpp
[4.290s] -- Up-to-date: /home/francisco/ros2-ws/install/rosapi_msgs/include/rosapi_msgs/srv/detail/topic_type__rosidl_typesupport_introspection_cpp.hpp
[4.290s] -- Up-to-date: /home/francisco/ros2-ws/install/rosapi_msgs/include/rosapi_msgs/srv/detail/get_time__type_support.cpp
[4.290s] -- Up-to-date: /home/francisco/ros2-ws/install/rosapi_msgs/include/rosapi_msgs/srv/detail/service_node__type_support.cpp
[4.291s] -- Up-to-date: /home/francisco/ros2-ws/install/rosapi_msgs/include/rosapi_msgs/srv/detail/service_providers__rosidl_typesupport_introspection_cpp.hpp
[4.291s] -- Up-to-date: /home/francisco/ros2-ws/install/rosapi_msgs/include/rosapi_msgs/srv/detail/topics__rosidl_typesupport_introspection_cpp.hpp
[4.291s] -- Up-to-date: /home/francisco/ros2-ws/install/rosapi_msgs/include/rosapi_msgs/srv/detail/node_details__rosidl_typesupport_introspection_cpp.hpp
[4.292s] -- Up-to-date: /home/francisco/ros2-ws/install/rosapi_msgs/include/rosapi_msgs/srv/detail/topics_for_type__rosidl_typesupport_introspection_cpp.hpp
[4.292s] -- Up-to-date: /home/francisco/ros2-ws/install/rosapi_msgs/include/rosapi_msgs/srv/detail/service_request_details__type_support.cpp
[4.292s] -- Up-to-date: /home/francisco/ros2-ws/install/rosapi_msgs/include/rosapi_msgs/srv/detail/get_time__rosidl_typesupport_introspection_cpp.hpp
[4.293s] -- Up-to-date: /home/francisco/ros2-ws/install/rosapi_msgs/include/rosapi_msgs/srv/detail/service_type__rosidl_typesupport_introspection_cpp.hpp
[4.293s] -- Up-to-date: /home/francisco/ros2-ws/install/rosapi_msgs/include/rosapi_msgs/srv/detail/service_request_details__rosidl_typesupport_introspection_cpp.hpp
[4.294s] -- Up-to-date: /home/francisco/ros2-ws/install/rosapi_msgs/include/rosapi_msgs/srv/detail/get_ros_version__rosidl_typesupport_introspection_cpp.hpp
[4.294s] -- Up-to-date: /home/francisco/ros2-ws/install/rosapi_msgs/include/rosapi_msgs/srv/detail/delete_param__type_support.cpp
[4.295s] -- Up-to-date: /home/francisco/ros2-ws/install/rosapi_msgs/include/rosapi_msgs/srv/detail/get_param__rosidl_typesupport_introspection_cpp.hpp
[4.295s] -- Up-to-date: /home/francisco/ros2-ws/install/rosapi_msgs/include/rosapi_msgs/srv/detail/has_param__type_support.cpp
[4.296s] -- Up-to-date: /home/francisco/ros2-ws/install/rosapi_msgs/include/rosapi_msgs/srv/detail/get_param_names__rosidl_typesupport_introspection_cpp.hpp
[4.312s] -- Up-to-date: /home/francisco/ros2-ws/install/rosapi_msgs/include/rosapi_msgs/srv/detail/service_providers__type_support.cpp
[4.312s] -- Up-to-date: /home/francisco/ros2-ws/install/rosapi_msgs/include/rosapi_msgs/srv/detail/publishers__rosidl_typesupport_introspection_cpp.hpp
[4.312s] -- Up-to-date: /home/francisco/ros2-ws/install/rosapi_msgs/include/rosapi_msgs/srv/detail/services_for_type__rosidl_typesupport_introspection_cpp.hpp
[4.313s] -- Up-to-date: /home/francisco/ros2-ws/install/rosapi_msgs/include/rosapi_msgs/srv/detail/get_param_names__type_support.cpp
[4.313s] -- Up-to-date: /home/francisco/ros2-ws/install/rosapi_msgs/include/rosapi_msgs/srv/detail/set_param__rosidl_typesupport_introspection_cpp.hpp
[4.313s] -- Up-to-date: /home/francisco/ros2-ws/install/rosapi_msgs/include/rosapi_msgs/srv/detail/subscribers__rosidl_typesupport_introspection_cpp.hpp
[4.314s] -- Up-to-date: /home/francisco/ros2-ws/install/rosapi_msgs/include/rosapi_msgs/srv/detail/service_node__rosidl_typesupport_introspection_cpp.hpp
[4.314s] -- Up-to-date: /home/francisco/ros2-ws/install/rosapi_msgs/include/rosapi_msgs/srv/detail/get_action_servers__type_support.cpp
[4.314s] -- Up-to-date: /home/francisco/ros2-ws/install/rosapi_msgs/include/rosapi_msgs/srv/detail/get_ros_version__type_support.cpp
[4.315s] -- Up-to-date: /home/francisco/ros2-ws/install/rosapi_msgs/include/rosapi_msgs/srv/detail/service_type__type_support.cpp
[4.315s] -- Up-to-date: /home/francisco/ros2-ws/install/rosapi_msgs/include/rosapi_msgs/msg
[4.315s] -- Up-to-date: /home/francisco/ros2-ws/install/rosapi_msgs/include/rosapi_msgs/msg/detail
[4.316s] -- Up-to-date: /home/francisco/ros2-ws/install/rosapi_msgs/include/rosapi_msgs/msg/detail/type_def__type_support.cpp
[4.316s] -- Up-to-date: /home/francisco/ros2-ws/install/rosapi_msgs/include/rosapi_msgs/msg/detail/type_def__rosidl_typesupport_introspection_cpp.hpp
[4.316s] -- Up-to-date: /home/francisco/ros2-ws/install/rosapi_msgs/lib/librosapi_msgs__rosidl_typesupport_introspection_cpp.so
[4.317s] -- Up-to-date: /home/francisco/ros2-ws/install/rosapi_msgs/lib/librosapi_msgs__rosidl_typesupport_cpp.so
[4.317s] -- Up-to-date: /home/francisco/ros2-ws/install/rosapi_msgs/share/rosapi_msgs/environment/pythonpath.sh
[4.317s] -- Up-to-date: /home/francisco/ros2-ws/install/rosapi_msgs/share/rosapi_msgs/environment/pythonpath.dsv
[4.317s] -- Up-to-date: /home/francisco/ros2-ws/install/rosapi_msgs/lib/python3.8/site-packages/rosapi_msgs/__init__.py
[4.382s] -- Up-to-date: /home/francisco/ros2-ws/install/rosapi_msgs/lib/python3.8/site-packages/rosapi_msgs/msg
[4.383s] -- Up-to-date: /home/francisco/ros2-ws/install/rosapi_msgs/lib/python3.8/site-packages/rosapi_msgs/msg/__init__.py
[4.383s] -- Up-to-date: /home/francisco/ros2-ws/install/rosapi_msgs/lib/python3.8/site-packages/rosapi_msgs/msg/_type_def_s.c
[4.384s] -- Up-to-date: /home/francisco/ros2-ws/install/rosapi_msgs/lib/python3.8/site-packages/rosapi_msgs/msg/_type_def.py
[4.384s] -- Up-to-date: /home/francisco/ros2-ws/install/rosapi_msgs/lib/python3.8/site-packages/rosapi_msgs/srv
[4.384s] -- Up-to-date: /home/francisco/ros2-ws/install/rosapi_msgs/lib/python3.8/site-packages/rosapi_msgs/srv/_get_ros_version.py
[4.384s] -- Up-to-date: /home/francisco/ros2-ws/install/rosapi_msgs/lib/python3.8/site-packages/rosapi_msgs/srv/_service_node_s.c
[4.385s] -- Up-to-date: /home/francisco/ros2-ws/install/rosapi_msgs/lib/python3.8/site-packages/rosapi_msgs/srv/_topics_and_raw_types.py
[4.385s] -- Up-to-date: /home/francisco/ros2-ws/install/rosapi_msgs/lib/python3.8/site-packages/rosapi_msgs/srv/_topics.py
[4.385s] -- Up-to-date: /home/francisco/ros2-ws/install/rosapi_msgs/lib/python3.8/site-packages/rosapi_msgs/srv/_services_s.c
[4.397s] -- Up-to-date: /home/francisco/ros2-ws/install/rosapi_msgs/lib/python3.8/site-packages/rosapi_msgs/srv/_get_param.py
[4.397s] -- Up-to-date: /home/francisco/ros2-ws/install/rosapi_msgs/lib/python3.8/site-packages/rosapi_msgs/srv/_get_param_s.c
[4.398s] -- Up-to-date: /home/francisco/ros2-ws/install/rosapi_msgs/lib/python3.8/site-packages/rosapi_msgs/srv/_get_time.py
[4.398s] -- Up-to-date: /home/francisco/ros2-ws/install/rosapi_msgs/lib/python3.8/site-packages/rosapi_msgs/srv/_has_param_s.c
[4.398s] -- Up-to-date: /home/francisco/ros2-ws/install/rosapi_msgs/lib/python3.8/site-packages/rosapi_msgs/srv/_publishers_s.c
[4.399s] -- Up-to-date: /home/francisco/ros2-ws/install/rosapi_msgs/lib/python3.8/site-packages/rosapi_msgs/srv/_service_providers_s.c
[4.400s] -- Up-to-date: /home/francisco/ros2-ws/install/rosapi_msgs/lib/python3.8/site-packages/rosapi_msgs/srv/_topics_s.c
[4.400s] -- Up-to-date: /home/francisco/ros2-ws/install/rosapi_msgs/lib/python3.8/site-packages/rosapi_msgs/srv/_get_action_servers.py
[4.401s] -- Up-to-date: /home/francisco/ros2-ws/install/rosapi_msgs/lib/python3.8/site-packages/rosapi_msgs/srv/__init__.py
[4.401s] -- Up-to-date: /home/francisco/ros2-ws/install/rosapi_msgs/lib/python3.8/site-packages/rosapi_msgs/srv/_topic_type.py
[4.401s] -- Up-to-date: /home/francisco/ros2-ws/install/rosapi_msgs/lib/python3.8/site-packages/rosapi_msgs/srv/_subscribers.py
[4.401s] -- Up-to-date: /home/francisco/ros2-ws/install/rosapi_msgs/lib/python3.8/site-packages/rosapi_msgs/srv/_service_type.py
[4.403s] -- Up-to-date: /home/francisco/ros2-ws/install/rosapi_msgs/lib/python3.8/site-packages/rosapi_msgs/srv/_node_details_s.c
[4.404s] -- Up-to-date: /home/francisco/ros2-ws/install/rosapi_msgs/lib/python3.8/site-packages/rosapi_msgs/srv/_service_response_details.py
[4.404s] -- Up-to-date: /home/francisco/ros2-ws/install/rosapi_msgs/lib/python3.8/site-packages/rosapi_msgs/srv/_topics_for_type_s.c
[4.404s] -- Up-to-date: /home/francisco/ros2-ws/install/rosapi_msgs/lib/python3.8/site-packages/rosapi_msgs/srv/_nodes_s.c
[4.405s] -- Up-to-date: /home/francisco/ros2-ws/install/rosapi_msgs/lib/python3.8/site-packages/rosapi_msgs/srv/_set_param.py
[4.405s] -- Up-to-date: /home/francisco/ros2-ws/install/rosapi_msgs/lib/python3.8/site-packages/rosapi_msgs/srv/_service_providers.py
[4.405s] -- Up-to-date: /home/francisco/ros2-ws/install/rosapi_msgs/lib/python3.8/site-packages/rosapi_msgs/srv/_service_request_details.py
[4.406s] -- Up-to-date: /home/francisco/ros2-ws/install/rosapi_msgs/lib/python3.8/site-packages/rosapi_msgs/srv/_topics_for_type.py
[4.406s] -- Up-to-date: /home/francisco/ros2-ws/install/rosapi_msgs/lib/python3.8/site-packages/rosapi_msgs/srv/_get_time_s.c
[4.406s] -- Up-to-date: /home/francisco/ros2-ws/install/rosapi_msgs/lib/python3.8/site-packages/rosapi_msgs/srv/_services_for_type_s.c
[4.406s] -- Up-to-date: /home/francisco/ros2-ws/install/rosapi_msgs/lib/python3.8/site-packages/rosapi_msgs/srv/_topics_and_raw_types_s.c
[4.407s] -- Up-to-date: /home/francisco/ros2-ws/install/rosapi_msgs/lib/python3.8/site-packages/rosapi_msgs/srv/_get_param_names_s.c
[4.407s] -- Up-to-date: /home/francisco/ros2-ws/install/rosapi_msgs/lib/python3.8/site-packages/rosapi_msgs/srv/_delete_param.py
[4.407s] -- Up-to-date: /home/francisco/ros2-ws/install/rosapi_msgs/lib/python3.8/site-packages/rosapi_msgs/srv/_service_request_details_s.c
[4.408s] -- Up-to-date: /home/francisco/ros2-ws/install/rosapi_msgs/lib/python3.8/site-packages/rosapi_msgs/srv/_has_param.py
[4.408s] -- Up-to-date: /home/francisco/ros2-ws/install/rosapi_msgs/lib/python3.8/site-packages/rosapi_msgs/srv/_node_details.py
[4.408s] -- Up-to-date: /home/francisco/ros2-ws/install/rosapi_msgs/lib/python3.8/site-packages/rosapi_msgs/srv/_message_details_s.c
[4.409s] -- Up-to-date: /home/francisco/ros2-ws/install/rosapi_msgs/lib/python3.8/site-packages/rosapi_msgs/srv/_service_response_details_s.c
[4.409s] -- Up-to-date: /home/francisco/ros2-ws/install/rosapi_msgs/lib/python3.8/site-packages/rosapi_msgs/srv/_nodes.py
[4.409s] -- Up-to-date: /home/francisco/ros2-ws/install/rosapi_msgs/lib/python3.8/site-packages/rosapi_msgs/srv/_get_action_servers_s.c
[4.424s] -- Up-to-date: /home/francisco/ros2-ws/install/rosapi_msgs/lib/python3.8/site-packages/rosapi_msgs/srv/_set_param_s.c
[4.424s] -- Up-to-date: /home/francisco/ros2-ws/install/rosapi_msgs/lib/python3.8/site-packages/rosapi_msgs/srv/_delete_param_s.c
[4.424s] -- Up-to-date: /home/francisco/ros2-ws/install/rosapi_msgs/lib/python3.8/site-packages/rosapi_msgs/srv/_publishers.py
[4.425s] -- Up-to-date: /home/francisco/ros2-ws/install/rosapi_msgs/lib/python3.8/site-packages/rosapi_msgs/srv/_get_ros_version_s.c
[4.425s] -- Up-to-date: /home/francisco/ros2-ws/install/rosapi_msgs/lib/python3.8/site-packages/rosapi_msgs/srv/_topic_type_s.c
[4.426s] -- Up-to-date: /home/francisco/ros2-ws/install/rosapi_msgs/lib/python3.8/site-packages/rosapi_msgs/srv/_service_type_s.c
[4.426s] -- Up-to-date: /home/francisco/ros2-ws/install/rosapi_msgs/lib/python3.8/site-packages/rosapi_msgs/srv/_services_for_type.py
[4.426s] -- Up-to-date: /home/francisco/ros2-ws/install/rosapi_msgs/lib/python3.8/site-packages/rosapi_msgs/srv/_service_node.py
[4.427s] -- Up-to-date: /home/francisco/ros2-ws/install/rosapi_msgs/lib/python3.8/site-packages/rosapi_msgs/srv/_subscribers_s.c
[4.427s] -- Up-to-date: /home/francisco/ros2-ws/install/rosapi_msgs/lib/python3.8/site-packages/rosapi_msgs/srv/_get_param_names.py
[4.428s] -- Up-to-date: /home/francisco/ros2-ws/install/rosapi_msgs/lib/python3.8/site-packages/rosapi_msgs/srv/_services.py
[4.428s] -- Up-to-date: /home/francisco/ros2-ws/install/rosapi_msgs/lib/python3.8/site-packages/rosapi_msgs/srv/_message_details.py
[4.428s] -- Up-to-date: /home/francisco/ros2-ws/install/rosapi_msgs/lib/python3.8/site-packages/rosapi_msgs/rosapi_msgs_s__rosidl_typesupport_fastrtps_c.cpython-38-x86_64-linux-gnu.so
[4.428s] -- Up-to-date: /home/francisco/ros2-ws/install/rosapi_msgs/lib/python3.8/site-packages/rosapi_msgs/rosapi_msgs_s__rosidl_typesupport_introspection_c.cpython-38-x86_64-linux-gnu.so
[4.429s] -- Up-to-date: /home/francisco/ros2-ws/install/rosapi_msgs/lib/python3.8/site-packages/rosapi_msgs/rosapi_msgs_s__rosidl_typesupport_c.cpython-38-x86_64-linux-gnu.so
[4.429s] -- Up-to-date: /home/francisco/ros2-ws/install/rosapi_msgs/lib/librosapi_msgs__python.so
[4.429s] -- Up-to-date: /home/francisco/ros2-ws/install/rosapi_msgs/share/rosapi_msgs/msg/TypeDef.idl
[4.430s] -- Up-to-date: /home/francisco/ros2-ws/install/rosapi_msgs/share/rosapi_msgs/srv/DeleteParam.idl
[4.430s] -- Up-to-date: /home/francisco/ros2-ws/install/rosapi_msgs/share/rosapi_msgs/srv/GetActionServers.idl
[4.430s] -- Up-to-date: /home/francisco/ros2-ws/install/rosapi_msgs/share/rosapi_msgs/srv/GetParam.idl
[4.431s] -- Up-to-date: /home/francisco/ros2-ws/install/rosapi_msgs/share/rosapi_msgs/srv/GetParamNames.idl
[4.431s] -- Up-to-date: /home/francisco/ros2-ws/install/rosapi_msgs/share/rosapi_msgs/srv/GetROSVersion.idl
[4.431s] -- Up-to-date: /home/francisco/ros2-ws/install/rosapi_msgs/share/rosapi_msgs/srv/GetTime.idl
[4.431s] -- Up-to-date: /home/francisco/ros2-ws/install/rosapi_msgs/share/rosapi_msgs/srv/HasParam.idl
[4.432s] -- Up-to-date: /home/francisco/ros2-ws/install/rosapi_msgs/share/rosapi_msgs/srv/MessageDetails.idl
[4.432s] -- Up-to-date: /home/francisco/ros2-ws/install/rosapi_msgs/share/rosapi_msgs/srv/Nodes.idl
[4.432s] -- Up-to-date: /home/francisco/ros2-ws/install/rosapi_msgs/share/rosapi_msgs/srv/NodeDetails.idl
[4.433s] -- Up-to-date: /home/francisco/ros2-ws/install/rosapi_msgs/share/rosapi_msgs/srv/Publishers.idl
[4.441s] -- Up-to-date: /home/francisco/ros2-ws/install/rosapi_msgs/share/rosapi_msgs/srv/ServiceNode.idl
[4.442s] -- Up-to-date: /home/francisco/ros2-ws/install/rosapi_msgs/share/rosapi_msgs/srv/ServiceProviders.idl
[4.442s] -- Up-to-date: /home/francisco/ros2-ws/install/rosapi_msgs/share/rosapi_msgs/srv/ServiceRequestDetails.idl
[4.443s] -- Up-to-date: /home/francisco/ros2-ws/install/rosapi_msgs/share/rosapi_msgs/srv/ServiceResponseDetails.idl
[4.443s] -- Up-to-date: /home/francisco/ros2-ws/install/rosapi_msgs/share/rosapi_msgs/srv/Services.idl
[4.443s] -- Up-to-date: /home/francisco/ros2-ws/install/rosapi_msgs/share/rosapi_msgs/srv/ServicesForType.idl
[4.444s] -- Up-to-date: /home/francisco/ros2-ws/install/rosapi_msgs/share/rosapi_msgs/srv/ServiceType.idl
[4.444s] -- Up-to-date: /home/francisco/ros2-ws/install/rosapi_msgs/share/rosapi_msgs/srv/SetParam.idl
[4.445s] -- Up-to-date: /home/francisco/ros2-ws/install/rosapi_msgs/share/rosapi_msgs/srv/Subscribers.idl
[4.452s] -- Up-to-date: /home/francisco/ros2-ws/install/rosapi_msgs/share/rosapi_msgs/srv/Topics.idl
[4.453s] -- Up-to-date: /home/francisco/ros2-ws/install/rosapi_msgs/share/rosapi_msgs/srv/TopicsAndRawTypes.idl
[4.454s] -- Up-to-date: /home/francisco/ros2-ws/install/rosapi_msgs/share/rosapi_msgs/srv/TopicsForType.idl
[4.454s] -- Up-to-date: /home/francisco/ros2-ws/install/rosapi_msgs/share/rosapi_msgs/srv/TopicType.idl
[4.454s] -- Up-to-date: /home/francisco/ros2-ws/install/rosapi_msgs/share/rosapi_msgs/msg/TypeDef.msg
[4.455s] -- Up-to-date: /home/francisco/ros2-ws/install/rosapi_msgs/share/rosapi_msgs/srv/DeleteParam.srv
[4.455s] -- Up-to-date: /home/francisco/ros2-ws/install/rosapi_msgs/share/rosapi_msgs/srv/DeleteParam_Request.msg
[4.456s] -- Up-to-date: /home/francisco/ros2-ws/install/rosapi_msgs/share/rosapi_msgs/srv/DeleteParam_Response.msg
[4.456s] -- Up-to-date: /home/francisco/ros2-ws/install/rosapi_msgs/share/rosapi_msgs/srv/GetActionServers.srv
[4.456s] -- Up-to-date: /home/francisco/ros2-ws/install/rosapi_msgs/share/rosapi_msgs/srv/GetActionServers_Request.msg
[4.457s] -- Up-to-date: /home/francisco/ros2-ws/install/rosapi_msgs/share/rosapi_msgs/srv/GetActionServers_Response.msg
[4.458s] -- Up-to-date: /home/francisco/ros2-ws/install/rosapi_msgs/share/rosapi_msgs/srv/GetParam.srv
[4.458s] -- Up-to-date: /home/francisco/ros2-ws/install/rosapi_msgs/share/rosapi_msgs/srv/GetParam_Request.msg
[4.459s] -- Up-to-date: /home/francisco/ros2-ws/install/rosapi_msgs/share/rosapi_msgs/srv/GetParam_Response.msg
[4.459s] -- Up-to-date: /home/francisco/ros2-ws/install/rosapi_msgs/share/rosapi_msgs/srv/GetParamNames.srv
[4.459s] -- Up-to-date: /home/francisco/ros2-ws/install/rosapi_msgs/share/rosapi_msgs/srv/GetParamNames_Request.msg
[4.460s] -- Up-to-date: /home/francisco/ros2-ws/install/rosapi_msgs/share/rosapi_msgs/srv/GetParamNames_Response.msg
[4.460s] -- Up-to-date: /home/francisco/ros2-ws/install/rosapi_msgs/share/rosapi_msgs/srv/GetROSVersion.srv
[4.460s] -- Up-to-date: /home/francisco/ros2-ws/install/rosapi_msgs/share/rosapi_msgs/srv/GetROSVersion_Request.msg
[4.460s] -- Up-to-date: /home/francisco/ros2-ws/install/rosapi_msgs/share/rosapi_msgs/srv/GetROSVersion_Response.msg
[4.461s] -- Up-to-date: /home/francisco/ros2-ws/install/rosapi_msgs/share/rosapi_msgs/srv/GetTime.srv
[4.461s] -- Up-to-date: /home/francisco/ros2-ws/install/rosapi_msgs/share/rosapi_msgs/srv/GetTime_Request.msg
[4.461s] -- Up-to-date: /home/francisco/ros2-ws/install/rosapi_msgs/share/rosapi_msgs/srv/GetTime_Response.msg
[4.462s] -- Up-to-date: /home/francisco/ros2-ws/install/rosapi_msgs/share/rosapi_msgs/srv/HasParam.srv
[4.463s] -- Up-to-date: /home/francisco/ros2-ws/install/rosapi_msgs/share/rosapi_msgs/srv/HasParam_Request.msg
[4.463s] -- Up-to-date: /home/francisco/ros2-ws/install/rosapi_msgs/share/rosapi_msgs/srv/HasParam_Response.msg
[4.464s] -- Up-to-date: /home/francisco/ros2-ws/install/rosapi_msgs/share/rosapi_msgs/srv/MessageDetails.srv
[4.464s] -- Up-to-date: /home/francisco/ros2-ws/install/rosapi_msgs/share/rosapi_msgs/srv/MessageDetails_Request.msg
[4.464s] -- Up-to-date: /home/francisco/ros2-ws/install/rosapi_msgs/share/rosapi_msgs/srv/MessageDetails_Response.msg
[4.464s] -- Up-to-date: /home/francisco/ros2-ws/install/rosapi_msgs/share/rosapi_msgs/srv/Nodes.srv
[4.465s] -- Up-to-date: /home/francisco/ros2-ws/install/rosapi_msgs/share/rosapi_msgs/srv/Nodes_Request.msg
[4.465s] -- Up-to-date: /home/francisco/ros2-ws/install/rosapi_msgs/share/rosapi_msgs/srv/Nodes_Response.msg
[4.465s] -- Up-to-date: /home/francisco/ros2-ws/install/rosapi_msgs/share/rosapi_msgs/srv/NodeDetails.srv
[4.466s] -- Up-to-date: /home/francisco/ros2-ws/install/rosapi_msgs/share/rosapi_msgs/srv/NodeDetails_Request.msg
[4.466s] -- Up-to-date: /home/francisco/ros2-ws/install/rosapi_msgs/share/rosapi_msgs/srv/NodeDetails_Response.msg
[4.466s] -- Up-to-date: /home/francisco/ros2-ws/install/rosapi_msgs/share/rosapi_msgs/srv/Publishers.srv
[4.467s] -- Up-to-date: /home/francisco/ros2-ws/install/rosapi_msgs/share/rosapi_msgs/srv/Publishers_Request.msg
[4.467s] -- Up-to-date: /home/francisco/ros2-ws/install/rosapi_msgs/share/rosapi_msgs/srv/Publishers_Response.msg
[4.468s] -- Up-to-date: /home/francisco/ros2-ws/install/rosapi_msgs/share/rosapi_msgs/srv/ServiceNode.srv
[4.469s] -- Up-to-date: /home/francisco/ros2-ws/install/rosapi_msgs/share/rosapi_msgs/srv/ServiceNode_Request.msg
[4.470s] -- Up-to-date: /home/francisco/ros2-ws/install/rosapi_msgs/share/rosapi_msgs/srv/ServiceNode_Response.msg
[4.470s] -- Up-to-date: /home/francisco/ros2-ws/install/rosapi_msgs/share/rosapi_msgs/srv/ServiceProviders.srv
[4.470s] -- Up-to-date: /home/francisco/ros2-ws/install/rosapi_msgs/share/rosapi_msgs/srv/ServiceProviders_Request.msg
[4.471s] -- Up-to-date: /home/francisco/ros2-ws/install/rosapi_msgs/share/rosapi_msgs/srv/ServiceProviders_Response.msg
[4.471s] -- Up-to-date: /home/francisco/ros2-ws/install/rosapi_msgs/share/rosapi_msgs/srv/ServiceRequestDetails.srv
[4.472s] -- Up-to-date: /home/francisco/ros2-ws/install/rosapi_msgs/share/rosapi_msgs/srv/ServiceRequestDetails_Request.msg
[4.472s] -- Up-to-date: /home/francisco/ros2-ws/install/rosapi_msgs/share/rosapi_msgs/srv/ServiceRequestDetails_Response.msg
[4.473s] -- Up-to-date: /home/francisco/ros2-ws/install/rosapi_msgs/share/rosapi_msgs/srv/ServiceResponseDetails.srv
[4.473s] -- Up-to-date: /home/francisco/ros2-ws/install/rosapi_msgs/share/rosapi_msgs/srv/ServiceResponseDetails_Request.msg
[4.473s] -- Up-to-date: /home/francisco/ros2-ws/install/rosapi_msgs/share/rosapi_msgs/srv/ServiceResponseDetails_Response.msg
[4.476s] -- Up-to-date: /home/francisco/ros2-ws/install/rosapi_msgs/share/rosapi_msgs/srv/Services.srv
[4.476s] -- Up-to-date: /home/francisco/ros2-ws/install/rosapi_msgs/share/rosapi_msgs/srv/Services_Request.msg
[4.477s] -- Up-to-date: /home/francisco/ros2-ws/install/rosapi_msgs/share/rosapi_msgs/srv/Services_Response.msg
[4.477s] -- Up-to-date: /home/francisco/ros2-ws/install/rosapi_msgs/share/rosapi_msgs/srv/ServicesForType.srv
[4.477s] -- Up-to-date: /home/francisco/ros2-ws/install/rosapi_msgs/share/rosapi_msgs/srv/ServicesForType_Request.msg
[4.478s] -- Up-to-date: /home/francisco/ros2-ws/install/rosapi_msgs/share/rosapi_msgs/srv/ServicesForType_Response.msg
[4.478s] -- Up-to-date: /home/francisco/ros2-ws/install/rosapi_msgs/share/rosapi_msgs/srv/ServiceType.srv
[4.478s] -- Up-to-date: /home/francisco/ros2-ws/install/rosapi_msgs/share/rosapi_msgs/srv/ServiceType_Request.msg
[4.479s] -- Up-to-date: /home/francisco/ros2-ws/install/rosapi_msgs/share/rosapi_msgs/srv/ServiceType_Response.msg
[4.480s] -- Up-to-date: /home/francisco/ros2-ws/install/rosapi_msgs/share/rosapi_msgs/srv/SetParam.srv
[4.480s] -- Up-to-date: /home/francisco/ros2-ws/install/rosapi_msgs/share/rosapi_msgs/srv/SetParam_Request.msg
[4.481s] -- Up-to-date: /home/francisco/ros2-ws/install/rosapi_msgs/share/rosapi_msgs/srv/SetParam_Response.msg
[4.481s] -- Up-to-date: /home/francisco/ros2-ws/install/rosapi_msgs/share/rosapi_msgs/srv/Subscribers.srv
[4.481s] -- Up-to-date: /home/francisco/ros2-ws/install/rosapi_msgs/share/rosapi_msgs/srv/Subscribers_Request.msg
[4.482s] -- Up-to-date: /home/francisco/ros2-ws/install/rosapi_msgs/share/rosapi_msgs/srv/Subscribers_Response.msg
[4.482s] -- Up-to-date: /home/francisco/ros2-ws/install/rosapi_msgs/share/rosapi_msgs/srv/Topics.srv
[4.482s] -- Up-to-date: /home/francisco/ros2-ws/install/rosapi_msgs/share/rosapi_msgs/srv/Topics_Request.msg
[4.483s] -- Up-to-date: /home/francisco/ros2-ws/install/rosapi_msgs/share/rosapi_msgs/srv/Topics_Response.msg
[4.483s] -- Up-to-date: /home/francisco/ros2-ws/install/rosapi_msgs/share/rosapi_msgs/srv/TopicsAndRawTypes.srv
[4.483s] -- Up-to-date: /home/francisco/ros2-ws/install/rosapi_msgs/share/rosapi_msgs/srv/TopicsAndRawTypes_Request.msg
[4.484s] -- Up-to-date: /home/francisco/ros2-ws/install/rosapi_msgs/share/rosapi_msgs/srv/TopicsAndRawTypes_Response.msg
[4.484s] -- Up-to-date: /home/francisco/ros2-ws/install/rosapi_msgs/share/rosapi_msgs/srv/TopicsForType.srv
[4.484s] -- Up-to-date: /home/francisco/ros2-ws/install/rosapi_msgs/share/rosapi_msgs/srv/TopicsForType_Request.msg
[4.485s] -- Up-to-date: /home/francisco/ros2-ws/install/rosapi_msgs/share/rosapi_msgs/srv/TopicsForType_Response.msg
[4.485s] -- Up-to-date: /home/francisco/ros2-ws/install/rosapi_msgs/share/rosapi_msgs/srv/TopicType.srv
[4.485s] -- Up-to-date: /home/francisco/ros2-ws/install/rosapi_msgs/share/rosapi_msgs/srv/TopicType_Request.msg
[4.485s] -- Up-to-date: /home/francisco/ros2-ws/install/rosapi_msgs/share/rosapi_msgs/srv/TopicType_Response.msg
[4.486s] -- Up-to-date: /home/francisco/ros2-ws/install/rosapi_msgs/share/ament_index/resource_index/package_run_dependencies/rosapi_msgs
[4.486s] -- Up-to-date: /home/francisco/ros2-ws/install/rosapi_msgs/share/ament_index/resource_index/parent_prefix_path/rosapi_msgs
[4.486s] -- Up-to-date: /home/francisco/ros2-ws/install/rosapi_msgs/share/rosapi_msgs/environment/ament_prefix_path.sh
[4.487s] -- Up-to-date: /home/francisco/ros2-ws/install/rosapi_msgs/share/rosapi_msgs/environment/ament_prefix_path.dsv
[4.487s] -- Up-to-date: /home/francisco/ros2-ws/install/rosapi_msgs/share/rosapi_msgs/environment/path.sh
[4.487s] -- Up-to-date: /home/francisco/ros2-ws/install/rosapi_msgs/share/rosapi_msgs/environment/path.dsv
[4.488s] -- Up-to-date: /home/francisco/ros2-ws/install/rosapi_msgs/share/rosapi_msgs/local_setup.bash
[4.488s] -- Up-to-date: /home/francisco/ros2-ws/install/rosapi_msgs/share/rosapi_msgs/local_setup.sh
[4.488s] -- Up-to-date: /home/francisco/ros2-ws/install/rosapi_msgs/share/rosapi_msgs/local_setup.zsh
[4.488s] -- Up-to-date: /home/francisco/ros2-ws/install/rosapi_msgs/share/rosapi_msgs/local_setup.dsv
[4.489s] -- Installing: /home/francisco/ros2-ws/install/rosapi_msgs/share/rosapi_msgs/package.dsv
[4.489s] -- Up-to-date: /home/francisco/ros2-ws/install/rosapi_msgs/share/ament_index/resource_index/packages/rosapi_msgs
[4.489s] -- Up-to-date: /home/francisco/ros2-ws/install/rosapi_msgs/share/rosapi_msgs/cmake/rosapi_msgs__rosidl_generator_cExport.cmake
[4.492s] -- Up-to-date: /home/francisco/ros2-ws/install/rosapi_msgs/share/rosapi_msgs/cmake/rosapi_msgs__rosidl_generator_cExport-noconfig.cmake
[4.493s] -- Up-to-date: /home/francisco/ros2-ws/install/rosapi_msgs/share/rosapi_msgs/cmake/rosapi_msgs__rosidl_typesupport_introspection_cExport.cmake
[4.493s] -- Up-to-date: /home/francisco/ros2-ws/install/rosapi_msgs/share/rosapi_msgs/cmake/rosapi_msgs__rosidl_typesupport_introspection_cExport-noconfig.cmake
[4.493s] -- Up-to-date: /home/francisco/ros2-ws/install/rosapi_msgs/share/rosapi_msgs/cmake/rosapi_msgs__rosidl_typesupport_cExport.cmake
[4.494s] -- Up-to-date: /home/francisco/ros2-ws/install/rosapi_msgs/share/rosapi_msgs/cmake/rosapi_msgs__rosidl_typesupport_cExport-noconfig.cmake
[4.494s] -- Up-to-date: /home/francisco/ros2-ws/install/rosapi_msgs/share/rosapi_msgs/cmake/rosapi_msgs__rosidl_generator_cppExport.cmake
[4.494s] -- Up-to-date: /home/francisco/ros2-ws/install/rosapi_msgs/share/rosapi_msgs/cmake/rosapi_msgs__rosidl_typesupport_introspection_cppExport.cmake
[4.495s] -- Up-to-date: /home/francisco/ros2-ws/install/rosapi_msgs/share/rosapi_msgs/cmake/rosapi_msgs__rosidl_typesupport_introspection_cppExport-noconfig.cmake
[4.495s] -- Up-to-date: /home/francisco/ros2-ws/install/rosapi_msgs/share/rosapi_msgs/cmake/rosapi_msgs__rosidl_typesupport_cppExport.cmake
[4.495s] -- Up-to-date: /home/francisco/ros2-ws/install/rosapi_msgs/share/rosapi_msgs/cmake/rosapi_msgs__rosidl_typesupport_cppExport-noconfig.cmake
[4.496s] -- Up-to-date: /home/francisco/ros2-ws/install/rosapi_msgs/share/rosapi_msgs/cmake/rosidl_cmake-extras.cmake
[4.496s] -- Up-to-date: /home/francisco/ros2-ws/install/rosapi_msgs/share/rosapi_msgs/cmake/ament_cmake_export_dependencies-extras.cmake
[4.496s] -- Up-to-date: /home/francisco/ros2-ws/install/rosapi_msgs/share/rosapi_msgs/cmake/ament_cmake_export_libraries-extras.cmake
[4.497s] -- Up-to-date: /home/francisco/ros2-ws/install/rosapi_msgs/share/rosapi_msgs/cmake/ament_cmake_export_targets-extras.cmake
[4.497s] -- Up-to-date: /home/francisco/ros2-ws/install/rosapi_msgs/share/rosapi_msgs/cmake/ament_cmake_export_include_directories-extras.cmake
[4.497s] -- Up-to-date: /home/francisco/ros2-ws/install/rosapi_msgs/share/rosapi_msgs/cmake/rosidl_cmake_export_typesupport_libraries-extras.cmake
[4.497s] -- Up-to-date: /home/francisco/ros2-ws/install/rosapi_msgs/share/rosapi_msgs/cmake/rosidl_cmake_export_typesupport_targets-extras.cmake
[4.498s] -- Up-to-date: /home/francisco/ros2-ws/install/rosapi_msgs/share/rosapi_msgs/cmake/rosapi_msgsConfig.cmake
[4.498s] -- Up-to-date: /home/francisco/ros2-ws/install/rosapi_msgs/share/rosapi_msgs/cmake/rosapi_msgsConfig-version.cmake
[4.498s] -- Up-to-date: /home/francisco/ros2-ws/install/rosapi_msgs/share/rosapi_msgs/package.xml
[4.500s] Invoked command in '/home/francisco/ros2-ws/build/rosapi_msgs' returned '0': CMAKE_PREFIX_PATH=${CMAKE_PREFIX_PATH}:/home/francisco/ros2-ws/install/monitoring_station_tfm:/home/francisco/ros2-ws/install/monitoring-station-tfm:/home/francisco/ros2-ws/install/camera_driver:/opt/ros/foxy /usr/bin/cmake --install /home/francisco/ros2-ws/build/rosapi_msgs
