[2.441s] Invoking command in '/home/francisco/ros2-ws/src/monitoring_station_tfm': PYTHONPATH=/home/francisco/ros2-ws/build/monitoring_station_tfm/prefix_override:/home/francisco/ros2-ws/install/monitoring_station_tfm/lib/python3.8/site-packages:${PYTHONPATH} /usr/bin/python3 setup.py egg_info --egg-base ../../build/monitoring_station_tfm build --build-base /home/francisco/ros2-ws/build/monitoring_station_tfm/build install --record /home/francisco/ros2-ws/build/monitoring_station_tfm/install.log --install-scripts $base/lib/monitoring_station_tfm --single-version-externally-managed
[3.313s] running egg_info
[3.313s] writing ../../build/monitoring_station_tfm/monitoring_station_tfm.egg-info/PKG-INFO
[3.314s] writing dependency_links to ../../build/monitoring_station_tfm/monitoring_station_tfm.egg-info/dependency_links.txt
[3.314s] writing entry points to ../../build/monitoring_station_tfm/monitoring_station_tfm.egg-info/entry_points.txt
[3.315s] writing requirements to ../../build/monitoring_station_tfm/monitoring_station_tfm.egg-info/requires.txt
[3.315s] writing top-level names to ../../build/monitoring_station_tfm/monitoring_station_tfm.egg-info/top_level.txt
[3.428s] reading manifest file '../../build/monitoring_station_tfm/monitoring_station_tfm.egg-info/SOURCES.txt'
[3.432s] writing manifest file '../../build/monitoring_station_tfm/monitoring_station_tfm.egg-info/SOURCES.txt'
[3.432s] running build
[3.432s] running build_py
[3.433s] copying monitoring_station_tfm/test_timer.py -> /home/francisco/ros2-ws/build/monitoring_station_tfm/build/lib/monitoring_station_tfm
[3.435s] running install
[3.437s] running install_lib
[3.439s] copying /home/francisco/ros2-ws/build/monitoring_station_tfm/build/lib/monitoring_station_tfm/test_timer.py -> /home/francisco/ros2-ws/install/monitoring_station_tfm/lib/python3.8/site-packages/monitoring_station_tfm
[3.441s] byte-compiling /home/francisco/ros2-ws/install/monitoring_station_tfm/lib/python3.8/site-packages/monitoring_station_tfm/test_timer.py to test_timer.cpython-38.pyc
[3.445s] running install_data
[3.446s] running install_egg_info
[3.449s] removing '/home/francisco/ros2-ws/install/monitoring_station_tfm/lib/python3.8/site-packages/monitoring_station_tfm-0.0.0-py3.8.egg-info' (and everything under it)
[3.450s] Copying ../../build/monitoring_station_tfm/monitoring_station_tfm.egg-info to /home/francisco/ros2-ws/install/monitoring_station_tfm/lib/python3.8/site-packages/monitoring_station_tfm-0.0.0-py3.8.egg-info
[3.453s] running install_scripts
[3.518s] Installing listener script to /home/francisco/ros2-ws/install/monitoring_station_tfm/lib/monitoring_station_tfm
[3.519s] Installing pub01 script to /home/francisco/ros2-ws/install/monitoring_station_tfm/lib/monitoring_station_tfm
[3.519s] Installing pub02 script to /home/francisco/ros2-ws/install/monitoring_station_tfm/lib/monitoring_station_tfm
[3.519s] Installing pub03 script to /home/francisco/ros2-ws/install/monitoring_station_tfm/lib/monitoring_station_tfm
[3.520s] Installing publicador script to /home/francisco/ros2-ws/install/monitoring_station_tfm/lib/monitoring_station_tfm
[3.520s] Installing talker script to /home/francisco/ros2-ws/install/monitoring_station_tfm/lib/monitoring_station_tfm
[3.520s] Installing test01 script to /home/francisco/ros2-ws/install/monitoring_station_tfm/lib/monitoring_station_tfm
[3.520s] Installing test02 script to /home/francisco/ros2-ws/install/monitoring_station_tfm/lib/monitoring_station_tfm
[3.521s] Installing test03 script to /home/francisco/ros2-ws/install/monitoring_station_tfm/lib/monitoring_station_tfm
[3.521s] Installing test04 script to /home/francisco/ros2-ws/install/monitoring_station_tfm/lib/monitoring_station_tfm
[3.522s] Installing test05 script to /home/francisco/ros2-ws/install/monitoring_station_tfm/lib/monitoring_station_tfm
[3.524s] Installing timer script to /home/francisco/ros2-ws/install/monitoring_station_tfm/lib/monitoring_station_tfm
[3.558s] writing list of installed files to '/home/francisco/ros2-ws/build/monitoring_station_tfm/install.log'
[3.601s] Invoked command in '/home/francisco/ros2-ws/src/monitoring_station_tfm' returned '0': PYTHONPATH=/home/francisco/ros2-ws/build/monitoring_station_tfm/prefix_override:/home/francisco/ros2-ws/install/monitoring_station_tfm/lib/python3.8/site-packages:${PYTHONPATH} /usr/bin/python3 setup.py egg_info --egg-base ../../build/monitoring_station_tfm build --build-base /home/francisco/ros2-ws/build/monitoring_station_tfm/build install --record /home/francisco/ros2-ws/build/monitoring_station_tfm/install.log --install-scripts $base/lib/monitoring_station_tfm --single-version-externally-managed
