[0.132s] Invoking command in '/home/francisco/ros2-ws/build/rosapi_msgs': CMAKE_PREFIX_PATH=${CMAKE_PREFIX_PATH}:/home/francisco/ros2-ws/install/monitoring_station_tfm:/home/francisco/ros2-ws/install/monitoring-station-tfm:/home/francisco/ros2-ws/install/camera_driver:/opt/ros/foxy /usr/bin/cmake --build /home/francisco/ros2-ws/build/rosapi_msgs -- -j4 -l4
[1.495s] [ 12%] Built target rosapi_msgs__rosidl_generator_c
[1.496s] [ 12%] Built target rosapi_msgs__cpp
[1.496s] [ 24%] Built target rosapi_msgs__rosidl_typesupport_c
[1.496s] [ 36%] Built target rosapi_msgs__rosidl_typesupport_introspection_c
[1.496s] [ 48%] Built target rosapi_msgs__rosidl_typesupport_cpp
[1.497s] [ 60%] Built target rosapi_msgs__rosidl_typesupport_fastrtps_cpp
[1.497s] [ 73%] Built target rosapi_msgs__rosidl_typesupport_introspection_cpp
[1.497s] [ 85%] Built target rosapi_msgs__rosidl_typesupport_fastrtps_c
[1.498s] [ 85%] Built target rosapi_msgs
[1.498s] [ 85%] Built target rosapi_msgs__py
[1.499s] [ 97%] Built target rosapi_msgs__python
[1.499s] [ 98%] Built target rosapi_msgs__rosidl_typesupport_c__pyext
[1.522s] [ 99%] Built target rosapi_msgs__rosidl_typesupport_introspection_c__pyext
[1.532s] [100%] Built target rosapi_msgs__rosidl_typesupport_fastrtps_c__pyext
[1.561s] Invoked command in '/home/francisco/ros2-ws/build/rosapi_msgs' returned '0': CMAKE_PREFIX_PATH=${CMAKE_PREFIX_PATH}:/home/francisco/ros2-ws/install/monitoring_station_tfm:/home/francisco/ros2-ws/install/monitoring-station-tfm:/home/francisco/ros2-ws/install/camera_driver:/opt/ros/foxy /usr/bin/cmake --build /home/francisco/ros2-ws/build/rosapi_msgs -- -j4 -l4
[3.318s] Invoking command in '/home/francisco/ros2-ws/build/rosapi_msgs': CMAKE_PREFIX_PATH=${CMAKE_PREFIX_PATH}:/home/francisco/ros2-ws/install/monitoring_station_tfm:/home/francisco/ros2-ws/install/monitoring-station-tfm:/home/francisco/ros2-ws/install/camera_driver:/opt/ros/foxy /usr/bin/cmake --install /home/francisco/ros2-ws/build/rosapi_msgs
[3.403s] -- Install configuration: ""
[3.403s] -- Up-to-date: /home/francisco/ros2-ws/install/rosapi_msgs/share/ament_index/resource_index/rosidl_interfaces/rosapi_msgs
[3.406s] -- Up-to-date: /home/francisco/ros2-ws/install/rosapi_msgs/include/rosapi_msgs
[3.406s] -- Up-to-date: /home/francisco/ros2-ws/install/rosapi_msgs/include/rosapi_msgs/srv
[3.407s] -- Up-to-date: /home/francisco/ros2-ws/install/rosapi_msgs/include/rosapi_msgs/srv/get_param_names.h
[3.408s] -- Up-to-date: /home/francisco/ros2-ws/install/rosapi_msgs/include/rosapi_msgs/srv/services_for_type.h
[3.409s] -- Up-to-date: /home/francisco/ros2-ws/install/rosapi_msgs/include/rosapi_msgs/srv/detail
[3.409s] -- Up-to-date: /home/francisco/ros2-ws/install/rosapi_msgs/include/rosapi_msgs/srv/detail/get_ros_version__type_support.h
[3.410s] -- Up-to-date: /home/francisco/ros2-ws/install/rosapi_msgs/include/rosapi_msgs/srv/detail/delete_param__struct.h
[3.410s] -- Up-to-date: /home/francisco/ros2-ws/install/rosapi_msgs/include/rosapi_msgs/srv/detail/publishers__functions.h
[3.413s] -- Up-to-date: /home/francisco/ros2-ws/install/rosapi_msgs/include/rosapi_msgs/srv/detail/get_param__struct.h
[3.414s] -- Up-to-date: /home/francisco/ros2-ws/install/rosapi_msgs/include/rosapi_msgs/srv/detail/delete_param__functions.h
[3.414s] -- Up-to-date: /home/francisco/ros2-ws/install/rosapi_msgs/include/rosapi_msgs/srv/detail/service_type__type_support.h
[3.414s] -- Up-to-date: /home/francisco/ros2-ws/install/rosapi_msgs/include/rosapi_msgs/srv/detail/delete_param__functions.c
[3.415s] -- Up-to-date: /home/francisco/ros2-ws/install/rosapi_msgs/include/rosapi_msgs/srv/detail/set_param__struct.h
[3.415s] -- Up-to-date: /home/francisco/ros2-ws/install/rosapi_msgs/include/rosapi_msgs/srv/detail/service_request_details__functions.c
[3.415s] -- Up-to-date: /home/francisco/ros2-ws/install/rosapi_msgs/include/rosapi_msgs/srv/detail/topic_type__struct.h
[3.416s] -- Up-to-date: /home/francisco/ros2-ws/install/rosapi_msgs/include/rosapi_msgs/srv/detail/topics__functions.c
[3.416s] -- Up-to-date: /home/francisco/ros2-ws/install/rosapi_msgs/include/rosapi_msgs/srv/detail/service_providers__functions.h
[3.417s] -- Up-to-date: /home/francisco/ros2-ws/install/rosapi_msgs/include/rosapi_msgs/srv/detail/services_for_type__functions.c
[3.417s] -- Up-to-date: /home/francisco/ros2-ws/install/rosapi_msgs/include/rosapi_msgs/srv/detail/topics__struct.h
[3.417s] -- Up-to-date: /home/francisco/ros2-ws/install/rosapi_msgs/include/rosapi_msgs/srv/detail/get_ros_version__struct.h
[3.418s] -- Up-to-date: /home/francisco/ros2-ws/install/rosapi_msgs/include/rosapi_msgs/srv/detail/get_action_servers__type_support.h
[3.418s] -- Up-to-date: /home/francisco/ros2-ws/install/rosapi_msgs/include/rosapi_msgs/srv/detail/set_param__type_support.h
[3.418s] -- Up-to-date: /home/francisco/ros2-ws/install/rosapi_msgs/include/rosapi_msgs/srv/detail/services__functions.h
[3.419s] -- Up-to-date: /home/francisco/ros2-ws/install/rosapi_msgs/include/rosapi_msgs/srv/detail/service_node__struct.h
[3.424s] -- Up-to-date: /home/francisco/ros2-ws/install/rosapi_msgs/include/rosapi_msgs/srv/detail/services__struct.h
[3.425s] -- Up-to-date: /home/francisco/ros2-ws/install/rosapi_msgs/include/rosapi_msgs/srv/detail/subscribers__functions.c
[3.426s] -- Up-to-date: /home/francisco/ros2-ws/install/rosapi_msgs/include/rosapi_msgs/srv/detail/service_node__functions.h
[3.426s] -- Up-to-date: /home/francisco/ros2-ws/install/rosapi_msgs/include/rosapi_msgs/srv/detail/service_type__struct.h
[3.427s] -- Up-to-date: /home/francisco/ros2-ws/install/rosapi_msgs/include/rosapi_msgs/srv/detail/service_type__functions.c
[3.430s] -- Up-to-date: /home/francisco/ros2-ws/install/rosapi_msgs/include/rosapi_msgs/srv/detail/service_node__functions.c
[3.430s] -- Up-to-date: /home/francisco/ros2-ws/install/rosapi_msgs/include/rosapi_msgs/srv/detail/message_details__functions.c
[3.431s] -- Up-to-date: /home/francisco/ros2-ws/install/rosapi_msgs/include/rosapi_msgs/srv/detail/service_request_details__type_support.h
[3.431s] -- Up-to-date: /home/francisco/ros2-ws/install/rosapi_msgs/include/rosapi_msgs/srv/detail/nodes__struct.h
[3.432s] -- Up-to-date: /home/francisco/ros2-ws/install/rosapi_msgs/include/rosapi_msgs/srv/detail/subscribers__struct.h
[3.459s] -- Up-to-date: /home/francisco/ros2-ws/install/rosapi_msgs/include/rosapi_msgs/srv/detail/get_time__functions.h
[3.459s] -- Up-to-date: /home/francisco/ros2-ws/install/rosapi_msgs/include/rosapi_msgs/srv/detail/services__type_support.h
[3.460s] -- Up-to-date: /home/francisco/ros2-ws/install/rosapi_msgs/include/rosapi_msgs/srv/detail/get_ros_version__functions.c
[3.460s] -- Up-to-date: /home/francisco/ros2-ws/install/rosapi_msgs/include/rosapi_msgs/srv/detail/delete_param__type_support.h
[3.460s] -- Up-to-date: /home/francisco/ros2-ws/install/rosapi_msgs/include/rosapi_msgs/srv/detail/get_action_servers__functions.h
[3.461s] -- Up-to-date: /home/francisco/ros2-ws/install/rosapi_msgs/include/rosapi_msgs/srv/detail/has_param__struct.h
[3.461s] -- Up-to-date: /home/francisco/ros2-ws/install/rosapi_msgs/include/rosapi_msgs/srv/detail/get_time__type_support.h
[3.461s] -- Up-to-date: /home/francisco/ros2-ws/install/rosapi_msgs/include/rosapi_msgs/srv/detail/get_time__struct.h
[3.466s] -- Up-to-date: /home/francisco/ros2-ws/install/rosapi_msgs/include/rosapi_msgs/srv/detail/get_param__functions.c
[3.467s] -- Up-to-date: /home/francisco/ros2-ws/install/rosapi_msgs/include/rosapi_msgs/srv/detail/nodes__functions.c
[3.467s] -- Up-to-date: /home/francisco/ros2-ws/install/rosapi_msgs/include/rosapi_msgs/srv/detail/topics_and_raw_types__functions.h
[3.468s] -- Up-to-date: /home/francisco/ros2-ws/install/rosapi_msgs/include/rosapi_msgs/srv/detail/node_details__functions.c
[3.468s] -- Up-to-date: /home/francisco/ros2-ws/install/rosapi_msgs/include/rosapi_msgs/srv/detail/service_type__functions.h
[3.469s] -- Up-to-date: /home/francisco/ros2-ws/install/rosapi_msgs/include/rosapi_msgs/srv/detail/get_param__type_support.h
[3.469s] -- Up-to-date: /home/francisco/ros2-ws/install/rosapi_msgs/include/rosapi_msgs/srv/detail/services__functions.c
[3.469s] -- Up-to-date: /home/francisco/ros2-ws/install/rosapi_msgs/include/rosapi_msgs/srv/detail/service_request_details__functions.h
[3.469s] -- Up-to-date: /home/francisco/ros2-ws/install/rosapi_msgs/include/rosapi_msgs/srv/detail/service_response_details__functions.c
[3.470s] -- Up-to-date: /home/francisco/ros2-ws/install/rosapi_msgs/include/rosapi_msgs/srv/detail/service_request_details__struct.h
[3.470s] -- Up-to-date: /home/francisco/ros2-ws/install/rosapi_msgs/include/rosapi_msgs/srv/detail/topics_for_type__functions.h
[3.470s] -- Up-to-date: /home/francisco/ros2-ws/install/rosapi_msgs/include/rosapi_msgs/srv/detail/node_details__type_support.h
[3.471s] -- Up-to-date: /home/francisco/ros2-ws/install/rosapi_msgs/include/rosapi_msgs/srv/detail/service_providers__functions.c
[3.471s] -- Up-to-date: /home/francisco/ros2-ws/install/rosapi_msgs/include/rosapi_msgs/srv/detail/node_details__functions.h
[3.471s] -- Up-to-date: /home/francisco/ros2-ws/install/rosapi_msgs/include/rosapi_msgs/srv/detail/service_providers__type_support.h
[3.472s] -- Up-to-date: /home/francisco/ros2-ws/install/rosapi_msgs/include/rosapi_msgs/srv/detail/get_action_servers__functions.c
[3.472s] -- Up-to-date: /home/francisco/ros2-ws/install/rosapi_msgs/include/rosapi_msgs/srv/detail/message_details__struct.h
[3.472s] -- Up-to-date: /home/francisco/ros2-ws/install/rosapi_msgs/include/rosapi_msgs/srv/detail/service_response_details__functions.h
[3.472s] -- Up-to-date: /home/francisco/ros2-ws/install/rosapi_msgs/include/rosapi_msgs/srv/detail/has_param__type_support.h
[3.473s] -- Up-to-date: /home/francisco/ros2-ws/install/rosapi_msgs/include/rosapi_msgs/srv/detail/publishers__functions.c
[3.473s] -- Up-to-date: /home/francisco/ros2-ws/install/rosapi_msgs/include/rosapi_msgs/srv/detail/get_time__functions.c
[3.473s] -- Up-to-date: /home/francisco/ros2-ws/install/rosapi_msgs/include/rosapi_msgs/srv/detail/topics__type_support.h
[3.482s] -- Up-to-date: /home/francisco/ros2-ws/install/rosapi_msgs/include/rosapi_msgs/srv/detail/services_for_type__type_support.h
[3.483s] -- Up-to-date: /home/francisco/ros2-ws/install/rosapi_msgs/include/rosapi_msgs/srv/detail/service_response_details__struct.h
[3.483s] -- Up-to-date: /home/francisco/ros2-ws/install/rosapi_msgs/include/rosapi_msgs/srv/detail/get_action_servers__struct.h
[3.483s] -- Up-to-date: /home/francisco/ros2-ws/install/rosapi_msgs/include/rosapi_msgs/srv/detail/set_param__functions.h
[3.484s] -- Up-to-date: /home/francisco/ros2-ws/install/rosapi_msgs/include/rosapi_msgs/srv/detail/subscribers__type_support.h
[3.484s] -- Up-to-date: /home/francisco/ros2-ws/install/rosapi_msgs/include/rosapi_msgs/srv/detail/subscribers__functions.h
[3.484s] -- Up-to-date: /home/francisco/ros2-ws/install/rosapi_msgs/include/rosapi_msgs/srv/detail/topic_type__functions.h
[3.485s] -- Up-to-date: /home/francisco/ros2-ws/install/rosapi_msgs/include/rosapi_msgs/srv/detail/publishers__struct.h
[3.485s] -- Up-to-date: /home/francisco/ros2-ws/install/rosapi_msgs/include/rosapi_msgs/srv/detail/topics_and_raw_types__struct.h
[3.485s] -- Up-to-date: /home/francisco/ros2-ws/install/rosapi_msgs/include/rosapi_msgs/srv/detail/topic_type__type_support.h
[3.485s] -- Up-to-date: /home/francisco/ros2-ws/install/rosapi_msgs/include/rosapi_msgs/srv/detail/service_response_details__type_support.h
[3.486s] -- Up-to-date: /home/francisco/ros2-ws/install/rosapi_msgs/include/rosapi_msgs/srv/detail/service_providers__struct.h
[3.486s] -- Up-to-date: /home/francisco/ros2-ws/install/rosapi_msgs/include/rosapi_msgs/srv/detail/message_details__type_support.h
[3.486s] -- Up-to-date: /home/francisco/ros2-ws/install/rosapi_msgs/include/rosapi_msgs/srv/detail/publishers__type_support.h
[3.487s] -- Up-to-date: /home/francisco/ros2-ws/install/rosapi_msgs/include/rosapi_msgs/srv/detail/service_node__type_support.h
[3.487s] -- Up-to-date: /home/francisco/ros2-ws/install/rosapi_msgs/include/rosapi_msgs/srv/detail/topics_for_type__type_support.h
[3.487s] -- Up-to-date: /home/francisco/ros2-ws/install/rosapi_msgs/include/rosapi_msgs/srv/detail/topics__functions.h
[3.488s] -- Up-to-date: /home/francisco/ros2-ws/install/rosapi_msgs/include/rosapi_msgs/srv/detail/services_for_type__struct.h
[3.488s] -- Up-to-date: /home/francisco/ros2-ws/install/rosapi_msgs/include/rosapi_msgs/srv/detail/has_param__functions.c
[3.494s] -- Up-to-date: /home/francisco/ros2-ws/install/rosapi_msgs/include/rosapi_msgs/srv/detail/get_ros_version__functions.h
[3.494s] -- Up-to-date: /home/francisco/ros2-ws/install/rosapi_msgs/include/rosapi_msgs/srv/detail/get_param_names__type_support.h
[3.495s] -- Up-to-date: /home/francisco/ros2-ws/install/rosapi_msgs/include/rosapi_msgs/srv/detail/topics_and_raw_types__functions.c
[3.495s] -- Up-to-date: /home/francisco/ros2-ws/install/rosapi_msgs/include/rosapi_msgs/srv/detail/set_param__functions.c
[3.495s] -- Up-to-date: /home/francisco/ros2-ws/install/rosapi_msgs/include/rosapi_msgs/srv/detail/nodes__type_support.h
[3.495s] -- Up-to-date: /home/francisco/ros2-ws/install/rosapi_msgs/include/rosapi_msgs/srv/detail/topics_for_type__struct.h
[3.496s] -- Up-to-date: /home/francisco/ros2-ws/install/rosapi_msgs/include/rosapi_msgs/srv/detail/get_param__functions.h
[3.496s] -- Up-to-date: /home/francisco/ros2-ws/install/rosapi_msgs/include/rosapi_msgs/srv/detail/topics_and_raw_types__type_support.h
[3.496s] -- Up-to-date: /home/francisco/ros2-ws/install/rosapi_msgs/include/rosapi_msgs/srv/detail/get_param_names__struct.h
[3.497s] -- Up-to-date: /home/francisco/ros2-ws/install/rosapi_msgs/include/rosapi_msgs/srv/detail/topic_type__functions.c
[3.497s] -- Up-to-date: /home/francisco/ros2-ws/install/rosapi_msgs/include/rosapi_msgs/srv/detail/services_for_type__functions.h
[3.497s] -- Up-to-date: /home/francisco/ros2-ws/install/rosapi_msgs/include/rosapi_msgs/srv/detail/nodes__functions.h
[3.498s] -- Up-to-date: /home/francisco/ros2-ws/install/rosapi_msgs/include/rosapi_msgs/srv/detail/get_param_names__functions.c
[3.498s] -- Up-to-date: /home/francisco/ros2-ws/install/rosapi_msgs/include/rosapi_msgs/srv/detail/message_details__functions.h
[3.498s] -- Up-to-date: /home/francisco/ros2-ws/install/rosapi_msgs/include/rosapi_msgs/srv/detail/node_details__struct.h
[3.499s] -- Up-to-date: /home/francisco/ros2-ws/install/rosapi_msgs/include/rosapi_msgs/srv/detail/topics_for_type__functions.c
[3.499s] -- Up-to-date: /home/francisco/ros2-ws/install/rosapi_msgs/include/rosapi_msgs/srv/detail/has_param__functions.h
[3.499s] -- Up-to-date: /home/francisco/ros2-ws/install/rosapi_msgs/include/rosapi_msgs/srv/detail/get_param_names__functions.h
[3.499s] -- Up-to-date: /home/francisco/ros2-ws/install/rosapi_msgs/include/rosapi_msgs/srv/get_action_servers.h
[3.500s] -- Up-to-date: /home/francisco/ros2-ws/install/rosapi_msgs/include/rosapi_msgs/srv/services.h
[3.512s] -- Up-to-date: /home/francisco/ros2-ws/install/rosapi_msgs/include/rosapi_msgs/srv/get_time.h
[3.513s] -- Up-to-date: /home/francisco/ros2-ws/install/rosapi_msgs/include/rosapi_msgs/srv/topic_type.h
[3.513s] -- Up-to-date: /home/francisco/ros2-ws/install/rosapi_msgs/include/rosapi_msgs/srv/delete_param.h
[3.514s] -- Up-to-date: /home/francisco/ros2-ws/install/rosapi_msgs/include/rosapi_msgs/srv/topics_for_type.h
[3.514s] -- Up-to-date: /home/francisco/ros2-ws/install/rosapi_msgs/include/rosapi_msgs/srv/get_param.h
[3.514s] -- Up-to-date: /home/francisco/ros2-ws/install/rosapi_msgs/include/rosapi_msgs/srv/node_details.h
[3.515s] -- Up-to-date: /home/francisco/ros2-ws/install/rosapi_msgs/include/rosapi_msgs/srv/get_ros_version.h
[3.515s] -- Up-to-date: /home/francisco/ros2-ws/install/rosapi_msgs/include/rosapi_msgs/srv/service_node.h
[3.515s] -- Up-to-date: /home/francisco/ros2-ws/install/rosapi_msgs/include/rosapi_msgs/srv/subscribers.h
[3.516s] -- Up-to-date: /home/francisco/ros2-ws/install/rosapi_msgs/include/rosapi_msgs/srv/nodes.h
[3.516s] -- Up-to-date: /home/francisco/ros2-ws/install/rosapi_msgs/include/rosapi_msgs/srv/publishers.h
[3.516s] -- Up-to-date: /home/francisco/ros2-ws/install/rosapi_msgs/include/rosapi_msgs/srv/service_providers.h
[3.517s] -- Up-to-date: /home/francisco/ros2-ws/install/rosapi_msgs/include/rosapi_msgs/srv/topics_and_raw_types.h
[3.517s] -- Up-to-date: /home/francisco/ros2-ws/install/rosapi_msgs/include/rosapi_msgs/srv/message_details.h
[3.517s] -- Up-to-date: /home/francisco/ros2-ws/install/rosapi_msgs/include/rosapi_msgs/srv/service_response_details.h
[3.517s] -- Up-to-date: /home/francisco/ros2-ws/install/rosapi_msgs/include/rosapi_msgs/srv/has_param.h
[3.518s] -- Up-to-date: /home/francisco/ros2-ws/install/rosapi_msgs/include/rosapi_msgs/srv/topics.h
[3.518s] -- Up-to-date: /home/francisco/ros2-ws/install/rosapi_msgs/include/rosapi_msgs/srv/service_request_details.h
[3.518s] -- Up-to-date: /home/francisco/ros2-ws/install/rosapi_msgs/include/rosapi_msgs/srv/set_param.h
[3.519s] -- Up-to-date: /home/francisco/ros2-ws/install/rosapi_msgs/include/rosapi_msgs/srv/service_type.h
[3.519s] -- Up-to-date: /home/francisco/ros2-ws/install/rosapi_msgs/include/rosapi_msgs/msg
[3.519s] -- Up-to-date: /home/francisco/ros2-ws/install/rosapi_msgs/include/rosapi_msgs/msg/detail
[3.519s] -- Up-to-date: /home/francisco/ros2-ws/install/rosapi_msgs/include/rosapi_msgs/msg/detail/type_def__functions.h
[3.520s] -- Up-to-date: /home/francisco/ros2-ws/install/rosapi_msgs/include/rosapi_msgs/msg/detail/type_def__type_support.h
[3.524s] -- Up-to-date: /home/francisco/ros2-ws/install/rosapi_msgs/include/rosapi_msgs/msg/detail/type_def__struct.h
[3.524s] -- Up-to-date: /home/francisco/ros2-ws/install/rosapi_msgs/include/rosapi_msgs/msg/detail/type_def__functions.c
[3.526s] -- Up-to-date: /home/francisco/ros2-ws/install/rosapi_msgs/include/rosapi_msgs/msg/type_def.h
[3.527s] -- Up-to-date: /home/francisco/ros2-ws/install/rosapi_msgs/include/rosapi_msgs/msg/rosidl_generator_c__visibility_control.h
[3.528s] -- Up-to-date: /home/francisco/ros2-ws/install/rosapi_msgs/share/rosapi_msgs/environment/library_path.sh
[3.528s] -- Up-to-date: /home/francisco/ros2-ws/install/rosapi_msgs/share/rosapi_msgs/environment/library_path.dsv
[3.529s] -- Up-to-date: /home/francisco/ros2-ws/install/rosapi_msgs/lib/librosapi_msgs__rosidl_generator_c.so
[3.529s] -- Up-to-date: /home/francisco/ros2-ws/install/rosapi_msgs/include/rosapi_msgs
[3.529s] -- Up-to-date: /home/francisco/ros2-ws/install/rosapi_msgs/include/rosapi_msgs/srv
[3.536s] -- Up-to-date: /home/francisco/ros2-ws/install/rosapi_msgs/include/rosapi_msgs/srv/detail
[3.536s] -- Up-to-date: /home/francisco/ros2-ws/install/rosapi_msgs/include/rosapi_msgs/srv/detail/service_request_details__rosidl_typesupport_fastrtps_c.h
[3.537s] -- Up-to-date: /home/francisco/ros2-ws/install/rosapi_msgs/include/rosapi_msgs/srv/detail/get_ros_version__rosidl_typesupport_fastrtps_c.h
[3.538s] -- Up-to-date: /home/francisco/ros2-ws/install/rosapi_msgs/include/rosapi_msgs/srv/detail/subscribers__rosidl_typesupport_fastrtps_c.h
[3.538s] -- Up-to-date: /home/francisco/ros2-ws/install/rosapi_msgs/include/rosapi_msgs/srv/detail/service_node__rosidl_typesupport_fastrtps_c.h
[3.538s] -- Up-to-date: /home/francisco/ros2-ws/install/rosapi_msgs/include/rosapi_msgs/srv/detail/has_param__rosidl_typesupport_fastrtps_c.h
[3.565s] -- Up-to-date: /home/francisco/ros2-ws/install/rosapi_msgs/include/rosapi_msgs/srv/detail/publishers__rosidl_typesupport_fastrtps_c.h
[3.565s] -- Up-to-date: /home/francisco/ros2-ws/install/rosapi_msgs/include/rosapi_msgs/srv/detail/service_providers__rosidl_typesupport_fastrtps_c.h
[3.565s] -- Up-to-date: /home/francisco/ros2-ws/install/rosapi_msgs/include/rosapi_msgs/srv/detail/topics_for_type__rosidl_typesupport_fastrtps_c.h
[3.565s] -- Up-to-date: /home/francisco/ros2-ws/install/rosapi_msgs/include/rosapi_msgs/srv/detail/topics__rosidl_typesupport_fastrtps_c.h
[3.573s] -- Up-to-date: /home/francisco/ros2-ws/install/rosapi_msgs/include/rosapi_msgs/srv/detail/get_param__rosidl_typesupport_fastrtps_c.h
[3.573s] -- Up-to-date: /home/francisco/ros2-ws/install/rosapi_msgs/include/rosapi_msgs/srv/detail/nodes__rosidl_typesupport_fastrtps_c.h
[3.573s] -- Up-to-date: /home/francisco/ros2-ws/install/rosapi_msgs/include/rosapi_msgs/srv/detail/node_details__rosidl_typesupport_fastrtps_c.h
[3.578s] -- Up-to-date: /home/francisco/ros2-ws/install/rosapi_msgs/include/rosapi_msgs/srv/detail/get_param_names__rosidl_typesupport_fastrtps_c.h
[3.579s] -- Up-to-date: /home/francisco/ros2-ws/install/rosapi_msgs/include/rosapi_msgs/srv/detail/services__rosidl_typesupport_fastrtps_c.h
[3.579s] -- Up-to-date: /home/francisco/ros2-ws/install/rosapi_msgs/include/rosapi_msgs/srv/detail/service_type__rosidl_typesupport_fastrtps_c.h
[3.579s] -- Up-to-date: /home/francisco/ros2-ws/install/rosapi_msgs/include/rosapi_msgs/srv/detail/get_action_servers__rosidl_typesupport_fastrtps_c.h
[3.580s] -- Up-to-date: /home/francisco/ros2-ws/install/rosapi_msgs/include/rosapi_msgs/srv/detail/message_details__rosidl_typesupport_fastrtps_c.h
[3.580s] -- Up-to-date: /home/francisco/ros2-ws/install/rosapi_msgs/include/rosapi_msgs/srv/detail/get_time__rosidl_typesupport_fastrtps_c.h
[3.581s] -- Up-to-date: /home/francisco/ros2-ws/install/rosapi_msgs/include/rosapi_msgs/srv/detail/topic_type__rosidl_typesupport_fastrtps_c.h
[3.582s] -- Up-to-date: /home/francisco/ros2-ws/install/rosapi_msgs/include/rosapi_msgs/srv/detail/topics_and_raw_types__rosidl_typesupport_fastrtps_c.h
[3.582s] -- Up-to-date: /home/francisco/ros2-ws/install/rosapi_msgs/include/rosapi_msgs/srv/detail/set_param__rosidl_typesupport_fastrtps_c.h
[3.583s] -- Up-to-date: /home/francisco/ros2-ws/install/rosapi_msgs/include/rosapi_msgs/srv/detail/service_response_details__rosidl_typesupport_fastrtps_c.h
[3.584s] -- Up-to-date: /home/francisco/ros2-ws/install/rosapi_msgs/include/rosapi_msgs/srv/detail/services_for_type__rosidl_typesupport_fastrtps_c.h
[3.584s] -- Up-to-date: /home/francisco/ros2-ws/install/rosapi_msgs/include/rosapi_msgs/srv/detail/delete_param__rosidl_typesupport_fastrtps_c.h
[3.585s] -- Up-to-date: /home/francisco/ros2-ws/install/rosapi_msgs/include/rosapi_msgs/msg
[3.586s] -- Up-to-date: /home/francisco/ros2-ws/install/rosapi_msgs/include/rosapi_msgs/msg/detail
[3.587s] -- Up-to-date: /home/francisco/ros2-ws/install/rosapi_msgs/include/rosapi_msgs/msg/detail/type_def__rosidl_typesupport_fastrtps_c.h
[3.588s] -- Up-to-date: /home/francisco/ros2-ws/install/rosapi_msgs/include/rosapi_msgs/msg/rosidl_typesupport_fastrtps_c__visibility_control.h
[3.593s] -- Up-to-date: /home/francisco/ros2-ws/install/rosapi_msgs/lib/librosapi_msgs__rosidl_typesupport_fastrtps_c.so
[3.596s] -- Up-to-date: /home/francisco/ros2-ws/install/rosapi_msgs/include/rosapi_msgs
[3.596s] -- Up-to-date: /home/francisco/ros2-ws/install/rosapi_msgs/include/rosapi_msgs/srv
[3.597s] -- Up-to-date: /home/francisco/ros2-ws/install/rosapi_msgs/include/rosapi_msgs/srv/detail
[3.597s] -- Up-to-date: /home/francisco/ros2-ws/install/rosapi_msgs/include/rosapi_msgs/srv/detail/node_details__rosidl_typesupport_fastrtps_cpp.hpp
[3.598s] -- Up-to-date: /home/francisco/ros2-ws/install/rosapi_msgs/include/rosapi_msgs/srv/detail/topics__rosidl_typesupport_fastrtps_cpp.hpp
[3.598s] -- Up-to-date: /home/francisco/ros2-ws/install/rosapi_msgs/include/rosapi_msgs/srv/detail/services__rosidl_typesupport_fastrtps_cpp.hpp
[3.598s] -- Up-to-date: /home/francisco/ros2-ws/install/rosapi_msgs/include/rosapi_msgs/srv/detail/service_request_details__rosidl_typesupport_fastrtps_cpp.hpp
[3.599s] -- Up-to-date: /home/francisco/ros2-ws/install/rosapi_msgs/include/rosapi_msgs/srv/detail/has_param__rosidl_typesupport_fastrtps_cpp.hpp
[3.628s] -- Up-to-date: /home/francisco/ros2-ws/install/rosapi_msgs/include/rosapi_msgs/srv/detail/subscribers__rosidl_typesupport_fastrtps_cpp.hpp
[3.628s] -- Up-to-date: /home/francisco/ros2-ws/install/rosapi_msgs/include/rosapi_msgs/srv/detail/service_type__rosidl_typesupport_fastrtps_cpp.hpp
[3.629s] -- Up-to-date: /home/francisco/ros2-ws/install/rosapi_msgs/include/rosapi_msgs/srv/detail/get_param__rosidl_typesupport_fastrtps_cpp.hpp
[3.629s] -- Up-to-date: /home/francisco/ros2-ws/install/rosapi_msgs/include/rosapi_msgs/srv/detail/get_ros_version__rosidl_typesupport_fastrtps_cpp.hpp
[3.629s] -- Up-to-date: /home/francisco/ros2-ws/install/rosapi_msgs/include/rosapi_msgs/srv/detail/service_response_details__rosidl_typesupport_fastrtps_cpp.hpp
[3.630s] -- Up-to-date: /home/francisco/ros2-ws/install/rosapi_msgs/include/rosapi_msgs/srv/detail/topics_and_raw_types__rosidl_typesupport_fastrtps_cpp.hpp
[3.630s] -- Up-to-date: /home/francisco/ros2-ws/install/rosapi_msgs/include/rosapi_msgs/srv/detail/services_for_type__rosidl_typesupport_fastrtps_cpp.hpp
[3.631s] -- Up-to-date: /home/francisco/ros2-ws/install/rosapi_msgs/include/rosapi_msgs/srv/detail/service_node__rosidl_typesupport_fastrtps_cpp.hpp
[3.631s] -- Up-to-date: /home/francisco/ros2-ws/install/rosapi_msgs/include/rosapi_msgs/srv/detail/message_details__rosidl_typesupport_fastrtps_cpp.hpp
[3.633s] -- Up-to-date: /home/francisco/ros2-ws/install/rosapi_msgs/include/rosapi_msgs/srv/detail/get_param_names__rosidl_typesupport_fastrtps_cpp.hpp
[3.634s] -- Up-to-date: /home/francisco/ros2-ws/install/rosapi_msgs/include/rosapi_msgs/srv/detail/dds_fastrtps
[3.635s] -- Up-to-date: /home/francisco/ros2-ws/install/rosapi_msgs/include/rosapi_msgs/srv/detail/get_time__rosidl_typesupport_fastrtps_cpp.hpp
[3.636s] -- Up-to-date: /home/francisco/ros2-ws/install/rosapi_msgs/include/rosapi_msgs/srv/detail/nodes__rosidl_typesupport_fastrtps_cpp.hpp
[3.637s] -- Up-to-date: /home/francisco/ros2-ws/install/rosapi_msgs/include/rosapi_msgs/srv/detail/topic_type__rosidl_typesupport_fastrtps_cpp.hpp
[3.638s] -- Up-to-date: /home/francisco/ros2-ws/install/rosapi_msgs/include/rosapi_msgs/srv/detail/set_param__rosidl_typesupport_fastrtps_cpp.hpp
[3.638s] -- Up-to-date: /home/francisco/ros2-ws/install/rosapi_msgs/include/rosapi_msgs/srv/detail/publishers__rosidl_typesupport_fastrtps_cpp.hpp
[3.638s] -- Up-to-date: /home/francisco/ros2-ws/install/rosapi_msgs/include/rosapi_msgs/srv/detail/get_action_servers__rosidl_typesupport_fastrtps_cpp.hpp
[3.639s] -- Up-to-date: /home/francisco/ros2-ws/install/rosapi_msgs/include/rosapi_msgs/srv/detail/topics_for_type__rosidl_typesupport_fastrtps_cpp.hpp
[3.639s] -- Up-to-date: /home/francisco/ros2-ws/install/rosapi_msgs/include/rosapi_msgs/srv/detail/delete_param__rosidl_typesupport_fastrtps_cpp.hpp
[3.639s] -- Up-to-date: /home/francisco/ros2-ws/install/rosapi_msgs/include/rosapi_msgs/srv/detail/service_providers__rosidl_typesupport_fastrtps_cpp.hpp
[3.639s] -- Up-to-date: /home/francisco/ros2-ws/install/rosapi_msgs/include/rosapi_msgs/msg
[3.640s] -- Up-to-date: /home/francisco/ros2-ws/install/rosapi_msgs/include/rosapi_msgs/msg/detail
[3.640s] -- Up-to-date: /home/francisco/ros2-ws/install/rosapi_msgs/include/rosapi_msgs/msg/detail/type_def__rosidl_typesupport_fastrtps_cpp.hpp
[3.640s] -- Up-to-date: /home/francisco/ros2-ws/install/rosapi_msgs/include/rosapi_msgs/msg/detail/dds_fastrtps
[3.641s] -- Up-to-date: /home/francisco/ros2-ws/install/rosapi_msgs/include/rosapi_msgs/msg/rosidl_typesupport_fastrtps_cpp__visibility_control.h
[3.648s] -- Up-to-date: /home/francisco/ros2-ws/install/rosapi_msgs/lib/librosapi_msgs__rosidl_typesupport_fastrtps_cpp.so
[3.655s] -- Up-to-date: /home/francisco/ros2-ws/install/rosapi_msgs/include/rosapi_msgs
[3.655s] -- Up-to-date: /home/francisco/ros2-ws/install/rosapi_msgs/include/rosapi_msgs/srv
[3.662s] -- Up-to-date: /home/francisco/ros2-ws/install/rosapi_msgs/include/rosapi_msgs/srv/detail
[3.663s] -- Up-to-date: /home/francisco/ros2-ws/install/rosapi_msgs/include/rosapi_msgs/srv/detail/topic_type__type_support.c
[3.663s] -- Up-to-date: /home/francisco/ros2-ws/install/rosapi_msgs/include/rosapi_msgs/srv/detail/get_action_servers__rosidl_typesupport_introspection_c.h
[3.664s] -- Up-to-date: /home/francisco/ros2-ws/install/rosapi_msgs/include/rosapi_msgs/srv/detail/service_request_details__rosidl_typesupport_introspection_c.h
[3.664s] -- Up-to-date: /home/francisco/ros2-ws/install/rosapi_msgs/include/rosapi_msgs/srv/detail/get_time__type_support.c
[3.665s] -- Up-to-date: /home/francisco/ros2-ws/install/rosapi_msgs/include/rosapi_msgs/srv/detail/subscribers__type_support.c
[3.665s] -- Up-to-date: /home/francisco/ros2-ws/install/rosapi_msgs/include/rosapi_msgs/srv/detail/service_node__rosidl_typesupport_introspection_c.h
[3.665s] -- Up-to-date: /home/francisco/ros2-ws/install/rosapi_msgs/include/rosapi_msgs/srv/detail/delete_param__type_support.c
[3.666s] -- Up-to-date: /home/francisco/ros2-ws/install/rosapi_msgs/include/rosapi_msgs/srv/detail/get_param_names__type_support.c
[3.667s] -- Up-to-date: /home/francisco/ros2-ws/install/rosapi_msgs/include/rosapi_msgs/srv/detail/topics__rosidl_typesupport_introspection_c.h
[3.667s] -- Up-to-date: /home/francisco/ros2-ws/install/rosapi_msgs/include/rosapi_msgs/srv/detail/topic_type__rosidl_typesupport_introspection_c.h
[3.668s] -- Up-to-date: /home/francisco/ros2-ws/install/rosapi_msgs/include/rosapi_msgs/srv/detail/set_param__rosidl_typesupport_introspection_c.h
[3.668s] -- Up-to-date: /home/francisco/ros2-ws/install/rosapi_msgs/include/rosapi_msgs/srv/detail/node_details__type_support.c
[3.669s] -- Up-to-date: /home/francisco/ros2-ws/install/rosapi_msgs/include/rosapi_msgs/srv/detail/services_for_type__rosidl_typesupport_introspection_c.h
[3.669s] -- Up-to-date: /home/francisco/ros2-ws/install/rosapi_msgs/include/rosapi_msgs/srv/detail/get_param_names__rosidl_typesupport_introspection_c.h
[3.670s] -- Up-to-date: /home/francisco/ros2-ws/install/rosapi_msgs/include/rosapi_msgs/srv/detail/service_node__type_support.c
[3.670s] -- Up-to-date: /home/francisco/ros2-ws/install/rosapi_msgs/include/rosapi_msgs/srv/detail/services_for_type__type_support.c
[3.671s] -- Up-to-date: /home/francisco/ros2-ws/install/rosapi_msgs/include/rosapi_msgs/srv/detail/nodes__type_support.c
[3.671s] -- Up-to-date: /home/francisco/ros2-ws/install/rosapi_msgs/include/rosapi_msgs/srv/detail/get_time__rosidl_typesupport_introspection_c.h
[3.672s] -- Up-to-date: /home/francisco/ros2-ws/install/rosapi_msgs/include/rosapi_msgs/srv/detail/message_details__rosidl_typesupport_introspection_c.h
[3.672s] -- Up-to-date: /home/francisco/ros2-ws/install/rosapi_msgs/include/rosapi_msgs/srv/detail/topics__type_support.c
[3.673s] -- Up-to-date: /home/francisco/ros2-ws/install/rosapi_msgs/include/rosapi_msgs/srv/detail/publishers__rosidl_typesupport_introspection_c.h
[3.673s] -- Up-to-date: /home/francisco/ros2-ws/install/rosapi_msgs/include/rosapi_msgs/srv/detail/set_param__type_support.c
[3.673s] -- Up-to-date: /home/francisco/ros2-ws/install/rosapi_msgs/include/rosapi_msgs/srv/detail/has_param__type_support.c
[3.674s] -- Up-to-date: /home/francisco/ros2-ws/install/rosapi_msgs/include/rosapi_msgs/srv/detail/service_providers__rosidl_typesupport_introspection_c.h
[3.674s] -- Up-to-date: /home/francisco/ros2-ws/install/rosapi_msgs/include/rosapi_msgs/srv/detail/service_type__type_support.c
[3.675s] -- Up-to-date: /home/francisco/ros2-ws/install/rosapi_msgs/include/rosapi_msgs/srv/detail/services__rosidl_typesupport_introspection_c.h
[3.675s] -- Up-to-date: /home/francisco/ros2-ws/install/rosapi_msgs/include/rosapi_msgs/srv/detail/service_type__rosidl_typesupport_introspection_c.h
[3.676s] -- Up-to-date: /home/francisco/ros2-ws/install/rosapi_msgs/include/rosapi_msgs/srv/detail/has_param__rosidl_typesupport_introspection_c.h
[3.676s] -- Up-to-date: /home/francisco/ros2-ws/install/rosapi_msgs/include/rosapi_msgs/srv/detail/services__type_support.c
[3.676s] -- Up-to-date: /home/francisco/ros2-ws/install/rosapi_msgs/include/rosapi_msgs/srv/detail/get_ros_version__rosidl_typesupport_introspection_c.h
[3.677s] -- Up-to-date: /home/francisco/ros2-ws/install/rosapi_msgs/include/rosapi_msgs/srv/detail/nodes__rosidl_typesupport_introspection_c.h
[3.680s] -- Up-to-date: /home/francisco/ros2-ws/install/rosapi_msgs/include/rosapi_msgs/srv/detail/service_request_details__type_support.c
[3.680s] -- Up-to-date: /home/francisco/ros2-ws/install/rosapi_msgs/include/rosapi_msgs/srv/detail/topics_for_type__type_support.c
[3.680s] -- Up-to-date: /home/francisco/ros2-ws/install/rosapi_msgs/include/rosapi_msgs/srv/detail/get_param__type_support.c
[3.681s] -- Up-to-date: /home/francisco/ros2-ws/install/rosapi_msgs/include/rosapi_msgs/srv/detail/get_ros_version__type_support.c
[3.681s] -- Up-to-date: /home/francisco/ros2-ws/install/rosapi_msgs/include/rosapi_msgs/srv/detail/topics_and_raw_types__type_support.c
[3.682s] -- Up-to-date: /home/francisco/ros2-ws/install/rosapi_msgs/include/rosapi_msgs/srv/detail/node_details__rosidl_typesupport_introspection_c.h
[3.682s] -- Up-to-date: /home/francisco/ros2-ws/install/rosapi_msgs/include/rosapi_msgs/srv/detail/service_response_details__type_support.c
[3.682s] -- Up-to-date: /home/francisco/ros2-ws/install/rosapi_msgs/include/rosapi_msgs/srv/detail/topics_and_raw_types__rosidl_typesupport_introspection_c.h
[3.690s] -- Up-to-date: /home/francisco/ros2-ws/install/rosapi_msgs/include/rosapi_msgs/srv/detail/service_providers__type_support.c
[3.691s] -- Up-to-date: /home/francisco/ros2-ws/install/rosapi_msgs/include/rosapi_msgs/srv/detail/topics_for_type__rosidl_typesupport_introspection_c.h
[3.692s] -- Up-to-date: /home/francisco/ros2-ws/install/rosapi_msgs/include/rosapi_msgs/srv/detail/publishers__type_support.c
[3.693s] -- Up-to-date: /home/francisco/ros2-ws/install/rosapi_msgs/include/rosapi_msgs/srv/detail/message_details__type_support.c
[3.693s] -- Up-to-date: /home/francisco/ros2-ws/install/rosapi_msgs/include/rosapi_msgs/srv/detail/delete_param__rosidl_typesupport_introspection_c.h
[3.696s] -- Up-to-date: /home/francisco/ros2-ws/install/rosapi_msgs/include/rosapi_msgs/srv/detail/get_action_servers__type_support.c
[3.697s] -- Up-to-date: /home/francisco/ros2-ws/install/rosapi_msgs/include/rosapi_msgs/srv/detail/subscribers__rosidl_typesupport_introspection_c.h
[3.697s] -- Up-to-date: /home/francisco/ros2-ws/install/rosapi_msgs/include/rosapi_msgs/srv/detail/service_response_details__rosidl_typesupport_introspection_c.h
[3.706s] -- Up-to-date: /home/francisco/ros2-ws/install/rosapi_msgs/include/rosapi_msgs/srv/detail/get_param__rosidl_typesupport_introspection_c.h
[3.707s] -- Up-to-date: /home/francisco/ros2-ws/install/rosapi_msgs/include/rosapi_msgs/msg
[3.707s] -- Up-to-date: /home/francisco/ros2-ws/install/rosapi_msgs/include/rosapi_msgs/msg/detail
[3.708s] -- Up-to-date: /home/francisco/ros2-ws/install/rosapi_msgs/include/rosapi_msgs/msg/detail/type_def__rosidl_typesupport_introspection_c.h
[3.708s] -- Up-to-date: /home/francisco/ros2-ws/install/rosapi_msgs/include/rosapi_msgs/msg/detail/type_def__type_support.c
[3.709s] -- Up-to-date: /home/francisco/ros2-ws/install/rosapi_msgs/include/rosapi_msgs/msg/rosidl_typesupport_introspection_c__visibility_control.h
[3.710s] -- Up-to-date: /home/francisco/ros2-ws/install/rosapi_msgs/lib/librosapi_msgs__rosidl_typesupport_introspection_c.so
[3.710s] -- Up-to-date: /home/francisco/ros2-ws/install/rosapi_msgs/lib/librosapi_msgs__rosidl_typesupport_c.so
[3.712s] -- Up-to-date: /home/francisco/ros2-ws/install/rosapi_msgs/include/rosapi_msgs
[3.716s] -- Up-to-date: /home/francisco/ros2-ws/install/rosapi_msgs/include/rosapi_msgs/srv
[3.717s] -- Up-to-date: /home/francisco/ros2-ws/install/rosapi_msgs/include/rosapi_msgs/srv/get_param_names.hpp
[3.717s] -- Up-to-date: /home/francisco/ros2-ws/install/rosapi_msgs/include/rosapi_msgs/srv/get_time.hpp
[3.718s] -- Up-to-date: /home/francisco/ros2-ws/install/rosapi_msgs/include/rosapi_msgs/srv/detail
[3.718s] -- Up-to-date: /home/francisco/ros2-ws/install/rosapi_msgs/include/rosapi_msgs/srv/detail/topics__struct.hpp
[3.799s] -- Up-to-date: /home/francisco/ros2-ws/install/rosapi_msgs/include/rosapi_msgs/srv/detail/topics_and_raw_types__builder.hpp
[3.799s] -- Up-to-date: /home/francisco/ros2-ws/install/rosapi_msgs/include/rosapi_msgs/srv/detail/service_node__traits.hpp
[3.800s] -- Up-to-date: /home/francisco/ros2-ws/install/rosapi_msgs/include/rosapi_msgs/srv/detail/set_param__builder.hpp
[3.800s] -- Up-to-date: /home/francisco/ros2-ws/install/rosapi_msgs/include/rosapi_msgs/srv/detail/get_param_names__builder.hpp
[3.800s] -- Up-to-date: /home/francisco/ros2-ws/install/rosapi_msgs/include/rosapi_msgs/srv/detail/publishers__struct.hpp
[3.800s] -- Up-to-date: /home/francisco/ros2-ws/install/rosapi_msgs/include/rosapi_msgs/srv/detail/services_for_type__struct.hpp
[3.801s] -- Up-to-date: /home/francisco/ros2-ws/install/rosapi_msgs/include/rosapi_msgs/srv/detail/subscribers__traits.hpp
[3.817s] -- Up-to-date: /home/francisco/ros2-ws/install/rosapi_msgs/include/rosapi_msgs/srv/detail/has_param__traits.hpp
[3.817s] -- Up-to-date: /home/francisco/ros2-ws/install/rosapi_msgs/include/rosapi_msgs/srv/detail/get_action_servers__struct.hpp
[3.817s] -- Up-to-date: /home/francisco/ros2-ws/install/rosapi_msgs/include/rosapi_msgs/srv/detail/get_param__builder.hpp
[3.818s] -- Up-to-date: /home/francisco/ros2-ws/install/rosapi_msgs/include/rosapi_msgs/srv/detail/topics_for_type__traits.hpp
[3.818s] -- Up-to-date: /home/francisco/ros2-ws/install/rosapi_msgs/include/rosapi_msgs/srv/detail/get_ros_version__builder.hpp
[3.818s] -- Up-to-date: /home/francisco/ros2-ws/install/rosapi_msgs/include/rosapi_msgs/srv/detail/get_action_servers__builder.hpp
[3.819s] -- Up-to-date: /home/francisco/ros2-ws/install/rosapi_msgs/include/rosapi_msgs/srv/detail/service_request_details__traits.hpp
[3.819s] -- Up-to-date: /home/francisco/ros2-ws/install/rosapi_msgs/include/rosapi_msgs/srv/detail/topic_type__struct.hpp
[3.819s] -- Up-to-date: /home/francisco/ros2-ws/install/rosapi_msgs/include/rosapi_msgs/srv/detail/node_details__struct.hpp
[3.819s] -- Up-to-date: /home/francisco/ros2-ws/install/rosapi_msgs/include/rosapi_msgs/srv/detail/message_details__traits.hpp
[3.820s] -- Up-to-date: /home/francisco/ros2-ws/install/rosapi_msgs/include/rosapi_msgs/srv/detail/get_ros_version__struct.hpp
[3.820s] -- Up-to-date: /home/francisco/ros2-ws/install/rosapi_msgs/include/rosapi_msgs/srv/detail/services_for_type__traits.hpp
[3.820s] -- Up-to-date: /home/francisco/ros2-ws/install/rosapi_msgs/include/rosapi_msgs/srv/detail/service_type__struct.hpp
[3.820s] -- Up-to-date: /home/francisco/ros2-ws/install/rosapi_msgs/include/rosapi_msgs/srv/detail/service_response_details__traits.hpp
[3.821s] -- Up-to-date: /home/francisco/ros2-ws/install/rosapi_msgs/include/rosapi_msgs/srv/detail/set_param__traits.hpp
[3.821s] -- Up-to-date: /home/francisco/ros2-ws/install/rosapi_msgs/include/rosapi_msgs/srv/detail/topics_for_type__struct.hpp
[3.821s] -- Up-to-date: /home/francisco/ros2-ws/install/rosapi_msgs/include/rosapi_msgs/srv/detail/get_param_names__traits.hpp
[3.822s] -- Up-to-date: /home/francisco/ros2-ws/install/rosapi_msgs/include/rosapi_msgs/srv/detail/subscribers__struct.hpp
[3.822s] -- Up-to-date: /home/francisco/ros2-ws/install/rosapi_msgs/include/rosapi_msgs/srv/detail/service_request_details__struct.hpp
[3.822s] -- Up-to-date: /home/francisco/ros2-ws/install/rosapi_msgs/include/rosapi_msgs/srv/detail/topics_and_raw_types__struct.hpp
[3.822s] -- Up-to-date: /home/francisco/ros2-ws/install/rosapi_msgs/include/rosapi_msgs/srv/detail/services_for_type__builder.hpp
[3.823s] -- Up-to-date: /home/francisco/ros2-ws/install/rosapi_msgs/include/rosapi_msgs/srv/detail/nodes__traits.hpp
[3.823s] -- Up-to-date: /home/francisco/ros2-ws/install/rosapi_msgs/include/rosapi_msgs/srv/detail/service_node__struct.hpp
[3.823s] -- Up-to-date: /home/francisco/ros2-ws/install/rosapi_msgs/include/rosapi_msgs/srv/detail/nodes__builder.hpp
[3.824s] -- Up-to-date: /home/francisco/ros2-ws/install/rosapi_msgs/include/rosapi_msgs/srv/detail/message_details__builder.hpp
[3.824s] -- Up-to-date: /home/francisco/ros2-ws/install/rosapi_msgs/include/rosapi_msgs/srv/detail/get_time__struct.hpp
[3.824s] -- Up-to-date: /home/francisco/ros2-ws/install/rosapi_msgs/include/rosapi_msgs/srv/detail/topics_and_raw_types__traits.hpp
[3.824s] -- Up-to-date: /home/francisco/ros2-ws/install/rosapi_msgs/include/rosapi_msgs/srv/detail/service_providers__builder.hpp
[3.825s] -- Up-to-date: /home/francisco/ros2-ws/install/rosapi_msgs/include/rosapi_msgs/srv/detail/node_details__builder.hpp
[3.825s] -- Up-to-date: /home/francisco/ros2-ws/install/rosapi_msgs/include/rosapi_msgs/srv/detail/service_type__builder.hpp
[3.825s] -- Up-to-date: /home/francisco/ros2-ws/install/rosapi_msgs/include/rosapi_msgs/srv/detail/service_response_details__struct.hpp
[3.825s] -- Up-to-date: /home/francisco/ros2-ws/install/rosapi_msgs/include/rosapi_msgs/srv/detail/get_action_servers__traits.hpp
[3.826s] -- Up-to-date: /home/francisco/ros2-ws/install/rosapi_msgs/include/rosapi_msgs/srv/detail/has_param__struct.hpp
[3.841s] -- Up-to-date: /home/francisco/ros2-ws/install/rosapi_msgs/include/rosapi_msgs/srv/detail/get_param_names__struct.hpp
[3.842s] -- Up-to-date: /home/francisco/ros2-ws/install/rosapi_msgs/include/rosapi_msgs/srv/detail/publishers__traits.hpp
[3.842s] -- Up-to-date: /home/francisco/ros2-ws/install/rosapi_msgs/include/rosapi_msgs/srv/detail/service_node__builder.hpp
[3.842s] -- Up-to-date: /home/francisco/ros2-ws/install/rosapi_msgs/include/rosapi_msgs/srv/detail/service_providers__traits.hpp
[3.843s] -- Up-to-date: /home/francisco/ros2-ws/install/rosapi_msgs/include/rosapi_msgs/srv/detail/nodes__struct.hpp
[3.843s] -- Up-to-date: /home/francisco/ros2-ws/install/rosapi_msgs/include/rosapi_msgs/srv/detail/set_param__struct.hpp
[3.843s] -- Up-to-date: /home/francisco/ros2-ws/install/rosapi_msgs/include/rosapi_msgs/srv/detail/publishers__builder.hpp
[3.844s] -- Up-to-date: /home/francisco/ros2-ws/install/rosapi_msgs/include/rosapi_msgs/srv/detail/topics__traits.hpp
[3.844s] -- Up-to-date: /home/francisco/ros2-ws/install/rosapi_msgs/include/rosapi_msgs/srv/detail/delete_param__struct.hpp
[3.845s] -- Up-to-date: /home/francisco/ros2-ws/install/rosapi_msgs/include/rosapi_msgs/srv/detail/delete_param__builder.hpp
[3.845s] -- Up-to-date: /home/francisco/ros2-ws/install/rosapi_msgs/include/rosapi_msgs/srv/detail/subscribers__builder.hpp
[3.845s] -- Up-to-date: /home/francisco/ros2-ws/install/rosapi_msgs/include/rosapi_msgs/srv/detail/service_type__traits.hpp
[3.846s] -- Up-to-date: /home/francisco/ros2-ws/install/rosapi_msgs/include/rosapi_msgs/srv/detail/get_ros_version__traits.hpp
[3.846s] -- Up-to-date: /home/francisco/ros2-ws/install/rosapi_msgs/include/rosapi_msgs/srv/detail/topics_for_type__builder.hpp
[3.847s] -- Up-to-date: /home/francisco/ros2-ws/install/rosapi_msgs/include/rosapi_msgs/srv/detail/get_time__builder.hpp
[3.847s] -- Up-to-date: /home/francisco/ros2-ws/install/rosapi_msgs/include/rosapi_msgs/srv/detail/service_request_details__builder.hpp
[3.847s] -- Up-to-date: /home/francisco/ros2-ws/install/rosapi_msgs/include/rosapi_msgs/srv/detail/get_param__struct.hpp
[3.848s] -- Up-to-date: /home/francisco/ros2-ws/install/rosapi_msgs/include/rosapi_msgs/srv/detail/has_param__builder.hpp
[3.848s] -- Up-to-date: /home/francisco/ros2-ws/install/rosapi_msgs/include/rosapi_msgs/srv/detail/message_details__struct.hpp
[3.849s] -- Up-to-date: /home/francisco/ros2-ws/install/rosapi_msgs/include/rosapi_msgs/srv/detail/services__struct.hpp
[3.849s] -- Up-to-date: /home/francisco/ros2-ws/install/rosapi_msgs/include/rosapi_msgs/srv/detail/delete_param__traits.hpp
[3.849s] -- Up-to-date: /home/francisco/ros2-ws/install/rosapi_msgs/include/rosapi_msgs/srv/detail/topic_type__builder.hpp
[3.850s] -- Up-to-date: /home/francisco/ros2-ws/install/rosapi_msgs/include/rosapi_msgs/srv/detail/topic_type__traits.hpp
[3.850s] -- Up-to-date: /home/francisco/ros2-ws/install/rosapi_msgs/include/rosapi_msgs/srv/detail/service_response_details__builder.hpp
[3.850s] -- Up-to-date: /home/francisco/ros2-ws/install/rosapi_msgs/include/rosapi_msgs/srv/detail/node_details__traits.hpp
[3.851s] -- Up-to-date: /home/francisco/ros2-ws/install/rosapi_msgs/include/rosapi_msgs/srv/detail/service_providers__struct.hpp
[3.851s] -- Up-to-date: /home/francisco/ros2-ws/install/rosapi_msgs/include/rosapi_msgs/srv/detail/services__traits.hpp
[3.851s] -- Up-to-date: /home/francisco/ros2-ws/install/rosapi_msgs/include/rosapi_msgs/srv/detail/topics__builder.hpp
[3.852s] -- Up-to-date: /home/francisco/ros2-ws/install/rosapi_msgs/include/rosapi_msgs/srv/detail/services__builder.hpp
[3.852s] -- Up-to-date: /home/francisco/ros2-ws/install/rosapi_msgs/include/rosapi_msgs/srv/detail/get_time__traits.hpp
[3.852s] -- Up-to-date: /home/francisco/ros2-ws/install/rosapi_msgs/include/rosapi_msgs/srv/detail/get_param__traits.hpp
[3.853s] -- Up-to-date: /home/francisco/ros2-ws/install/rosapi_msgs/include/rosapi_msgs/srv/service_response_details.hpp
[3.853s] -- Up-to-date: /home/francisco/ros2-ws/install/rosapi_msgs/include/rosapi_msgs/srv/topic_type.hpp
[3.854s] -- Up-to-date: /home/francisco/ros2-ws/install/rosapi_msgs/include/rosapi_msgs/srv/service_request_details.hpp
[3.864s] -- Up-to-date: /home/francisco/ros2-ws/install/rosapi_msgs/include/rosapi_msgs/srv/topics_and_raw_types.hpp
[3.865s] -- Up-to-date: /home/francisco/ros2-ws/install/rosapi_msgs/include/rosapi_msgs/srv/get_param.hpp
[3.866s] -- Up-to-date: /home/francisco/ros2-ws/install/rosapi_msgs/include/rosapi_msgs/srv/node_details.hpp
[3.866s] -- Up-to-date: /home/francisco/ros2-ws/install/rosapi_msgs/include/rosapi_msgs/srv/service_node.hpp
[3.866s] -- Up-to-date: /home/francisco/ros2-ws/install/rosapi_msgs/include/rosapi_msgs/srv/set_param.hpp
[3.867s] -- Up-to-date: /home/francisco/ros2-ws/install/rosapi_msgs/include/rosapi_msgs/srv/subscribers.hpp
[3.868s] -- Up-to-date: /home/francisco/ros2-ws/install/rosapi_msgs/include/rosapi_msgs/srv/topics_for_type.hpp
[3.868s] -- Up-to-date: /home/francisco/ros2-ws/install/rosapi_msgs/include/rosapi_msgs/srv/services.hpp
[3.868s] -- Up-to-date: /home/francisco/ros2-ws/install/rosapi_msgs/include/rosapi_msgs/srv/get_action_servers.hpp
[3.869s] -- Up-to-date: /home/francisco/ros2-ws/install/rosapi_msgs/include/rosapi_msgs/srv/has_param.hpp
[3.869s] -- Up-to-date: /home/francisco/ros2-ws/install/rosapi_msgs/include/rosapi_msgs/srv/service_type.hpp
[3.869s] -- Up-to-date: /home/francisco/ros2-ws/install/rosapi_msgs/include/rosapi_msgs/srv/nodes.hpp
[3.869s] -- Up-to-date: /home/francisco/ros2-ws/install/rosapi_msgs/include/rosapi_msgs/srv/message_details.hpp
[3.870s] -- Up-to-date: /home/francisco/ros2-ws/install/rosapi_msgs/include/rosapi_msgs/srv/services_for_type.hpp
[3.870s] -- Up-to-date: /home/francisco/ros2-ws/install/rosapi_msgs/include/rosapi_msgs/srv/get_ros_version.hpp
[3.873s] -- Up-to-date: /home/francisco/ros2-ws/install/rosapi_msgs/include/rosapi_msgs/srv/topics.hpp
[3.873s] -- Up-to-date: /home/francisco/ros2-ws/install/rosapi_msgs/include/rosapi_msgs/srv/delete_param.hpp
[3.873s] -- Up-to-date: /home/francisco/ros2-ws/install/rosapi_msgs/include/rosapi_msgs/srv/service_providers.hpp
[3.874s] -- Up-to-date: /home/francisco/ros2-ws/install/rosapi_msgs/include/rosapi_msgs/srv/publishers.hpp
[3.874s] -- Up-to-date: /home/francisco/ros2-ws/install/rosapi_msgs/include/rosapi_msgs/msg
[3.874s] -- Up-to-date: /home/francisco/ros2-ws/install/rosapi_msgs/include/rosapi_msgs/msg/detail
[3.875s] -- Up-to-date: /home/francisco/ros2-ws/install/rosapi_msgs/include/rosapi_msgs/msg/detail/type_def__builder.hpp
[3.875s] -- Up-to-date: /home/francisco/ros2-ws/install/rosapi_msgs/include/rosapi_msgs/msg/detail/type_def__traits.hpp
[3.875s] -- Up-to-date: /home/francisco/ros2-ws/install/rosapi_msgs/include/rosapi_msgs/msg/detail/type_def__struct.hpp
[3.876s] -- Up-to-date: /home/francisco/ros2-ws/install/rosapi_msgs/include/rosapi_msgs/msg/type_def.hpp
[3.876s] -- Up-to-date: /home/francisco/ros2-ws/install/rosapi_msgs/include/rosapi_msgs
[3.876s] -- Up-to-date: /home/francisco/ros2-ws/install/rosapi_msgs/include/rosapi_msgs/srv
[3.877s] -- Up-to-date: /home/francisco/ros2-ws/install/rosapi_msgs/include/rosapi_msgs/srv/detail
[3.880s] -- Up-to-date: /home/francisco/ros2-ws/install/rosapi_msgs/include/rosapi_msgs/srv/detail/services__type_support.cpp
[3.880s] -- Up-to-date: /home/francisco/ros2-ws/install/rosapi_msgs/include/rosapi_msgs/srv/detail/delete_param__rosidl_typesupport_introspection_cpp.hpp
[3.882s] -- Up-to-date: /home/francisco/ros2-ws/install/rosapi_msgs/include/rosapi_msgs/srv/detail/nodes__rosidl_typesupport_introspection_cpp.hpp
[3.883s] -- Up-to-date: /home/francisco/ros2-ws/install/rosapi_msgs/include/rosapi_msgs/srv/detail/topics_and_raw_types__rosidl_typesupport_introspection_cpp.hpp
[3.883s] -- Up-to-date: /home/francisco/ros2-ws/install/rosapi_msgs/include/rosapi_msgs/srv/detail/message_details__type_support.cpp
[3.884s] -- Up-to-date: /home/francisco/ros2-ws/install/rosapi_msgs/include/rosapi_msgs/srv/detail/topics__type_support.cpp
[3.884s] -- Up-to-date: /home/francisco/ros2-ws/install/rosapi_msgs/include/rosapi_msgs/srv/detail/service_response_details__rosidl_typesupport_introspection_cpp.hpp
[3.884s] -- Up-to-date: /home/francisco/ros2-ws/install/rosapi_msgs/include/rosapi_msgs/srv/detail/topics_for_type__type_support.cpp
[3.885s] -- Up-to-date: /home/francisco/ros2-ws/install/rosapi_msgs/include/rosapi_msgs/srv/detail/message_details__rosidl_typesupport_introspection_cpp.hpp
[3.885s] -- Up-to-date: /home/francisco/ros2-ws/install/rosapi_msgs/include/rosapi_msgs/srv/detail/get_param__type_support.cpp
[3.885s] -- Up-to-date: /home/francisco/ros2-ws/install/rosapi_msgs/include/rosapi_msgs/srv/detail/topics_and_raw_types__type_support.cpp
[3.885s] -- Up-to-date: /home/francisco/ros2-ws/install/rosapi_msgs/include/rosapi_msgs/srv/detail/has_param__rosidl_typesupport_introspection_cpp.hpp
[3.886s] -- Up-to-date: /home/francisco/ros2-ws/install/rosapi_msgs/include/rosapi_msgs/srv/detail/publishers__type_support.cpp
[3.886s] -- Up-to-date: /home/francisco/ros2-ws/install/rosapi_msgs/include/rosapi_msgs/srv/detail/topic_type__type_support.cpp
[3.886s] -- Up-to-date: /home/francisco/ros2-ws/install/rosapi_msgs/include/rosapi_msgs/srv/detail/get_action_servers__rosidl_typesupport_introspection_cpp.hpp
[3.887s] -- Up-to-date: /home/francisco/ros2-ws/install/rosapi_msgs/include/rosapi_msgs/srv/detail/subscribers__type_support.cpp
[3.887s] -- Up-to-date: /home/francisco/ros2-ws/install/rosapi_msgs/include/rosapi_msgs/srv/detail/node_details__type_support.cpp
[3.887s] -- Up-to-date: /home/francisco/ros2-ws/install/rosapi_msgs/include/rosapi_msgs/srv/detail/service_response_details__type_support.cpp
[3.888s] -- Up-to-date: /home/francisco/ros2-ws/install/rosapi_msgs/include/rosapi_msgs/srv/detail/services__rosidl_typesupport_introspection_cpp.hpp
[3.888s] -- Up-to-date: /home/francisco/ros2-ws/install/rosapi_msgs/include/rosapi_msgs/srv/detail/services_for_type__type_support.cpp
[3.888s] -- Up-to-date: /home/francisco/ros2-ws/install/rosapi_msgs/include/rosapi_msgs/srv/detail/set_param__type_support.cpp
[3.889s] -- Up-to-date: /home/francisco/ros2-ws/install/rosapi_msgs/include/rosapi_msgs/srv/detail/nodes__type_support.cpp
[3.889s] -- Up-to-date: /home/francisco/ros2-ws/install/rosapi_msgs/include/rosapi_msgs/srv/detail/topic_type__rosidl_typesupport_introspection_cpp.hpp
[3.889s] -- Up-to-date: /home/francisco/ros2-ws/install/rosapi_msgs/include/rosapi_msgs/srv/detail/get_time__type_support.cpp
[3.892s] -- Up-to-date: /home/francisco/ros2-ws/install/rosapi_msgs/include/rosapi_msgs/srv/detail/service_node__type_support.cpp
[3.892s] -- Up-to-date: /home/francisco/ros2-ws/install/rosapi_msgs/include/rosapi_msgs/srv/detail/service_providers__rosidl_typesupport_introspection_cpp.hpp
[3.893s] -- Up-to-date: /home/francisco/ros2-ws/install/rosapi_msgs/include/rosapi_msgs/srv/detail/topics__rosidl_typesupport_introspection_cpp.hpp
[3.893s] -- Up-to-date: /home/francisco/ros2-ws/install/rosapi_msgs/include/rosapi_msgs/srv/detail/node_details__rosidl_typesupport_introspection_cpp.hpp
[3.893s] -- Up-to-date: /home/francisco/ros2-ws/install/rosapi_msgs/include/rosapi_msgs/srv/detail/topics_for_type__rosidl_typesupport_introspection_cpp.hpp
[3.894s] -- Up-to-date: /home/francisco/ros2-ws/install/rosapi_msgs/include/rosapi_msgs/srv/detail/service_request_details__type_support.cpp
[3.894s] -- Up-to-date: /home/francisco/ros2-ws/install/rosapi_msgs/include/rosapi_msgs/srv/detail/get_time__rosidl_typesupport_introspection_cpp.hpp
[3.894s] -- Up-to-date: /home/francisco/ros2-ws/install/rosapi_msgs/include/rosapi_msgs/srv/detail/service_type__rosidl_typesupport_introspection_cpp.hpp
[3.895s] -- Up-to-date: /home/francisco/ros2-ws/install/rosapi_msgs/include/rosapi_msgs/srv/detail/service_request_details__rosidl_typesupport_introspection_cpp.hpp
[3.896s] -- Up-to-date: /home/francisco/ros2-ws/install/rosapi_msgs/include/rosapi_msgs/srv/detail/get_ros_version__rosidl_typesupport_introspection_cpp.hpp
[3.896s] -- Up-to-date: /home/francisco/ros2-ws/install/rosapi_msgs/include/rosapi_msgs/srv/detail/delete_param__type_support.cpp
[3.896s] -- Up-to-date: /home/francisco/ros2-ws/install/rosapi_msgs/include/rosapi_msgs/srv/detail/get_param__rosidl_typesupport_introspection_cpp.hpp
[3.897s] -- Up-to-date: /home/francisco/ros2-ws/install/rosapi_msgs/include/rosapi_msgs/srv/detail/has_param__type_support.cpp
[3.897s] -- Up-to-date: /home/francisco/ros2-ws/install/rosapi_msgs/include/rosapi_msgs/srv/detail/get_param_names__rosidl_typesupport_introspection_cpp.hpp
[3.897s] -- Up-to-date: /home/francisco/ros2-ws/install/rosapi_msgs/include/rosapi_msgs/srv/detail/service_providers__type_support.cpp
[3.898s] -- Up-to-date: /home/francisco/ros2-ws/install/rosapi_msgs/include/rosapi_msgs/srv/detail/publishers__rosidl_typesupport_introspection_cpp.hpp
[3.898s] -- Up-to-date: /home/francisco/ros2-ws/install/rosapi_msgs/include/rosapi_msgs/srv/detail/services_for_type__rosidl_typesupport_introspection_cpp.hpp
[3.898s] -- Up-to-date: /home/francisco/ros2-ws/install/rosapi_msgs/include/rosapi_msgs/srv/detail/get_param_names__type_support.cpp
[3.899s] -- Up-to-date: /home/francisco/ros2-ws/install/rosapi_msgs/include/rosapi_msgs/srv/detail/set_param__rosidl_typesupport_introspection_cpp.hpp
[3.899s] -- Up-to-date: /home/francisco/ros2-ws/install/rosapi_msgs/include/rosapi_msgs/srv/detail/subscribers__rosidl_typesupport_introspection_cpp.hpp
[3.900s] -- Up-to-date: /home/francisco/ros2-ws/install/rosapi_msgs/include/rosapi_msgs/srv/detail/service_node__rosidl_typesupport_introspection_cpp.hpp
[3.900s] -- Up-to-date: /home/francisco/ros2-ws/install/rosapi_msgs/include/rosapi_msgs/srv/detail/get_action_servers__type_support.cpp
[3.900s] -- Up-to-date: /home/francisco/ros2-ws/install/rosapi_msgs/include/rosapi_msgs/srv/detail/get_ros_version__type_support.cpp
[3.900s] -- Up-to-date: /home/francisco/ros2-ws/install/rosapi_msgs/include/rosapi_msgs/srv/detail/service_type__type_support.cpp
[3.901s] -- Up-to-date: /home/francisco/ros2-ws/install/rosapi_msgs/include/rosapi_msgs/msg
[3.901s] -- Up-to-date: /home/francisco/ros2-ws/install/rosapi_msgs/include/rosapi_msgs/msg/detail
[3.901s] -- Up-to-date: /home/francisco/ros2-ws/install/rosapi_msgs/include/rosapi_msgs/msg/detail/type_def__type_support.cpp
[3.902s] -- Up-to-date: /home/francisco/ros2-ws/install/rosapi_msgs/include/rosapi_msgs/msg/detail/type_def__rosidl_typesupport_introspection_cpp.hpp
[3.936s] -- Up-to-date: /home/francisco/ros2-ws/install/rosapi_msgs/lib/librosapi_msgs__rosidl_typesupport_introspection_cpp.so
[3.936s] -- Up-to-date: /home/francisco/ros2-ws/install/rosapi_msgs/lib/librosapi_msgs__rosidl_typesupport_cpp.so
[3.939s] -- Up-to-date: /home/francisco/ros2-ws/install/rosapi_msgs/share/rosapi_msgs/environment/pythonpath.sh
[3.939s] -- Up-to-date: /home/francisco/ros2-ws/install/rosapi_msgs/share/rosapi_msgs/environment/pythonpath.dsv
[3.940s] -- Up-to-date: /home/francisco/ros2-ws/install/rosapi_msgs/lib/python3.8/site-packages/rosapi_msgs/__init__.py
[3.988s] -- Up-to-date: /home/francisco/ros2-ws/install/rosapi_msgs/lib/python3.8/site-packages/rosapi_msgs/msg
[3.989s] -- Up-to-date: /home/francisco/ros2-ws/install/rosapi_msgs/lib/python3.8/site-packages/rosapi_msgs/msg/__init__.py
[3.990s] -- Up-to-date: /home/francisco/ros2-ws/install/rosapi_msgs/lib/python3.8/site-packages/rosapi_msgs/msg/_type_def_s.c
[3.990s] -- Up-to-date: /home/francisco/ros2-ws/install/rosapi_msgs/lib/python3.8/site-packages/rosapi_msgs/msg/_type_def.py
[3.990s] -- Up-to-date: /home/francisco/ros2-ws/install/rosapi_msgs/lib/python3.8/site-packages/rosapi_msgs/srv
[3.990s] -- Up-to-date: /home/francisco/ros2-ws/install/rosapi_msgs/lib/python3.8/site-packages/rosapi_msgs/srv/_get_ros_version.py
[3.991s] -- Up-to-date: /home/francisco/ros2-ws/install/rosapi_msgs/lib/python3.8/site-packages/rosapi_msgs/srv/_service_node_s.c
[3.991s] -- Up-to-date: /home/francisco/ros2-ws/install/rosapi_msgs/lib/python3.8/site-packages/rosapi_msgs/srv/_topics_and_raw_types.py
[3.992s] -- Up-to-date: /home/francisco/ros2-ws/install/rosapi_msgs/lib/python3.8/site-packages/rosapi_msgs/srv/_topics.py
[3.992s] -- Up-to-date: /home/francisco/ros2-ws/install/rosapi_msgs/lib/python3.8/site-packages/rosapi_msgs/srv/_services_s.c
[3.992s] -- Up-to-date: /home/francisco/ros2-ws/install/rosapi_msgs/lib/python3.8/site-packages/rosapi_msgs/srv/_get_param.py
[3.993s] -- Up-to-date: /home/francisco/ros2-ws/install/rosapi_msgs/lib/python3.8/site-packages/rosapi_msgs/srv/_get_param_s.c
[3.993s] -- Up-to-date: /home/francisco/ros2-ws/install/rosapi_msgs/lib/python3.8/site-packages/rosapi_msgs/srv/_get_time.py
[3.993s] -- Up-to-date: /home/francisco/ros2-ws/install/rosapi_msgs/lib/python3.8/site-packages/rosapi_msgs/srv/_has_param_s.c
[3.994s] -- Up-to-date: /home/francisco/ros2-ws/install/rosapi_msgs/lib/python3.8/site-packages/rosapi_msgs/srv/_publishers_s.c
[3.994s] -- Up-to-date: /home/francisco/ros2-ws/install/rosapi_msgs/lib/python3.8/site-packages/rosapi_msgs/srv/_service_providers_s.c
[3.994s] -- Up-to-date: /home/francisco/ros2-ws/install/rosapi_msgs/lib/python3.8/site-packages/rosapi_msgs/srv/_topics_s.c
[3.995s] -- Up-to-date: /home/francisco/ros2-ws/install/rosapi_msgs/lib/python3.8/site-packages/rosapi_msgs/srv/_get_action_servers.py
[3.995s] -- Up-to-date: /home/francisco/ros2-ws/install/rosapi_msgs/lib/python3.8/site-packages/rosapi_msgs/srv/__init__.py
[3.998s] -- Up-to-date: /home/francisco/ros2-ws/install/rosapi_msgs/lib/python3.8/site-packages/rosapi_msgs/srv/_topic_type.py
[3.999s] -- Up-to-date: /home/francisco/ros2-ws/install/rosapi_msgs/lib/python3.8/site-packages/rosapi_msgs/srv/_subscribers.py
[3.999s] -- Up-to-date: /home/francisco/ros2-ws/install/rosapi_msgs/lib/python3.8/site-packages/rosapi_msgs/srv/_service_type.py
[4.000s] -- Up-to-date: /home/francisco/ros2-ws/install/rosapi_msgs/lib/python3.8/site-packages/rosapi_msgs/srv/_node_details_s.c
[4.000s] -- Up-to-date: /home/francisco/ros2-ws/install/rosapi_msgs/lib/python3.8/site-packages/rosapi_msgs/srv/_service_response_details.py
[4.001s] -- Up-to-date: /home/francisco/ros2-ws/install/rosapi_msgs/lib/python3.8/site-packages/rosapi_msgs/srv/_topics_for_type_s.c
[4.001s] -- Up-to-date: /home/francisco/ros2-ws/install/rosapi_msgs/lib/python3.8/site-packages/rosapi_msgs/srv/_nodes_s.c
[4.001s] -- Up-to-date: /home/francisco/ros2-ws/install/rosapi_msgs/lib/python3.8/site-packages/rosapi_msgs/srv/_set_param.py
[4.002s] -- Up-to-date: /home/francisco/ros2-ws/install/rosapi_msgs/lib/python3.8/site-packages/rosapi_msgs/srv/_service_providers.py
[4.002s] -- Up-to-date: /home/francisco/ros2-ws/install/rosapi_msgs/lib/python3.8/site-packages/rosapi_msgs/srv/_service_request_details.py
[4.003s] -- Up-to-date: /home/francisco/ros2-ws/install/rosapi_msgs/lib/python3.8/site-packages/rosapi_msgs/srv/_topics_for_type.py
[4.003s] -- Up-to-date: /home/francisco/ros2-ws/install/rosapi_msgs/lib/python3.8/site-packages/rosapi_msgs/srv/_get_time_s.c
[4.003s] -- Up-to-date: /home/francisco/ros2-ws/install/rosapi_msgs/lib/python3.8/site-packages/rosapi_msgs/srv/_services_for_type_s.c
[4.004s] -- Up-to-date: /home/francisco/ros2-ws/install/rosapi_msgs/lib/python3.8/site-packages/rosapi_msgs/srv/_topics_and_raw_types_s.c
[4.004s] -- Up-to-date: /home/francisco/ros2-ws/install/rosapi_msgs/lib/python3.8/site-packages/rosapi_msgs/srv/_get_param_names_s.c
[4.004s] -- Up-to-date: /home/francisco/ros2-ws/install/rosapi_msgs/lib/python3.8/site-packages/rosapi_msgs/srv/_delete_param.py
[4.005s] -- Up-to-date: /home/francisco/ros2-ws/install/rosapi_msgs/lib/python3.8/site-packages/rosapi_msgs/srv/_service_request_details_s.c
[4.005s] -- Up-to-date: /home/francisco/ros2-ws/install/rosapi_msgs/lib/python3.8/site-packages/rosapi_msgs/srv/_has_param.py
[4.006s] -- Up-to-date: /home/francisco/ros2-ws/install/rosapi_msgs/lib/python3.8/site-packages/rosapi_msgs/srv/_node_details.py
[4.006s] -- Up-to-date: /home/francisco/ros2-ws/install/rosapi_msgs/lib/python3.8/site-packages/rosapi_msgs/srv/_message_details_s.c
[4.006s] -- Up-to-date: /home/francisco/ros2-ws/install/rosapi_msgs/lib/python3.8/site-packages/rosapi_msgs/srv/_service_response_details_s.c
[4.007s] -- Up-to-date: /home/francisco/ros2-ws/install/rosapi_msgs/lib/python3.8/site-packages/rosapi_msgs/srv/_nodes.py
[4.007s] -- Up-to-date: /home/francisco/ros2-ws/install/rosapi_msgs/lib/python3.8/site-packages/rosapi_msgs/srv/_get_action_servers_s.c
[4.008s] -- Up-to-date: /home/francisco/ros2-ws/install/rosapi_msgs/lib/python3.8/site-packages/rosapi_msgs/srv/_set_param_s.c
[4.008s] -- Up-to-date: /home/francisco/ros2-ws/install/rosapi_msgs/lib/python3.8/site-packages/rosapi_msgs/srv/_delete_param_s.c
[4.009s] -- Up-to-date: /home/francisco/ros2-ws/install/rosapi_msgs/lib/python3.8/site-packages/rosapi_msgs/srv/_publishers.py
[4.009s] -- Up-to-date: /home/francisco/ros2-ws/install/rosapi_msgs/lib/python3.8/site-packages/rosapi_msgs/srv/_get_ros_version_s.c
[4.010s] -- Up-to-date: /home/francisco/ros2-ws/install/rosapi_msgs/lib/python3.8/site-packages/rosapi_msgs/srv/_topic_type_s.c
[4.010s] -- Up-to-date: /home/francisco/ros2-ws/install/rosapi_msgs/lib/python3.8/site-packages/rosapi_msgs/srv/_service_type_s.c
[4.010s] -- Up-to-date: /home/francisco/ros2-ws/install/rosapi_msgs/lib/python3.8/site-packages/rosapi_msgs/srv/_services_for_type.py
[4.011s] -- Up-to-date: /home/francisco/ros2-ws/install/rosapi_msgs/lib/python3.8/site-packages/rosapi_msgs/srv/_service_node.py
[4.011s] -- Up-to-date: /home/francisco/ros2-ws/install/rosapi_msgs/lib/python3.8/site-packages/rosapi_msgs/srv/_subscribers_s.c
[4.012s] -- Up-to-date: /home/francisco/ros2-ws/install/rosapi_msgs/lib/python3.8/site-packages/rosapi_msgs/srv/_get_param_names.py
[4.012s] -- Up-to-date: /home/francisco/ros2-ws/install/rosapi_msgs/lib/python3.8/site-packages/rosapi_msgs/srv/_services.py
[4.013s] -- Up-to-date: /home/francisco/ros2-ws/install/rosapi_msgs/lib/python3.8/site-packages/rosapi_msgs/srv/_message_details.py
[4.014s] -- Up-to-date: /home/francisco/ros2-ws/install/rosapi_msgs/lib/python3.8/site-packages/rosapi_msgs/rosapi_msgs_s__rosidl_typesupport_fastrtps_c.cpython-38-x86_64-linux-gnu.so
[4.015s] -- Up-to-date: /home/francisco/ros2-ws/install/rosapi_msgs/lib/python3.8/site-packages/rosapi_msgs/rosapi_msgs_s__rosidl_typesupport_introspection_c.cpython-38-x86_64-linux-gnu.so
[4.015s] -- Up-to-date: /home/francisco/ros2-ws/install/rosapi_msgs/lib/python3.8/site-packages/rosapi_msgs/rosapi_msgs_s__rosidl_typesupport_c.cpython-38-x86_64-linux-gnu.so
[4.020s] -- Up-to-date: /home/francisco/ros2-ws/install/rosapi_msgs/lib/librosapi_msgs__python.so
[4.022s] -- Up-to-date: /home/francisco/ros2-ws/install/rosapi_msgs/share/rosapi_msgs/msg/TypeDef.idl
[4.022s] -- Up-to-date: /home/francisco/ros2-ws/install/rosapi_msgs/share/rosapi_msgs/srv/DeleteParam.idl
[4.022s] -- Up-to-date: /home/francisco/ros2-ws/install/rosapi_msgs/share/rosapi_msgs/srv/GetActionServers.idl
[4.023s] -- Up-to-date: /home/francisco/ros2-ws/install/rosapi_msgs/share/rosapi_msgs/srv/GetParam.idl
[4.023s] -- Up-to-date: /home/francisco/ros2-ws/install/rosapi_msgs/share/rosapi_msgs/srv/GetParamNames.idl
[4.023s] -- Up-to-date: /home/francisco/ros2-ws/install/rosapi_msgs/share/rosapi_msgs/srv/GetROSVersion.idl
[4.024s] -- Up-to-date: /home/francisco/ros2-ws/install/rosapi_msgs/share/rosapi_msgs/srv/GetTime.idl
[4.024s] -- Up-to-date: /home/francisco/ros2-ws/install/rosapi_msgs/share/rosapi_msgs/srv/HasParam.idl
[4.024s] -- Up-to-date: /home/francisco/ros2-ws/install/rosapi_msgs/share/rosapi_msgs/srv/MessageDetails.idl
[4.025s] -- Up-to-date: /home/francisco/ros2-ws/install/rosapi_msgs/share/rosapi_msgs/srv/Nodes.idl
[4.025s] -- Up-to-date: /home/francisco/ros2-ws/install/rosapi_msgs/share/rosapi_msgs/srv/NodeDetails.idl
[4.026s] -- Up-to-date: /home/francisco/ros2-ws/install/rosapi_msgs/share/rosapi_msgs/srv/Publishers.idl
[4.027s] -- Up-to-date: /home/francisco/ros2-ws/install/rosapi_msgs/share/rosapi_msgs/srv/ServiceNode.idl
[4.027s] -- Up-to-date: /home/francisco/ros2-ws/install/rosapi_msgs/share/rosapi_msgs/srv/ServiceProviders.idl
[4.028s] -- Up-to-date: /home/francisco/ros2-ws/install/rosapi_msgs/share/rosapi_msgs/srv/ServiceRequestDetails.idl
[4.028s] -- Up-to-date: /home/francisco/ros2-ws/install/rosapi_msgs/share/rosapi_msgs/srv/ServiceResponseDetails.idl
[4.028s] -- Up-to-date: /home/francisco/ros2-ws/install/rosapi_msgs/share/rosapi_msgs/srv/Services.idl
[4.029s] -- Up-to-date: /home/francisco/ros2-ws/install/rosapi_msgs/share/rosapi_msgs/srv/ServicesForType.idl
[4.030s] -- Up-to-date: /home/francisco/ros2-ws/install/rosapi_msgs/share/rosapi_msgs/srv/ServiceType.idl
[4.030s] -- Up-to-date: /home/francisco/ros2-ws/install/rosapi_msgs/share/rosapi_msgs/srv/SetParam.idl
[4.031s] -- Up-to-date: /home/francisco/ros2-ws/install/rosapi_msgs/share/rosapi_msgs/srv/Subscribers.idl
[4.031s] -- Up-to-date: /home/francisco/ros2-ws/install/rosapi_msgs/share/rosapi_msgs/srv/Topics.idl
[4.032s] -- Up-to-date: /home/francisco/ros2-ws/install/rosapi_msgs/share/rosapi_msgs/srv/TopicsAndRawTypes.idl
[4.032s] -- Up-to-date: /home/francisco/ros2-ws/install/rosapi_msgs/share/rosapi_msgs/srv/TopicsForType.idl
[4.033s] -- Up-to-date: /home/francisco/ros2-ws/install/rosapi_msgs/share/rosapi_msgs/srv/TopicType.idl
[4.034s] -- Up-to-date: /home/francisco/ros2-ws/install/rosapi_msgs/share/rosapi_msgs/msg/TypeDef.msg
[4.034s] -- Up-to-date: /home/francisco/ros2-ws/install/rosapi_msgs/share/rosapi_msgs/srv/DeleteParam.srv
[4.034s] -- Up-to-date: /home/francisco/ros2-ws/install/rosapi_msgs/share/rosapi_msgs/srv/DeleteParam_Request.msg
[4.035s] -- Up-to-date: /home/francisco/ros2-ws/install/rosapi_msgs/share/rosapi_msgs/srv/DeleteParam_Response.msg
[4.035s] -- Up-to-date: /home/francisco/ros2-ws/install/rosapi_msgs/share/rosapi_msgs/srv/GetActionServers.srv
[4.035s] -- Up-to-date: /home/francisco/ros2-ws/install/rosapi_msgs/share/rosapi_msgs/srv/GetActionServers_Request.msg
[4.036s] -- Up-to-date: /home/francisco/ros2-ws/install/rosapi_msgs/share/rosapi_msgs/srv/GetActionServers_Response.msg
[4.036s] -- Up-to-date: /home/francisco/ros2-ws/install/rosapi_msgs/share/rosapi_msgs/srv/GetParam.srv
[4.037s] -- Up-to-date: /home/francisco/ros2-ws/install/rosapi_msgs/share/rosapi_msgs/srv/GetParam_Request.msg
[4.045s] -- Up-to-date: /home/francisco/ros2-ws/install/rosapi_msgs/share/rosapi_msgs/srv/GetParam_Response.msg
[4.045s] -- Up-to-date: /home/francisco/ros2-ws/install/rosapi_msgs/share/rosapi_msgs/srv/GetParamNames.srv
[4.046s] -- Up-to-date: /home/francisco/ros2-ws/install/rosapi_msgs/share/rosapi_msgs/srv/GetParamNames_Request.msg
[4.046s] -- Up-to-date: /home/francisco/ros2-ws/install/rosapi_msgs/share/rosapi_msgs/srv/GetParamNames_Response.msg
[4.046s] -- Up-to-date: /home/francisco/ros2-ws/install/rosapi_msgs/share/rosapi_msgs/srv/GetROSVersion.srv
[4.047s] -- Up-to-date: /home/francisco/ros2-ws/install/rosapi_msgs/share/rosapi_msgs/srv/GetROSVersion_Request.msg
[4.047s] -- Up-to-date: /home/francisco/ros2-ws/install/rosapi_msgs/share/rosapi_msgs/srv/GetROSVersion_Response.msg
[4.047s] -- Up-to-date: /home/francisco/ros2-ws/install/rosapi_msgs/share/rosapi_msgs/srv/GetTime.srv
[4.048s] -- Up-to-date: /home/francisco/ros2-ws/install/rosapi_msgs/share/rosapi_msgs/srv/GetTime_Request.msg
[4.048s] -- Up-to-date: /home/francisco/ros2-ws/install/rosapi_msgs/share/rosapi_msgs/srv/GetTime_Response.msg
[4.048s] -- Up-to-date: /home/francisco/ros2-ws/install/rosapi_msgs/share/rosapi_msgs/srv/HasParam.srv
[4.049s] -- Up-to-date: /home/francisco/ros2-ws/install/rosapi_msgs/share/rosapi_msgs/srv/HasParam_Request.msg
[4.049s] -- Up-to-date: /home/francisco/ros2-ws/install/rosapi_msgs/share/rosapi_msgs/srv/HasParam_Response.msg
[4.051s] -- Up-to-date: /home/francisco/ros2-ws/install/rosapi_msgs/share/rosapi_msgs/srv/MessageDetails.srv
[4.051s] -- Up-to-date: /home/francisco/ros2-ws/install/rosapi_msgs/share/rosapi_msgs/srv/MessageDetails_Request.msg
[4.053s] -- Up-to-date: /home/francisco/ros2-ws/install/rosapi_msgs/share/rosapi_msgs/srv/MessageDetails_Response.msg
[4.054s] -- Up-to-date: /home/francisco/ros2-ws/install/rosapi_msgs/share/rosapi_msgs/srv/Nodes.srv
[4.055s] -- Up-to-date: /home/francisco/ros2-ws/install/rosapi_msgs/share/rosapi_msgs/srv/Nodes_Request.msg
[4.055s] -- Up-to-date: /home/francisco/ros2-ws/install/rosapi_msgs/share/rosapi_msgs/srv/Nodes_Response.msg
[4.056s] -- Up-to-date: /home/francisco/ros2-ws/install/rosapi_msgs/share/rosapi_msgs/srv/NodeDetails.srv
[4.057s] -- Up-to-date: /home/francisco/ros2-ws/install/rosapi_msgs/share/rosapi_msgs/srv/NodeDetails_Request.msg
[4.057s] -- Up-to-date: /home/francisco/ros2-ws/install/rosapi_msgs/share/rosapi_msgs/srv/NodeDetails_Response.msg
[4.057s] -- Up-to-date: /home/francisco/ros2-ws/install/rosapi_msgs/share/rosapi_msgs/srv/Publishers.srv
[4.058s] -- Up-to-date: /home/francisco/ros2-ws/install/rosapi_msgs/share/rosapi_msgs/srv/Publishers_Request.msg
[4.059s] -- Up-to-date: /home/francisco/ros2-ws/install/rosapi_msgs/share/rosapi_msgs/srv/Publishers_Response.msg
[4.060s] -- Up-to-date: /home/francisco/ros2-ws/install/rosapi_msgs/share/rosapi_msgs/srv/ServiceNode.srv
[4.060s] -- Up-to-date: /home/francisco/ros2-ws/install/rosapi_msgs/share/rosapi_msgs/srv/ServiceNode_Request.msg
[4.061s] -- Up-to-date: /home/francisco/ros2-ws/install/rosapi_msgs/share/rosapi_msgs/srv/ServiceNode_Response.msg
[4.061s] -- Up-to-date: /home/francisco/ros2-ws/install/rosapi_msgs/share/rosapi_msgs/srv/ServiceProviders.srv
[4.062s] -- Up-to-date: /home/francisco/ros2-ws/install/rosapi_msgs/share/rosapi_msgs/srv/ServiceProviders_Request.msg
[4.062s] -- Up-to-date: /home/francisco/ros2-ws/install/rosapi_msgs/share/rosapi_msgs/srv/ServiceProviders_Response.msg
[4.063s] -- Up-to-date: /home/francisco/ros2-ws/install/rosapi_msgs/share/rosapi_msgs/srv/ServiceRequestDetails.srv
[4.063s] -- Up-to-date: /home/francisco/ros2-ws/install/rosapi_msgs/share/rosapi_msgs/srv/ServiceRequestDetails_Request.msg
[4.064s] -- Up-to-date: /home/francisco/ros2-ws/install/rosapi_msgs/share/rosapi_msgs/srv/ServiceRequestDetails_Response.msg
[4.064s] -- Up-to-date: /home/francisco/ros2-ws/install/rosapi_msgs/share/rosapi_msgs/srv/ServiceResponseDetails.srv
[4.065s] -- Up-to-date: /home/francisco/ros2-ws/install/rosapi_msgs/share/rosapi_msgs/srv/ServiceResponseDetails_Request.msg
[4.065s] -- Up-to-date: /home/francisco/ros2-ws/install/rosapi_msgs/share/rosapi_msgs/srv/ServiceResponseDetails_Response.msg
[4.066s] -- Up-to-date: /home/francisco/ros2-ws/install/rosapi_msgs/share/rosapi_msgs/srv/Services.srv
[4.066s] -- Up-to-date: /home/francisco/ros2-ws/install/rosapi_msgs/share/rosapi_msgs/srv/Services_Request.msg
[4.066s] -- Up-to-date: /home/francisco/ros2-ws/install/rosapi_msgs/share/rosapi_msgs/srv/Services_Response.msg
[4.067s] -- Up-to-date: /home/francisco/ros2-ws/install/rosapi_msgs/share/rosapi_msgs/srv/ServicesForType.srv
[4.068s] -- Up-to-date: /home/francisco/ros2-ws/install/rosapi_msgs/share/rosapi_msgs/srv/ServicesForType_Request.msg
[4.069s] -- Up-to-date: /home/francisco/ros2-ws/install/rosapi_msgs/share/rosapi_msgs/srv/ServicesForType_Response.msg
[4.069s] -- Up-to-date: /home/francisco/ros2-ws/install/rosapi_msgs/share/rosapi_msgs/srv/ServiceType.srv
[4.070s] -- Up-to-date: /home/francisco/ros2-ws/install/rosapi_msgs/share/rosapi_msgs/srv/ServiceType_Request.msg
[4.070s] -- Up-to-date: /home/francisco/ros2-ws/install/rosapi_msgs/share/rosapi_msgs/srv/ServiceType_Response.msg
[4.071s] -- Up-to-date: /home/francisco/ros2-ws/install/rosapi_msgs/share/rosapi_msgs/srv/SetParam.srv
[4.071s] -- Up-to-date: /home/francisco/ros2-ws/install/rosapi_msgs/share/rosapi_msgs/srv/SetParam_Request.msg
[4.072s] -- Up-to-date: /home/francisco/ros2-ws/install/rosapi_msgs/share/rosapi_msgs/srv/SetParam_Response.msg
[4.073s] -- Up-to-date: /home/francisco/ros2-ws/install/rosapi_msgs/share/rosapi_msgs/srv/Subscribers.srv
[4.073s] -- Up-to-date: /home/francisco/ros2-ws/install/rosapi_msgs/share/rosapi_msgs/srv/Subscribers_Request.msg
[4.074s] -- Up-to-date: /home/francisco/ros2-ws/install/rosapi_msgs/share/rosapi_msgs/srv/Subscribers_Response.msg
[4.074s] -- Up-to-date: /home/francisco/ros2-ws/install/rosapi_msgs/share/rosapi_msgs/srv/Topics.srv
[4.075s] -- Up-to-date: /home/francisco/ros2-ws/install/rosapi_msgs/share/rosapi_msgs/srv/Topics_Request.msg
[4.075s] -- Up-to-date: /home/francisco/ros2-ws/install/rosapi_msgs/share/rosapi_msgs/srv/Topics_Response.msg
[4.076s] -- Up-to-date: /home/francisco/ros2-ws/install/rosapi_msgs/share/rosapi_msgs/srv/TopicsAndRawTypes.srv
[4.076s] -- Up-to-date: /home/francisco/ros2-ws/install/rosapi_msgs/share/rosapi_msgs/srv/TopicsAndRawTypes_Request.msg
[4.077s] -- Up-to-date: /home/francisco/ros2-ws/install/rosapi_msgs/share/rosapi_msgs/srv/TopicsAndRawTypes_Response.msg
[4.077s] -- Up-to-date: /home/francisco/ros2-ws/install/rosapi_msgs/share/rosapi_msgs/srv/TopicsForType.srv
[4.077s] -- Up-to-date: /home/francisco/ros2-ws/install/rosapi_msgs/share/rosapi_msgs/srv/TopicsForType_Request.msg
[4.077s] -- Up-to-date: /home/francisco/ros2-ws/install/rosapi_msgs/share/rosapi_msgs/srv/TopicsForType_Response.msg
[4.078s] -- Up-to-date: /home/francisco/ros2-ws/install/rosapi_msgs/share/rosapi_msgs/srv/TopicType.srv
[4.078s] -- Up-to-date: /home/francisco/ros2-ws/install/rosapi_msgs/share/rosapi_msgs/srv/TopicType_Request.msg
[4.079s] -- Up-to-date: /home/francisco/ros2-ws/install/rosapi_msgs/share/rosapi_msgs/srv/TopicType_Response.msg
[4.079s] -- Up-to-date: /home/francisco/ros2-ws/install/rosapi_msgs/share/ament_index/resource_index/package_run_dependencies/rosapi_msgs
[4.079s] -- Up-to-date: /home/francisco/ros2-ws/install/rosapi_msgs/share/ament_index/resource_index/parent_prefix_path/rosapi_msgs
[4.080s] -- Up-to-date: /home/francisco/ros2-ws/install/rosapi_msgs/share/rosapi_msgs/environment/ament_prefix_path.sh
[4.080s] -- Up-to-date: /home/francisco/ros2-ws/install/rosapi_msgs/share/rosapi_msgs/environment/ament_prefix_path.dsv
[4.080s] -- Up-to-date: /home/francisco/ros2-ws/install/rosapi_msgs/share/rosapi_msgs/environment/path.sh
[4.080s] -- Up-to-date: /home/francisco/ros2-ws/install/rosapi_msgs/share/rosapi_msgs/environment/path.dsv
[4.081s] -- Up-to-date: /home/francisco/ros2-ws/install/rosapi_msgs/share/rosapi_msgs/local_setup.bash
[4.081s] -- Up-to-date: /home/francisco/ros2-ws/install/rosapi_msgs/share/rosapi_msgs/local_setup.sh
[4.081s] -- Up-to-date: /home/francisco/ros2-ws/install/rosapi_msgs/share/rosapi_msgs/local_setup.zsh
[4.082s] -- Up-to-date: /home/francisco/ros2-ws/install/rosapi_msgs/share/rosapi_msgs/local_setup.dsv
[4.082s] -- Installing: /home/francisco/ros2-ws/install/rosapi_msgs/share/rosapi_msgs/package.dsv
[4.082s] -- Up-to-date: /home/francisco/ros2-ws/install/rosapi_msgs/share/ament_index/resource_index/packages/rosapi_msgs
[4.085s] -- Up-to-date: /home/francisco/ros2-ws/install/rosapi_msgs/share/rosapi_msgs/cmake/rosapi_msgs__rosidl_generator_cExport.cmake
[4.086s] -- Up-to-date: /home/francisco/ros2-ws/install/rosapi_msgs/share/rosapi_msgs/cmake/rosapi_msgs__rosidl_generator_cExport-noconfig.cmake
[4.086s] -- Up-to-date: /home/francisco/ros2-ws/install/rosapi_msgs/share/rosapi_msgs/cmake/rosapi_msgs__rosidl_typesupport_introspection_cExport.cmake
[4.087s] -- Up-to-date: /home/francisco/ros2-ws/install/rosapi_msgs/share/rosapi_msgs/cmake/rosapi_msgs__rosidl_typesupport_introspection_cExport-noconfig.cmake
[4.087s] -- Up-to-date: /home/francisco/ros2-ws/install/rosapi_msgs/share/rosapi_msgs/cmake/rosapi_msgs__rosidl_typesupport_cExport.cmake
[4.088s] -- Up-to-date: /home/francisco/ros2-ws/install/rosapi_msgs/share/rosapi_msgs/cmake/rosapi_msgs__rosidl_typesupport_cExport-noconfig.cmake
[4.088s] -- Up-to-date: /home/francisco/ros2-ws/install/rosapi_msgs/share/rosapi_msgs/cmake/rosapi_msgs__rosidl_generator_cppExport.cmake
[4.089s] -- Up-to-date: /home/francisco/ros2-ws/install/rosapi_msgs/share/rosapi_msgs/cmake/rosapi_msgs__rosidl_typesupport_introspection_cppExport.cmake
[4.090s] -- Up-to-date: /home/francisco/ros2-ws/install/rosapi_msgs/share/rosapi_msgs/cmake/rosapi_msgs__rosidl_typesupport_introspection_cppExport-noconfig.cmake
[4.090s] -- Up-to-date: /home/francisco/ros2-ws/install/rosapi_msgs/share/rosapi_msgs/cmake/rosapi_msgs__rosidl_typesupport_cppExport.cmake
[4.091s] -- Up-to-date: /home/francisco/ros2-ws/install/rosapi_msgs/share/rosapi_msgs/cmake/rosapi_msgs__rosidl_typesupport_cppExport-noconfig.cmake
[4.091s] -- Up-to-date: /home/francisco/ros2-ws/install/rosapi_msgs/share/rosapi_msgs/cmake/rosidl_cmake-extras.cmake
[4.092s] -- Up-to-date: /home/francisco/ros2-ws/install/rosapi_msgs/share/rosapi_msgs/cmake/ament_cmake_export_dependencies-extras.cmake
[4.092s] -- Up-to-date: /home/francisco/ros2-ws/install/rosapi_msgs/share/rosapi_msgs/cmake/ament_cmake_export_libraries-extras.cmake
[4.093s] -- Up-to-date: /home/francisco/ros2-ws/install/rosapi_msgs/share/rosapi_msgs/cmake/ament_cmake_export_targets-extras.cmake
[4.093s] -- Up-to-date: /home/francisco/ros2-ws/install/rosapi_msgs/share/rosapi_msgs/cmake/ament_cmake_export_include_directories-extras.cmake
[4.094s] -- Up-to-date: /home/francisco/ros2-ws/install/rosapi_msgs/share/rosapi_msgs/cmake/rosidl_cmake_export_typesupport_libraries-extras.cmake
[4.094s] -- Up-to-date: /home/francisco/ros2-ws/install/rosapi_msgs/share/rosapi_msgs/cmake/rosidl_cmake_export_typesupport_targets-extras.cmake
[4.094s] -- Up-to-date: /home/francisco/ros2-ws/install/rosapi_msgs/share/rosapi_msgs/cmake/rosapi_msgsConfig.cmake
[4.095s] -- Up-to-date: /home/francisco/ros2-ws/install/rosapi_msgs/share/rosapi_msgs/cmake/rosapi_msgsConfig-version.cmake
[4.095s] -- Up-to-date: /home/francisco/ros2-ws/install/rosapi_msgs/share/rosapi_msgs/package.xml
[4.096s] Invoked command in '/home/francisco/ros2-ws/build/rosapi_msgs' returned '0': CMAKE_PREFIX_PATH=${CMAKE_PREFIX_PATH}:/home/francisco/ros2-ws/install/monitoring_station_tfm:/home/francisco/ros2-ws/install/monitoring-station-tfm:/home/francisco/ros2-ws/install/camera_driver:/opt/ros/foxy /usr/bin/cmake --install /home/francisco/ros2-ws/build/rosapi_msgs
