[0.059s] Invoking command in '/home/francisco/ros2-ws/build/usb_camera_driver': CMAKE_PREFIX_PATH=${CMAKE_PREFIX_PATH}:/home/francisco/ros2-ws/install/monitoring_station_tfm:/home/francisco/ros2-ws/install/monitoring-station-tfm:/home/francisco/ros2-ws/install/camera_driver:/opt/ros/foxy /usr/bin/cmake --build /home/francisco/ros2-ws/build/usb_camera_driver -- -j4 -l4
[0.277s] [ 20%] Built target gtest
[0.289s] [ 40%] Built target gtest_main
[0.319s] [ 60%] Built target usb_camera_driver
[0.449s] [ 80%] Built target usb_camera_driver_node
[0.452s] [100%] Built target usb_camera_driver_tests
[0.509s] Invoked command in '/home/francisco/ros2-ws/build/usb_camera_driver' returned '0': CMAKE_PREFIX_PATH=${CMAKE_PREFIX_PATH}:/home/francisco/ros2-ws/install/monitoring_station_tfm:/home/francisco/ros2-ws/install/monitoring-station-tfm:/home/francisco/ros2-ws/install/camera_driver:/opt/ros/foxy /usr/bin/cmake --build /home/francisco/ros2-ws/build/usb_camera_driver -- -j4 -l4
[0.609s] Invoking command in '/home/francisco/ros2-ws/build/usb_camera_driver': CMAKE_PREFIX_PATH=${CMAKE_PREFIX_PATH}:/home/francisco/ros2-ws/install/monitoring_station_tfm:/home/francisco/ros2-ws/install/monitoring-station-tfm:/home/francisco/ros2-ws/install/camera_driver:/opt/ros/foxy /usr/bin/cmake --install /home/francisco/ros2-ws/build/usb_camera_driver
[0.642s] -- Install configuration: ""
[0.642s] -- Up-to-date: /home/francisco/ros2-ws/install/usb_camera_driver/lib/libusb_camera_driver.so
[0.644s] -- Up-to-date: /home/francisco/ros2-ws/install/usb_camera_driver/lib/usb_camera_driver/usb_camera_driver_node
[0.645s] -- Up-to-date: /home/francisco/ros2-ws/install/usb_camera_driver/share/usb_camera_driver/launch
[0.645s] -- Up-to-date: /home/francisco/ros2-ws/install/usb_camera_driver/share/usb_camera_driver/launch/usb_camera_node.launch.py
[0.646s] -- Up-to-date: /home/francisco/ros2-ws/install/usb_camera_driver/share/usb_camera_driver/launch/usb_camera_component.launch.py
[0.646s] -- Up-to-date: /home/francisco/ros2-ws/install/usb_camera_driver/share/usb_camera_driver/launch/__pycache__
[0.646s] -- Up-to-date: /home/francisco/ros2-ws/install/usb_camera_driver/share/usb_camera_driver/launch/__pycache__/usb_camera_node.launch.cpython-38.pyc
[0.646s] -- Up-to-date: /home/francisco/ros2-ws/install/usb_camera_driver/share/usb_camera_driver/config
[0.647s] -- Up-to-date: /home/francisco/ros2-ws/install/usb_camera_driver/share/usb_camera_driver/config/config.yaml
[0.648s] -- Up-to-date: /home/francisco/ros2-ws/install/usb_camera_driver/share/usb_camera_driver/config/camera.yaml
[0.648s] -- Up-to-date: /home/francisco/ros2-ws/install/usb_camera_driver/share/ament_index/resource_index/package_run_dependencies/usb_camera_driver
[0.648s] -- Up-to-date: /home/francisco/ros2-ws/install/usb_camera_driver/share/ament_index/resource_index/parent_prefix_path/usb_camera_driver
[0.649s] -- Up-to-date: /home/francisco/ros2-ws/install/usb_camera_driver/share/usb_camera_driver/environment/ament_prefix_path.sh
[0.649s] -- Up-to-date: /home/francisco/ros2-ws/install/usb_camera_driver/share/usb_camera_driver/environment/ament_prefix_path.dsv
[0.650s] -- Up-to-date: /home/francisco/ros2-ws/install/usb_camera_driver/share/usb_camera_driver/environment/path.sh
[0.650s] -- Up-to-date: /home/francisco/ros2-ws/install/usb_camera_driver/share/usb_camera_driver/environment/path.dsv
[0.650s] -- Up-to-date: /home/francisco/ros2-ws/install/usb_camera_driver/share/usb_camera_driver/local_setup.bash
[0.650s] -- Up-to-date: /home/francisco/ros2-ws/install/usb_camera_driver/share/usb_camera_driver/local_setup.sh
[0.651s] -- Up-to-date: /home/francisco/ros2-ws/install/usb_camera_driver/share/usb_camera_driver/local_setup.zsh
[0.651s] -- Up-to-date: /home/francisco/ros2-ws/install/usb_camera_driver/share/usb_camera_driver/local_setup.dsv
[0.651s] -- Installing: /home/francisco/ros2-ws/install/usb_camera_driver/share/usb_camera_driver/package.dsv
[0.652s] -- Up-to-date: /home/francisco/ros2-ws/install/usb_camera_driver/share/ament_index/resource_index/packages/usb_camera_driver
[0.652s] -- Up-to-date: /home/francisco/ros2-ws/install/usb_camera_driver/share/ament_index/resource_index/rclcpp_components/usb_camera_driver
[0.652s] -- Up-to-date: /home/francisco/ros2-ws/install/usb_camera_driver/share/usb_camera_driver/cmake/usb_camera_driverConfig.cmake
[0.653s] -- Up-to-date: /home/francisco/ros2-ws/install/usb_camera_driver/share/usb_camera_driver/cmake/usb_camera_driverConfig-version.cmake
[0.667s] -- Up-to-date: /home/francisco/ros2-ws/install/usb_camera_driver/share/usb_camera_driver/package.xml
[0.667s] Invoked command in '/home/francisco/ros2-ws/build/usb_camera_driver' returned '0': CMAKE_PREFIX_PATH=${CMAKE_PREFIX_PATH}:/home/francisco/ros2-ws/install/monitoring_station_tfm:/home/francisco/ros2-ws/install/monitoring-station-tfm:/home/francisco/ros2-ws/install/camera_driver:/opt/ros/foxy /usr/bin/cmake --install /home/francisco/ros2-ws/build/usb_camera_driver
