[0.102s] Invoking command in '/home/francisco/ros2-ws/build/usb_camera_driver': CMAKE_PREFIX_PATH=${CMAKE_PREFIX_PATH}:/home/francisco/ros2-ws/install/monitoring_station_tfm:/home/francisco/ros2-ws/install/monitoring-station-tfm:/opt/ros/foxy /usr/bin/cmake --build /home/francisco/ros2-ws/build/usb_camera_driver -- -j4 -l4
[1.151s] [ 20%] Built target gtest
[1.174s] [ 40%] Built target gtest_main
[1.376s] [ 60%] Built target usb_camera_driver
[1.567s] [ 80%] Built target usb_camera_driver_node
[1.580s] [100%] Built target usb_camera_driver_tests
[1.615s] Invoked command in '/home/francisco/ros2-ws/build/usb_camera_driver' returned '0': CMAKE_PREFIX_PATH=${CMAKE_PREFIX_PATH}:/home/francisco/ros2-ws/install/monitoring_station_tfm:/home/francisco/ros2-ws/install/monitoring-station-tfm:/opt/ros/foxy /usr/bin/cmake --build /home/francisco/ros2-ws/build/usb_camera_driver -- -j4 -l4
[1.713s] Invoking command in '/home/francisco/ros2-ws/build/usb_camera_driver': CMAKE_PREFIX_PATH=${CMAKE_PREFIX_PATH}:/home/francisco/ros2-ws/install/monitoring_station_tfm:/home/francisco/ros2-ws/install/monitoring-station-tfm:/opt/ros/foxy /usr/bin/cmake --install /home/francisco/ros2-ws/build/usb_camera_driver
[1.772s] -- Install configuration: ""
[1.791s] -- Up-to-date: /home/francisco/ros2-ws/install/usb_camera_driver/lib/libusb_camera_driver.so
[1.803s] -- Up-to-date: /home/francisco/ros2-ws/install/usb_camera_driver/lib/usb_camera_driver/usb_camera_driver_node
[1.804s] -- Up-to-date: /home/francisco/ros2-ws/install/usb_camera_driver/share/usb_camera_driver/launch
[1.825s] -- Up-to-date: /home/francisco/ros2-ws/install/usb_camera_driver/share/usb_camera_driver/launch/usb_camera_node.launch.py
[1.827s] -- Up-to-date: /home/francisco/ros2-ws/install/usb_camera_driver/share/usb_camera_driver/launch/usb_camera_component.launch.py
[1.828s] -- Up-to-date: /home/francisco/ros2-ws/install/usb_camera_driver/share/usb_camera_driver/launch/__pycache__
[1.829s] -- Up-to-date: /home/francisco/ros2-ws/install/usb_camera_driver/share/usb_camera_driver/launch/__pycache__/usb_camera_node.launch.cpython-38.pyc
[1.829s] -- Up-to-date: /home/francisco/ros2-ws/install/usb_camera_driver/share/usb_camera_driver/config
[1.829s] -- Up-to-date: /home/francisco/ros2-ws/install/usb_camera_driver/share/usb_camera_driver/config/config.yaml
[1.829s] -- Up-to-date: /home/francisco/ros2-ws/install/usb_camera_driver/share/usb_camera_driver/config/camera.yaml
[1.830s] -- Up-to-date: /home/francisco/ros2-ws/install/usb_camera_driver/share/ament_index/resource_index/package_run_dependencies/usb_camera_driver
[1.830s] -- Up-to-date: /home/francisco/ros2-ws/install/usb_camera_driver/share/ament_index/resource_index/parent_prefix_path/usb_camera_driver
[1.830s] -- Up-to-date: /home/francisco/ros2-ws/install/usb_camera_driver/share/usb_camera_driver/environment/ament_prefix_path.sh
[1.830s] -- Up-to-date: /home/francisco/ros2-ws/install/usb_camera_driver/share/usb_camera_driver/environment/ament_prefix_path.dsv
[1.831s] -- Up-to-date: /home/francisco/ros2-ws/install/usb_camera_driver/share/usb_camera_driver/environment/path.sh
[1.831s] -- Up-to-date: /home/francisco/ros2-ws/install/usb_camera_driver/share/usb_camera_driver/environment/path.dsv
[1.831s] -- Up-to-date: /home/francisco/ros2-ws/install/usb_camera_driver/share/usb_camera_driver/local_setup.bash
[1.831s] -- Up-to-date: /home/francisco/ros2-ws/install/usb_camera_driver/share/usb_camera_driver/local_setup.sh
[1.831s] -- Up-to-date: /home/francisco/ros2-ws/install/usb_camera_driver/share/usb_camera_driver/local_setup.zsh
[1.831s] -- Up-to-date: /home/francisco/ros2-ws/install/usb_camera_driver/share/usb_camera_driver/local_setup.dsv
[1.832s] -- Installing: /home/francisco/ros2-ws/install/usb_camera_driver/share/usb_camera_driver/package.dsv
[1.836s] -- Up-to-date: /home/francisco/ros2-ws/install/usb_camera_driver/share/ament_index/resource_index/packages/usb_camera_driver
[1.836s] -- Up-to-date: /home/francisco/ros2-ws/install/usb_camera_driver/share/ament_index/resource_index/rclcpp_components/usb_camera_driver
[1.837s] -- Up-to-date: /home/francisco/ros2-ws/install/usb_camera_driver/share/usb_camera_driver/cmake/usb_camera_driverConfig.cmake
[1.837s] -- Up-to-date: /home/francisco/ros2-ws/install/usb_camera_driver/share/usb_camera_driver/cmake/usb_camera_driverConfig-version.cmake
[1.838s] -- Up-to-date: /home/francisco/ros2-ws/install/usb_camera_driver/share/usb_camera_driver/package.xml
[1.868s] Invoked command in '/home/francisco/ros2-ws/build/usb_camera_driver' returned '0': CMAKE_PREFIX_PATH=${CMAKE_PREFIX_PATH}:/home/francisco/ros2-ws/install/monitoring_station_tfm:/home/francisco/ros2-ws/install/monitoring-station-tfm:/opt/ros/foxy /usr/bin/cmake --install /home/francisco/ros2-ws/build/usb_camera_driver
