[0.143s] Invoking command in '/home/francisco/ros2-ws/build/web_video_server': CMAKE_PREFIX_PATH=${CMAKE_PREFIX_PATH}:/home/francisco/ros2-ws/install/monitoring_station_tfm:/home/francisco/ros2-ws/install/monitoring-station-tfm:/home/francisco/ros2-ws/install/camera_driver:/opt/ros/foxy /usr/bin/cmake --build /home/francisco/ros2-ws/build/web_video_server -- -j4 -l4
[0.434s] [100%] Built target web_video_server
[0.492s] Invoked command in '/home/francisco/ros2-ws/build/web_video_server' returned '0': CMAKE_PREFIX_PATH=${CMAKE_PREFIX_PATH}:/home/francisco/ros2-ws/install/monitoring_station_tfm:/home/francisco/ros2-ws/install/monitoring-station-tfm:/home/francisco/ros2-ws/install/camera_driver:/opt/ros/foxy /usr/bin/cmake --build /home/francisco/ros2-ws/build/web_video_server -- -j4 -l4
[0.628s] Invoking command in '/home/francisco/ros2-ws/build/web_video_server': CMAKE_PREFIX_PATH=${CMAKE_PREFIX_PATH}:/home/francisco/ros2-ws/install/monitoring_station_tfm:/home/francisco/ros2-ws/install/monitoring-station-tfm:/home/francisco/ros2-ws/install/camera_driver:/opt/ros/foxy /usr/bin/cmake --install /home/francisco/ros2-ws/build/web_video_server
[0.658s] -- Install configuration: ""
[0.659s] -- Up-to-date: /home/francisco/ros2-ws/install/web_video_server/lib/web_video_server/web_video_server
[0.660s] -- Up-to-date: /home/francisco/ros2-ws/install/web_video_server/include/web_video_server
[0.663s] -- Up-to-date: /home/francisco/ros2-ws/install/web_video_server/include/web_video_server/png_streamers.h
[0.663s] -- Up-to-date: /home/francisco/ros2-ws/install/web_video_server/include/web_video_server/h264_streamer.h
[0.664s] -- Up-to-date: /home/francisco/ros2-ws/install/web_video_server/include/web_video_server/multipart_stream.h
[0.665s] -- Up-to-date: /home/francisco/ros2-ws/install/web_video_server/include/web_video_server/web_video_server.h
[0.665s] -- Up-to-date: /home/francisco/ros2-ws/install/web_video_server/include/web_video_server/ros_compressed_streamer.h
[0.665s] -- Up-to-date: /home/francisco/ros2-ws/install/web_video_server/include/web_video_server/jpeg_streamers.h
[0.666s] -- Up-to-date: /home/francisco/ros2-ws/install/web_video_server/include/web_video_server/vp8_streamer.h
[0.666s] -- Up-to-date: /home/francisco/ros2-ws/install/web_video_server/include/web_video_server/image_streamer.h
[0.667s] -- Up-to-date: /home/francisco/ros2-ws/install/web_video_server/include/web_video_server/libav_streamer.h
[0.667s] -- Up-to-date: /home/francisco/ros2-ws/install/web_video_server/include/web_video_server/vp9_streamer.h
[0.668s] -- Up-to-date: /home/francisco/ros2-ws/install/web_video_server/share/web_video_server/launch
[0.668s] -- Installing: /home/francisco/ros2-ws/install/web_video_server/share/web_video_server/launch/web_video_server.xml
[0.668s] -- Up-to-date: /home/francisco/ros2-ws/install/web_video_server/share/web_video_server
[0.669s] -- Up-to-date: /home/francisco/ros2-ws/install/web_video_server/share/web_video_server/web_video_server.yaml
[0.670s] -- Up-to-date: /home/francisco/ros2-ws/install/web_video_server/share/ament_index/resource_index/package_run_dependencies/web_video_server
[0.672s] -- Up-to-date: /home/francisco/ros2-ws/install/web_video_server/share/ament_index/resource_index/parent_prefix_path/web_video_server
[0.680s] -- Up-to-date: /home/francisco/ros2-ws/install/web_video_server/share/web_video_server/environment/ament_prefix_path.sh
[0.680s] -- Up-to-date: /home/francisco/ros2-ws/install/web_video_server/share/web_video_server/environment/ament_prefix_path.dsv
[0.681s] -- Up-to-date: /home/francisco/ros2-ws/install/web_video_server/share/web_video_server/environment/path.sh
[0.682s] -- Up-to-date: /home/francisco/ros2-ws/install/web_video_server/share/web_video_server/environment/path.dsv
[0.682s] -- Up-to-date: /home/francisco/ros2-ws/install/web_video_server/share/web_video_server/local_setup.bash
[0.683s] -- Up-to-date: /home/francisco/ros2-ws/install/web_video_server/share/web_video_server/local_setup.sh
[0.683s] -- Up-to-date: /home/francisco/ros2-ws/install/web_video_server/share/web_video_server/local_setup.zsh
[0.684s] -- Up-to-date: /home/francisco/ros2-ws/install/web_video_server/share/web_video_server/local_setup.dsv
[0.684s] -- Installing: /home/francisco/ros2-ws/install/web_video_server/share/web_video_server/package.dsv
[0.685s] -- Up-to-date: /home/francisco/ros2-ws/install/web_video_server/share/ament_index/resource_index/packages/web_video_server
[0.685s] -- Up-to-date: /home/francisco/ros2-ws/install/web_video_server/share/web_video_server/cmake/web_video_serverConfig.cmake
[0.685s] -- Up-to-date: /home/francisco/ros2-ws/install/web_video_server/share/web_video_server/cmake/web_video_serverConfig-version.cmake
[0.691s] -- Up-to-date: /home/francisco/ros2-ws/install/web_video_server/share/web_video_server/package.xml
[0.692s] Invoked command in '/home/francisco/ros2-ws/build/web_video_server' returned '0': CMAKE_PREFIX_PATH=${CMAKE_PREFIX_PATH}:/home/francisco/ros2-ws/install/monitoring_station_tfm:/home/francisco/ros2-ws/install/monitoring-station-tfm:/home/francisco/ros2-ws/install/camera_driver:/opt/ros/foxy /usr/bin/cmake --install /home/francisco/ros2-ws/build/web_video_server
