[0.035s] Invoking command in '/home/francisco/ros2-ws/build/web_video_server': CMAKE_PREFIX_PATH=${CMAKE_PREFIX_PATH}:/home/francisco/ros2-ws/install/monitoring_station_tfm:/home/francisco/ros2-ws/install/monitoring-station-tfm:/home/francisco/ros2-ws/install/camera_driver:/opt/ros/foxy /usr/bin/cmake /home/francisco/ros2-ws/src/web_video_server -DCMAKE_INSTALL_PREFIX=/home/francisco/ros2-ws/install/web_video_server
[0.094s] -- Found ament_cmake_ros: 0.9.2 (/opt/ros/foxy/share/ament_cmake_ros/cmake)
[0.302s] -- Found PythonInterp: /usr/bin/python3 (found suitable version "3.8.10", minimum required is "3") 
[0.302s] -- Using PYTHON_EXECUTABLE: /usr/bin/python3
[0.990s] -- Found async_web_server_cpp: 2.0.0 (/opt/ros/foxy/share/async_web_server_cpp/cmake)
[2.106s] -- Found Boost: /usr/lib/x86_64-linux-gnu/cmake/Boost-1.71.0/BoostConfig.cmake (found suitable version "1.71.0", minimum required is "1.71.0") found components: filesystem regex thread 
[2.353s] -- Found cv_bridge: 3.0.7 (/opt/ros/foxy/share/cv_bridge/cmake)
[2.853s] -- Using all available rosidl_typesupport_c: rosidl_typesupport_fastrtps_c;rosidl_typesupport_introspection_c
[2.920s] -- Found rosidl_adapter: 1.3.0 (/opt/ros/foxy/share/rosidl_adapter/cmake)
[3.650s] -- Found OpenSSL: /usr/lib/x86_64-linux-gnu/libcrypto.so (found version "1.1.1f")  
[3.744s] -- Found FastRTPS: /opt/ros/foxy/include  
[4.148s] -- Using all available rosidl_typesupport_cpp: rosidl_typesupport_fastrtps_cpp;rosidl_typesupport_introspection_cpp
[4.886s] -- Found image_transport: 2.4.0 (/opt/ros/foxy/share/image_transport/cmake)
[5.232s] -- Found rmw_implementation_cmake: 1.0.4 (/opt/ros/foxy/share/rmw_implementation_cmake/cmake)
[5.238s] -- Using RMW implementation 'rmw_fastrtps_cpp' as default
[5.241s] -- Found Threads: TRUE  
[6.051s] -- Found OpenCV: /usr (found version "4.2.0") 
[6.060s] -- Found Boost: /usr/lib/x86_64-linux-gnu/cmake/Boost-1.71.0/BoostConfig.cmake (found version "1.71.0") found components: thread 
[6.071s] -- Found PkgConfig: /usr/bin/pkg-config (found version "0.29.1") 
[6.074s] -- Checking for module 'libavcodec'
[6.146s] --   Found libavcodec, version 58.54.100
[6.251s] -- Checking for module 'libavformat'
[6.323s] --   Found libavformat, version 58.29.100
[6.432s] -- Checking for module 'libavutil'
[6.485s] --   Found libavutil, version 56.31.100
[6.595s] -- Checking for module 'libswscale'
[6.666s] --   Found libswscale, version 5.5.100
[7.059s] -- Configuring done
[7.306s] -- Generating done
[7.309s] -- Build files have been written to: /home/francisco/ros2-ws/build/web_video_server
[7.331s] Invoked command in '/home/francisco/ros2-ws/build/web_video_server' returned '0': CMAKE_PREFIX_PATH=${CMAKE_PREFIX_PATH}:/home/francisco/ros2-ws/install/monitoring_station_tfm:/home/francisco/ros2-ws/install/monitoring-station-tfm:/home/francisco/ros2-ws/install/camera_driver:/opt/ros/foxy /usr/bin/cmake /home/francisco/ros2-ws/src/web_video_server -DCMAKE_INSTALL_PREFIX=/home/francisco/ros2-ws/install/web_video_server
[7.342s] Invoking command in '/home/francisco/ros2-ws/build/web_video_server': CMAKE_PREFIX_PATH=${CMAKE_PREFIX_PATH}:/home/francisco/ros2-ws/install/monitoring_station_tfm:/home/francisco/ros2-ws/install/monitoring-station-tfm:/home/francisco/ros2-ws/install/camera_driver:/opt/ros/foxy /usr/bin/cmake --build /home/francisco/ros2-ws/build/web_video_server -- -j4 -l4
[7.452s] [35m[1mScanning dependencies of target web_video_server[0m
[9.609s] [  9%] [32mBuilding CXX object CMakeFiles/web_video_server.dir/src/web_video_server.cpp.o[0m
[9.611s] [ 18%] [32mBuilding CXX object CMakeFiles/web_video_server.dir/src/vp8_streamer.cpp.o[0m
[9.612s] [ 36%] [32mBuilding CXX object CMakeFiles/web_video_server.dir/src/image_streamer.cpp.o[0m
[9.613s] [ 27%] [32mBuilding CXX object CMakeFiles/web_video_server.dir/src/libav_streamer.cpp.o[0m
[35.788s] [01m[K/home/francisco/ros2-ws/src/web_video_server/src/libav_streamer.cpp:[m[K In constructor ‘[01m[Kweb_video_server::LibavStreamer::LibavStreamer(const async_web_server_cpp::HttpRequest&, async_web_server_cpp::HttpConnectionPtr, rclcpp::Node::SharedPtr, const string&, const string&, const string&)[m[K’:
[35.789s] [01m[K/home/francisco/ros2-ws/src/web_video_server/src/libav_streamer.cpp:65:55:[m[K [01;35m[Kwarning: [m[K‘[01m[Kint av_lockmgr_register(int (*)(void**, AVLockOp))[m[K’ is deprecated [[01;35m[K-Wdeprecated-declarations[m[K]
[35.789s]    65 |   av_lockmgr_register(&ffmpeg_boost_mutex_lock_manager[01;35m[K)[m[K;
[35.789s]       |                                                       [01;35m[K^[m[K
[35.790s] In file included from [01m[K/home/francisco/ros2-ws/src/web_video_server/include/web_video_server/libav_streamer.h:11[m[K,
[35.791s]                  from [01m[K/home/francisco/ros2-ws/src/web_video_server/src/libav_streamer.cpp:1[m[K:
[35.791s] [01m[K/usr/include/x86_64-linux-gnu/libavcodec/avcodec.h:6163:5:[m[K [01;36m[Knote: [m[Kdeclared here
[35.791s]  6163 | int [01;36m[Kav_lockmgr_register[m[K(int (*cb)(void **mutex, enum AVLockOp op));
[35.792s]       |     [01;36m[K^~~~~~~~~~~~~~~~~~~[m[K
[35.792s] [01m[K/home/francisco/ros2-ws/src/web_video_server/src/libav_streamer.cpp:65:55:[m[K [01;35m[Kwarning: [m[K‘[01m[Kint av_lockmgr_register(int (*)(void**, AVLockOp))[m[K’ is deprecated [[01;35m[K-Wdeprecated-declarations[m[K]
[35.792s]    65 |   av_lockmgr_register(&ffmpeg_boost_mutex_lock_manager[01;35m[K)[m[K;
[35.793s]       |                                                       [01;35m[K^[m[K
[35.793s] In file included from [01m[K/home/francisco/ros2-ws/src/web_video_server/include/web_video_server/libav_streamer.h:11[m[K,
[35.793s]                  from [01m[K/home/francisco/ros2-ws/src/web_video_server/src/libav_streamer.cpp:1[m[K:
[35.794s] [01m[K/usr/include/x86_64-linux-gnu/libavcodec/avcodec.h:6163:5:[m[K [01;36m[Knote: [m[Kdeclared here
[35.794s]  6163 | int [01;36m[Kav_lockmgr_register[m[K(int (*cb)(void **mutex, enum AVLockOp op));
[35.795s]       |     [01;36m[K^~~~~~~~~~~~~~~~~~~[m[K
[35.795s] [01m[K/home/francisco/ros2-ws/src/web_video_server/src/libav_streamer.cpp:66:19:[m[K [01;35m[Kwarning: [m[K‘[01m[Kvoid av_register_all()[m[K’ is deprecated [[01;35m[K-Wdeprecated-declarations[m[K]
[35.795s]    66 |   av_register_all([01;35m[K)[m[K;
[35.795s]       |                   [01;35m[K^[m[K
[35.796s] In file included from [01m[K/home/francisco/ros2-ws/src/web_video_server/include/web_video_server/libav_streamer.h:12[m[K,
[35.796s]                  from [01m[K/home/francisco/ros2-ws/src/web_video_server/src/libav_streamer.cpp:1[m[K:
[35.796s] [01m[K/usr/include/x86_64-linux-gnu/libavformat/avformat.h:2050:6:[m[K [01;36m[Knote: [m[Kdeclared here
[35.797s]  2050 | void [01;36m[Kav_register_all[m[K(void);
[35.798s]       |      [01;36m[K^~~~~~~~~~~~~~~[m[K
[35.798s] [01m[K/home/francisco/ros2-ws/src/web_video_server/src/libav_streamer.cpp:66:19:[m[K [01;35m[Kwarning: [m[K‘[01m[Kvoid av_register_all()[m[K’ is deprecated [[01;35m[K-Wdeprecated-declarations[m[K]
[35.799s]    66 |   av_register_all([01;35m[K)[m[K;
[35.799s]       |                   [01;35m[K^[m[K
[35.799s] In file included from [01m[K/home/francisco/ros2-ws/src/web_video_server/include/web_video_server/libav_streamer.h:12[m[K,
[35.800s]                  from [01m[K/home/francisco/ros2-ws/src/web_video_server/src/libav_streamer.cpp:1[m[K:
[35.800s] [01m[K/usr/include/x86_64-linux-gnu/libavformat/avformat.h:2050:6:[m[K [01;36m[Knote: [m[Kdeclared here
[35.800s]  2050 | void [01;36m[Kav_register_all[m[K(void);
[35.800s]       |      [01;36m[K^~~~~~~~~~~~~~~[m[K
[35.801s] [01m[K/home/francisco/ros2-ws/src/web_video_server/src/libav_streamer.cpp:[m[K In member function ‘[01m[Kvirtual void web_video_server::LibavStreamer::initialize(const cv::Mat&)[m[K’:
[35.813s] [01m[K/home/francisco/ros2-ws/src/web_video_server/src/libav_streamer.cpp:160:35:[m[K [01;35m[Kwarning: [m[K‘[01m[KAVStream::codec[m[K’ is deprecated [[01;35m[K-Wdeprecated-declarations[m[K]
[35.814s]   160 |   codec_context_ = video_stream_->[01;35m[Kcodec[m[K;
[35.814s]       |                                   [01;35m[K^~~~~[m[K
[35.815s] In file included from [01m[K/home/francisco/ros2-ws/src/web_video_server/include/web_video_server/libav_streamer.h:12[m[K,
[35.815s]                  from [01m[K/home/francisco/ros2-ws/src/web_video_server/src/libav_streamer.cpp:1[m[K:
[35.815s] [01m[K/usr/include/x86_64-linux-gnu/libavformat/avformat.h:885:21:[m[K [01;36m[Knote: [m[Kdeclared here
[35.816s]   885 |     AVCodecContext *[01;36m[Kcodec[m[K;
[35.816s]       |                     [01;36m[K^~~~~[m[K
[35.816s] [01m[K/home/francisco/ros2-ws/src/web_video_server/src/libav_streamer.cpp:160:35:[m[K [01;35m[Kwarning: [m[K‘[01m[KAVStream::codec[m[K’ is deprecated [[01;35m[K-Wdeprecated-declarations[m[K]
[35.817s]   160 |   codec_context_ = video_stream_->[01;35m[Kcodec[m[K;
[35.817s]       |                                   [01;35m[K^~~~~[m[K
[35.817s] In file included from [01m[K/home/francisco/ros2-ws/src/web_video_server/include/web_video_server/libav_streamer.h:12[m[K,
[35.818s]                  from [01m[K/home/francisco/ros2-ws/src/web_video_server/src/libav_streamer.cpp:1[m[K:
[35.818s] [01m[K/usr/include/x86_64-linux-gnu/libavformat/avformat.h:885:21:[m[K [01;36m[Knote: [m[Kdeclared here
[35.818s]   885 |     AVCodecContext *[01;36m[Kcodec[m[K;
[35.819s]       |                     [01;36m[K^~~~~[m[K
[35.819s] [01m[K/home/francisco/ros2-ws/src/web_video_server/src/libav_streamer.cpp:160:35:[m[K [01;35m[Kwarning: [m[K‘[01m[KAVStream::codec[m[K’ is deprecated [[01;35m[K-Wdeprecated-declarations[m[K]
[35.819s]   160 |   codec_context_ = video_stream_->[01;35m[Kcodec[m[K;
[35.820s]       |                                   [01;35m[K^~~~~[m[K
[35.820s] In file included from [01m[K/home/francisco/ros2-ws/src/web_video_server/include/web_video_server/libav_streamer.h:12[m[K,
[35.820s]                  from [01m[K/home/francisco/ros2-ws/src/web_video_server/src/libav_streamer.cpp:1[m[K:
[35.821s] [01m[K/usr/include/x86_64-linux-gnu/libavformat/avformat.h:885:21:[m[K [01;36m[Knote: [m[Kdeclared here
[35.821s]   885 |     AVCodecContext *[01;36m[Kcodec[m[K;
[35.821s]       |                     [01;36m[K^~~~~[m[K
[39.953s] [ 45%] [32mBuilding CXX object CMakeFiles/web_video_server.dir/src/h264_streamer.cpp.o[0m
[40.963s] [ 54%] [32mBuilding CXX object CMakeFiles/web_video_server.dir/src/vp9_streamer.cpp.o[0m
[41.306s] [ 63%] [32mBuilding CXX object CMakeFiles/web_video_server.dir/src/multipart_stream.cpp.o[0m
[45.211s] [ 72%] [32mBuilding CXX object CMakeFiles/web_video_server.dir/src/ros_compressed_streamer.cpp.o[0m
[56.214s] [ 81%] [32mBuilding CXX object CMakeFiles/web_video_server.dir/src/jpeg_streamers.cpp.o[0m
[61.241s] [ 90%] [32mBuilding CXX object CMakeFiles/web_video_server.dir/src/png_streamers.cpp.o[0m
[79.624s] [100%] [32m[1mLinking CXX executable web_video_server[0m
[81.685s] [100%] Built target web_video_server
[81.710s] Invoked command in '/home/francisco/ros2-ws/build/web_video_server' returned '0': CMAKE_PREFIX_PATH=${CMAKE_PREFIX_PATH}:/home/francisco/ros2-ws/install/monitoring_station_tfm:/home/francisco/ros2-ws/install/monitoring-station-tfm:/home/francisco/ros2-ws/install/camera_driver:/opt/ros/foxy /usr/bin/cmake --build /home/francisco/ros2-ws/build/web_video_server -- -j4 -l4
[81.855s] Invoking command in '/home/francisco/ros2-ws/build/web_video_server': CMAKE_PREFIX_PATH=${CMAKE_PREFIX_PATH}:/home/francisco/ros2-ws/install/monitoring_station_tfm:/home/francisco/ros2-ws/install/monitoring-station-tfm:/home/francisco/ros2-ws/install/camera_driver:/opt/ros/foxy /usr/bin/cmake --install /home/francisco/ros2-ws/build/web_video_server
[81.874s] -- Install configuration: ""
[81.874s] -- Installing: /home/francisco/ros2-ws/install/web_video_server/lib/web_video_server/web_video_server
[81.881s] -- Set runtime path of "/home/francisco/ros2-ws/install/web_video_server/lib/web_video_server/web_video_server" to ""
[81.882s] -- Installing: /home/francisco/ros2-ws/install/web_video_server/include/web_video_server
[81.882s] -- Installing: /home/francisco/ros2-ws/install/web_video_server/include/web_video_server/png_streamers.h
[81.883s] -- Installing: /home/francisco/ros2-ws/install/web_video_server/include/web_video_server/h264_streamer.h
[81.883s] -- Installing: /home/francisco/ros2-ws/install/web_video_server/include/web_video_server/multipart_stream.h
[81.884s] -- Installing: /home/francisco/ros2-ws/install/web_video_server/include/web_video_server/web_video_server.h
[81.884s] -- Installing: /home/francisco/ros2-ws/install/web_video_server/include/web_video_server/ros_compressed_streamer.h
[81.885s] -- Installing: /home/francisco/ros2-ws/install/web_video_server/include/web_video_server/jpeg_streamers.h
[81.885s] -- Installing: /home/francisco/ros2-ws/install/web_video_server/include/web_video_server/vp8_streamer.h
[81.886s] -- Installing: /home/francisco/ros2-ws/install/web_video_server/include/web_video_server/image_streamer.h
[81.886s] -- Installing: /home/francisco/ros2-ws/install/web_video_server/include/web_video_server/libav_streamer.h
[81.886s] -- Installing: /home/francisco/ros2-ws/install/web_video_server/include/web_video_server/vp9_streamer.h
[81.887s] -- Installing: /home/francisco/ros2-ws/install/web_video_server/share/ament_index/resource_index/package_run_dependencies/web_video_server
[81.887s] -- Installing: /home/francisco/ros2-ws/install/web_video_server/share/ament_index/resource_index/parent_prefix_path/web_video_server
[81.887s] -- Installing: /home/francisco/ros2-ws/install/web_video_server/share/web_video_server/environment/ament_prefix_path.sh
[81.888s] -- Installing: /home/francisco/ros2-ws/install/web_video_server/share/web_video_server/environment/ament_prefix_path.dsv
[81.888s] -- Installing: /home/francisco/ros2-ws/install/web_video_server/share/web_video_server/environment/path.sh
[81.888s] -- Installing: /home/francisco/ros2-ws/install/web_video_server/share/web_video_server/environment/path.dsv
[81.889s] -- Installing: /home/francisco/ros2-ws/install/web_video_server/share/web_video_server/local_setup.bash
[81.889s] -- Installing: /home/francisco/ros2-ws/install/web_video_server/share/web_video_server/local_setup.sh
[81.890s] -- Installing: /home/francisco/ros2-ws/install/web_video_server/share/web_video_server/local_setup.zsh
[81.890s] -- Installing: /home/francisco/ros2-ws/install/web_video_server/share/web_video_server/local_setup.dsv
[81.890s] -- Installing: /home/francisco/ros2-ws/install/web_video_server/share/web_video_server/package.dsv
[81.891s] -- Installing: /home/francisco/ros2-ws/install/web_video_server/share/ament_index/resource_index/packages/web_video_server
[81.891s] -- Installing: /home/francisco/ros2-ws/install/web_video_server/share/web_video_server/cmake/web_video_serverConfig.cmake
[81.891s] -- Installing: /home/francisco/ros2-ws/install/web_video_server/share/web_video_server/cmake/web_video_serverConfig-version.cmake
[81.892s] -- Installing: /home/francisco/ros2-ws/install/web_video_server/share/web_video_server/package.xml
[81.896s] Invoked command in '/home/francisco/ros2-ws/build/web_video_server' returned '0': CMAKE_PREFIX_PATH=${CMAKE_PREFIX_PATH}:/home/francisco/ros2-ws/install/monitoring_station_tfm:/home/francisco/ros2-ws/install/monitoring-station-tfm:/home/francisco/ros2-ws/install/camera_driver:/opt/ros/foxy /usr/bin/cmake --install /home/francisco/ros2-ws/build/web_video_server
