[0.079s] Invoking command in '/home/francisco/ros2-ws/build/web_video_server': /usr/bin/cmake --build /home/francisco/ros2-ws/build/web_video_server -- -j4 -l4
[1.029s] [100%] Built target web_video_server
[1.049s] Invoked command in '/home/francisco/ros2-ws/build/web_video_server' returned '0': /usr/bin/cmake --build /home/francisco/ros2-ws/build/web_video_server -- -j4 -l4
[1.109s] Invoking command in '/home/francisco/ros2-ws/build/web_video_server': /usr/bin/cmake --install /home/francisco/ros2-ws/build/web_video_server
[1.193s] -- Install configuration: ""
[1.236s] -- Up-to-date: /home/francisco/ros2-ws/install/web_video_server/lib/web_video_server/web_video_server
[1.252s] -- Up-to-date: /home/francisco/ros2-ws/install/web_video_server/include/web_video_server
[1.283s] -- Up-to-date: /home/francisco/ros2-ws/install/web_video_server/include/web_video_server/png_streamers.h
[1.283s] -- Up-to-date: /home/francisco/ros2-ws/install/web_video_server/include/web_video_server/h264_streamer.h
[1.284s] -- Up-to-date: /home/francisco/ros2-ws/install/web_video_server/include/web_video_server/multipart_stream.h
[1.284s] -- Up-to-date: /home/francisco/ros2-ws/install/web_video_server/include/web_video_server/web_video_server.h
[1.284s] -- Up-to-date: /home/francisco/ros2-ws/install/web_video_server/include/web_video_server/ros_compressed_streamer.h
[1.284s] -- Up-to-date: /home/francisco/ros2-ws/install/web_video_server/include/web_video_server/jpeg_streamers.h
[1.284s] -- Up-to-date: /home/francisco/ros2-ws/install/web_video_server/include/web_video_server/vp8_streamer.h
[1.284s] -- Up-to-date: /home/francisco/ros2-ws/install/web_video_server/include/web_video_server/image_streamer.h
[1.285s] -- Up-to-date: /home/francisco/ros2-ws/install/web_video_server/include/web_video_server/libav_streamer.h
[1.285s] -- Up-to-date: /home/francisco/ros2-ws/install/web_video_server/include/web_video_server/vp9_streamer.h
[1.285s] -- Up-to-date: /home/francisco/ros2-ws/install/web_video_server/share/web_video_server/launch
[1.334s] -- Up-to-date: /home/francisco/ros2-ws/install/web_video_server/share/web_video_server/launch/web_video_server.xml
[1.334s] -- Up-to-date: /home/francisco/ros2-ws/install/web_video_server/share/web_video_server
[1.334s] -- Up-to-date: /home/francisco/ros2-ws/install/web_video_server/share/web_video_server/web_video_server.yaml
[1.343s] -- Up-to-date: /home/francisco/ros2-ws/install/web_video_server/share/ament_index/resource_index/package_run_dependencies/web_video_server
[1.345s] -- Up-to-date: /home/francisco/ros2-ws/install/web_video_server/share/ament_index/resource_index/parent_prefix_path/web_video_server
[1.345s] -- Up-to-date: /home/francisco/ros2-ws/install/web_video_server/share/web_video_server/environment/ament_prefix_path.sh
[1.346s] -- Up-to-date: /home/francisco/ros2-ws/install/web_video_server/share/web_video_server/environment/ament_prefix_path.dsv
[1.346s] -- Up-to-date: /home/francisco/ros2-ws/install/web_video_server/share/web_video_server/environment/path.sh
[1.346s] -- Up-to-date: /home/francisco/ros2-ws/install/web_video_server/share/web_video_server/environment/path.dsv
[1.347s] -- Up-to-date: /home/francisco/ros2-ws/install/web_video_server/share/web_video_server/local_setup.bash
[1.347s] -- Up-to-date: /home/francisco/ros2-ws/install/web_video_server/share/web_video_server/local_setup.sh
[1.347s] -- Up-to-date: /home/francisco/ros2-ws/install/web_video_server/share/web_video_server/local_setup.zsh
[1.347s] -- Up-to-date: /home/francisco/ros2-ws/install/web_video_server/share/web_video_server/local_setup.dsv
[1.347s] -- Installing: /home/francisco/ros2-ws/install/web_video_server/share/web_video_server/package.dsv
[1.369s] -- Up-to-date: /home/francisco/ros2-ws/install/web_video_server/share/ament_index/resource_index/packages/web_video_server
[1.373s] -- Up-to-date: /home/francisco/ros2-ws/install/web_video_server/share/web_video_server/cmake/web_video_serverConfig.cmake
[1.373s] -- Up-to-date: /home/francisco/ros2-ws/install/web_video_server/share/web_video_server/cmake/web_video_serverConfig-version.cmake
[1.375s] -- Up-to-date: /home/francisco/ros2-ws/install/web_video_server/share/web_video_server/package.xml
[1.387s] Invoked command in '/home/francisco/ros2-ws/build/web_video_server' returned '0': /usr/bin/cmake --install /home/francisco/ros2-ws/build/web_video_server
