[0.142s] Invoking command in '/home/francisco/ros2-ws/build/usb_camera_driver': CMAKE_PREFIX_PATH=/opt/ros/foxy /usr/bin/cmake /home/francisco/ros2-ws/src/ros2_usb_camera -DCMAKE_INSTALL_PREFIX=/home/francisco/ros2-ws/install/usb_camera_driver
[2.881s] -- The C compiler identification is GNU 9.4.0
[4.603s] -- The CXX compiler identification is GNU 9.4.0
[4.743s] -- Check for working C compiler: /usr/bin/cc
[5.023s] -- Check for working C compiler: /usr/bin/cc -- works
[5.054s] -- Detecting C compiler ABI info
[5.276s] -- Detecting C compiler ABI info - done
[5.312s] -- Detecting C compile features
[5.329s] -- Detecting C compile features - done
[5.358s] -- Check for working CXX compiler: /usr/bin/c++
[5.555s] -- Check for working CXX compiler: /usr/bin/c++ -- works
[5.557s] -- Detecting CXX compiler ABI info
[5.746s] -- Detecting CXX compiler ABI info - done
[5.776s] -- Detecting CXX compile features
[5.778s] -- Detecting CXX compile features - done
[5.937s] -- Found ament_cmake: 0.9.11 (/opt/ros/foxy/share/ament_cmake/cmake)
[6.054s] -- Found PythonInterp: /usr/bin/python3 (found suitable version "3.8.10", minimum required is "3") 
[6.054s] -- Using PYTHON_EXECUTABLE: /usr/bin/python3
[6.736s] -- Found rclcpp: 2.4.2 (/opt/ros/foxy/share/rclcpp/cmake)
[7.059s] -- Using all available rosidl_typesupport_c: rosidl_typesupport_fastrtps_c;rosidl_typesupport_introspection_c
[7.109s] -- Found rosidl_adapter: 1.3.0 (/opt/ros/foxy/share/rosidl_adapter/cmake)
[7.729s] -- Found OpenSSL: /usr/lib/x86_64-linux-gnu/libcrypto.so (found version "1.1.1f")  
[7.804s] -- Found FastRTPS: /opt/ros/foxy/include  
[8.104s] -- Using all available rosidl_typesupport_cpp: rosidl_typesupport_fastrtps_cpp;rosidl_typesupport_introspection_cpp
[8.445s] -- Found rmw_implementation_cmake: 1.0.4 (/opt/ros/foxy/share/rmw_implementation_cmake/cmake)
[8.451s] -- Using RMW implementation 'rmw_fastrtps_cpp' as default
[8.473s] -- Looking for pthread.h
[8.810s] -- Looking for pthread.h - found
[8.811s] -- Performing Test CMAKE_HAVE_LIBC_PTHREAD
[9.015s] -- Performing Test CMAKE_HAVE_LIBC_PTHREAD - Failed
[9.016s] -- Looking for pthread_create in pthreads
[9.220s] -- Looking for pthread_create in pthreads - not found
[9.220s] -- Looking for pthread_create in pthread
[9.400s] -- Looking for pthread_create in pthread - found
[9.403s] -- Found Threads: TRUE  
[9.987s] -- Found rclcpp_components: 2.4.2 (/opt/ros/foxy/share/rclcpp_components/cmake)
[10.245s] -- Found sensor_msgs: 2.0.5 (/opt/ros/foxy/share/sensor_msgs/cmake)
[10.590s] CMake Error at CMakeLists.txt:21 (find_package):
[10.590s]   By not providing "Findcamera_info_manager.cmake" in CMAKE_MODULE_PATH this
[10.590s]   project has asked CMake to find a package configuration file provided by
[10.590s]   "camera_info_manager", but CMake did not find one.
[10.591s] 
[10.591s]   Could not find a package configuration file provided by
[10.591s]   "camera_info_manager" with any of the following names:
[10.591s] 
[10.591s]     camera_info_managerConfig.cmake
[10.592s]     camera_info_manager-config.cmake
[10.592s] 
[10.592s]   Add the installation prefix of "camera_info_manager" to CMAKE_PREFIX_PATH
[10.592s]   or set "camera_info_manager_DIR" to a directory containing one of the above
[10.592s]   files.  If "camera_info_manager" provides a separate development package or
[10.592s]   SDK, be sure it has been installed.
[10.593s] 
[10.593s] 
[10.593s] -- Configuring incomplete, errors occurred!
[10.593s] See also "/home/francisco/ros2-ws/build/usb_camera_driver/CMakeFiles/CMakeOutput.log".
[10.594s] See also "/home/francisco/ros2-ws/build/usb_camera_driver/CMakeFiles/CMakeError.log".
[10.609s] Invoked command in '/home/francisco/ros2-ws/build/usb_camera_driver' returned '1': CMAKE_PREFIX_PATH=/opt/ros/foxy /usr/bin/cmake /home/francisco/ros2-ws/src/ros2_usb_camera -DCMAKE_INSTALL_PREFIX=/home/francisco/ros2-ws/install/usb_camera_driver
