[0.131s] Invoking command in '/home/francisco/ros2-ws/build/rosbridge_server': AMENT_PREFIX_PATH=/home/francisco/ros2-ws/install/rosapi:/home/francisco/ros2-ws/install/rosbridge_library:/home/francisco/ros2-ws/install/rosbridge_msgs:/home/francisco/ros2-ws/install/rosapi_msgs CMAKE_PREFIX_PATH=/home/francisco/ros2-ws/install/rosapi:/home/francisco/ros2-ws/install/rosbridge_library:/home/francisco/ros2-ws/install/rosbridge_msgs:/home/francisco/ros2-ws/install/rosapi_msgs LD_LIBRARY_PATH=/home/francisco/ros2-ws/install/rosbridge_msgs/lib:/home/francisco/ros2-ws/install/rosapi_msgs/lib PYTHONPATH=/home/francisco/ros2-ws/install/rosapi/lib/python3.8/site-packages:/home/francisco/ros2-ws/install/rosbridge_library/lib/python3.8/site-packages:/home/francisco/ros2-ws/install/rosbridge_msgs/lib/python3.8/site-packages:/home/francisco/ros2-ws/install/rosapi_msgs/lib/python3.8/site-packages /usr/bin/cmake --build /home/francisco/ros2-ws/build/rosbridge_server -- -j4 -l4
[0.266s] Invoked command in '/home/francisco/ros2-ws/build/rosbridge_server' returned '0': AMENT_PREFIX_PATH=/home/francisco/ros2-ws/install/rosapi:/home/francisco/ros2-ws/install/rosbridge_library:/home/francisco/ros2-ws/install/rosbridge_msgs:/home/francisco/ros2-ws/install/rosapi_msgs CMAKE_PREFIX_PATH=/home/francisco/ros2-ws/install/rosapi:/home/francisco/ros2-ws/install/rosbridge_library:/home/francisco/ros2-ws/install/rosbridge_msgs:/home/francisco/ros2-ws/install/rosapi_msgs LD_LIBRARY_PATH=/home/francisco/ros2-ws/install/rosbridge_msgs/lib:/home/francisco/ros2-ws/install/rosapi_msgs/lib PYTHONPATH=/home/francisco/ros2-ws/install/rosapi/lib/python3.8/site-packages:/home/francisco/ros2-ws/install/rosbridge_library/lib/python3.8/site-packages:/home/francisco/ros2-ws/install/rosbridge_msgs/lib/python3.8/site-packages:/home/francisco/ros2-ws/install/rosapi_msgs/lib/python3.8/site-packages /usr/bin/cmake --build /home/francisco/ros2-ws/build/rosbridge_server -- -j4 -l4
[0.324s] Invoking command in '/home/francisco/ros2-ws/build/rosbridge_server': AMENT_PREFIX_PATH=/home/francisco/ros2-ws/install/rosapi:/home/francisco/ros2-ws/install/rosbridge_library:/home/francisco/ros2-ws/install/rosbridge_msgs:/home/francisco/ros2-ws/install/rosapi_msgs CMAKE_PREFIX_PATH=/home/francisco/ros2-ws/install/rosapi:/home/francisco/ros2-ws/install/rosbridge_library:/home/francisco/ros2-ws/install/rosbridge_msgs:/home/francisco/ros2-ws/install/rosapi_msgs LD_LIBRARY_PATH=/home/francisco/ros2-ws/install/rosbridge_msgs/lib:/home/francisco/ros2-ws/install/rosapi_msgs/lib PYTHONPATH=/home/francisco/ros2-ws/install/rosapi/lib/python3.8/site-packages:/home/francisco/ros2-ws/install/rosbridge_library/lib/python3.8/site-packages:/home/francisco/ros2-ws/install/rosbridge_msgs/lib/python3.8/site-packages:/home/francisco/ros2-ws/install/rosapi_msgs/lib/python3.8/site-packages /usr/bin/cmake --install /home/francisco/ros2-ws/build/rosbridge_server
[0.347s] -- Install configuration: ""
[0.348s] -- Up-to-date: /home/francisco/ros2-ws/install/rosbridge_server/share/rosbridge_server/environment/pythonpath.sh
[0.349s] -- Up-to-date: /home/francisco/ros2-ws/install/rosbridge_server/share/rosbridge_server/environment/pythonpath.dsv
[0.359s] -- Up-to-date: /home/francisco/ros2-ws/install/rosbridge_server/lib/python3.8/site-packages/rosbridge_server
[0.359s] -- Up-to-date: /home/francisco/ros2-ws/install/rosbridge_server/lib/python3.8/site-packages/rosbridge_server/client_mananger.py
[0.360s] -- Up-to-date: /home/francisco/ros2-ws/install/rosbridge_server/lib/python3.8/site-packages/rosbridge_server/__init__.py
[0.360s] -- Up-to-date: /home/francisco/ros2-ws/install/rosbridge_server/lib/python3.8/site-packages/rosbridge_server/websocket_handler.py
[0.428s] Listing '/home/francisco/ros2-ws/install/rosbridge_server/lib/python3.8/site-packages/rosbridge_server'...
[0.437s] -- Up-to-date: /home/francisco/ros2-ws/install/rosbridge_server/share/ament_index/resource_index/package_run_dependencies/rosbridge_server
[0.438s] -- Up-to-date: /home/francisco/ros2-ws/install/rosbridge_server/share/ament_index/resource_index/parent_prefix_path/rosbridge_server
[0.438s] -- Up-to-date: /home/francisco/ros2-ws/install/rosbridge_server/share/rosbridge_server/environment/ament_prefix_path.sh
[0.439s] -- Up-to-date: /home/francisco/ros2-ws/install/rosbridge_server/share/rosbridge_server/environment/ament_prefix_path.dsv
[0.440s] -- Up-to-date: /home/francisco/ros2-ws/install/rosbridge_server/share/rosbridge_server/environment/path.sh
[0.441s] -- Up-to-date: /home/francisco/ros2-ws/install/rosbridge_server/share/rosbridge_server/environment/path.dsv
[0.441s] -- Up-to-date: /home/francisco/ros2-ws/install/rosbridge_server/share/rosbridge_server/local_setup.bash
[0.441s] -- Up-to-date: /home/francisco/ros2-ws/install/rosbridge_server/share/rosbridge_server/local_setup.sh
[0.441s] -- Up-to-date: /home/francisco/ros2-ws/install/rosbridge_server/share/rosbridge_server/local_setup.zsh
[0.442s] -- Up-to-date: /home/francisco/ros2-ws/install/rosbridge_server/share/rosbridge_server/local_setup.dsv
[0.442s] -- Installing: /home/francisco/ros2-ws/install/rosbridge_server/share/rosbridge_server/package.dsv
[0.452s] -- Up-to-date: /home/francisco/ros2-ws/install/rosbridge_server/share/ament_index/resource_index/packages/rosbridge_server
[0.460s] -- Up-to-date: /home/francisco/ros2-ws/install/rosbridge_server/share/rosbridge_server/cmake/rosbridge_serverConfig.cmake
[0.461s] -- Up-to-date: /home/francisco/ros2-ws/install/rosbridge_server/share/rosbridge_server/cmake/rosbridge_serverConfig-version.cmake
[0.461s] -- Up-to-date: /home/francisco/ros2-ws/install/rosbridge_server/share/rosbridge_server/package.xml
[0.471s] -- Up-to-date: /home/francisco/ros2-ws/install/rosbridge_server/lib/rosbridge_server/rosbridge_websocket.py
[0.471s] -- Up-to-date: /home/francisco/ros2-ws/install/rosbridge_server/lib/rosbridge_server/rosbridge_websocket
[0.471s] -- Up-to-date: /home/francisco/ros2-ws/install/rosbridge_server/share/rosbridge_server/launch/rosbridge_websocket_launch.xml
[0.477s] Invoked command in '/home/francisco/ros2-ws/build/rosbridge_server' returned '0': AMENT_PREFIX_PATH=/home/francisco/ros2-ws/install/rosapi:/home/francisco/ros2-ws/install/rosbridge_library:/home/francisco/ros2-ws/install/rosbridge_msgs:/home/francisco/ros2-ws/install/rosapi_msgs CMAKE_PREFIX_PATH=/home/francisco/ros2-ws/install/rosapi:/home/francisco/ros2-ws/install/rosbridge_library:/home/francisco/ros2-ws/install/rosbridge_msgs:/home/francisco/ros2-ws/install/rosapi_msgs LD_LIBRARY_PATH=/home/francisco/ros2-ws/install/rosbridge_msgs/lib:/home/francisco/ros2-ws/install/rosapi_msgs/lib PYTHONPATH=/home/francisco/ros2-ws/install/rosapi/lib/python3.8/site-packages:/home/francisco/ros2-ws/install/rosbridge_library/lib/python3.8/site-packages:/home/francisco/ros2-ws/install/rosbridge_msgs/lib/python3.8/site-packages:/home/francisco/ros2-ws/install/rosapi_msgs/lib/python3.8/site-packages /usr/bin/cmake --install /home/francisco/ros2-ws/build/rosbridge_server
