[0.015s] Invoking command in '/home/francisco/ros2-ws/build/web_video_server': /usr/bin/cmake /home/francisco/ros2-ws/src/web_video_server -DCMAKE_INSTALL_PREFIX=/home/francisco/ros2-ws/install/web_video_server
[1.385s] -- The C compiler identification is GNU 9.4.0
[4.266s] -- The CXX compiler identification is GNU 9.4.0
[4.414s] -- Check for working C compiler: /usr/bin/cc
[4.629s] -- Check for working C compiler: /usr/bin/cc -- works
[4.677s] -- Detecting C compiler ABI info
[4.914s] -- Detecting C compiler ABI info - done
[4.969s] -- Detecting C compile features
[4.981s] -- Detecting C compile features - done
[5.062s] -- Check for working CXX compiler: /usr/bin/c++
[5.276s] -- Check for working CXX compiler: /usr/bin/c++ -- works
[5.279s] -- Detecting CXX compiler ABI info
[5.538s] -- Detecting CXX compiler ABI info - done
[5.583s] -- Detecting CXX compile features
[5.590s] -- Detecting CXX compile features - done
[5.857s] CMake Error at CMakeLists.txt:4 (find_package):
[5.858s]   By not providing "Findament_cmake_ros.cmake" in CMAKE_MODULE_PATH this
[5.858s]   project has asked CMake to find a package configuration file provided by
[5.858s]   "ament_cmake_ros", but CMake did not find one.
[5.859s] 
[5.859s]   Could not find a package configuration file provided by "ament_cmake_ros"
[5.859s]   with any of the following names:
[5.859s] 
[5.860s]     ament_cmake_rosConfig.cmake
[5.860s]     ament_cmake_ros-config.cmake
[5.860s] 
[5.860s]   Add the installation prefix of "ament_cmake_ros" to CMAKE_PREFIX_PATH or
[5.861s]   set "ament_cmake_ros_DIR" to a directory containing one of the above files.
[5.861s]   If "ament_cmake_ros" provides a separate development package or SDK, be
[5.861s]   sure it has been installed.
[5.862s] 
[5.862s] 
[5.863s] -- Configuring incomplete, errors occurred!
[5.863s] See also "/home/francisco/ros2-ws/build/web_video_server/CMakeFiles/CMakeOutput.log".
[5.867s] Invoked command in '/home/francisco/ros2-ws/build/web_video_server' returned '1': /usr/bin/cmake /home/francisco/ros2-ws/src/web_video_server -DCMAKE_INSTALL_PREFIX=/home/francisco/ros2-ws/install/web_video_server
