running egg_info
creating ../../build/camera_driver/camera_driver.egg-info
writing ../../build/camera_driver/camera_driver.egg-info/PKG-INFO
writing dependency_links to ../../build/camera_driver/camera_driver.egg-info/dependency_links.txt
writing entry points to ../../build/camera_driver/camera_driver.egg-info/entry_points.txt
writing requirements to ../../build/camera_driver/camera_driver.egg-info/requires.txt
writing top-level names to ../../build/camera_driver/camera_driver.egg-info/top_level.txt
writing manifest file '../../build/camera_driver/camera_driver.egg-info/SOURCES.txt'
reading manifest file '../../build/camera_driver/camera_driver.egg-info/SOURCES.txt'
writing manifest file '../../build/camera_driver/camera_driver.egg-info/SOURCES.txt'
running build
running build_py
creating /home/francisco/ros2-ws/build/camera_driver/build
creating /home/francisco/ros2-ws/build/camera_driver/build/lib
creating /home/francisco/ros2-ws/build/camera_driver/build/lib/camera_driver
copying camera_driver/__init__.py -> /home/francisco/ros2-ws/build/camera_driver/build/lib/camera_driver
copying camera_driver/driver_camera.py -> /home/francisco/ros2-ws/build/camera_driver/build/lib/camera_driver
running install
running install_lib
creating /home/francisco/ros2-ws/install/camera_driver/lib/python3.8/site-packages/camera_driver
copying /home/francisco/ros2-ws/build/camera_driver/build/lib/camera_driver/__init__.py -> /home/francisco/ros2-ws/install/camera_driver/lib/python3.8/site-packages/camera_driver
copying /home/francisco/ros2-ws/build/camera_driver/build/lib/camera_driver/driver_camera.py -> /home/francisco/ros2-ws/install/camera_driver/lib/python3.8/site-packages/camera_driver
byte-compiling /home/francisco/ros2-ws/install/camera_driver/lib/python3.8/site-packages/camera_driver/__init__.py to __init__.cpython-38.pyc
byte-compiling /home/francisco/ros2-ws/install/camera_driver/lib/python3.8/site-packages/camera_driver/driver_camera.py to driver_camera.cpython-38.pyc
running install_data
creating /home/francisco/ros2-ws/install/camera_driver/share/ament_index
creating /home/francisco/ros2-ws/install/camera_driver/share/ament_index/resource_index
creating /home/francisco/ros2-ws/install/camera_driver/share/ament_index/resource_index/packages
copying resource/camera_driver -> /home/francisco/ros2-ws/install/camera_driver/share/ament_index/resource_index/packages
copying package.xml -> /home/francisco/ros2-ws/install/camera_driver/share/camera_driver
running install_egg_info
Copying ../../build/camera_driver/camera_driver.egg-info to /home/francisco/ros2-ws/install/camera_driver/lib/python3.8/site-packages/camera_driver-0.0.0-py3.8.egg-info
running install_scripts
Installing camera script to /home/francisco/ros2-ws/install/camera_driver/lib/camera_driver
writing list of installed files to '/home/francisco/ros2-ws/build/camera_driver/install.log'
