[0.027s] Invoking command in '/home/francisco/ros2-ws/build/rosapi': AMENT_PREFIX_PATH=/home/francisco/ros2-ws/install/rosbridge_library:/home/francisco/ros2-ws/install/rosapi_msgs:${AMENT_PREFIX_PATH} CMAKE_PREFIX_PATH=/home/francisco/ros2-ws/install/rosbridge_library:/home/francisco/ros2-ws/install/rosapi_msgs:/opt/ros/foxy LD_LIBRARY_PATH=/home/francisco/ros2-ws/install/rosapi_msgs/lib:${LD_LIBRARY_PATH} PYTHONPATH=/home/francisco/ros2-ws/install/rosbridge_library/lib/python3.8/site-packages:/home/francisco/ros2-ws/install/rosapi_msgs/lib/python3.8/site-packages:${PYTHONPATH} /usr/bin/cmake /home/francisco/ros2-ws/src/rosbridge_suite/rosapi -DCMAKE_INSTALL_PREFIX=/home/francisco/ros2-ws/install/rosapi
[0.177s] -- The C compiler identification is GNU 9.4.0
[0.303s] -- The CXX compiler identification is GNU 9.4.0
[0.316s] -- Check for working C compiler: /usr/bin/cc
[0.478s] -- Check for working C compiler: /usr/bin/cc -- works
[0.480s] -- Detecting C compiler ABI info
[0.656s] -- Detecting C compiler ABI info - done
[0.688s] -- Detecting C compile features
[0.689s] -- Detecting C compile features - done
[0.694s] -- Check for working CXX compiler: /usr/bin/c++
[0.883s] -- Check for working CXX compiler: /usr/bin/c++ -- works
[0.886s] -- Detecting CXX compiler ABI info
[1.083s] -- Detecting CXX compiler ABI info - done
[1.112s] -- Detecting CXX compile features
[1.113s] -- Detecting CXX compile features - done
[1.117s] -- Found ament_cmake_ros: 0.9.2 (/opt/ros/foxy/share/ament_cmake_ros/cmake)
[1.191s] -- Found PythonInterp: /usr/bin/python3 (found suitable version "3.8.10", minimum required is "3") 
[1.192s] -- Using PYTHON_EXECUTABLE: /usr/bin/python3
[3.012s] -- Configuring done
[3.019s] -- Generating done
[3.021s] -- Build files have been written to: /home/francisco/ros2-ws/build/rosapi
[3.028s] Invoked command in '/home/francisco/ros2-ws/build/rosapi' returned '0': AMENT_PREFIX_PATH=/home/francisco/ros2-ws/install/rosbridge_library:/home/francisco/ros2-ws/install/rosapi_msgs:${AMENT_PREFIX_PATH} CMAKE_PREFIX_PATH=/home/francisco/ros2-ws/install/rosbridge_library:/home/francisco/ros2-ws/install/rosapi_msgs:/opt/ros/foxy LD_LIBRARY_PATH=/home/francisco/ros2-ws/install/rosapi_msgs/lib:${LD_LIBRARY_PATH} PYTHONPATH=/home/francisco/ros2-ws/install/rosbridge_library/lib/python3.8/site-packages:/home/francisco/ros2-ws/install/rosapi_msgs/lib/python3.8/site-packages:${PYTHONPATH} /usr/bin/cmake /home/francisco/ros2-ws/src/rosbridge_suite/rosapi -DCMAKE_INSTALL_PREFIX=/home/francisco/ros2-ws/install/rosapi
[3.036s] Invoking command in '/home/francisco/ros2-ws/build/rosapi': AMENT_PREFIX_PATH=/home/francisco/ros2-ws/install/rosbridge_library:/home/francisco/ros2-ws/install/rosapi_msgs:${AMENT_PREFIX_PATH} CMAKE_PREFIX_PATH=/home/francisco/ros2-ws/install/rosbridge_library:/home/francisco/ros2-ws/install/rosapi_msgs:/opt/ros/foxy LD_LIBRARY_PATH=/home/francisco/ros2-ws/install/rosapi_msgs/lib:${LD_LIBRARY_PATH} PYTHONPATH=/home/francisco/ros2-ws/install/rosbridge_library/lib/python3.8/site-packages:/home/francisco/ros2-ws/install/rosapi_msgs/lib/python3.8/site-packages:${PYTHONPATH} /usr/bin/cmake --build /home/francisco/ros2-ws/build/rosapi -- -j4 -l4
[3.127s] Invoked command in '/home/francisco/ros2-ws/build/rosapi' returned '0': AMENT_PREFIX_PATH=/home/francisco/ros2-ws/install/rosbridge_library:/home/francisco/ros2-ws/install/rosapi_msgs:${AMENT_PREFIX_PATH} CMAKE_PREFIX_PATH=/home/francisco/ros2-ws/install/rosbridge_library:/home/francisco/ros2-ws/install/rosapi_msgs:/opt/ros/foxy LD_LIBRARY_PATH=/home/francisco/ros2-ws/install/rosapi_msgs/lib:${LD_LIBRARY_PATH} PYTHONPATH=/home/francisco/ros2-ws/install/rosbridge_library/lib/python3.8/site-packages:/home/francisco/ros2-ws/install/rosapi_msgs/lib/python3.8/site-packages:${PYTHONPATH} /usr/bin/cmake --build /home/francisco/ros2-ws/build/rosapi -- -j4 -l4
[3.183s] Invoking command in '/home/francisco/ros2-ws/build/rosapi': AMENT_PREFIX_PATH=/home/francisco/ros2-ws/install/rosbridge_library:/home/francisco/ros2-ws/install/rosapi_msgs:${AMENT_PREFIX_PATH} CMAKE_PREFIX_PATH=/home/francisco/ros2-ws/install/rosbridge_library:/home/francisco/ros2-ws/install/rosapi_msgs:/opt/ros/foxy LD_LIBRARY_PATH=/home/francisco/ros2-ws/install/rosapi_msgs/lib:${LD_LIBRARY_PATH} PYTHONPATH=/home/francisco/ros2-ws/install/rosbridge_library/lib/python3.8/site-packages:/home/francisco/ros2-ws/install/rosapi_msgs/lib/python3.8/site-packages:${PYTHONPATH} /usr/bin/cmake --install /home/francisco/ros2-ws/build/rosapi
[3.201s] -- Install configuration: ""
[3.202s] -- Installing: /home/francisco/ros2-ws/install/rosapi/share/rosapi/environment/pythonpath.sh
[3.202s] -- Installing: /home/francisco/ros2-ws/install/rosapi/share/rosapi/environment/pythonpath.dsv
[3.203s] -- Installing: /home/francisco/ros2-ws/install/rosapi/lib/python3.8/site-packages/rosapi
[3.203s] -- Installing: /home/francisco/ros2-ws/install/rosapi/lib/python3.8/site-packages/rosapi/params.py
[3.204s] -- Installing: /home/francisco/ros2-ws/install/rosapi/lib/python3.8/site-packages/rosapi/__init__.py
[3.204s] -- Installing: /home/francisco/ros2-ws/install/rosapi/lib/python3.8/site-packages/rosapi/glob_helper.py
[3.204s] -- Installing: /home/francisco/ros2-ws/install/rosapi/lib/python3.8/site-packages/rosapi/stringify_field_types.py
[3.205s] -- Installing: /home/francisco/ros2-ws/install/rosapi/lib/python3.8/site-packages/rosapi/objectutils.py
[3.205s] -- Installing: /home/francisco/ros2-ws/install/rosapi/lib/python3.8/site-packages/rosapi/proxy.py
[3.281s] Listing '/home/francisco/ros2-ws/install/rosapi/lib/python3.8/site-packages/rosapi'...
[3.281s] Compiling '/home/francisco/ros2-ws/install/rosapi/lib/python3.8/site-packages/rosapi/__init__.py'...
[3.281s] Compiling '/home/francisco/ros2-ws/install/rosapi/lib/python3.8/site-packages/rosapi/glob_helper.py'...
[3.282s] Compiling '/home/francisco/ros2-ws/install/rosapi/lib/python3.8/site-packages/rosapi/objectutils.py'...
[3.282s] Compiling '/home/francisco/ros2-ws/install/rosapi/lib/python3.8/site-packages/rosapi/params.py'...
[3.282s] Compiling '/home/francisco/ros2-ws/install/rosapi/lib/python3.8/site-packages/rosapi/proxy.py'...
[3.282s] Compiling '/home/francisco/ros2-ws/install/rosapi/lib/python3.8/site-packages/rosapi/stringify_field_types.py'...
[3.290s] -- Installing: /home/francisco/ros2-ws/install/rosapi/share/ament_index/resource_index/package_run_dependencies/rosapi
[3.291s] -- Installing: /home/francisco/ros2-ws/install/rosapi/share/ament_index/resource_index/parent_prefix_path/rosapi
[3.292s] -- Installing: /home/francisco/ros2-ws/install/rosapi/share/rosapi/environment/ament_prefix_path.sh
[3.293s] -- Installing: /home/francisco/ros2-ws/install/rosapi/share/rosapi/environment/ament_prefix_path.dsv
[3.293s] -- Installing: /home/francisco/ros2-ws/install/rosapi/share/rosapi/environment/path.sh
[3.294s] -- Installing: /home/francisco/ros2-ws/install/rosapi/share/rosapi/environment/path.dsv
[3.294s] -- Installing: /home/francisco/ros2-ws/install/rosapi/share/rosapi/local_setup.bash
[3.295s] -- Installing: /home/francisco/ros2-ws/install/rosapi/share/rosapi/local_setup.sh
[3.296s] -- Installing: /home/francisco/ros2-ws/install/rosapi/share/rosapi/local_setup.zsh
[3.296s] -- Installing: /home/francisco/ros2-ws/install/rosapi/share/rosapi/local_setup.dsv
[3.297s] -- Installing: /home/francisco/ros2-ws/install/rosapi/share/rosapi/package.dsv
[3.297s] -- Installing: /home/francisco/ros2-ws/install/rosapi/share/ament_index/resource_index/packages/rosapi
[3.298s] -- Installing: /home/francisco/ros2-ws/install/rosapi/share/rosapi/cmake/rosapiConfig.cmake
[3.298s] -- Installing: /home/francisco/ros2-ws/install/rosapi/share/rosapi/cmake/rosapiConfig-version.cmake
[3.299s] -- Installing: /home/francisco/ros2-ws/install/rosapi/share/rosapi/package.xml
[3.299s] -- Installing: /home/francisco/ros2-ws/install/rosapi/lib/rosapi/rosapi_node
[3.300s] -- Installing: /home/francisco/ros2-ws/install/rosapi/share/rosapi/mapping_rules.yaml
[3.316s] Invoked command in '/home/francisco/ros2-ws/build/rosapi' returned '0': AMENT_PREFIX_PATH=/home/francisco/ros2-ws/install/rosbridge_library:/home/francisco/ros2-ws/install/rosapi_msgs:${AMENT_PREFIX_PATH} CMAKE_PREFIX_PATH=/home/francisco/ros2-ws/install/rosbridge_library:/home/francisco/ros2-ws/install/rosapi_msgs:/opt/ros/foxy LD_LIBRARY_PATH=/home/francisco/ros2-ws/install/rosapi_msgs/lib:${LD_LIBRARY_PATH} PYTHONPATH=/home/francisco/ros2-ws/install/rosbridge_library/lib/python3.8/site-packages:/home/francisco/ros2-ws/install/rosapi_msgs/lib/python3.8/site-packages:${PYTHONPATH} /usr/bin/cmake --install /home/francisco/ros2-ws/build/rosapi
