running egg_info
writing ../../build/camera_driver/camera_driver.egg-info/PKG-INFO
writing dependency_links to ../../build/camera_driver/camera_driver.egg-info/dependency_links.txt
writing entry points to ../../build/camera_driver/camera_driver.egg-info/entry_points.txt
writing requirements to ../../build/camera_driver/camera_driver.egg-info/requires.txt
writing top-level names to ../../build/camera_driver/camera_driver.egg-info/top_level.txt
reading manifest file '../../build/camera_driver/camera_driver.egg-info/SOURCES.txt'
writing manifest file '../../build/camera_driver/camera_driver.egg-info/SOURCES.txt'
running build
running build_py
copying camera_driver/driver_camera.py -> /home/francisco/ros2-ws/build/camera_driver/build/lib/camera_driver
running install
running install_lib
copying /home/francisco/ros2-ws/build/camera_driver/build/lib/camera_driver/driver_camera.py -> /home/francisco/ros2-ws/install/camera_driver/lib/python3.8/site-packages/camera_driver
byte-compiling /home/francisco/ros2-ws/install/camera_driver/lib/python3.8/site-packages/camera_driver/driver_camera.py to driver_camera.cpython-38.pyc
running install_data
running install_egg_info
removing '/home/francisco/ros2-ws/install/camera_driver/lib/python3.8/site-packages/camera_driver-0.0.0-py3.8.egg-info' (and everything under it)
Copying ../../build/camera_driver/camera_driver.egg-info to /home/francisco/ros2-ws/install/camera_driver/lib/python3.8/site-packages/camera_driver-0.0.0-py3.8.egg-info
running install_scripts
Installing camera script to /home/francisco/ros2-ws/install/camera_driver/lib/camera_driver
writing list of installed files to '/home/francisco/ros2-ws/build/camera_driver/install.log'
