[6.216s] Invoking command in '/home/francisco/ros2-ws/src/camera_driver': PYTHONPATH=/home/francisco/ros2-ws/build/camera_driver/prefix_override:/home/francisco/ros2-ws/install/camera_driver/lib/python3.8/site-packages:${PYTHONPATH} /usr/bin/python3 setup.py egg_info --egg-base ../../build/camera_driver build --build-base /home/francisco/ros2-ws/build/camera_driver/build install --record /home/francisco/ros2-ws/build/camera_driver/install.log --install-scripts $base/lib/camera_driver --single-version-externally-managed
[7.130s] running egg_info
[7.130s] writing ../../build/camera_driver/camera_driver.egg-info/PKG-INFO
[7.162s] writing dependency_links to ../../build/camera_driver/camera_driver.egg-info/dependency_links.txt
[7.163s] writing entry points to ../../build/camera_driver/camera_driver.egg-info/entry_points.txt
[7.164s] writing requirements to ../../build/camera_driver/camera_driver.egg-info/requires.txt
[7.164s] writing top-level names to ../../build/camera_driver/camera_driver.egg-info/top_level.txt
[7.399s] reading manifest file '../../build/camera_driver/camera_driver.egg-info/SOURCES.txt'
[7.434s] writing manifest file '../../build/camera_driver/camera_driver.egg-info/SOURCES.txt'
[7.435s] running build
[7.435s] running build_py
[7.448s] copying camera_driver/driver_camera.py -> /home/francisco/ros2-ws/build/camera_driver/build/lib/camera_driver
[7.449s] running install
[7.455s] running install_lib
[7.455s] copying /home/francisco/ros2-ws/build/camera_driver/build/lib/camera_driver/driver_camera.py -> /home/francisco/ros2-ws/install/camera_driver/lib/python3.8/site-packages/camera_driver
[7.456s] byte-compiling /home/francisco/ros2-ws/install/camera_driver/lib/python3.8/site-packages/camera_driver/driver_camera.py to driver_camera.cpython-38.pyc
[7.460s] running install_data
[7.461s] running install_egg_info
[7.466s] removing '/home/francisco/ros2-ws/install/camera_driver/lib/python3.8/site-packages/camera_driver-0.0.0-py3.8.egg-info' (and everything under it)
[7.467s] Copying ../../build/camera_driver/camera_driver.egg-info to /home/francisco/ros2-ws/install/camera_driver/lib/python3.8/site-packages/camera_driver-0.0.0-py3.8.egg-info
[7.484s] running install_scripts
[7.549s] Installing camera script to /home/francisco/ros2-ws/install/camera_driver/lib/camera_driver
[7.550s] writing list of installed files to '/home/francisco/ros2-ws/build/camera_driver/install.log'
[7.634s] Invoked command in '/home/francisco/ros2-ws/src/camera_driver' returned '0': PYTHONPATH=/home/francisco/ros2-ws/build/camera_driver/prefix_override:/home/francisco/ros2-ws/install/camera_driver/lib/python3.8/site-packages:${PYTHONPATH} /usr/bin/python3 setup.py egg_info --egg-base ../../build/camera_driver build --build-base /home/francisco/ros2-ws/build/camera_driver/build install --record /home/francisco/ros2-ws/build/camera_driver/install.log --install-scripts $base/lib/camera_driver --single-version-externally-managed
