[0.132s] Invoking command in '/home/francisco/ros2-ws/build/rosapi_msgs': CMAKE_PREFIX_PATH=${CMAKE_PREFIX_PATH}:/home/francisco/ros2-ws/install/monitoring_station_tfm:/home/francisco/ros2-ws/install/monitoring-station-tfm:/home/francisco/ros2-ws/install/camera_driver:/opt/ros/foxy /usr/bin/cmake --build /home/francisco/ros2-ws/build/rosapi_msgs -- -j4 -l4
[1.500s] [  0%] Built target rosapi_msgs__cpp
[1.502s] [ 12%] Built target rosapi_msgs__rosidl_generator_c
[1.506s] [ 24%] Built target rosapi_msgs__rosidl_typesupport_cpp
[1.506s] [ 36%] Built target rosapi_msgs__rosidl_typesupport_introspection_c
[1.507s] [ 49%] Built target rosapi_msgs__rosidl_typesupport_introspection_cpp
[1.508s] [ 61%] Built target rosapi_msgs__rosidl_typesupport_fastrtps_cpp
[1.510s] [ 73%] Built target rosapi_msgs__rosidl_typesupport_c
[1.511s] [ 85%] Built target rosapi_msgs__rosidl_typesupport_fastrtps_c
[1.512s] [ 85%] Built target rosapi_msgs
[1.517s] [ 85%] Built target rosapi_msgs__py
[1.519s] [ 97%] Built target rosapi_msgs__python
[1.520s] [ 98%] Built target rosapi_msgs__rosidl_typesupport_fastrtps_c__pyext
[1.521s] [ 99%] Built target rosapi_msgs__rosidl_typesupport_c__pyext
[1.525s] [100%] Built target rosapi_msgs__rosidl_typesupport_introspection_c__pyext
[1.539s] Invoked command in '/home/francisco/ros2-ws/build/rosapi_msgs' returned '0': CMAKE_PREFIX_PATH=${CMAKE_PREFIX_PATH}:/home/francisco/ros2-ws/install/monitoring_station_tfm:/home/francisco/ros2-ws/install/monitoring-station-tfm:/home/francisco/ros2-ws/install/camera_driver:/opt/ros/foxy /usr/bin/cmake --build /home/francisco/ros2-ws/build/rosapi_msgs -- -j4 -l4
[3.211s] Invoking command in '/home/francisco/ros2-ws/build/rosapi_msgs': CMAKE_PREFIX_PATH=${CMAKE_PREFIX_PATH}:/home/francisco/ros2-ws/install/monitoring_station_tfm:/home/francisco/ros2-ws/install/monitoring-station-tfm:/home/francisco/ros2-ws/install/camera_driver:/opt/ros/foxy /usr/bin/cmake --install /home/francisco/ros2-ws/build/rosapi_msgs
[3.268s] -- Install configuration: ""
[3.269s] -- Up-to-date: /home/francisco/ros2-ws/install/rosapi_msgs/share/ament_index/resource_index/rosidl_interfaces/rosapi_msgs
[3.269s] -- Up-to-date: /home/francisco/ros2-ws/install/rosapi_msgs/include/rosapi_msgs
[3.269s] -- Up-to-date: /home/francisco/ros2-ws/install/rosapi_msgs/include/rosapi_msgs/srv
[3.270s] -- Up-to-date: /home/francisco/ros2-ws/install/rosapi_msgs/include/rosapi_msgs/srv/get_param_names.h
[3.270s] -- Up-to-date: /home/francisco/ros2-ws/install/rosapi_msgs/include/rosapi_msgs/srv/services_for_type.h
[3.270s] -- Up-to-date: /home/francisco/ros2-ws/install/rosapi_msgs/include/rosapi_msgs/srv/detail
[3.270s] -- Up-to-date: /home/francisco/ros2-ws/install/rosapi_msgs/include/rosapi_msgs/srv/detail/get_ros_version__type_support.h
[3.271s] -- Up-to-date: /home/francisco/ros2-ws/install/rosapi_msgs/include/rosapi_msgs/srv/detail/delete_param__struct.h
[3.271s] -- Up-to-date: /home/francisco/ros2-ws/install/rosapi_msgs/include/rosapi_msgs/srv/detail/publishers__functions.h
[3.271s] -- Up-to-date: /home/francisco/ros2-ws/install/rosapi_msgs/include/rosapi_msgs/srv/detail/get_param__struct.h
[3.272s] -- Up-to-date: /home/francisco/ros2-ws/install/rosapi_msgs/include/rosapi_msgs/srv/detail/delete_param__functions.h
[3.272s] -- Up-to-date: /home/francisco/ros2-ws/install/rosapi_msgs/include/rosapi_msgs/srv/detail/service_type__type_support.h
[3.272s] -- Up-to-date: /home/francisco/ros2-ws/install/rosapi_msgs/include/rosapi_msgs/srv/detail/delete_param__functions.c
[3.272s] -- Up-to-date: /home/francisco/ros2-ws/install/rosapi_msgs/include/rosapi_msgs/srv/detail/set_param__struct.h
[3.273s] -- Up-to-date: /home/francisco/ros2-ws/install/rosapi_msgs/include/rosapi_msgs/srv/detail/service_request_details__functions.c
[3.273s] -- Up-to-date: /home/francisco/ros2-ws/install/rosapi_msgs/include/rosapi_msgs/srv/detail/topic_type__struct.h
[3.273s] -- Up-to-date: /home/francisco/ros2-ws/install/rosapi_msgs/include/rosapi_msgs/srv/detail/topics__functions.c
[3.274s] -- Up-to-date: /home/francisco/ros2-ws/install/rosapi_msgs/include/rosapi_msgs/srv/detail/service_providers__functions.h
[3.274s] -- Up-to-date: /home/francisco/ros2-ws/install/rosapi_msgs/include/rosapi_msgs/srv/detail/services_for_type__functions.c
[3.279s] -- Up-to-date: /home/francisco/ros2-ws/install/rosapi_msgs/include/rosapi_msgs/srv/detail/topics__struct.h
[3.279s] -- Up-to-date: /home/francisco/ros2-ws/install/rosapi_msgs/include/rosapi_msgs/srv/detail/get_ros_version__struct.h
[3.280s] -- Up-to-date: /home/francisco/ros2-ws/install/rosapi_msgs/include/rosapi_msgs/srv/detail/get_action_servers__type_support.h
[3.281s] -- Up-to-date: /home/francisco/ros2-ws/install/rosapi_msgs/include/rosapi_msgs/srv/detail/set_param__type_support.h
[3.281s] -- Up-to-date: /home/francisco/ros2-ws/install/rosapi_msgs/include/rosapi_msgs/srv/detail/services__functions.h
[3.282s] -- Up-to-date: /home/francisco/ros2-ws/install/rosapi_msgs/include/rosapi_msgs/srv/detail/service_node__struct.h
[3.283s] -- Up-to-date: /home/francisco/ros2-ws/install/rosapi_msgs/include/rosapi_msgs/srv/detail/services__struct.h
[3.283s] -- Up-to-date: /home/francisco/ros2-ws/install/rosapi_msgs/include/rosapi_msgs/srv/detail/subscribers__functions.c
[3.283s] -- Up-to-date: /home/francisco/ros2-ws/install/rosapi_msgs/include/rosapi_msgs/srv/detail/service_node__functions.h
[3.284s] -- Up-to-date: /home/francisco/ros2-ws/install/rosapi_msgs/include/rosapi_msgs/srv/detail/service_type__struct.h
[3.285s] -- Up-to-date: /home/francisco/ros2-ws/install/rosapi_msgs/include/rosapi_msgs/srv/detail/service_type__functions.c
[3.286s] -- Up-to-date: /home/francisco/ros2-ws/install/rosapi_msgs/include/rosapi_msgs/srv/detail/service_node__functions.c
[3.286s] -- Up-to-date: /home/francisco/ros2-ws/install/rosapi_msgs/include/rosapi_msgs/srv/detail/message_details__functions.c
[3.287s] -- Up-to-date: /home/francisco/ros2-ws/install/rosapi_msgs/include/rosapi_msgs/srv/detail/service_request_details__type_support.h
[3.287s] -- Up-to-date: /home/francisco/ros2-ws/install/rosapi_msgs/include/rosapi_msgs/srv/detail/nodes__struct.h
[3.287s] -- Up-to-date: /home/francisco/ros2-ws/install/rosapi_msgs/include/rosapi_msgs/srv/detail/subscribers__struct.h
[3.288s] -- Up-to-date: /home/francisco/ros2-ws/install/rosapi_msgs/include/rosapi_msgs/srv/detail/get_time__functions.h
[3.288s] -- Up-to-date: /home/francisco/ros2-ws/install/rosapi_msgs/include/rosapi_msgs/srv/detail/services__type_support.h
[3.289s] -- Up-to-date: /home/francisco/ros2-ws/install/rosapi_msgs/include/rosapi_msgs/srv/detail/get_ros_version__functions.c
[3.289s] -- Up-to-date: /home/francisco/ros2-ws/install/rosapi_msgs/include/rosapi_msgs/srv/detail/delete_param__type_support.h
[3.290s] -- Up-to-date: /home/francisco/ros2-ws/install/rosapi_msgs/include/rosapi_msgs/srv/detail/get_action_servers__functions.h
[3.290s] -- Up-to-date: /home/francisco/ros2-ws/install/rosapi_msgs/include/rosapi_msgs/srv/detail/has_param__struct.h
[3.291s] -- Up-to-date: /home/francisco/ros2-ws/install/rosapi_msgs/include/rosapi_msgs/srv/detail/get_time__type_support.h
[3.292s] -- Up-to-date: /home/francisco/ros2-ws/install/rosapi_msgs/include/rosapi_msgs/srv/detail/get_time__struct.h
[3.294s] -- Up-to-date: /home/francisco/ros2-ws/install/rosapi_msgs/include/rosapi_msgs/srv/detail/get_param__functions.c
[3.295s] -- Up-to-date: /home/francisco/ros2-ws/install/rosapi_msgs/include/rosapi_msgs/srv/detail/nodes__functions.c
[3.296s] -- Up-to-date: /home/francisco/ros2-ws/install/rosapi_msgs/include/rosapi_msgs/srv/detail/topics_and_raw_types__functions.h
[3.297s] -- Up-to-date: /home/francisco/ros2-ws/install/rosapi_msgs/include/rosapi_msgs/srv/detail/node_details__functions.c
[3.297s] -- Up-to-date: /home/francisco/ros2-ws/install/rosapi_msgs/include/rosapi_msgs/srv/detail/service_type__functions.h
[3.297s] -- Up-to-date: /home/francisco/ros2-ws/install/rosapi_msgs/include/rosapi_msgs/srv/detail/get_param__type_support.h
[3.298s] -- Up-to-date: /home/francisco/ros2-ws/install/rosapi_msgs/include/rosapi_msgs/srv/detail/services__functions.c
[3.299s] -- Up-to-date: /home/francisco/ros2-ws/install/rosapi_msgs/include/rosapi_msgs/srv/detail/service_request_details__functions.h
[3.299s] -- Up-to-date: /home/francisco/ros2-ws/install/rosapi_msgs/include/rosapi_msgs/srv/detail/service_response_details__functions.c
[3.299s] -- Up-to-date: /home/francisco/ros2-ws/install/rosapi_msgs/include/rosapi_msgs/srv/detail/service_request_details__struct.h
[3.300s] -- Up-to-date: /home/francisco/ros2-ws/install/rosapi_msgs/include/rosapi_msgs/srv/detail/topics_for_type__functions.h
[3.300s] -- Up-to-date: /home/francisco/ros2-ws/install/rosapi_msgs/include/rosapi_msgs/srv/detail/node_details__type_support.h
[3.300s] -- Up-to-date: /home/francisco/ros2-ws/install/rosapi_msgs/include/rosapi_msgs/srv/detail/service_providers__functions.c
[3.301s] -- Up-to-date: /home/francisco/ros2-ws/install/rosapi_msgs/include/rosapi_msgs/srv/detail/node_details__functions.h
[3.302s] -- Up-to-date: /home/francisco/ros2-ws/install/rosapi_msgs/include/rosapi_msgs/srv/detail/service_providers__type_support.h
[3.302s] -- Up-to-date: /home/francisco/ros2-ws/install/rosapi_msgs/include/rosapi_msgs/srv/detail/get_action_servers__functions.c
[3.302s] -- Up-to-date: /home/francisco/ros2-ws/install/rosapi_msgs/include/rosapi_msgs/srv/detail/message_details__struct.h
[3.303s] -- Up-to-date: /home/francisco/ros2-ws/install/rosapi_msgs/include/rosapi_msgs/srv/detail/service_response_details__functions.h
[3.303s] -- Up-to-date: /home/francisco/ros2-ws/install/rosapi_msgs/include/rosapi_msgs/srv/detail/has_param__type_support.h
[3.303s] -- Up-to-date: /home/francisco/ros2-ws/install/rosapi_msgs/include/rosapi_msgs/srv/detail/publishers__functions.c
[3.304s] -- Up-to-date: /home/francisco/ros2-ws/install/rosapi_msgs/include/rosapi_msgs/srv/detail/get_time__functions.c
[3.304s] -- Up-to-date: /home/francisco/ros2-ws/install/rosapi_msgs/include/rosapi_msgs/srv/detail/topics__type_support.h
[3.304s] -- Up-to-date: /home/francisco/ros2-ws/install/rosapi_msgs/include/rosapi_msgs/srv/detail/services_for_type__type_support.h
[3.305s] -- Up-to-date: /home/francisco/ros2-ws/install/rosapi_msgs/include/rosapi_msgs/srv/detail/service_response_details__struct.h
[3.306s] -- Up-to-date: /home/francisco/ros2-ws/install/rosapi_msgs/include/rosapi_msgs/srv/detail/get_action_servers__struct.h
[3.306s] -- Up-to-date: /home/francisco/ros2-ws/install/rosapi_msgs/include/rosapi_msgs/srv/detail/set_param__functions.h
[3.307s] -- Up-to-date: /home/francisco/ros2-ws/install/rosapi_msgs/include/rosapi_msgs/srv/detail/subscribers__type_support.h
[3.307s] -- Up-to-date: /home/francisco/ros2-ws/install/rosapi_msgs/include/rosapi_msgs/srv/detail/subscribers__functions.h
[3.308s] -- Up-to-date: /home/francisco/ros2-ws/install/rosapi_msgs/include/rosapi_msgs/srv/detail/topic_type__functions.h
[3.309s] -- Up-to-date: /home/francisco/ros2-ws/install/rosapi_msgs/include/rosapi_msgs/srv/detail/publishers__struct.h
[3.309s] -- Up-to-date: /home/francisco/ros2-ws/install/rosapi_msgs/include/rosapi_msgs/srv/detail/topics_and_raw_types__struct.h
[3.311s] -- Up-to-date: /home/francisco/ros2-ws/install/rosapi_msgs/include/rosapi_msgs/srv/detail/topic_type__type_support.h
[3.311s] -- Up-to-date: /home/francisco/ros2-ws/install/rosapi_msgs/include/rosapi_msgs/srv/detail/service_response_details__type_support.h
[3.312s] -- Up-to-date: /home/francisco/ros2-ws/install/rosapi_msgs/include/rosapi_msgs/srv/detail/service_providers__struct.h
[3.314s] -- Up-to-date: /home/francisco/ros2-ws/install/rosapi_msgs/include/rosapi_msgs/srv/detail/message_details__type_support.h
[3.315s] -- Up-to-date: /home/francisco/ros2-ws/install/rosapi_msgs/include/rosapi_msgs/srv/detail/publishers__type_support.h
[3.316s] -- Up-to-date: /home/francisco/ros2-ws/install/rosapi_msgs/include/rosapi_msgs/srv/detail/service_node__type_support.h
[3.317s] -- Up-to-date: /home/francisco/ros2-ws/install/rosapi_msgs/include/rosapi_msgs/srv/detail/topics_for_type__type_support.h
[3.318s] -- Up-to-date: /home/francisco/ros2-ws/install/rosapi_msgs/include/rosapi_msgs/srv/detail/topics__functions.h
[3.322s] -- Up-to-date: /home/francisco/ros2-ws/install/rosapi_msgs/include/rosapi_msgs/srv/detail/services_for_type__struct.h
[3.325s] -- Up-to-date: /home/francisco/ros2-ws/install/rosapi_msgs/include/rosapi_msgs/srv/detail/has_param__functions.c
[3.328s] -- Up-to-date: /home/francisco/ros2-ws/install/rosapi_msgs/include/rosapi_msgs/srv/detail/get_ros_version__functions.h
[3.329s] -- Up-to-date: /home/francisco/ros2-ws/install/rosapi_msgs/include/rosapi_msgs/srv/detail/get_param_names__type_support.h
[3.329s] -- Up-to-date: /home/francisco/ros2-ws/install/rosapi_msgs/include/rosapi_msgs/srv/detail/topics_and_raw_types__functions.c
[3.329s] -- Up-to-date: /home/francisco/ros2-ws/install/rosapi_msgs/include/rosapi_msgs/srv/detail/set_param__functions.c
[3.329s] -- Up-to-date: /home/francisco/ros2-ws/install/rosapi_msgs/include/rosapi_msgs/srv/detail/nodes__type_support.h
[3.330s] -- Up-to-date: /home/francisco/ros2-ws/install/rosapi_msgs/include/rosapi_msgs/srv/detail/topics_for_type__struct.h
[3.330s] -- Up-to-date: /home/francisco/ros2-ws/install/rosapi_msgs/include/rosapi_msgs/srv/detail/get_param__functions.h
[3.331s] -- Up-to-date: /home/francisco/ros2-ws/install/rosapi_msgs/include/rosapi_msgs/srv/detail/topics_and_raw_types__type_support.h
[3.332s] -- Up-to-date: /home/francisco/ros2-ws/install/rosapi_msgs/include/rosapi_msgs/srv/detail/get_param_names__struct.h
[3.332s] -- Up-to-date: /home/francisco/ros2-ws/install/rosapi_msgs/include/rosapi_msgs/srv/detail/topic_type__functions.c
[3.333s] -- Up-to-date: /home/francisco/ros2-ws/install/rosapi_msgs/include/rosapi_msgs/srv/detail/services_for_type__functions.h
[3.333s] -- Up-to-date: /home/francisco/ros2-ws/install/rosapi_msgs/include/rosapi_msgs/srv/detail/nodes__functions.h
[3.333s] -- Up-to-date: /home/francisco/ros2-ws/install/rosapi_msgs/include/rosapi_msgs/srv/detail/get_param_names__functions.c
[3.334s] -- Up-to-date: /home/francisco/ros2-ws/install/rosapi_msgs/include/rosapi_msgs/srv/detail/message_details__functions.h
[3.334s] -- Up-to-date: /home/francisco/ros2-ws/install/rosapi_msgs/include/rosapi_msgs/srv/detail/node_details__struct.h
[3.335s] -- Up-to-date: /home/francisco/ros2-ws/install/rosapi_msgs/include/rosapi_msgs/srv/detail/topics_for_type__functions.c
[3.335s] -- Up-to-date: /home/francisco/ros2-ws/install/rosapi_msgs/include/rosapi_msgs/srv/detail/has_param__functions.h
[3.335s] -- Up-to-date: /home/francisco/ros2-ws/install/rosapi_msgs/include/rosapi_msgs/srv/detail/get_param_names__functions.h
[3.336s] -- Up-to-date: /home/francisco/ros2-ws/install/rosapi_msgs/include/rosapi_msgs/srv/get_action_servers.h
[3.336s] -- Up-to-date: /home/francisco/ros2-ws/install/rosapi_msgs/include/rosapi_msgs/srv/services.h
[3.336s] -- Up-to-date: /home/francisco/ros2-ws/install/rosapi_msgs/include/rosapi_msgs/srv/get_time.h
[3.337s] -- Up-to-date: /home/francisco/ros2-ws/install/rosapi_msgs/include/rosapi_msgs/srv/topic_type.h
[3.337s] -- Up-to-date: /home/francisco/ros2-ws/install/rosapi_msgs/include/rosapi_msgs/srv/delete_param.h
[3.337s] -- Up-to-date: /home/francisco/ros2-ws/install/rosapi_msgs/include/rosapi_msgs/srv/topics_for_type.h
[3.338s] -- Up-to-date: /home/francisco/ros2-ws/install/rosapi_msgs/include/rosapi_msgs/srv/get_param.h
[3.338s] -- Up-to-date: /home/francisco/ros2-ws/install/rosapi_msgs/include/rosapi_msgs/srv/node_details.h
[3.338s] -- Up-to-date: /home/francisco/ros2-ws/install/rosapi_msgs/include/rosapi_msgs/srv/get_ros_version.h
[3.339s] -- Up-to-date: /home/francisco/ros2-ws/install/rosapi_msgs/include/rosapi_msgs/srv/service_node.h
[3.339s] -- Up-to-date: /home/francisco/ros2-ws/install/rosapi_msgs/include/rosapi_msgs/srv/subscribers.h
[3.339s] -- Up-to-date: /home/francisco/ros2-ws/install/rosapi_msgs/include/rosapi_msgs/srv/nodes.h
[3.339s] -- Up-to-date: /home/francisco/ros2-ws/install/rosapi_msgs/include/rosapi_msgs/srv/publishers.h
[3.340s] -- Up-to-date: /home/francisco/ros2-ws/install/rosapi_msgs/include/rosapi_msgs/srv/service_providers.h
[3.340s] -- Up-to-date: /home/francisco/ros2-ws/install/rosapi_msgs/include/rosapi_msgs/srv/topics_and_raw_types.h
[3.340s] -- Up-to-date: /home/francisco/ros2-ws/install/rosapi_msgs/include/rosapi_msgs/srv/message_details.h
[3.341s] -- Up-to-date: /home/francisco/ros2-ws/install/rosapi_msgs/include/rosapi_msgs/srv/service_response_details.h
[3.341s] -- Up-to-date: /home/francisco/ros2-ws/install/rosapi_msgs/include/rosapi_msgs/srv/has_param.h
[3.341s] -- Up-to-date: /home/francisco/ros2-ws/install/rosapi_msgs/include/rosapi_msgs/srv/topics.h
[3.342s] -- Up-to-date: /home/francisco/ros2-ws/install/rosapi_msgs/include/rosapi_msgs/srv/service_request_details.h
[3.342s] -- Up-to-date: /home/francisco/ros2-ws/install/rosapi_msgs/include/rosapi_msgs/srv/set_param.h
[3.342s] -- Up-to-date: /home/francisco/ros2-ws/install/rosapi_msgs/include/rosapi_msgs/srv/service_type.h
[3.342s] -- Up-to-date: /home/francisco/ros2-ws/install/rosapi_msgs/include/rosapi_msgs/msg
[3.343s] -- Up-to-date: /home/francisco/ros2-ws/install/rosapi_msgs/include/rosapi_msgs/msg/detail
[3.343s] -- Up-to-date: /home/francisco/ros2-ws/install/rosapi_msgs/include/rosapi_msgs/msg/detail/type_def__functions.h
[3.343s] -- Up-to-date: /home/francisco/ros2-ws/install/rosapi_msgs/include/rosapi_msgs/msg/detail/type_def__type_support.h
[3.344s] -- Up-to-date: /home/francisco/ros2-ws/install/rosapi_msgs/include/rosapi_msgs/msg/detail/type_def__struct.h
[3.347s] -- Up-to-date: /home/francisco/ros2-ws/install/rosapi_msgs/include/rosapi_msgs/msg/detail/type_def__functions.c
[3.347s] -- Up-to-date: /home/francisco/ros2-ws/install/rosapi_msgs/include/rosapi_msgs/msg/type_def.h
[3.347s] -- Up-to-date: /home/francisco/ros2-ws/install/rosapi_msgs/include/rosapi_msgs/msg/rosidl_generator_c__visibility_control.h
[3.348s] -- Up-to-date: /home/francisco/ros2-ws/install/rosapi_msgs/share/rosapi_msgs/environment/library_path.sh
[3.348s] -- Up-to-date: /home/francisco/ros2-ws/install/rosapi_msgs/share/rosapi_msgs/environment/library_path.dsv
[3.348s] -- Up-to-date: /home/francisco/ros2-ws/install/rosapi_msgs/lib/librosapi_msgs__rosidl_generator_c.so
[3.349s] -- Up-to-date: /home/francisco/ros2-ws/install/rosapi_msgs/include/rosapi_msgs
[3.349s] -- Up-to-date: /home/francisco/ros2-ws/install/rosapi_msgs/include/rosapi_msgs/srv
[3.349s] -- Up-to-date: /home/francisco/ros2-ws/install/rosapi_msgs/include/rosapi_msgs/srv/detail
[3.349s] -- Up-to-date: /home/francisco/ros2-ws/install/rosapi_msgs/include/rosapi_msgs/srv/detail/service_request_details__rosidl_typesupport_fastrtps_c.h
[3.350s] -- Up-to-date: /home/francisco/ros2-ws/install/rosapi_msgs/include/rosapi_msgs/srv/detail/get_ros_version__rosidl_typesupport_fastrtps_c.h
[3.350s] -- Up-to-date: /home/francisco/ros2-ws/install/rosapi_msgs/include/rosapi_msgs/srv/detail/subscribers__rosidl_typesupport_fastrtps_c.h
[3.350s] -- Up-to-date: /home/francisco/ros2-ws/install/rosapi_msgs/include/rosapi_msgs/srv/detail/service_node__rosidl_typesupport_fastrtps_c.h
[3.351s] -- Up-to-date: /home/francisco/ros2-ws/install/rosapi_msgs/include/rosapi_msgs/srv/detail/has_param__rosidl_typesupport_fastrtps_c.h
[3.351s] -- Up-to-date: /home/francisco/ros2-ws/install/rosapi_msgs/include/rosapi_msgs/srv/detail/publishers__rosidl_typesupport_fastrtps_c.h
[3.351s] -- Up-to-date: /home/francisco/ros2-ws/install/rosapi_msgs/include/rosapi_msgs/srv/detail/service_providers__rosidl_typesupport_fastrtps_c.h
[3.352s] -- Up-to-date: /home/francisco/ros2-ws/install/rosapi_msgs/include/rosapi_msgs/srv/detail/topics_for_type__rosidl_typesupport_fastrtps_c.h
[3.352s] -- Up-to-date: /home/francisco/ros2-ws/install/rosapi_msgs/include/rosapi_msgs/srv/detail/topics__rosidl_typesupport_fastrtps_c.h
[3.352s] -- Up-to-date: /home/francisco/ros2-ws/install/rosapi_msgs/include/rosapi_msgs/srv/detail/get_param__rosidl_typesupport_fastrtps_c.h
[3.352s] -- Up-to-date: /home/francisco/ros2-ws/install/rosapi_msgs/include/rosapi_msgs/srv/detail/nodes__rosidl_typesupport_fastrtps_c.h
[3.353s] -- Up-to-date: /home/francisco/ros2-ws/install/rosapi_msgs/include/rosapi_msgs/srv/detail/node_details__rosidl_typesupport_fastrtps_c.h
[3.353s] -- Up-to-date: /home/francisco/ros2-ws/install/rosapi_msgs/include/rosapi_msgs/srv/detail/get_param_names__rosidl_typesupport_fastrtps_c.h
[3.353s] -- Up-to-date: /home/francisco/ros2-ws/install/rosapi_msgs/include/rosapi_msgs/srv/detail/services__rosidl_typesupport_fastrtps_c.h
[3.354s] -- Up-to-date: /home/francisco/ros2-ws/install/rosapi_msgs/include/rosapi_msgs/srv/detail/service_type__rosidl_typesupport_fastrtps_c.h
[3.354s] -- Up-to-date: /home/francisco/ros2-ws/install/rosapi_msgs/include/rosapi_msgs/srv/detail/get_action_servers__rosidl_typesupport_fastrtps_c.h
[3.354s] -- Up-to-date: /home/francisco/ros2-ws/install/rosapi_msgs/include/rosapi_msgs/srv/detail/message_details__rosidl_typesupport_fastrtps_c.h
[3.461s] -- Up-to-date: /home/francisco/ros2-ws/install/rosapi_msgs/include/rosapi_msgs/srv/detail/get_time__rosidl_typesupport_fastrtps_c.h
[3.461s] -- Up-to-date: /home/francisco/ros2-ws/install/rosapi_msgs/include/rosapi_msgs/srv/detail/topic_type__rosidl_typesupport_fastrtps_c.h
[3.462s] -- Up-to-date: /home/francisco/ros2-ws/install/rosapi_msgs/include/rosapi_msgs/srv/detail/topics_and_raw_types__rosidl_typesupport_fastrtps_c.h
[3.462s] -- Up-to-date: /home/francisco/ros2-ws/install/rosapi_msgs/include/rosapi_msgs/srv/detail/set_param__rosidl_typesupport_fastrtps_c.h
[3.462s] -- Up-to-date: /home/francisco/ros2-ws/install/rosapi_msgs/include/rosapi_msgs/srv/detail/service_response_details__rosidl_typesupport_fastrtps_c.h
[3.463s] -- Up-to-date: /home/francisco/ros2-ws/install/rosapi_msgs/include/rosapi_msgs/srv/detail/services_for_type__rosidl_typesupport_fastrtps_c.h
[3.463s] -- Up-to-date: /home/francisco/ros2-ws/install/rosapi_msgs/include/rosapi_msgs/srv/detail/delete_param__rosidl_typesupport_fastrtps_c.h
[3.463s] -- Up-to-date: /home/francisco/ros2-ws/install/rosapi_msgs/include/rosapi_msgs/msg
[3.463s] -- Up-to-date: /home/francisco/ros2-ws/install/rosapi_msgs/include/rosapi_msgs/msg/detail
[3.464s] -- Up-to-date: /home/francisco/ros2-ws/install/rosapi_msgs/include/rosapi_msgs/msg/detail/type_def__rosidl_typesupport_fastrtps_c.h
[3.464s] -- Up-to-date: /home/francisco/ros2-ws/install/rosapi_msgs/include/rosapi_msgs/msg/rosidl_typesupport_fastrtps_c__visibility_control.h
[3.464s] -- Up-to-date: /home/francisco/ros2-ws/install/rosapi_msgs/lib/librosapi_msgs__rosidl_typesupport_fastrtps_c.so
[3.465s] -- Up-to-date: /home/francisco/ros2-ws/install/rosapi_msgs/include/rosapi_msgs
[3.465s] -- Up-to-date: /home/francisco/ros2-ws/install/rosapi_msgs/include/rosapi_msgs/srv
[3.465s] -- Up-to-date: /home/francisco/ros2-ws/install/rosapi_msgs/include/rosapi_msgs/srv/detail
[3.465s] -- Up-to-date: /home/francisco/ros2-ws/install/rosapi_msgs/include/rosapi_msgs/srv/detail/node_details__rosidl_typesupport_fastrtps_cpp.hpp
[3.466s] -- Up-to-date: /home/francisco/ros2-ws/install/rosapi_msgs/include/rosapi_msgs/srv/detail/topics__rosidl_typesupport_fastrtps_cpp.hpp
[3.466s] -- Up-to-date: /home/francisco/ros2-ws/install/rosapi_msgs/include/rosapi_msgs/srv/detail/services__rosidl_typesupport_fastrtps_cpp.hpp
[3.466s] -- Up-to-date: /home/francisco/ros2-ws/install/rosapi_msgs/include/rosapi_msgs/srv/detail/service_request_details__rosidl_typesupport_fastrtps_cpp.hpp
[3.467s] -- Up-to-date: /home/francisco/ros2-ws/install/rosapi_msgs/include/rosapi_msgs/srv/detail/has_param__rosidl_typesupport_fastrtps_cpp.hpp
[3.467s] -- Up-to-date: /home/francisco/ros2-ws/install/rosapi_msgs/include/rosapi_msgs/srv/detail/subscribers__rosidl_typesupport_fastrtps_cpp.hpp
[3.467s] -- Up-to-date: /home/francisco/ros2-ws/install/rosapi_msgs/include/rosapi_msgs/srv/detail/service_type__rosidl_typesupport_fastrtps_cpp.hpp
[3.468s] -- Up-to-date: /home/francisco/ros2-ws/install/rosapi_msgs/include/rosapi_msgs/srv/detail/get_param__rosidl_typesupport_fastrtps_cpp.hpp
[3.468s] -- Up-to-date: /home/francisco/ros2-ws/install/rosapi_msgs/include/rosapi_msgs/srv/detail/get_ros_version__rosidl_typesupport_fastrtps_cpp.hpp
[3.468s] -- Up-to-date: /home/francisco/ros2-ws/install/rosapi_msgs/include/rosapi_msgs/srv/detail/service_response_details__rosidl_typesupport_fastrtps_cpp.hpp
[3.468s] -- Up-to-date: /home/francisco/ros2-ws/install/rosapi_msgs/include/rosapi_msgs/srv/detail/topics_and_raw_types__rosidl_typesupport_fastrtps_cpp.hpp
[3.469s] -- Up-to-date: /home/francisco/ros2-ws/install/rosapi_msgs/include/rosapi_msgs/srv/detail/services_for_type__rosidl_typesupport_fastrtps_cpp.hpp
[3.469s] -- Up-to-date: /home/francisco/ros2-ws/install/rosapi_msgs/include/rosapi_msgs/srv/detail/service_node__rosidl_typesupport_fastrtps_cpp.hpp
[3.469s] -- Up-to-date: /home/francisco/ros2-ws/install/rosapi_msgs/include/rosapi_msgs/srv/detail/message_details__rosidl_typesupport_fastrtps_cpp.hpp
[3.470s] -- Up-to-date: /home/francisco/ros2-ws/install/rosapi_msgs/include/rosapi_msgs/srv/detail/get_param_names__rosidl_typesupport_fastrtps_cpp.hpp
[3.470s] -- Up-to-date: /home/francisco/ros2-ws/install/rosapi_msgs/include/rosapi_msgs/srv/detail/dds_fastrtps
[3.470s] -- Up-to-date: /home/francisco/ros2-ws/install/rosapi_msgs/include/rosapi_msgs/srv/detail/get_time__rosidl_typesupport_fastrtps_cpp.hpp
[3.471s] -- Up-to-date: /home/francisco/ros2-ws/install/rosapi_msgs/include/rosapi_msgs/srv/detail/nodes__rosidl_typesupport_fastrtps_cpp.hpp
[3.471s] -- Up-to-date: /home/francisco/ros2-ws/install/rosapi_msgs/include/rosapi_msgs/srv/detail/topic_type__rosidl_typesupport_fastrtps_cpp.hpp
[3.472s] -- Up-to-date: /home/francisco/ros2-ws/install/rosapi_msgs/include/rosapi_msgs/srv/detail/set_param__rosidl_typesupport_fastrtps_cpp.hpp
[3.472s] -- Up-to-date: /home/francisco/ros2-ws/install/rosapi_msgs/include/rosapi_msgs/srv/detail/publishers__rosidl_typesupport_fastrtps_cpp.hpp
[3.472s] -- Up-to-date: /home/francisco/ros2-ws/install/rosapi_msgs/include/rosapi_msgs/srv/detail/get_action_servers__rosidl_typesupport_fastrtps_cpp.hpp
[3.472s] -- Up-to-date: /home/francisco/ros2-ws/install/rosapi_msgs/include/rosapi_msgs/srv/detail/topics_for_type__rosidl_typesupport_fastrtps_cpp.hpp
[3.473s] -- Up-to-date: /home/francisco/ros2-ws/install/rosapi_msgs/include/rosapi_msgs/srv/detail/delete_param__rosidl_typesupport_fastrtps_cpp.hpp
[3.473s] -- Up-to-date: /home/francisco/ros2-ws/install/rosapi_msgs/include/rosapi_msgs/srv/detail/service_providers__rosidl_typesupport_fastrtps_cpp.hpp
[3.473s] -- Up-to-date: /home/francisco/ros2-ws/install/rosapi_msgs/include/rosapi_msgs/msg
[3.474s] -- Up-to-date: /home/francisco/ros2-ws/install/rosapi_msgs/include/rosapi_msgs/msg/detail
[3.474s] -- Up-to-date: /home/francisco/ros2-ws/install/rosapi_msgs/include/rosapi_msgs/msg/detail/type_def__rosidl_typesupport_fastrtps_cpp.hpp
[3.474s] -- Up-to-date: /home/francisco/ros2-ws/install/rosapi_msgs/include/rosapi_msgs/msg/detail/dds_fastrtps
[3.475s] -- Up-to-date: /home/francisco/ros2-ws/install/rosapi_msgs/include/rosapi_msgs/msg/rosidl_typesupport_fastrtps_cpp__visibility_control.h
[3.478s] -- Up-to-date: /home/francisco/ros2-ws/install/rosapi_msgs/lib/librosapi_msgs__rosidl_typesupport_fastrtps_cpp.so
[3.496s] -- Up-to-date: /home/francisco/ros2-ws/install/rosapi_msgs/include/rosapi_msgs
[3.503s] -- Up-to-date: /home/francisco/ros2-ws/install/rosapi_msgs/include/rosapi_msgs/srv
[3.503s] -- Up-to-date: /home/francisco/ros2-ws/install/rosapi_msgs/include/rosapi_msgs/srv/detail
[3.504s] -- Up-to-date: /home/francisco/ros2-ws/install/rosapi_msgs/include/rosapi_msgs/srv/detail/topic_type__type_support.c
[3.505s] -- Up-to-date: /home/francisco/ros2-ws/install/rosapi_msgs/include/rosapi_msgs/srv/detail/get_action_servers__rosidl_typesupport_introspection_c.h
[3.506s] -- Up-to-date: /home/francisco/ros2-ws/install/rosapi_msgs/include/rosapi_msgs/srv/detail/service_request_details__rosidl_typesupport_introspection_c.h
[3.512s] -- Up-to-date: /home/francisco/ros2-ws/install/rosapi_msgs/include/rosapi_msgs/srv/detail/get_time__type_support.c
[3.513s] -- Up-to-date: /home/francisco/ros2-ws/install/rosapi_msgs/include/rosapi_msgs/srv/detail/subscribers__type_support.c
[3.513s] -- Up-to-date: /home/francisco/ros2-ws/install/rosapi_msgs/include/rosapi_msgs/srv/detail/service_node__rosidl_typesupport_introspection_c.h
[3.513s] -- Up-to-date: /home/francisco/ros2-ws/install/rosapi_msgs/include/rosapi_msgs/srv/detail/delete_param__type_support.c
[3.514s] -- Up-to-date: /home/francisco/ros2-ws/install/rosapi_msgs/include/rosapi_msgs/srv/detail/get_param_names__type_support.c
[3.514s] -- Up-to-date: /home/francisco/ros2-ws/install/rosapi_msgs/include/rosapi_msgs/srv/detail/topics__rosidl_typesupport_introspection_c.h
[3.515s] -- Up-to-date: /home/francisco/ros2-ws/install/rosapi_msgs/include/rosapi_msgs/srv/detail/topic_type__rosidl_typesupport_introspection_c.h
[3.515s] -- Up-to-date: /home/francisco/ros2-ws/install/rosapi_msgs/include/rosapi_msgs/srv/detail/set_param__rosidl_typesupport_introspection_c.h
[3.515s] -- Up-to-date: /home/francisco/ros2-ws/install/rosapi_msgs/include/rosapi_msgs/srv/detail/node_details__type_support.c
[3.516s] -- Up-to-date: /home/francisco/ros2-ws/install/rosapi_msgs/include/rosapi_msgs/srv/detail/services_for_type__rosidl_typesupport_introspection_c.h
[3.516s] -- Up-to-date: /home/francisco/ros2-ws/install/rosapi_msgs/include/rosapi_msgs/srv/detail/get_param_names__rosidl_typesupport_introspection_c.h
[3.517s] -- Up-to-date: /home/francisco/ros2-ws/install/rosapi_msgs/include/rosapi_msgs/srv/detail/service_node__type_support.c
[3.517s] -- Up-to-date: /home/francisco/ros2-ws/install/rosapi_msgs/include/rosapi_msgs/srv/detail/services_for_type__type_support.c
[3.518s] -- Up-to-date: /home/francisco/ros2-ws/install/rosapi_msgs/include/rosapi_msgs/srv/detail/nodes__type_support.c
[3.518s] -- Up-to-date: /home/francisco/ros2-ws/install/rosapi_msgs/include/rosapi_msgs/srv/detail/get_time__rosidl_typesupport_introspection_c.h
[3.522s] -- Up-to-date: /home/francisco/ros2-ws/install/rosapi_msgs/include/rosapi_msgs/srv/detail/message_details__rosidl_typesupport_introspection_c.h
[3.523s] -- Up-to-date: /home/francisco/ros2-ws/install/rosapi_msgs/include/rosapi_msgs/srv/detail/topics__type_support.c
[3.523s] -- Up-to-date: /home/francisco/ros2-ws/install/rosapi_msgs/include/rosapi_msgs/srv/detail/publishers__rosidl_typesupport_introspection_c.h
[3.524s] -- Up-to-date: /home/francisco/ros2-ws/install/rosapi_msgs/include/rosapi_msgs/srv/detail/set_param__type_support.c
[3.524s] -- Up-to-date: /home/francisco/ros2-ws/install/rosapi_msgs/include/rosapi_msgs/srv/detail/has_param__type_support.c
[3.524s] -- Up-to-date: /home/francisco/ros2-ws/install/rosapi_msgs/include/rosapi_msgs/srv/detail/service_providers__rosidl_typesupport_introspection_c.h
[3.525s] -- Up-to-date: /home/francisco/ros2-ws/install/rosapi_msgs/include/rosapi_msgs/srv/detail/service_type__type_support.c
[3.525s] -- Up-to-date: /home/francisco/ros2-ws/install/rosapi_msgs/include/rosapi_msgs/srv/detail/services__rosidl_typesupport_introspection_c.h
[3.526s] -- Up-to-date: /home/francisco/ros2-ws/install/rosapi_msgs/include/rosapi_msgs/srv/detail/service_type__rosidl_typesupport_introspection_c.h
[3.526s] -- Up-to-date: /home/francisco/ros2-ws/install/rosapi_msgs/include/rosapi_msgs/srv/detail/has_param__rosidl_typesupport_introspection_c.h
[3.527s] -- Up-to-date: /home/francisco/ros2-ws/install/rosapi_msgs/include/rosapi_msgs/srv/detail/services__type_support.c
[3.528s] -- Up-to-date: /home/francisco/ros2-ws/install/rosapi_msgs/include/rosapi_msgs/srv/detail/get_ros_version__rosidl_typesupport_introspection_c.h
[3.529s] -- Up-to-date: /home/francisco/ros2-ws/install/rosapi_msgs/include/rosapi_msgs/srv/detail/nodes__rosidl_typesupport_introspection_c.h
[3.535s] -- Up-to-date: /home/francisco/ros2-ws/install/rosapi_msgs/include/rosapi_msgs/srv/detail/service_request_details__type_support.c
[3.535s] -- Up-to-date: /home/francisco/ros2-ws/install/rosapi_msgs/include/rosapi_msgs/srv/detail/topics_for_type__type_support.c
[3.537s] -- Up-to-date: /home/francisco/ros2-ws/install/rosapi_msgs/include/rosapi_msgs/srv/detail/get_param__type_support.c
[3.537s] -- Up-to-date: /home/francisco/ros2-ws/install/rosapi_msgs/include/rosapi_msgs/srv/detail/get_ros_version__type_support.c
[3.542s] -- Up-to-date: /home/francisco/ros2-ws/install/rosapi_msgs/include/rosapi_msgs/srv/detail/topics_and_raw_types__type_support.c
[3.543s] -- Up-to-date: /home/francisco/ros2-ws/install/rosapi_msgs/include/rosapi_msgs/srv/detail/node_details__rosidl_typesupport_introspection_c.h
[3.546s] -- Up-to-date: /home/francisco/ros2-ws/install/rosapi_msgs/include/rosapi_msgs/srv/detail/service_response_details__type_support.c
[3.546s] -- Up-to-date: /home/francisco/ros2-ws/install/rosapi_msgs/include/rosapi_msgs/srv/detail/topics_and_raw_types__rosidl_typesupport_introspection_c.h
[3.547s] -- Up-to-date: /home/francisco/ros2-ws/install/rosapi_msgs/include/rosapi_msgs/srv/detail/service_providers__type_support.c
[3.548s] -- Up-to-date: /home/francisco/ros2-ws/install/rosapi_msgs/include/rosapi_msgs/srv/detail/topics_for_type__rosidl_typesupport_introspection_c.h
[3.548s] -- Up-to-date: /home/francisco/ros2-ws/install/rosapi_msgs/include/rosapi_msgs/srv/detail/publishers__type_support.c
[3.548s] -- Up-to-date: /home/francisco/ros2-ws/install/rosapi_msgs/include/rosapi_msgs/srv/detail/message_details__type_support.c
[3.549s] -- Up-to-date: /home/francisco/ros2-ws/install/rosapi_msgs/include/rosapi_msgs/srv/detail/delete_param__rosidl_typesupport_introspection_c.h
[3.550s] -- Up-to-date: /home/francisco/ros2-ws/install/rosapi_msgs/include/rosapi_msgs/srv/detail/get_action_servers__type_support.c
[3.551s] -- Up-to-date: /home/francisco/ros2-ws/install/rosapi_msgs/include/rosapi_msgs/srv/detail/subscribers__rosidl_typesupport_introspection_c.h
[3.551s] -- Up-to-date: /home/francisco/ros2-ws/install/rosapi_msgs/include/rosapi_msgs/srv/detail/service_response_details__rosidl_typesupport_introspection_c.h
[3.552s] -- Up-to-date: /home/francisco/ros2-ws/install/rosapi_msgs/include/rosapi_msgs/srv/detail/get_param__rosidl_typesupport_introspection_c.h
[3.552s] -- Up-to-date: /home/francisco/ros2-ws/install/rosapi_msgs/include/rosapi_msgs/msg
[3.553s] -- Up-to-date: /home/francisco/ros2-ws/install/rosapi_msgs/include/rosapi_msgs/msg/detail
[3.554s] -- Up-to-date: /home/francisco/ros2-ws/install/rosapi_msgs/include/rosapi_msgs/msg/detail/type_def__rosidl_typesupport_introspection_c.h
[3.554s] -- Up-to-date: /home/francisco/ros2-ws/install/rosapi_msgs/include/rosapi_msgs/msg/detail/type_def__type_support.c
[3.559s] -- Up-to-date: /home/francisco/ros2-ws/install/rosapi_msgs/include/rosapi_msgs/msg/rosidl_typesupport_introspection_c__visibility_control.h
[3.568s] -- Up-to-date: /home/francisco/ros2-ws/install/rosapi_msgs/lib/librosapi_msgs__rosidl_typesupport_introspection_c.so
[3.581s] -- Up-to-date: /home/francisco/ros2-ws/install/rosapi_msgs/lib/librosapi_msgs__rosidl_typesupport_c.so
[3.581s] -- Up-to-date: /home/francisco/ros2-ws/install/rosapi_msgs/include/rosapi_msgs
[3.581s] -- Up-to-date: /home/francisco/ros2-ws/install/rosapi_msgs/include/rosapi_msgs/srv
[3.582s] -- Up-to-date: /home/francisco/ros2-ws/install/rosapi_msgs/include/rosapi_msgs/srv/get_param_names.hpp
[3.590s] -- Up-to-date: /home/francisco/ros2-ws/install/rosapi_msgs/include/rosapi_msgs/srv/get_time.hpp
[3.596s] -- Up-to-date: /home/francisco/ros2-ws/install/rosapi_msgs/include/rosapi_msgs/srv/detail
[3.597s] -- Up-to-date: /home/francisco/ros2-ws/install/rosapi_msgs/include/rosapi_msgs/srv/detail/topics__struct.hpp
[3.598s] -- Up-to-date: /home/francisco/ros2-ws/install/rosapi_msgs/include/rosapi_msgs/srv/detail/topics_and_raw_types__builder.hpp
[3.598s] -- Up-to-date: /home/francisco/ros2-ws/install/rosapi_msgs/include/rosapi_msgs/srv/detail/service_node__traits.hpp
[3.599s] -- Up-to-date: /home/francisco/ros2-ws/install/rosapi_msgs/include/rosapi_msgs/srv/detail/set_param__builder.hpp
[3.599s] -- Up-to-date: /home/francisco/ros2-ws/install/rosapi_msgs/include/rosapi_msgs/srv/detail/get_param_names__builder.hpp
[3.600s] -- Up-to-date: /home/francisco/ros2-ws/install/rosapi_msgs/include/rosapi_msgs/srv/detail/publishers__struct.hpp
[3.600s] -- Up-to-date: /home/francisco/ros2-ws/install/rosapi_msgs/include/rosapi_msgs/srv/detail/services_for_type__struct.hpp
[3.601s] -- Up-to-date: /home/francisco/ros2-ws/install/rosapi_msgs/include/rosapi_msgs/srv/detail/subscribers__traits.hpp
[3.601s] -- Up-to-date: /home/francisco/ros2-ws/install/rosapi_msgs/include/rosapi_msgs/srv/detail/has_param__traits.hpp
[3.601s] -- Up-to-date: /home/francisco/ros2-ws/install/rosapi_msgs/include/rosapi_msgs/srv/detail/get_action_servers__struct.hpp
[3.602s] -- Up-to-date: /home/francisco/ros2-ws/install/rosapi_msgs/include/rosapi_msgs/srv/detail/get_param__builder.hpp
[3.602s] -- Up-to-date: /home/francisco/ros2-ws/install/rosapi_msgs/include/rosapi_msgs/srv/detail/topics_for_type__traits.hpp
[3.603s] -- Up-to-date: /home/francisco/ros2-ws/install/rosapi_msgs/include/rosapi_msgs/srv/detail/get_ros_version__builder.hpp
[3.603s] -- Up-to-date: /home/francisco/ros2-ws/install/rosapi_msgs/include/rosapi_msgs/srv/detail/get_action_servers__builder.hpp
[3.604s] -- Up-to-date: /home/francisco/ros2-ws/install/rosapi_msgs/include/rosapi_msgs/srv/detail/service_request_details__traits.hpp
[3.604s] -- Up-to-date: /home/francisco/ros2-ws/install/rosapi_msgs/include/rosapi_msgs/srv/detail/topic_type__struct.hpp
[3.605s] -- Up-to-date: /home/francisco/ros2-ws/install/rosapi_msgs/include/rosapi_msgs/srv/detail/node_details__struct.hpp
[3.605s] -- Up-to-date: /home/francisco/ros2-ws/install/rosapi_msgs/include/rosapi_msgs/srv/detail/message_details__traits.hpp
[3.606s] -- Up-to-date: /home/francisco/ros2-ws/install/rosapi_msgs/include/rosapi_msgs/srv/detail/get_ros_version__struct.hpp
[3.606s] -- Up-to-date: /home/francisco/ros2-ws/install/rosapi_msgs/include/rosapi_msgs/srv/detail/services_for_type__traits.hpp
[3.606s] -- Up-to-date: /home/francisco/ros2-ws/install/rosapi_msgs/include/rosapi_msgs/srv/detail/service_type__struct.hpp
[3.607s] -- Up-to-date: /home/francisco/ros2-ws/install/rosapi_msgs/include/rosapi_msgs/srv/detail/service_response_details__traits.hpp
[3.608s] -- Up-to-date: /home/francisco/ros2-ws/install/rosapi_msgs/include/rosapi_msgs/srv/detail/set_param__traits.hpp
[3.608s] -- Up-to-date: /home/francisco/ros2-ws/install/rosapi_msgs/include/rosapi_msgs/srv/detail/topics_for_type__struct.hpp
[3.609s] -- Up-to-date: /home/francisco/ros2-ws/install/rosapi_msgs/include/rosapi_msgs/srv/detail/get_param_names__traits.hpp
[3.609s] -- Up-to-date: /home/francisco/ros2-ws/install/rosapi_msgs/include/rosapi_msgs/srv/detail/subscribers__struct.hpp
[3.609s] -- Up-to-date: /home/francisco/ros2-ws/install/rosapi_msgs/include/rosapi_msgs/srv/detail/service_request_details__struct.hpp
[3.610s] -- Up-to-date: /home/francisco/ros2-ws/install/rosapi_msgs/include/rosapi_msgs/srv/detail/topics_and_raw_types__struct.hpp
[3.611s] -- Up-to-date: /home/francisco/ros2-ws/install/rosapi_msgs/include/rosapi_msgs/srv/detail/services_for_type__builder.hpp
[3.612s] -- Up-to-date: /home/francisco/ros2-ws/install/rosapi_msgs/include/rosapi_msgs/srv/detail/nodes__traits.hpp
[3.612s] -- Up-to-date: /home/francisco/ros2-ws/install/rosapi_msgs/include/rosapi_msgs/srv/detail/service_node__struct.hpp
[3.625s] -- Up-to-date: /home/francisco/ros2-ws/install/rosapi_msgs/include/rosapi_msgs/srv/detail/nodes__builder.hpp
[3.626s] -- Up-to-date: /home/francisco/ros2-ws/install/rosapi_msgs/include/rosapi_msgs/srv/detail/message_details__builder.hpp
[3.627s] -- Up-to-date: /home/francisco/ros2-ws/install/rosapi_msgs/include/rosapi_msgs/srv/detail/get_time__struct.hpp
[3.627s] -- Up-to-date: /home/francisco/ros2-ws/install/rosapi_msgs/include/rosapi_msgs/srv/detail/topics_and_raw_types__traits.hpp
[3.629s] -- Up-to-date: /home/francisco/ros2-ws/install/rosapi_msgs/include/rosapi_msgs/srv/detail/service_providers__builder.hpp
[3.629s] -- Up-to-date: /home/francisco/ros2-ws/install/rosapi_msgs/include/rosapi_msgs/srv/detail/node_details__builder.hpp
[3.629s] -- Up-to-date: /home/francisco/ros2-ws/install/rosapi_msgs/include/rosapi_msgs/srv/detail/service_type__builder.hpp
[3.632s] -- Up-to-date: /home/francisco/ros2-ws/install/rosapi_msgs/include/rosapi_msgs/srv/detail/service_response_details__struct.hpp
[3.633s] -- Up-to-date: /home/francisco/ros2-ws/install/rosapi_msgs/include/rosapi_msgs/srv/detail/get_action_servers__traits.hpp
[3.635s] -- Up-to-date: /home/francisco/ros2-ws/install/rosapi_msgs/include/rosapi_msgs/srv/detail/has_param__struct.hpp
[3.636s] -- Up-to-date: /home/francisco/ros2-ws/install/rosapi_msgs/include/rosapi_msgs/srv/detail/get_param_names__struct.hpp
[3.637s] -- Up-to-date: /home/francisco/ros2-ws/install/rosapi_msgs/include/rosapi_msgs/srv/detail/publishers__traits.hpp
[3.643s] -- Up-to-date: /home/francisco/ros2-ws/install/rosapi_msgs/include/rosapi_msgs/srv/detail/service_node__builder.hpp
[3.651s] -- Up-to-date: /home/francisco/ros2-ws/install/rosapi_msgs/include/rosapi_msgs/srv/detail/service_providers__traits.hpp
[3.658s] -- Up-to-date: /home/francisco/ros2-ws/install/rosapi_msgs/include/rosapi_msgs/srv/detail/nodes__struct.hpp
[3.661s] -- Up-to-date: /home/francisco/ros2-ws/install/rosapi_msgs/include/rosapi_msgs/srv/detail/set_param__struct.hpp
[3.673s] -- Up-to-date: /home/francisco/ros2-ws/install/rosapi_msgs/include/rosapi_msgs/srv/detail/publishers__builder.hpp
[3.676s] -- Up-to-date: /home/francisco/ros2-ws/install/rosapi_msgs/include/rosapi_msgs/srv/detail/topics__traits.hpp
[3.681s] -- Up-to-date: /home/francisco/ros2-ws/install/rosapi_msgs/include/rosapi_msgs/srv/detail/delete_param__struct.hpp
[3.682s] -- Up-to-date: /home/francisco/ros2-ws/install/rosapi_msgs/include/rosapi_msgs/srv/detail/delete_param__builder.hpp
[3.683s] -- Up-to-date: /home/francisco/ros2-ws/install/rosapi_msgs/include/rosapi_msgs/srv/detail/subscribers__builder.hpp
[3.684s] -- Up-to-date: /home/francisco/ros2-ws/install/rosapi_msgs/include/rosapi_msgs/srv/detail/service_type__traits.hpp
[3.684s] -- Up-to-date: /home/francisco/ros2-ws/install/rosapi_msgs/include/rosapi_msgs/srv/detail/get_ros_version__traits.hpp
[3.685s] -- Up-to-date: /home/francisco/ros2-ws/install/rosapi_msgs/include/rosapi_msgs/srv/detail/topics_for_type__builder.hpp
[3.686s] -- Up-to-date: /home/francisco/ros2-ws/install/rosapi_msgs/include/rosapi_msgs/srv/detail/get_time__builder.hpp
[3.688s] -- Up-to-date: /home/francisco/ros2-ws/install/rosapi_msgs/include/rosapi_msgs/srv/detail/service_request_details__builder.hpp
[3.691s] -- Up-to-date: /home/francisco/ros2-ws/install/rosapi_msgs/include/rosapi_msgs/srv/detail/get_param__struct.hpp
[3.695s] -- Up-to-date: /home/francisco/ros2-ws/install/rosapi_msgs/include/rosapi_msgs/srv/detail/has_param__builder.hpp
[3.695s] -- Up-to-date: /home/francisco/ros2-ws/install/rosapi_msgs/include/rosapi_msgs/srv/detail/message_details__struct.hpp
[3.696s] -- Up-to-date: /home/francisco/ros2-ws/install/rosapi_msgs/include/rosapi_msgs/srv/detail/services__struct.hpp
[3.696s] -- Up-to-date: /home/francisco/ros2-ws/install/rosapi_msgs/include/rosapi_msgs/srv/detail/delete_param__traits.hpp
[3.698s] -- Up-to-date: /home/francisco/ros2-ws/install/rosapi_msgs/include/rosapi_msgs/srv/detail/topic_type__builder.hpp
[3.698s] -- Up-to-date: /home/francisco/ros2-ws/install/rosapi_msgs/include/rosapi_msgs/srv/detail/topic_type__traits.hpp
[3.698s] -- Up-to-date: /home/francisco/ros2-ws/install/rosapi_msgs/include/rosapi_msgs/srv/detail/service_response_details__builder.hpp
[3.761s] -- Up-to-date: /home/francisco/ros2-ws/install/rosapi_msgs/include/rosapi_msgs/srv/detail/node_details__traits.hpp
[3.765s] -- Up-to-date: /home/francisco/ros2-ws/install/rosapi_msgs/include/rosapi_msgs/srv/detail/service_providers__struct.hpp
[3.766s] -- Up-to-date: /home/francisco/ros2-ws/install/rosapi_msgs/include/rosapi_msgs/srv/detail/services__traits.hpp
[3.767s] -- Up-to-date: /home/francisco/ros2-ws/install/rosapi_msgs/include/rosapi_msgs/srv/detail/topics__builder.hpp
[3.768s] -- Up-to-date: /home/francisco/ros2-ws/install/rosapi_msgs/include/rosapi_msgs/srv/detail/services__builder.hpp
[3.768s] -- Up-to-date: /home/francisco/ros2-ws/install/rosapi_msgs/include/rosapi_msgs/srv/detail/get_time__traits.hpp
[3.769s] -- Up-to-date: /home/francisco/ros2-ws/install/rosapi_msgs/include/rosapi_msgs/srv/detail/get_param__traits.hpp
[3.778s] -- Up-to-date: /home/francisco/ros2-ws/install/rosapi_msgs/include/rosapi_msgs/srv/service_response_details.hpp
[3.780s] -- Up-to-date: /home/francisco/ros2-ws/install/rosapi_msgs/include/rosapi_msgs/srv/topic_type.hpp
[3.781s] -- Up-to-date: /home/francisco/ros2-ws/install/rosapi_msgs/include/rosapi_msgs/srv/service_request_details.hpp
[3.783s] -- Up-to-date: /home/francisco/ros2-ws/install/rosapi_msgs/include/rosapi_msgs/srv/topics_and_raw_types.hpp
[3.784s] -- Up-to-date: /home/francisco/ros2-ws/install/rosapi_msgs/include/rosapi_msgs/srv/get_param.hpp
[3.784s] -- Up-to-date: /home/francisco/ros2-ws/install/rosapi_msgs/include/rosapi_msgs/srv/node_details.hpp
[3.785s] -- Up-to-date: /home/francisco/ros2-ws/install/rosapi_msgs/include/rosapi_msgs/srv/service_node.hpp
[3.787s] -- Up-to-date: /home/francisco/ros2-ws/install/rosapi_msgs/include/rosapi_msgs/srv/set_param.hpp
[3.793s] -- Up-to-date: /home/francisco/ros2-ws/install/rosapi_msgs/include/rosapi_msgs/srv/subscribers.hpp
[3.799s] -- Up-to-date: /home/francisco/ros2-ws/install/rosapi_msgs/include/rosapi_msgs/srv/topics_for_type.hpp
[3.799s] -- Up-to-date: /home/francisco/ros2-ws/install/rosapi_msgs/include/rosapi_msgs/srv/services.hpp
[3.803s] -- Up-to-date: /home/francisco/ros2-ws/install/rosapi_msgs/include/rosapi_msgs/srv/get_action_servers.hpp
[3.804s] -- Up-to-date: /home/francisco/ros2-ws/install/rosapi_msgs/include/rosapi_msgs/srv/has_param.hpp
[3.804s] -- Up-to-date: /home/francisco/ros2-ws/install/rosapi_msgs/include/rosapi_msgs/srv/service_type.hpp
[3.806s] -- Up-to-date: /home/francisco/ros2-ws/install/rosapi_msgs/include/rosapi_msgs/srv/nodes.hpp
[3.807s] -- Up-to-date: /home/francisco/ros2-ws/install/rosapi_msgs/include/rosapi_msgs/srv/message_details.hpp
[3.808s] -- Up-to-date: /home/francisco/ros2-ws/install/rosapi_msgs/include/rosapi_msgs/srv/services_for_type.hpp
[3.808s] -- Up-to-date: /home/francisco/ros2-ws/install/rosapi_msgs/include/rosapi_msgs/srv/get_ros_version.hpp
[3.809s] -- Up-to-date: /home/francisco/ros2-ws/install/rosapi_msgs/include/rosapi_msgs/srv/topics.hpp
[3.809s] -- Up-to-date: /home/francisco/ros2-ws/install/rosapi_msgs/include/rosapi_msgs/srv/delete_param.hpp
[3.809s] -- Up-to-date: /home/francisco/ros2-ws/install/rosapi_msgs/include/rosapi_msgs/srv/service_providers.hpp
[3.809s] -- Up-to-date: /home/francisco/ros2-ws/install/rosapi_msgs/include/rosapi_msgs/srv/publishers.hpp
[3.809s] -- Up-to-date: /home/francisco/ros2-ws/install/rosapi_msgs/include/rosapi_msgs/msg
[3.811s] -- Up-to-date: /home/francisco/ros2-ws/install/rosapi_msgs/include/rosapi_msgs/msg/detail
[3.812s] -- Up-to-date: /home/francisco/ros2-ws/install/rosapi_msgs/include/rosapi_msgs/msg/detail/type_def__builder.hpp
[3.812s] -- Up-to-date: /home/francisco/ros2-ws/install/rosapi_msgs/include/rosapi_msgs/msg/detail/type_def__traits.hpp
[3.814s] -- Up-to-date: /home/francisco/ros2-ws/install/rosapi_msgs/include/rosapi_msgs/msg/detail/type_def__struct.hpp
[3.815s] -- Up-to-date: /home/francisco/ros2-ws/install/rosapi_msgs/include/rosapi_msgs/msg/type_def.hpp
[3.816s] -- Up-to-date: /home/francisco/ros2-ws/install/rosapi_msgs/include/rosapi_msgs
[3.817s] -- Up-to-date: /home/francisco/ros2-ws/install/rosapi_msgs/include/rosapi_msgs/srv
[3.817s] -- Up-to-date: /home/francisco/ros2-ws/install/rosapi_msgs/include/rosapi_msgs/srv/detail
[3.819s] -- Up-to-date: /home/francisco/ros2-ws/install/rosapi_msgs/include/rosapi_msgs/srv/detail/services__type_support.cpp
[3.819s] -- Up-to-date: /home/francisco/ros2-ws/install/rosapi_msgs/include/rosapi_msgs/srv/detail/delete_param__rosidl_typesupport_introspection_cpp.hpp
[3.820s] -- Up-to-date: /home/francisco/ros2-ws/install/rosapi_msgs/include/rosapi_msgs/srv/detail/nodes__rosidl_typesupport_introspection_cpp.hpp
[3.820s] -- Up-to-date: /home/francisco/ros2-ws/install/rosapi_msgs/include/rosapi_msgs/srv/detail/topics_and_raw_types__rosidl_typesupport_introspection_cpp.hpp
[3.820s] -- Up-to-date: /home/francisco/ros2-ws/install/rosapi_msgs/include/rosapi_msgs/srv/detail/message_details__type_support.cpp
[3.821s] -- Up-to-date: /home/francisco/ros2-ws/install/rosapi_msgs/include/rosapi_msgs/srv/detail/topics__type_support.cpp
[3.821s] -- Up-to-date: /home/francisco/ros2-ws/install/rosapi_msgs/include/rosapi_msgs/srv/detail/service_response_details__rosidl_typesupport_introspection_cpp.hpp
[3.821s] -- Up-to-date: /home/francisco/ros2-ws/install/rosapi_msgs/include/rosapi_msgs/srv/detail/topics_for_type__type_support.cpp
[3.821s] -- Up-to-date: /home/francisco/ros2-ws/install/rosapi_msgs/include/rosapi_msgs/srv/detail/message_details__rosidl_typesupport_introspection_cpp.hpp
[3.822s] -- Up-to-date: /home/francisco/ros2-ws/install/rosapi_msgs/include/rosapi_msgs/srv/detail/get_param__type_support.cpp
[3.822s] -- Up-to-date: /home/francisco/ros2-ws/install/rosapi_msgs/include/rosapi_msgs/srv/detail/topics_and_raw_types__type_support.cpp
[3.825s] -- Up-to-date: /home/francisco/ros2-ws/install/rosapi_msgs/include/rosapi_msgs/srv/detail/has_param__rosidl_typesupport_introspection_cpp.hpp
[3.825s] -- Up-to-date: /home/francisco/ros2-ws/install/rosapi_msgs/include/rosapi_msgs/srv/detail/publishers__type_support.cpp
[3.826s] -- Up-to-date: /home/francisco/ros2-ws/install/rosapi_msgs/include/rosapi_msgs/srv/detail/topic_type__type_support.cpp
[3.826s] -- Up-to-date: /home/francisco/ros2-ws/install/rosapi_msgs/include/rosapi_msgs/srv/detail/get_action_servers__rosidl_typesupport_introspection_cpp.hpp
[3.826s] -- Up-to-date: /home/francisco/ros2-ws/install/rosapi_msgs/include/rosapi_msgs/srv/detail/subscribers__type_support.cpp
[3.826s] -- Up-to-date: /home/francisco/ros2-ws/install/rosapi_msgs/include/rosapi_msgs/srv/detail/node_details__type_support.cpp
[3.827s] -- Up-to-date: /home/francisco/ros2-ws/install/rosapi_msgs/include/rosapi_msgs/srv/detail/service_response_details__type_support.cpp
[3.827s] -- Up-to-date: /home/francisco/ros2-ws/install/rosapi_msgs/include/rosapi_msgs/srv/detail/services__rosidl_typesupport_introspection_cpp.hpp
[3.828s] -- Up-to-date: /home/francisco/ros2-ws/install/rosapi_msgs/include/rosapi_msgs/srv/detail/services_for_type__type_support.cpp
[3.829s] -- Up-to-date: /home/francisco/ros2-ws/install/rosapi_msgs/include/rosapi_msgs/srv/detail/set_param__type_support.cpp
[3.836s] -- Up-to-date: /home/francisco/ros2-ws/install/rosapi_msgs/include/rosapi_msgs/srv/detail/nodes__type_support.cpp
[3.839s] -- Up-to-date: /home/francisco/ros2-ws/install/rosapi_msgs/include/rosapi_msgs/srv/detail/topic_type__rosidl_typesupport_introspection_cpp.hpp
[3.840s] -- Up-to-date: /home/francisco/ros2-ws/install/rosapi_msgs/include/rosapi_msgs/srv/detail/get_time__type_support.cpp
[3.840s] -- Up-to-date: /home/francisco/ros2-ws/install/rosapi_msgs/include/rosapi_msgs/srv/detail/service_node__type_support.cpp
[3.841s] -- Up-to-date: /home/francisco/ros2-ws/install/rosapi_msgs/include/rosapi_msgs/srv/detail/service_providers__rosidl_typesupport_introspection_cpp.hpp
[3.841s] -- Up-to-date: /home/francisco/ros2-ws/install/rosapi_msgs/include/rosapi_msgs/srv/detail/topics__rosidl_typesupport_introspection_cpp.hpp
[3.842s] -- Up-to-date: /home/francisco/ros2-ws/install/rosapi_msgs/include/rosapi_msgs/srv/detail/node_details__rosidl_typesupport_introspection_cpp.hpp
[3.843s] -- Up-to-date: /home/francisco/ros2-ws/install/rosapi_msgs/include/rosapi_msgs/srv/detail/topics_for_type__rosidl_typesupport_introspection_cpp.hpp
[3.843s] -- Up-to-date: /home/francisco/ros2-ws/install/rosapi_msgs/include/rosapi_msgs/srv/detail/service_request_details__type_support.cpp
[3.844s] -- Up-to-date: /home/francisco/ros2-ws/install/rosapi_msgs/include/rosapi_msgs/srv/detail/get_time__rosidl_typesupport_introspection_cpp.hpp
[3.844s] -- Up-to-date: /home/francisco/ros2-ws/install/rosapi_msgs/include/rosapi_msgs/srv/detail/service_type__rosidl_typesupport_introspection_cpp.hpp
[3.845s] -- Up-to-date: /home/francisco/ros2-ws/install/rosapi_msgs/include/rosapi_msgs/srv/detail/service_request_details__rosidl_typesupport_introspection_cpp.hpp
[3.845s] -- Up-to-date: /home/francisco/ros2-ws/install/rosapi_msgs/include/rosapi_msgs/srv/detail/get_ros_version__rosidl_typesupport_introspection_cpp.hpp
[3.845s] -- Up-to-date: /home/francisco/ros2-ws/install/rosapi_msgs/include/rosapi_msgs/srv/detail/delete_param__type_support.cpp
[3.849s] -- Up-to-date: /home/francisco/ros2-ws/install/rosapi_msgs/include/rosapi_msgs/srv/detail/get_param__rosidl_typesupport_introspection_cpp.hpp
[3.850s] -- Up-to-date: /home/francisco/ros2-ws/install/rosapi_msgs/include/rosapi_msgs/srv/detail/has_param__type_support.cpp
[3.850s] -- Up-to-date: /home/francisco/ros2-ws/install/rosapi_msgs/include/rosapi_msgs/srv/detail/get_param_names__rosidl_typesupport_introspection_cpp.hpp
[3.850s] -- Up-to-date: /home/francisco/ros2-ws/install/rosapi_msgs/include/rosapi_msgs/srv/detail/service_providers__type_support.cpp
[3.851s] -- Up-to-date: /home/francisco/ros2-ws/install/rosapi_msgs/include/rosapi_msgs/srv/detail/publishers__rosidl_typesupport_introspection_cpp.hpp
[3.851s] -- Up-to-date: /home/francisco/ros2-ws/install/rosapi_msgs/include/rosapi_msgs/srv/detail/services_for_type__rosidl_typesupport_introspection_cpp.hpp
[3.852s] -- Up-to-date: /home/francisco/ros2-ws/install/rosapi_msgs/include/rosapi_msgs/srv/detail/get_param_names__type_support.cpp
[3.852s] -- Up-to-date: /home/francisco/ros2-ws/install/rosapi_msgs/include/rosapi_msgs/srv/detail/set_param__rosidl_typesupport_introspection_cpp.hpp
[3.852s] -- Up-to-date: /home/francisco/ros2-ws/install/rosapi_msgs/include/rosapi_msgs/srv/detail/subscribers__rosidl_typesupport_introspection_cpp.hpp
[3.852s] -- Up-to-date: /home/francisco/ros2-ws/install/rosapi_msgs/include/rosapi_msgs/srv/detail/service_node__rosidl_typesupport_introspection_cpp.hpp
[3.853s] -- Up-to-date: /home/francisco/ros2-ws/install/rosapi_msgs/include/rosapi_msgs/srv/detail/get_action_servers__type_support.cpp
[3.853s] -- Up-to-date: /home/francisco/ros2-ws/install/rosapi_msgs/include/rosapi_msgs/srv/detail/get_ros_version__type_support.cpp
[3.853s] -- Up-to-date: /home/francisco/ros2-ws/install/rosapi_msgs/include/rosapi_msgs/srv/detail/service_type__type_support.cpp
[3.854s] -- Up-to-date: /home/francisco/ros2-ws/install/rosapi_msgs/include/rosapi_msgs/msg
[3.854s] -- Up-to-date: /home/francisco/ros2-ws/install/rosapi_msgs/include/rosapi_msgs/msg/detail
[3.854s] -- Up-to-date: /home/francisco/ros2-ws/install/rosapi_msgs/include/rosapi_msgs/msg/detail/type_def__type_support.cpp
[3.855s] -- Up-to-date: /home/francisco/ros2-ws/install/rosapi_msgs/include/rosapi_msgs/msg/detail/type_def__rosidl_typesupport_introspection_cpp.hpp
[3.855s] -- Up-to-date: /home/francisco/ros2-ws/install/rosapi_msgs/lib/librosapi_msgs__rosidl_typesupport_introspection_cpp.so
[3.855s] -- Up-to-date: /home/francisco/ros2-ws/install/rosapi_msgs/lib/librosapi_msgs__rosidl_typesupport_cpp.so
[3.855s] -- Up-to-date: /home/francisco/ros2-ws/install/rosapi_msgs/share/rosapi_msgs/environment/pythonpath.sh
[3.856s] -- Up-to-date: /home/francisco/ros2-ws/install/rosapi_msgs/share/rosapi_msgs/environment/pythonpath.dsv
[3.856s] -- Up-to-date: /home/francisco/ros2-ws/install/rosapi_msgs/lib/python3.8/site-packages/rosapi_msgs/__init__.py
[3.856s] -- Up-to-date: /home/francisco/ros2-ws/install/rosapi_msgs/lib/python3.8/site-packages/rosapi_msgs/msg
[3.857s] -- Up-to-date: /home/francisco/ros2-ws/install/rosapi_msgs/lib/python3.8/site-packages/rosapi_msgs/msg/__init__.py
[3.857s] -- Up-to-date: /home/francisco/ros2-ws/install/rosapi_msgs/lib/python3.8/site-packages/rosapi_msgs/msg/_type_def_s.c
[3.857s] -- Up-to-date: /home/francisco/ros2-ws/install/rosapi_msgs/lib/python3.8/site-packages/rosapi_msgs/msg/_type_def.py
[3.858s] -- Up-to-date: /home/francisco/ros2-ws/install/rosapi_msgs/lib/python3.8/site-packages/rosapi_msgs/srv
[3.858s] -- Up-to-date: /home/francisco/ros2-ws/install/rosapi_msgs/lib/python3.8/site-packages/rosapi_msgs/srv/_get_ros_version.py
[3.858s] -- Up-to-date: /home/francisco/ros2-ws/install/rosapi_msgs/lib/python3.8/site-packages/rosapi_msgs/srv/_service_node_s.c
[3.861s] -- Up-to-date: /home/francisco/ros2-ws/install/rosapi_msgs/lib/python3.8/site-packages/rosapi_msgs/srv/_topics_and_raw_types.py
[3.861s] -- Up-to-date: /home/francisco/ros2-ws/install/rosapi_msgs/lib/python3.8/site-packages/rosapi_msgs/srv/_topics.py
[3.861s] -- Up-to-date: /home/francisco/ros2-ws/install/rosapi_msgs/lib/python3.8/site-packages/rosapi_msgs/srv/_services_s.c
[3.862s] -- Up-to-date: /home/francisco/ros2-ws/install/rosapi_msgs/lib/python3.8/site-packages/rosapi_msgs/srv/_get_param.py
[3.862s] -- Up-to-date: /home/francisco/ros2-ws/install/rosapi_msgs/lib/python3.8/site-packages/rosapi_msgs/srv/_get_param_s.c
[3.862s] -- Up-to-date: /home/francisco/ros2-ws/install/rosapi_msgs/lib/python3.8/site-packages/rosapi_msgs/srv/_get_time.py
[3.865s] -- Up-to-date: /home/francisco/ros2-ws/install/rosapi_msgs/lib/python3.8/site-packages/rosapi_msgs/srv/_has_param_s.c
[3.865s] -- Up-to-date: /home/francisco/ros2-ws/install/rosapi_msgs/lib/python3.8/site-packages/rosapi_msgs/srv/_publishers_s.c
[3.865s] -- Up-to-date: /home/francisco/ros2-ws/install/rosapi_msgs/lib/python3.8/site-packages/rosapi_msgs/srv/_service_providers_s.c
[3.866s] -- Up-to-date: /home/francisco/ros2-ws/install/rosapi_msgs/lib/python3.8/site-packages/rosapi_msgs/srv/_topics_s.c
[3.866s] -- Up-to-date: /home/francisco/ros2-ws/install/rosapi_msgs/lib/python3.8/site-packages/rosapi_msgs/srv/_get_action_servers.py
[3.866s] -- Up-to-date: /home/francisco/ros2-ws/install/rosapi_msgs/lib/python3.8/site-packages/rosapi_msgs/srv/__init__.py
[3.867s] -- Up-to-date: /home/francisco/ros2-ws/install/rosapi_msgs/lib/python3.8/site-packages/rosapi_msgs/srv/_topic_type.py
[3.867s] -- Up-to-date: /home/francisco/ros2-ws/install/rosapi_msgs/lib/python3.8/site-packages/rosapi_msgs/srv/_subscribers.py
[3.867s] -- Up-to-date: /home/francisco/ros2-ws/install/rosapi_msgs/lib/python3.8/site-packages/rosapi_msgs/srv/_service_type.py
[3.868s] -- Up-to-date: /home/francisco/ros2-ws/install/rosapi_msgs/lib/python3.8/site-packages/rosapi_msgs/srv/_node_details_s.c
[3.868s] -- Up-to-date: /home/francisco/ros2-ws/install/rosapi_msgs/lib/python3.8/site-packages/rosapi_msgs/srv/_service_response_details.py
[3.868s] -- Up-to-date: /home/francisco/ros2-ws/install/rosapi_msgs/lib/python3.8/site-packages/rosapi_msgs/srv/_topics_for_type_s.c
[3.868s] -- Up-to-date: /home/francisco/ros2-ws/install/rosapi_msgs/lib/python3.8/site-packages/rosapi_msgs/srv/_nodes_s.c
[3.869s] -- Up-to-date: /home/francisco/ros2-ws/install/rosapi_msgs/lib/python3.8/site-packages/rosapi_msgs/srv/_set_param.py
[3.869s] -- Up-to-date: /home/francisco/ros2-ws/install/rosapi_msgs/lib/python3.8/site-packages/rosapi_msgs/srv/_service_providers.py
[3.869s] -- Up-to-date: /home/francisco/ros2-ws/install/rosapi_msgs/lib/python3.8/site-packages/rosapi_msgs/srv/_service_request_details.py
[3.870s] -- Up-to-date: /home/francisco/ros2-ws/install/rosapi_msgs/lib/python3.8/site-packages/rosapi_msgs/srv/_topics_for_type.py
[3.870s] -- Up-to-date: /home/francisco/ros2-ws/install/rosapi_msgs/lib/python3.8/site-packages/rosapi_msgs/srv/_get_time_s.c
[3.870s] -- Up-to-date: /home/francisco/ros2-ws/install/rosapi_msgs/lib/python3.8/site-packages/rosapi_msgs/srv/_services_for_type_s.c
[3.870s] -- Up-to-date: /home/francisco/ros2-ws/install/rosapi_msgs/lib/python3.8/site-packages/rosapi_msgs/srv/_topics_and_raw_types_s.c
[3.871s] -- Up-to-date: /home/francisco/ros2-ws/install/rosapi_msgs/lib/python3.8/site-packages/rosapi_msgs/srv/_get_param_names_s.c
[3.871s] -- Up-to-date: /home/francisco/ros2-ws/install/rosapi_msgs/lib/python3.8/site-packages/rosapi_msgs/srv/_delete_param.py
[3.872s] -- Up-to-date: /home/francisco/ros2-ws/install/rosapi_msgs/lib/python3.8/site-packages/rosapi_msgs/srv/_service_request_details_s.c
[3.872s] -- Up-to-date: /home/francisco/ros2-ws/install/rosapi_msgs/lib/python3.8/site-packages/rosapi_msgs/srv/_has_param.py
[3.872s] -- Up-to-date: /home/francisco/ros2-ws/install/rosapi_msgs/lib/python3.8/site-packages/rosapi_msgs/srv/_node_details.py
[3.872s] -- Up-to-date: /home/francisco/ros2-ws/install/rosapi_msgs/lib/python3.8/site-packages/rosapi_msgs/srv/_message_details_s.c
[3.873s] -- Up-to-date: /home/francisco/ros2-ws/install/rosapi_msgs/lib/python3.8/site-packages/rosapi_msgs/srv/_service_response_details_s.c
[3.873s] -- Up-to-date: /home/francisco/ros2-ws/install/rosapi_msgs/lib/python3.8/site-packages/rosapi_msgs/srv/_nodes.py
[3.874s] -- Up-to-date: /home/francisco/ros2-ws/install/rosapi_msgs/lib/python3.8/site-packages/rosapi_msgs/srv/_get_action_servers_s.c
[3.874s] -- Up-to-date: /home/francisco/ros2-ws/install/rosapi_msgs/lib/python3.8/site-packages/rosapi_msgs/srv/_set_param_s.c
[3.874s] -- Up-to-date: /home/francisco/ros2-ws/install/rosapi_msgs/lib/python3.8/site-packages/rosapi_msgs/srv/_delete_param_s.c
[3.875s] -- Up-to-date: /home/francisco/ros2-ws/install/rosapi_msgs/lib/python3.8/site-packages/rosapi_msgs/srv/_publishers.py
[3.875s] -- Up-to-date: /home/francisco/ros2-ws/install/rosapi_msgs/lib/python3.8/site-packages/rosapi_msgs/srv/_get_ros_version_s.c
[3.875s] -- Up-to-date: /home/francisco/ros2-ws/install/rosapi_msgs/lib/python3.8/site-packages/rosapi_msgs/srv/_topic_type_s.c
[3.876s] -- Up-to-date: /home/francisco/ros2-ws/install/rosapi_msgs/lib/python3.8/site-packages/rosapi_msgs/srv/_service_type_s.c
[3.876s] -- Up-to-date: /home/francisco/ros2-ws/install/rosapi_msgs/lib/python3.8/site-packages/rosapi_msgs/srv/_services_for_type.py
[3.876s] -- Up-to-date: /home/francisco/ros2-ws/install/rosapi_msgs/lib/python3.8/site-packages/rosapi_msgs/srv/_service_node.py
[3.877s] -- Up-to-date: /home/francisco/ros2-ws/install/rosapi_msgs/lib/python3.8/site-packages/rosapi_msgs/srv/_subscribers_s.c
[3.877s] -- Up-to-date: /home/francisco/ros2-ws/install/rosapi_msgs/lib/python3.8/site-packages/rosapi_msgs/srv/_get_param_names.py
[3.877s] -- Up-to-date: /home/francisco/ros2-ws/install/rosapi_msgs/lib/python3.8/site-packages/rosapi_msgs/srv/_services.py
[3.878s] -- Up-to-date: /home/francisco/ros2-ws/install/rosapi_msgs/lib/python3.8/site-packages/rosapi_msgs/srv/_message_details.py
[3.878s] -- Up-to-date: /home/francisco/ros2-ws/install/rosapi_msgs/lib/python3.8/site-packages/rosapi_msgs/rosapi_msgs_s__rosidl_typesupport_fastrtps_c.cpython-38-x86_64-linux-gnu.so
[3.878s] -- Up-to-date: /home/francisco/ros2-ws/install/rosapi_msgs/lib/python3.8/site-packages/rosapi_msgs/rosapi_msgs_s__rosidl_typesupport_introspection_c.cpython-38-x86_64-linux-gnu.so
[3.879s] -- Up-to-date: /home/francisco/ros2-ws/install/rosapi_msgs/lib/python3.8/site-packages/rosapi_msgs/rosapi_msgs_s__rosidl_typesupport_c.cpython-38-x86_64-linux-gnu.so
[3.879s] -- Up-to-date: /home/francisco/ros2-ws/install/rosapi_msgs/lib/librosapi_msgs__python.so
[3.886s] -- Up-to-date: /home/francisco/ros2-ws/install/rosapi_msgs/share/rosapi_msgs/msg/TypeDef.idl
[3.887s] -- Up-to-date: /home/francisco/ros2-ws/install/rosapi_msgs/share/rosapi_msgs/srv/DeleteParam.idl
[3.887s] -- Up-to-date: /home/francisco/ros2-ws/install/rosapi_msgs/share/rosapi_msgs/srv/GetActionServers.idl
[3.887s] -- Up-to-date: /home/francisco/ros2-ws/install/rosapi_msgs/share/rosapi_msgs/srv/GetParam.idl
[3.888s] -- Up-to-date: /home/francisco/ros2-ws/install/rosapi_msgs/share/rosapi_msgs/srv/GetParamNames.idl
[3.888s] -- Up-to-date: /home/francisco/ros2-ws/install/rosapi_msgs/share/rosapi_msgs/srv/GetROSVersion.idl
[3.889s] -- Up-to-date: /home/francisco/ros2-ws/install/rosapi_msgs/share/rosapi_msgs/srv/GetTime.idl
[3.889s] -- Up-to-date: /home/francisco/ros2-ws/install/rosapi_msgs/share/rosapi_msgs/srv/HasParam.idl
[3.889s] -- Up-to-date: /home/francisco/ros2-ws/install/rosapi_msgs/share/rosapi_msgs/srv/MessageDetails.idl
[3.889s] -- Up-to-date: /home/francisco/ros2-ws/install/rosapi_msgs/share/rosapi_msgs/srv/Nodes.idl
[3.890s] -- Up-to-date: /home/francisco/ros2-ws/install/rosapi_msgs/share/rosapi_msgs/srv/NodeDetails.idl
[3.890s] -- Up-to-date: /home/francisco/ros2-ws/install/rosapi_msgs/share/rosapi_msgs/srv/Publishers.idl
[3.891s] -- Up-to-date: /home/francisco/ros2-ws/install/rosapi_msgs/share/rosapi_msgs/srv/ServiceNode.idl
[3.891s] -- Up-to-date: /home/francisco/ros2-ws/install/rosapi_msgs/share/rosapi_msgs/srv/ServiceProviders.idl
[3.891s] -- Up-to-date: /home/francisco/ros2-ws/install/rosapi_msgs/share/rosapi_msgs/srv/ServiceRequestDetails.idl
[3.891s] -- Up-to-date: /home/francisco/ros2-ws/install/rosapi_msgs/share/rosapi_msgs/srv/ServiceResponseDetails.idl
[3.892s] -- Up-to-date: /home/francisco/ros2-ws/install/rosapi_msgs/share/rosapi_msgs/srv/Services.idl
[3.894s] -- Up-to-date: /home/francisco/ros2-ws/install/rosapi_msgs/share/rosapi_msgs/srv/ServicesForType.idl
[3.895s] -- Up-to-date: /home/francisco/ros2-ws/install/rosapi_msgs/share/rosapi_msgs/srv/ServiceType.idl
[3.895s] -- Up-to-date: /home/francisco/ros2-ws/install/rosapi_msgs/share/rosapi_msgs/srv/SetParam.idl
[3.895s] -- Up-to-date: /home/francisco/ros2-ws/install/rosapi_msgs/share/rosapi_msgs/srv/Subscribers.idl
[3.896s] -- Up-to-date: /home/francisco/ros2-ws/install/rosapi_msgs/share/rosapi_msgs/srv/Topics.idl
[3.906s] -- Up-to-date: /home/francisco/ros2-ws/install/rosapi_msgs/share/rosapi_msgs/srv/TopicsAndRawTypes.idl
[3.907s] -- Up-to-date: /home/francisco/ros2-ws/install/rosapi_msgs/share/rosapi_msgs/srv/TopicsForType.idl
[3.907s] -- Up-to-date: /home/francisco/ros2-ws/install/rosapi_msgs/share/rosapi_msgs/srv/TopicType.idl
[3.907s] -- Up-to-date: /home/francisco/ros2-ws/install/rosapi_msgs/share/rosapi_msgs/msg/TypeDef.msg
[3.908s] -- Up-to-date: /home/francisco/ros2-ws/install/rosapi_msgs/share/rosapi_msgs/srv/DeleteParam.srv
[3.908s] -- Up-to-date: /home/francisco/ros2-ws/install/rosapi_msgs/share/rosapi_msgs/srv/DeleteParam_Request.msg
[3.909s] -- Up-to-date: /home/francisco/ros2-ws/install/rosapi_msgs/share/rosapi_msgs/srv/DeleteParam_Response.msg
[3.909s] -- Up-to-date: /home/francisco/ros2-ws/install/rosapi_msgs/share/rosapi_msgs/srv/GetActionServers.srv
[3.909s] -- Up-to-date: /home/francisco/ros2-ws/install/rosapi_msgs/share/rosapi_msgs/srv/GetActionServers_Request.msg
[3.909s] -- Up-to-date: /home/francisco/ros2-ws/install/rosapi_msgs/share/rosapi_msgs/srv/GetActionServers_Response.msg
[3.910s] -- Up-to-date: /home/francisco/ros2-ws/install/rosapi_msgs/share/rosapi_msgs/srv/GetParam.srv
[3.910s] -- Up-to-date: /home/francisco/ros2-ws/install/rosapi_msgs/share/rosapi_msgs/srv/GetParam_Request.msg
[3.911s] -- Up-to-date: /home/francisco/ros2-ws/install/rosapi_msgs/share/rosapi_msgs/srv/GetParam_Response.msg
[3.911s] -- Up-to-date: /home/francisco/ros2-ws/install/rosapi_msgs/share/rosapi_msgs/srv/GetParamNames.srv
[3.911s] -- Up-to-date: /home/francisco/ros2-ws/install/rosapi_msgs/share/rosapi_msgs/srv/GetParamNames_Request.msg
[3.912s] -- Up-to-date: /home/francisco/ros2-ws/install/rosapi_msgs/share/rosapi_msgs/srv/GetParamNames_Response.msg
[3.912s] -- Up-to-date: /home/francisco/ros2-ws/install/rosapi_msgs/share/rosapi_msgs/srv/GetROSVersion.srv
[3.913s] -- Up-to-date: /home/francisco/ros2-ws/install/rosapi_msgs/share/rosapi_msgs/srv/GetROSVersion_Request.msg
[3.915s] -- Up-to-date: /home/francisco/ros2-ws/install/rosapi_msgs/share/rosapi_msgs/srv/GetROSVersion_Response.msg
[3.915s] -- Up-to-date: /home/francisco/ros2-ws/install/rosapi_msgs/share/rosapi_msgs/srv/GetTime.srv
[3.916s] -- Up-to-date: /home/francisco/ros2-ws/install/rosapi_msgs/share/rosapi_msgs/srv/GetTime_Request.msg
[3.916s] -- Up-to-date: /home/francisco/ros2-ws/install/rosapi_msgs/share/rosapi_msgs/srv/GetTime_Response.msg
[3.916s] -- Up-to-date: /home/francisco/ros2-ws/install/rosapi_msgs/share/rosapi_msgs/srv/HasParam.srv
[3.917s] -- Up-to-date: /home/francisco/ros2-ws/install/rosapi_msgs/share/rosapi_msgs/srv/HasParam_Request.msg
[3.917s] -- Up-to-date: /home/francisco/ros2-ws/install/rosapi_msgs/share/rosapi_msgs/srv/HasParam_Response.msg
[3.918s] -- Up-to-date: /home/francisco/ros2-ws/install/rosapi_msgs/share/rosapi_msgs/srv/MessageDetails.srv
[3.918s] -- Up-to-date: /home/francisco/ros2-ws/install/rosapi_msgs/share/rosapi_msgs/srv/MessageDetails_Request.msg
[3.918s] -- Up-to-date: /home/francisco/ros2-ws/install/rosapi_msgs/share/rosapi_msgs/srv/MessageDetails_Response.msg
[3.918s] -- Up-to-date: /home/francisco/ros2-ws/install/rosapi_msgs/share/rosapi_msgs/srv/Nodes.srv
[3.919s] -- Up-to-date: /home/francisco/ros2-ws/install/rosapi_msgs/share/rosapi_msgs/srv/Nodes_Request.msg
[3.926s] -- Up-to-date: /home/francisco/ros2-ws/install/rosapi_msgs/share/rosapi_msgs/srv/Nodes_Response.msg
[3.927s] -- Up-to-date: /home/francisco/ros2-ws/install/rosapi_msgs/share/rosapi_msgs/srv/NodeDetails.srv
[3.927s] -- Up-to-date: /home/francisco/ros2-ws/install/rosapi_msgs/share/rosapi_msgs/srv/NodeDetails_Request.msg
[3.928s] -- Up-to-date: /home/francisco/ros2-ws/install/rosapi_msgs/share/rosapi_msgs/srv/NodeDetails_Response.msg
[3.928s] -- Up-to-date: /home/francisco/ros2-ws/install/rosapi_msgs/share/rosapi_msgs/srv/Publishers.srv
[3.928s] -- Up-to-date: /home/francisco/ros2-ws/install/rosapi_msgs/share/rosapi_msgs/srv/Publishers_Request.msg
[3.929s] -- Up-to-date: /home/francisco/ros2-ws/install/rosapi_msgs/share/rosapi_msgs/srv/Publishers_Response.msg
[3.929s] -- Up-to-date: /home/francisco/ros2-ws/install/rosapi_msgs/share/rosapi_msgs/srv/ServiceNode.srv
[3.932s] -- Up-to-date: /home/francisco/ros2-ws/install/rosapi_msgs/share/rosapi_msgs/srv/ServiceNode_Request.msg
[3.932s] -- Up-to-date: /home/francisco/ros2-ws/install/rosapi_msgs/share/rosapi_msgs/srv/ServiceNode_Response.msg
[3.932s] -- Up-to-date: /home/francisco/ros2-ws/install/rosapi_msgs/share/rosapi_msgs/srv/ServiceProviders.srv
[3.932s] -- Up-to-date: /home/francisco/ros2-ws/install/rosapi_msgs/share/rosapi_msgs/srv/ServiceProviders_Request.msg
[3.933s] -- Up-to-date: /home/francisco/ros2-ws/install/rosapi_msgs/share/rosapi_msgs/srv/ServiceProviders_Response.msg
[3.933s] -- Up-to-date: /home/francisco/ros2-ws/install/rosapi_msgs/share/rosapi_msgs/srv/ServiceRequestDetails.srv
[3.933s] -- Up-to-date: /home/francisco/ros2-ws/install/rosapi_msgs/share/rosapi_msgs/srv/ServiceRequestDetails_Request.msg
[3.934s] -- Up-to-date: /home/francisco/ros2-ws/install/rosapi_msgs/share/rosapi_msgs/srv/ServiceRequestDetails_Response.msg
[3.934s] -- Up-to-date: /home/francisco/ros2-ws/install/rosapi_msgs/share/rosapi_msgs/srv/ServiceResponseDetails.srv
[3.934s] -- Up-to-date: /home/francisco/ros2-ws/install/rosapi_msgs/share/rosapi_msgs/srv/ServiceResponseDetails_Request.msg
[3.935s] -- Up-to-date: /home/francisco/ros2-ws/install/rosapi_msgs/share/rosapi_msgs/srv/ServiceResponseDetails_Response.msg
[3.935s] -- Up-to-date: /home/francisco/ros2-ws/install/rosapi_msgs/share/rosapi_msgs/srv/Services.srv
[3.936s] -- Up-to-date: /home/francisco/ros2-ws/install/rosapi_msgs/share/rosapi_msgs/srv/Services_Request.msg
[3.936s] -- Up-to-date: /home/francisco/ros2-ws/install/rosapi_msgs/share/rosapi_msgs/srv/Services_Response.msg
[3.936s] -- Up-to-date: /home/francisco/ros2-ws/install/rosapi_msgs/share/rosapi_msgs/srv/ServicesForType.srv
[3.936s] -- Up-to-date: /home/francisco/ros2-ws/install/rosapi_msgs/share/rosapi_msgs/srv/ServicesForType_Request.msg
[3.937s] -- Up-to-date: /home/francisco/ros2-ws/install/rosapi_msgs/share/rosapi_msgs/srv/ServicesForType_Response.msg
[3.948s] -- Up-to-date: /home/francisco/ros2-ws/install/rosapi_msgs/share/rosapi_msgs/srv/ServiceType.srv
[3.949s] -- Up-to-date: /home/francisco/ros2-ws/install/rosapi_msgs/share/rosapi_msgs/srv/ServiceType_Request.msg
[3.950s] -- Up-to-date: /home/francisco/ros2-ws/install/rosapi_msgs/share/rosapi_msgs/srv/ServiceType_Response.msg
[3.950s] -- Up-to-date: /home/francisco/ros2-ws/install/rosapi_msgs/share/rosapi_msgs/srv/SetParam.srv
[3.951s] -- Up-to-date: /home/francisco/ros2-ws/install/rosapi_msgs/share/rosapi_msgs/srv/SetParam_Request.msg
[3.951s] -- Up-to-date: /home/francisco/ros2-ws/install/rosapi_msgs/share/rosapi_msgs/srv/SetParam_Response.msg
[3.951s] -- Up-to-date: /home/francisco/ros2-ws/install/rosapi_msgs/share/rosapi_msgs/srv/Subscribers.srv
[3.952s] -- Up-to-date: /home/francisco/ros2-ws/install/rosapi_msgs/share/rosapi_msgs/srv/Subscribers_Request.msg
[3.952s] -- Up-to-date: /home/francisco/ros2-ws/install/rosapi_msgs/share/rosapi_msgs/srv/Subscribers_Response.msg
[3.952s] -- Up-to-date: /home/francisco/ros2-ws/install/rosapi_msgs/share/rosapi_msgs/srv/Topics.srv
[3.953s] -- Up-to-date: /home/francisco/ros2-ws/install/rosapi_msgs/share/rosapi_msgs/srv/Topics_Request.msg
[3.953s] -- Up-to-date: /home/francisco/ros2-ws/install/rosapi_msgs/share/rosapi_msgs/srv/Topics_Response.msg
[3.953s] -- Up-to-date: /home/francisco/ros2-ws/install/rosapi_msgs/share/rosapi_msgs/srv/TopicsAndRawTypes.srv
[3.954s] -- Up-to-date: /home/francisco/ros2-ws/install/rosapi_msgs/share/rosapi_msgs/srv/TopicsAndRawTypes_Request.msg
[3.954s] -- Up-to-date: /home/francisco/ros2-ws/install/rosapi_msgs/share/rosapi_msgs/srv/TopicsAndRawTypes_Response.msg
[3.954s] -- Up-to-date: /home/francisco/ros2-ws/install/rosapi_msgs/share/rosapi_msgs/srv/TopicsForType.srv
[3.955s] -- Up-to-date: /home/francisco/ros2-ws/install/rosapi_msgs/share/rosapi_msgs/srv/TopicsForType_Request.msg
[3.955s] -- Up-to-date: /home/francisco/ros2-ws/install/rosapi_msgs/share/rosapi_msgs/srv/TopicsForType_Response.msg
[3.955s] -- Up-to-date: /home/francisco/ros2-ws/install/rosapi_msgs/share/rosapi_msgs/srv/TopicType.srv
[3.956s] -- Up-to-date: /home/francisco/ros2-ws/install/rosapi_msgs/share/rosapi_msgs/srv/TopicType_Request.msg
[3.956s] -- Up-to-date: /home/francisco/ros2-ws/install/rosapi_msgs/share/rosapi_msgs/srv/TopicType_Response.msg
[3.957s] -- Up-to-date: /home/francisco/ros2-ws/install/rosapi_msgs/share/ament_index/resource_index/package_run_dependencies/rosapi_msgs
[3.957s] -- Up-to-date: /home/francisco/ros2-ws/install/rosapi_msgs/share/ament_index/resource_index/parent_prefix_path/rosapi_msgs
[3.957s] -- Up-to-date: /home/francisco/ros2-ws/install/rosapi_msgs/share/rosapi_msgs/environment/ament_prefix_path.sh
[3.958s] -- Up-to-date: /home/francisco/ros2-ws/install/rosapi_msgs/share/rosapi_msgs/environment/ament_prefix_path.dsv
[3.958s] -- Up-to-date: /home/francisco/ros2-ws/install/rosapi_msgs/share/rosapi_msgs/environment/path.sh
[3.958s] -- Up-to-date: /home/francisco/ros2-ws/install/rosapi_msgs/share/rosapi_msgs/environment/path.dsv
[3.959s] -- Up-to-date: /home/francisco/ros2-ws/install/rosapi_msgs/share/rosapi_msgs/local_setup.bash
[3.959s] -- Up-to-date: /home/francisco/ros2-ws/install/rosapi_msgs/share/rosapi_msgs/local_setup.sh
[3.959s] -- Up-to-date: /home/francisco/ros2-ws/install/rosapi_msgs/share/rosapi_msgs/local_setup.zsh
[3.960s] -- Up-to-date: /home/francisco/ros2-ws/install/rosapi_msgs/share/rosapi_msgs/local_setup.dsv
[3.961s] -- Installing: /home/francisco/ros2-ws/install/rosapi_msgs/share/rosapi_msgs/package.dsv
[3.961s] -- Up-to-date: /home/francisco/ros2-ws/install/rosapi_msgs/share/ament_index/resource_index/packages/rosapi_msgs
[3.961s] -- Up-to-date: /home/francisco/ros2-ws/install/rosapi_msgs/share/rosapi_msgs/cmake/rosapi_msgs__rosidl_generator_cExport.cmake
[3.962s] -- Up-to-date: /home/francisco/ros2-ws/install/rosapi_msgs/share/rosapi_msgs/cmake/rosapi_msgs__rosidl_generator_cExport-noconfig.cmake
[3.962s] -- Up-to-date: /home/francisco/ros2-ws/install/rosapi_msgs/share/rosapi_msgs/cmake/rosapi_msgs__rosidl_typesupport_introspection_cExport.cmake
[3.962s] -- Up-to-date: /home/francisco/ros2-ws/install/rosapi_msgs/share/rosapi_msgs/cmake/rosapi_msgs__rosidl_typesupport_introspection_cExport-noconfig.cmake
[3.963s] -- Up-to-date: /home/francisco/ros2-ws/install/rosapi_msgs/share/rosapi_msgs/cmake/rosapi_msgs__rosidl_typesupport_cExport.cmake
[3.964s] -- Up-to-date: /home/francisco/ros2-ws/install/rosapi_msgs/share/rosapi_msgs/cmake/rosapi_msgs__rosidl_typesupport_cExport-noconfig.cmake
[3.965s] -- Up-to-date: /home/francisco/ros2-ws/install/rosapi_msgs/share/rosapi_msgs/cmake/rosapi_msgs__rosidl_generator_cppExport.cmake
[3.965s] -- Up-to-date: /home/francisco/ros2-ws/install/rosapi_msgs/share/rosapi_msgs/cmake/rosapi_msgs__rosidl_typesupport_introspection_cppExport.cmake
[3.966s] -- Up-to-date: /home/francisco/ros2-ws/install/rosapi_msgs/share/rosapi_msgs/cmake/rosapi_msgs__rosidl_typesupport_introspection_cppExport-noconfig.cmake
[3.966s] -- Up-to-date: /home/francisco/ros2-ws/install/rosapi_msgs/share/rosapi_msgs/cmake/rosapi_msgs__rosidl_typesupport_cppExport.cmake
[3.967s] -- Up-to-date: /home/francisco/ros2-ws/install/rosapi_msgs/share/rosapi_msgs/cmake/rosapi_msgs__rosidl_typesupport_cppExport-noconfig.cmake
[3.967s] -- Up-to-date: /home/francisco/ros2-ws/install/rosapi_msgs/share/rosapi_msgs/cmake/rosidl_cmake-extras.cmake
[3.968s] -- Up-to-date: /home/francisco/ros2-ws/install/rosapi_msgs/share/rosapi_msgs/cmake/ament_cmake_export_dependencies-extras.cmake
[3.968s] -- Up-to-date: /home/francisco/ros2-ws/install/rosapi_msgs/share/rosapi_msgs/cmake/ament_cmake_export_libraries-extras.cmake
[3.968s] -- Up-to-date: /home/francisco/ros2-ws/install/rosapi_msgs/share/rosapi_msgs/cmake/ament_cmake_export_targets-extras.cmake
[3.969s] -- Up-to-date: /home/francisco/ros2-ws/install/rosapi_msgs/share/rosapi_msgs/cmake/ament_cmake_export_include_directories-extras.cmake
[3.969s] -- Up-to-date: /home/francisco/ros2-ws/install/rosapi_msgs/share/rosapi_msgs/cmake/rosidl_cmake_export_typesupport_libraries-extras.cmake
[3.970s] -- Up-to-date: /home/francisco/ros2-ws/install/rosapi_msgs/share/rosapi_msgs/cmake/rosidl_cmake_export_typesupport_targets-extras.cmake
[3.970s] -- Up-to-date: /home/francisco/ros2-ws/install/rosapi_msgs/share/rosapi_msgs/cmake/rosapi_msgsConfig.cmake
[3.971s] -- Up-to-date: /home/francisco/ros2-ws/install/rosapi_msgs/share/rosapi_msgs/cmake/rosapi_msgsConfig-version.cmake
[3.971s] -- Up-to-date: /home/francisco/ros2-ws/install/rosapi_msgs/share/rosapi_msgs/package.xml
[3.990s] Invoked command in '/home/francisco/ros2-ws/build/rosapi_msgs' returned '0': CMAKE_PREFIX_PATH=${CMAKE_PREFIX_PATH}:/home/francisco/ros2-ws/install/monitoring_station_tfm:/home/francisco/ros2-ws/install/monitoring-station-tfm:/home/francisco/ros2-ws/install/camera_driver:/opt/ros/foxy /usr/bin/cmake --install /home/francisco/ros2-ws/build/rosapi_msgs
