[0.347s] Invoking command in '/home/francisco/ros2-ws/build/rosbridge_server': AMENT_PREFIX_PATH=/home/francisco/ros2-ws/install/rosapi:/home/francisco/ros2-ws/install/rosbridge_library:/home/francisco/ros2-ws/install/rosbridge_msgs:/home/francisco/ros2-ws/install/rosapi_msgs CMAKE_PREFIX_PATH=/home/francisco/ros2-ws/install/rosapi:/home/francisco/ros2-ws/install/rosbridge_library:/home/francisco/ros2-ws/install/rosbridge_msgs:/home/francisco/ros2-ws/install/rosapi_msgs LD_LIBRARY_PATH=/home/francisco/ros2-ws/install/rosbridge_msgs/lib:/home/francisco/ros2-ws/install/rosapi_msgs/lib PYTHONPATH=/home/francisco/ros2-ws/install/rosapi/lib/python3.8/site-packages:/home/francisco/ros2-ws/install/rosbridge_library/lib/python3.8/site-packages:/home/francisco/ros2-ws/install/rosbridge_msgs/lib/python3.8/site-packages:/home/francisco/ros2-ws/install/rosapi_msgs/lib/python3.8/site-packages /usr/bin/cmake --build /home/francisco/ros2-ws/build/rosbridge_server -- -j4 -l4
[0.779s] Invoked command in '/home/francisco/ros2-ws/build/rosbridge_server' returned '0': AMENT_PREFIX_PATH=/home/francisco/ros2-ws/install/rosapi:/home/francisco/ros2-ws/install/rosbridge_library:/home/francisco/ros2-ws/install/rosbridge_msgs:/home/francisco/ros2-ws/install/rosapi_msgs CMAKE_PREFIX_PATH=/home/francisco/ros2-ws/install/rosapi:/home/francisco/ros2-ws/install/rosbridge_library:/home/francisco/ros2-ws/install/rosbridge_msgs:/home/francisco/ros2-ws/install/rosapi_msgs LD_LIBRARY_PATH=/home/francisco/ros2-ws/install/rosbridge_msgs/lib:/home/francisco/ros2-ws/install/rosapi_msgs/lib PYTHONPATH=/home/francisco/ros2-ws/install/rosapi/lib/python3.8/site-packages:/home/francisco/ros2-ws/install/rosbridge_library/lib/python3.8/site-packages:/home/francisco/ros2-ws/install/rosbridge_msgs/lib/python3.8/site-packages:/home/francisco/ros2-ws/install/rosapi_msgs/lib/python3.8/site-packages /usr/bin/cmake --build /home/francisco/ros2-ws/build/rosbridge_server -- -j4 -l4
[0.822s] Invoking command in '/home/francisco/ros2-ws/build/rosbridge_server': AMENT_PREFIX_PATH=/home/francisco/ros2-ws/install/rosapi:/home/francisco/ros2-ws/install/rosbridge_library:/home/francisco/ros2-ws/install/rosbridge_msgs:/home/francisco/ros2-ws/install/rosapi_msgs CMAKE_PREFIX_PATH=/home/francisco/ros2-ws/install/rosapi:/home/francisco/ros2-ws/install/rosbridge_library:/home/francisco/ros2-ws/install/rosbridge_msgs:/home/francisco/ros2-ws/install/rosapi_msgs LD_LIBRARY_PATH=/home/francisco/ros2-ws/install/rosbridge_msgs/lib:/home/francisco/ros2-ws/install/rosapi_msgs/lib PYTHONPATH=/home/francisco/ros2-ws/install/rosapi/lib/python3.8/site-packages:/home/francisco/ros2-ws/install/rosbridge_library/lib/python3.8/site-packages:/home/francisco/ros2-ws/install/rosbridge_msgs/lib/python3.8/site-packages:/home/francisco/ros2-ws/install/rosapi_msgs/lib/python3.8/site-packages /usr/bin/cmake --install /home/francisco/ros2-ws/build/rosbridge_server
[0.847s] -- Install configuration: ""
[0.848s] -- Up-to-date: /home/francisco/ros2-ws/install/rosbridge_server/share/rosbridge_server/environment/pythonpath.sh
[0.849s] -- Up-to-date: /home/francisco/ros2-ws/install/rosbridge_server/share/rosbridge_server/environment/pythonpath.dsv
[0.868s] -- Up-to-date: /home/francisco/ros2-ws/install/rosbridge_server/lib/python3.8/site-packages/rosbridge_server
[0.913s] -- Up-to-date: /home/francisco/ros2-ws/install/rosbridge_server/lib/python3.8/site-packages/rosbridge_server/client_mananger.py
[0.913s] -- Up-to-date: /home/francisco/ros2-ws/install/rosbridge_server/lib/python3.8/site-packages/rosbridge_server/__init__.py
[0.913s] -- Up-to-date: /home/francisco/ros2-ws/install/rosbridge_server/lib/python3.8/site-packages/rosbridge_server/websocket_handler.py
[1.010s] Listing '/home/francisco/ros2-ws/install/rosbridge_server/lib/python3.8/site-packages/rosbridge_server'...
[1.025s] -- Up-to-date: /home/francisco/ros2-ws/install/rosbridge_server/share/ament_index/resource_index/package_run_dependencies/rosbridge_server
[1.025s] -- Up-to-date: /home/francisco/ros2-ws/install/rosbridge_server/share/ament_index/resource_index/parent_prefix_path/rosbridge_server
[1.026s] -- Up-to-date: /home/francisco/ros2-ws/install/rosbridge_server/share/rosbridge_server/environment/ament_prefix_path.sh
[1.026s] -- Up-to-date: /home/francisco/ros2-ws/install/rosbridge_server/share/rosbridge_server/environment/ament_prefix_path.dsv
[1.027s] -- Up-to-date: /home/francisco/ros2-ws/install/rosbridge_server/share/rosbridge_server/environment/path.sh
[1.027s] -- Up-to-date: /home/francisco/ros2-ws/install/rosbridge_server/share/rosbridge_server/environment/path.dsv
[1.027s] -- Up-to-date: /home/francisco/ros2-ws/install/rosbridge_server/share/rosbridge_server/local_setup.bash
[1.028s] -- Up-to-date: /home/francisco/ros2-ws/install/rosbridge_server/share/rosbridge_server/local_setup.sh
[1.028s] -- Up-to-date: /home/francisco/ros2-ws/install/rosbridge_server/share/rosbridge_server/local_setup.zsh
[1.028s] -- Up-to-date: /home/francisco/ros2-ws/install/rosbridge_server/share/rosbridge_server/local_setup.dsv
[1.029s] -- Installing: /home/francisco/ros2-ws/install/rosbridge_server/share/rosbridge_server/package.dsv
[1.039s] -- Up-to-date: /home/francisco/ros2-ws/install/rosbridge_server/share/ament_index/resource_index/packages/rosbridge_server
[1.040s] -- Up-to-date: /home/francisco/ros2-ws/install/rosbridge_server/share/rosbridge_server/cmake/rosbridge_serverConfig.cmake
[1.041s] -- Up-to-date: /home/francisco/ros2-ws/install/rosbridge_server/share/rosbridge_server/cmake/rosbridge_serverConfig-version.cmake
[1.045s] -- Up-to-date: /home/francisco/ros2-ws/install/rosbridge_server/share/rosbridge_server/package.xml
[1.046s] -- Up-to-date: /home/francisco/ros2-ws/install/rosbridge_server/lib/rosbridge_server/rosbridge_websocket.py
[1.047s] -- Up-to-date: /home/francisco/ros2-ws/install/rosbridge_server/lib/rosbridge_server/rosbridge_websocket
[1.062s] -- Up-to-date: /home/francisco/ros2-ws/install/rosbridge_server/share/rosbridge_server/launch/rosbridge_websocket_launch.xml
[1.063s] Invoked command in '/home/francisco/ros2-ws/build/rosbridge_server' returned '0': AMENT_PREFIX_PATH=/home/francisco/ros2-ws/install/rosapi:/home/francisco/ros2-ws/install/rosbridge_library:/home/francisco/ros2-ws/install/rosbridge_msgs:/home/francisco/ros2-ws/install/rosapi_msgs CMAKE_PREFIX_PATH=/home/francisco/ros2-ws/install/rosapi:/home/francisco/ros2-ws/install/rosbridge_library:/home/francisco/ros2-ws/install/rosbridge_msgs:/home/francisco/ros2-ws/install/rosapi_msgs LD_LIBRARY_PATH=/home/francisco/ros2-ws/install/rosbridge_msgs/lib:/home/francisco/ros2-ws/install/rosapi_msgs/lib PYTHONPATH=/home/francisco/ros2-ws/install/rosapi/lib/python3.8/site-packages:/home/francisco/ros2-ws/install/rosbridge_library/lib/python3.8/site-packages:/home/francisco/ros2-ws/install/rosbridge_msgs/lib/python3.8/site-packages:/home/francisco/ros2-ws/install/rosapi_msgs/lib/python3.8/site-packages /usr/bin/cmake --install /home/francisco/ros2-ws/build/rosbridge_server
