[0.119s] Invoking command in '/home/francisco/ros2-ws/build/web_video_server': CMAKE_PREFIX_PATH=${CMAKE_PREFIX_PATH}:/home/francisco/ros2-ws/install/monitoring_station_tfm:/home/francisco/ros2-ws/install/monitoring-station-tfm:/home/francisco/ros2-ws/install/camera_driver:/opt/ros/foxy /usr/bin/cmake --build /home/francisco/ros2-ws/build/web_video_server -- -j4 -l4
[0.348s] [100%] Built target web_video_server
[0.378s] Invoked command in '/home/francisco/ros2-ws/build/web_video_server' returned '0': CMAKE_PREFIX_PATH=${CMAKE_PREFIX_PATH}:/home/francisco/ros2-ws/install/monitoring_station_tfm:/home/francisco/ros2-ws/install/monitoring-station-tfm:/home/francisco/ros2-ws/install/camera_driver:/opt/ros/foxy /usr/bin/cmake --build /home/francisco/ros2-ws/build/web_video_server -- -j4 -l4
[0.492s] Invoking command in '/home/francisco/ros2-ws/build/web_video_server': CMAKE_PREFIX_PATH=${CMAKE_PREFIX_PATH}:/home/francisco/ros2-ws/install/monitoring_station_tfm:/home/francisco/ros2-ws/install/monitoring-station-tfm:/home/francisco/ros2-ws/install/camera_driver:/opt/ros/foxy /usr/bin/cmake --install /home/francisco/ros2-ws/build/web_video_server
[0.520s] -- Install configuration: ""
[0.520s] -- Up-to-date: /home/francisco/ros2-ws/install/web_video_server/lib/web_video_server/web_video_server
[0.521s] -- Up-to-date: /home/francisco/ros2-ws/install/web_video_server/include/web_video_server
[0.522s] -- Up-to-date: /home/francisco/ros2-ws/install/web_video_server/include/web_video_server/png_streamers.h
[0.522s] -- Up-to-date: /home/francisco/ros2-ws/install/web_video_server/include/web_video_server/h264_streamer.h
[0.523s] -- Up-to-date: /home/francisco/ros2-ws/install/web_video_server/include/web_video_server/multipart_stream.h
[0.523s] -- Up-to-date: /home/francisco/ros2-ws/install/web_video_server/include/web_video_server/web_video_server.h
[0.524s] -- Up-to-date: /home/francisco/ros2-ws/install/web_video_server/include/web_video_server/ros_compressed_streamer.h
[0.524s] -- Up-to-date: /home/francisco/ros2-ws/install/web_video_server/include/web_video_server/jpeg_streamers.h
[0.524s] -- Up-to-date: /home/francisco/ros2-ws/install/web_video_server/include/web_video_server/vp8_streamer.h
[0.525s] -- Up-to-date: /home/francisco/ros2-ws/install/web_video_server/include/web_video_server/image_streamer.h
[0.525s] -- Up-to-date: /home/francisco/ros2-ws/install/web_video_server/include/web_video_server/libav_streamer.h
[0.526s] -- Up-to-date: /home/francisco/ros2-ws/install/web_video_server/include/web_video_server/vp9_streamer.h
[0.526s] -- Up-to-date: /home/francisco/ros2-ws/install/web_video_server/share/ament_index/resource_index/package_run_dependencies/web_video_server
[0.526s] -- Up-to-date: /home/francisco/ros2-ws/install/web_video_server/share/ament_index/resource_index/parent_prefix_path/web_video_server
[0.526s] -- Up-to-date: /home/francisco/ros2-ws/install/web_video_server/share/web_video_server/environment/ament_prefix_path.sh
[0.527s] -- Up-to-date: /home/francisco/ros2-ws/install/web_video_server/share/web_video_server/environment/ament_prefix_path.dsv
[0.527s] -- Up-to-date: /home/francisco/ros2-ws/install/web_video_server/share/web_video_server/environment/path.sh
[0.527s] -- Up-to-date: /home/francisco/ros2-ws/install/web_video_server/share/web_video_server/environment/path.dsv
[0.528s] -- Up-to-date: /home/francisco/ros2-ws/install/web_video_server/share/web_video_server/local_setup.bash
[0.528s] -- Up-to-date: /home/francisco/ros2-ws/install/web_video_server/share/web_video_server/local_setup.sh
[0.528s] -- Up-to-date: /home/francisco/ros2-ws/install/web_video_server/share/web_video_server/local_setup.zsh
[0.529s] -- Up-to-date: /home/francisco/ros2-ws/install/web_video_server/share/web_video_server/local_setup.dsv
[0.529s] -- Installing: /home/francisco/ros2-ws/install/web_video_server/share/web_video_server/package.dsv
[0.529s] -- Up-to-date: /home/francisco/ros2-ws/install/web_video_server/share/ament_index/resource_index/packages/web_video_server
[0.530s] -- Up-to-date: /home/francisco/ros2-ws/install/web_video_server/share/web_video_server/cmake/web_video_serverConfig.cmake
[0.530s] -- Up-to-date: /home/francisco/ros2-ws/install/web_video_server/share/web_video_server/cmake/web_video_serverConfig-version.cmake
[0.530s] -- Up-to-date: /home/francisco/ros2-ws/install/web_video_server/share/web_video_server/package.xml
[0.544s] Invoked command in '/home/francisco/ros2-ws/build/web_video_server' returned '0': CMAKE_PREFIX_PATH=${CMAKE_PREFIX_PATH}:/home/francisco/ros2-ws/install/monitoring_station_tfm:/home/francisco/ros2-ws/install/monitoring-station-tfm:/home/francisco/ros2-ws/install/camera_driver:/opt/ros/foxy /usr/bin/cmake --install /home/francisco/ros2-ws/build/web_video_server
