/home/francisco/ros2-ws/install/monitoring_station_tfm/lib/python3.8/site-packages/monitoring_station_tfm/nodo_Dron01.py
/home/francisco/ros2-ws/install/monitoring_station_tfm/lib/python3.8/site-packages/monitoring_station_tfm/nodo_robot03.py
/home/francisco/ros2-ws/install/monitoring_station_tfm/lib/python3.8/site-packages/monitoring_station_tfm/publicador.py
/home/francisco/ros2-ws/install/monitoring_station_tfm/lib/python3.8/site-packages/monitoring_station_tfm/test02_bridge.py
/home/francisco/ros2-ws/install/monitoring_station_tfm/lib/python3.8/site-packages/monitoring_station_tfm/test03_bridge.py
/home/francisco/ros2-ws/install/monitoring_station_tfm/lib/python3.8/site-packages/monitoring_station_tfm/__init__.py
/home/francisco/ros2-ws/install/monitoring_station_tfm/lib/python3.8/site-packages/monitoring_station_tfm/test_timer.py
/home/francisco/ros2-ws/install/monitoring_station_tfm/lib/python3.8/site-packages/monitoring_station_tfm/nodo_robot04.py
/home/francisco/ros2-ws/install/monitoring_station_tfm/lib/python3.8/site-packages/monitoring_station_tfm/nodo_robot05.py
/home/francisco/ros2-ws/install/monitoring_station_tfm/lib/python3.8/site-packages/monitoring_station_tfm/publicador_bucle.py
/home/francisco/ros2-ws/install/monitoring_station_tfm/lib/python3.8/site-packages/monitoring_station_tfm/ejemplo.py
/home/francisco/ros2-ws/install/monitoring_station_tfm/lib/python3.8/site-packages/monitoring_station_tfm/test01_bridge.py
/home/francisco/ros2-ws/install/monitoring_station_tfm/lib/python3.8/site-packages/monitoring_station_tfm/stsb_sim_pub.py
/home/francisco/ros2-ws/install/monitoring_station_tfm/lib/python3.8/site-packages/monitoring_station_tfm/subscriptor_bucle.py
/home/francisco/ros2-ws/install/monitoring_station_tfm/lib/python3.8/site-packages/monitoring_station_tfm/SendPKG.py
/home/francisco/ros2-ws/install/monitoring_station_tfm/lib/python3.8/site-packages/monitoring_station_tfm/nodo_RoverJ8.py
/home/francisco/ros2-ws/install/monitoring_station_tfm/lib/python3.8/site-packages/monitoring_station_tfm/__pycache__/nodo_Dron01.cpython-38.pyc
/home/francisco/ros2-ws/install/monitoring_station_tfm/lib/python3.8/site-packages/monitoring_station_tfm/__pycache__/nodo_robot03.cpython-38.pyc
/home/francisco/ros2-ws/install/monitoring_station_tfm/lib/python3.8/site-packages/monitoring_station_tfm/__pycache__/publicador.cpython-38.pyc
/home/francisco/ros2-ws/install/monitoring_station_tfm/lib/python3.8/site-packages/monitoring_station_tfm/__pycache__/test02_bridge.cpython-38.pyc
/home/francisco/ros2-ws/install/monitoring_station_tfm/lib/python3.8/site-packages/monitoring_station_tfm/__pycache__/test03_bridge.cpython-38.pyc
/home/francisco/ros2-ws/install/monitoring_station_tfm/lib/python3.8/site-packages/monitoring_station_tfm/__pycache__/__init__.cpython-38.pyc
/home/francisco/ros2-ws/install/monitoring_station_tfm/lib/python3.8/site-packages/monitoring_station_tfm/__pycache__/test_timer.cpython-38.pyc
/home/francisco/ros2-ws/install/monitoring_station_tfm/lib/python3.8/site-packages/monitoring_station_tfm/__pycache__/nodo_robot04.cpython-38.pyc
/home/francisco/ros2-ws/install/monitoring_station_tfm/lib/python3.8/site-packages/monitoring_station_tfm/__pycache__/nodo_robot05.cpython-38.pyc
/home/francisco/ros2-ws/install/monitoring_station_tfm/lib/python3.8/site-packages/monitoring_station_tfm/__pycache__/publicador_bucle.cpython-38.pyc
/home/francisco/ros2-ws/install/monitoring_station_tfm/lib/python3.8/site-packages/monitoring_station_tfm/__pycache__/ejemplo.cpython-38.pyc
/home/francisco/ros2-ws/install/monitoring_station_tfm/lib/python3.8/site-packages/monitoring_station_tfm/__pycache__/test01_bridge.cpython-38.pyc
/home/francisco/ros2-ws/install/monitoring_station_tfm/lib/python3.8/site-packages/monitoring_station_tfm/__pycache__/stsb_sim_pub.cpython-38.pyc
/home/francisco/ros2-ws/install/monitoring_station_tfm/lib/python3.8/site-packages/monitoring_station_tfm/__pycache__/subscriptor_bucle.cpython-38.pyc
/home/francisco/ros2-ws/install/monitoring_station_tfm/lib/python3.8/site-packages/monitoring_station_tfm/__pycache__/SendPKG.cpython-38.pyc
/home/francisco/ros2-ws/install/monitoring_station_tfm/lib/python3.8/site-packages/monitoring_station_tfm/__pycache__/nodo_RoverJ8.cpython-38.pyc
/home/francisco/ros2-ws/install/monitoring_station_tfm/share/ament_index/resource_index/packages/monitoring_station_tfm
/home/francisco/ros2-ws/install/monitoring_station_tfm/share/monitoring_station_tfm/package.xml
/home/francisco/ros2-ws/install/monitoring_station_tfm/lib/python3.8/site-packages/monitoring_station_tfm-0.0.0-py3.8.egg-info/requires.txt
/home/francisco/ros2-ws/install/monitoring_station_tfm/lib/python3.8/site-packages/monitoring_station_tfm-0.0.0-py3.8.egg-info/SOURCES.txt
/home/francisco/ros2-ws/install/monitoring_station_tfm/lib/python3.8/site-packages/monitoring_station_tfm-0.0.0-py3.8.egg-info/entry_points.txt
/home/francisco/ros2-ws/install/monitoring_station_tfm/lib/python3.8/site-packages/monitoring_station_tfm-0.0.0-py3.8.egg-info/dependency_links.txt
/home/francisco/ros2-ws/install/monitoring_station_tfm/lib/python3.8/site-packages/monitoring_station_tfm-0.0.0-py3.8.egg-info/PKG-INFO
/home/francisco/ros2-ws/install/monitoring_station_tfm/lib/python3.8/site-packages/monitoring_station_tfm-0.0.0-py3.8.egg-info/top_level.txt
/home/francisco/ros2-ws/install/monitoring_station_tfm/lib/python3.8/site-packages/monitoring_station_tfm-0.0.0-py3.8.egg-info/zip-safe
/home/francisco/ros2-ws/install/monitoring_station_tfm/lib/monitoring_station_tfm/listener
/home/francisco/ros2-ws/install/monitoring_station_tfm/lib/monitoring_station_tfm/pub01
/home/francisco/ros2-ws/install/monitoring_station_tfm/lib/monitoring_station_tfm/pub02
/home/francisco/ros2-ws/install/monitoring_station_tfm/lib/monitoring_station_tfm/pub03
/home/francisco/ros2-ws/install/monitoring_station_tfm/lib/monitoring_station_tfm/publicador
/home/francisco/ros2-ws/install/monitoring_station_tfm/lib/monitoring_station_tfm/talker
/home/francisco/ros2-ws/install/monitoring_station_tfm/lib/monitoring_station_tfm/test-pub
/home/francisco/ros2-ws/install/monitoring_station_tfm/lib/monitoring_station_tfm/test01
/home/francisco/ros2-ws/install/monitoring_station_tfm/lib/monitoring_station_tfm/test02
/home/francisco/ros2-ws/install/monitoring_station_tfm/lib/monitoring_station_tfm/test03
/home/francisco/ros2-ws/install/monitoring_station_tfm/lib/monitoring_station_tfm/test04
/home/francisco/ros2-ws/install/monitoring_station_tfm/lib/monitoring_station_tfm/test05
/home/francisco/ros2-ws/install/monitoring_station_tfm/lib/monitoring_station_tfm/timer
