[0.090s] Invoking command in '/home/francisco/ros2-ws/build/web_video_server': CMAKE_PREFIX_PATH=${CMAKE_PREFIX_PATH}:/home/francisco/ros2-ws/install/monitoring_station_tfm:/home/francisco/ros2-ws/install/monitoring-station-tfm:/home/francisco/ros2-ws/install/camera_driver:/opt/ros/foxy /usr/bin/cmake --build /home/francisco/ros2-ws/build/web_video_server -- -j4 -l4
[0.356s] [100%] Built target web_video_server
[0.440s] Invoked command in '/home/francisco/ros2-ws/build/web_video_server' returned '0': CMAKE_PREFIX_PATH=${CMAKE_PREFIX_PATH}:/home/francisco/ros2-ws/install/monitoring_station_tfm:/home/francisco/ros2-ws/install/monitoring-station-tfm:/home/francisco/ros2-ws/install/camera_driver:/opt/ros/foxy /usr/bin/cmake --build /home/francisco/ros2-ws/build/web_video_server -- -j4 -l4
[0.623s] Invoking command in '/home/francisco/ros2-ws/build/web_video_server': CMAKE_PREFIX_PATH=${CMAKE_PREFIX_PATH}:/home/francisco/ros2-ws/install/monitoring_station_tfm:/home/francisco/ros2-ws/install/monitoring-station-tfm:/home/francisco/ros2-ws/install/camera_driver:/opt/ros/foxy /usr/bin/cmake --install /home/francisco/ros2-ws/build/web_video_server
[0.643s] -- Install configuration: ""
[0.644s] -- Up-to-date: /home/francisco/ros2-ws/install/web_video_server/lib/web_video_server/web_video_server
[0.644s] -- Up-to-date: /home/francisco/ros2-ws/install/web_video_server/include/web_video_server
[0.646s] -- Up-to-date: /home/francisco/ros2-ws/install/web_video_server/include/web_video_server/png_streamers.h
[0.648s] -- Up-to-date: /home/francisco/ros2-ws/install/web_video_server/include/web_video_server/h264_streamer.h
[0.650s] -- Up-to-date: /home/francisco/ros2-ws/install/web_video_server/include/web_video_server/multipart_stream.h
[0.650s] -- Up-to-date: /home/francisco/ros2-ws/install/web_video_server/include/web_video_server/web_video_server.h
[0.651s] -- Up-to-date: /home/francisco/ros2-ws/install/web_video_server/include/web_video_server/ros_compressed_streamer.h
[0.651s] -- Up-to-date: /home/francisco/ros2-ws/install/web_video_server/include/web_video_server/jpeg_streamers.h
[0.652s] -- Up-to-date: /home/francisco/ros2-ws/install/web_video_server/include/web_video_server/vp8_streamer.h
[0.661s] -- Up-to-date: /home/francisco/ros2-ws/install/web_video_server/include/web_video_server/image_streamer.h
[0.661s] -- Up-to-date: /home/francisco/ros2-ws/install/web_video_server/include/web_video_server/libav_streamer.h
[0.662s] -- Up-to-date: /home/francisco/ros2-ws/install/web_video_server/include/web_video_server/vp9_streamer.h
[0.662s] -- Up-to-date: /home/francisco/ros2-ws/install/web_video_server/share/web_video_server/launch
[0.663s] -- Up-to-date: /home/francisco/ros2-ws/install/web_video_server/share/web_video_server/launch/web_video_server.xml
[0.663s] -- Up-to-date: /home/francisco/ros2-ws/install/web_video_server/share/web_video_server
[0.663s] -- Up-to-date: /home/francisco/ros2-ws/install/web_video_server/share/web_video_server/web_video_server.yaml
[0.664s] -- Up-to-date: /home/francisco/ros2-ws/install/web_video_server/share/ament_index/resource_index/package_run_dependencies/web_video_server
[0.664s] -- Up-to-date: /home/francisco/ros2-ws/install/web_video_server/share/ament_index/resource_index/parent_prefix_path/web_video_server
[0.664s] -- Up-to-date: /home/francisco/ros2-ws/install/web_video_server/share/web_video_server/environment/ament_prefix_path.sh
[0.665s] -- Up-to-date: /home/francisco/ros2-ws/install/web_video_server/share/web_video_server/environment/ament_prefix_path.dsv
[0.665s] -- Up-to-date: /home/francisco/ros2-ws/install/web_video_server/share/web_video_server/environment/path.sh
[0.665s] -- Up-to-date: /home/francisco/ros2-ws/install/web_video_server/share/web_video_server/environment/path.dsv
[0.670s] -- Up-to-date: /home/francisco/ros2-ws/install/web_video_server/share/web_video_server/local_setup.bash
[0.671s] -- Up-to-date: /home/francisco/ros2-ws/install/web_video_server/share/web_video_server/local_setup.sh
[0.671s] -- Up-to-date: /home/francisco/ros2-ws/install/web_video_server/share/web_video_server/local_setup.zsh
[0.672s] -- Up-to-date: /home/francisco/ros2-ws/install/web_video_server/share/web_video_server/local_setup.dsv
[0.673s] -- Installing: /home/francisco/ros2-ws/install/web_video_server/share/web_video_server/package.dsv
[0.673s] -- Up-to-date: /home/francisco/ros2-ws/install/web_video_server/share/ament_index/resource_index/packages/web_video_server
[0.674s] -- Up-to-date: /home/francisco/ros2-ws/install/web_video_server/share/web_video_server/cmake/web_video_serverConfig.cmake
[0.675s] -- Up-to-date: /home/francisco/ros2-ws/install/web_video_server/share/web_video_server/cmake/web_video_serverConfig-version.cmake
[0.675s] -- Up-to-date: /home/francisco/ros2-ws/install/web_video_server/share/web_video_server/package.xml
[0.676s] Invoked command in '/home/francisco/ros2-ws/build/web_video_server' returned '0': CMAKE_PREFIX_PATH=${CMAKE_PREFIX_PATH}:/home/francisco/ros2-ws/install/monitoring_station_tfm:/home/francisco/ros2-ws/install/monitoring-station-tfm:/home/francisco/ros2-ws/install/camera_driver:/opt/ros/foxy /usr/bin/cmake --install /home/francisco/ros2-ws/build/web_video_server
