[0.138s] Invoking command in '/home/francisco/ros2-ws/build/rosbridge_msgs': CMAKE_PREFIX_PATH=${CMAKE_PREFIX_PATH}:/home/francisco/ros2-ws/install/monitoring_station_tfm:/home/francisco/ros2-ws/install/monitoring-station-tfm:/home/francisco/ros2-ws/install/camera_driver:/opt/ros/foxy /usr/bin/cmake --build /home/francisco/ros2-ws/build/rosbridge_msgs -- -j4 -l4
[0.407s] [  2%] Built target rosbridge_msgs__cpp
[0.409s] [ 12%] Built target rosbridge_msgs__rosidl_generator_c
[0.537s] [ 23%] Built target rosbridge_msgs__rosidl_typesupport_cpp
[0.551s] [ 33%] Built target rosbridge_msgs__rosidl_typesupport_fastrtps_cpp
[0.635s] [ 43%] Built target rosbridge_msgs__rosidl_typesupport_introspection_c
[0.686s] [ 53%] Built target rosbridge_msgs__rosidl_typesupport_introspection_cpp
[0.732s] [ 64%] Built target rosbridge_msgs__rosidl_typesupport_c
[0.917s] [ 74%] Built target rosbridge_msgs__rosidl_typesupport_fastrtps_c
[1.048s] [ 74%] Built target rosbridge_msgs
[1.120s] [ 76%] Built target rosbridge_msgs__py
[1.215s] [ 84%] Built target rosbridge_msgs__python
[1.374s] [ 89%] Built target rosbridge_msgs__rosidl_typesupport_c__pyext
[1.400s] [ 94%] Built target rosbridge_msgs__rosidl_typesupport_introspection_c__pyext
[1.400s] [100%] Built target rosbridge_msgs__rosidl_typesupport_fastrtps_c__pyext
[1.677s] Invoked command in '/home/francisco/ros2-ws/build/rosbridge_msgs' returned '0': CMAKE_PREFIX_PATH=${CMAKE_PREFIX_PATH}:/home/francisco/ros2-ws/install/monitoring_station_tfm:/home/francisco/ros2-ws/install/monitoring-station-tfm:/home/francisco/ros2-ws/install/camera_driver:/opt/ros/foxy /usr/bin/cmake --build /home/francisco/ros2-ws/build/rosbridge_msgs -- -j4 -l4
[2.047s] Invoking command in '/home/francisco/ros2-ws/build/rosbridge_msgs': CMAKE_PREFIX_PATH=${CMAKE_PREFIX_PATH}:/home/francisco/ros2-ws/install/monitoring_station_tfm:/home/francisco/ros2-ws/install/monitoring-station-tfm:/home/francisco/ros2-ws/install/camera_driver:/opt/ros/foxy /usr/bin/cmake --install /home/francisco/ros2-ws/build/rosbridge_msgs
[2.086s] -- Install configuration: ""
[2.087s] -- Up-to-date: /home/francisco/ros2-ws/install/rosbridge_msgs/share/ament_index/resource_index/rosidl_interfaces/rosbridge_msgs
[2.088s] -- Up-to-date: /home/francisco/ros2-ws/install/rosbridge_msgs/include/rosbridge_msgs
[2.090s] -- Up-to-date: /home/francisco/ros2-ws/install/rosbridge_msgs/include/rosbridge_msgs/msg
[2.090s] -- Up-to-date: /home/francisco/ros2-ws/install/rosbridge_msgs/include/rosbridge_msgs/msg/connected_clients.h
[2.091s] -- Up-to-date: /home/francisco/ros2-ws/install/rosbridge_msgs/include/rosbridge_msgs/msg/detail
[2.092s] -- Up-to-date: /home/francisco/ros2-ws/install/rosbridge_msgs/include/rosbridge_msgs/msg/detail/connected_clients__type_support.h
[2.092s] -- Up-to-date: /home/francisco/ros2-ws/install/rosbridge_msgs/include/rosbridge_msgs/msg/detail/connected_client__functions.c
[2.092s] -- Up-to-date: /home/francisco/ros2-ws/install/rosbridge_msgs/include/rosbridge_msgs/msg/detail/connected_client__struct.h
[2.093s] -- Up-to-date: /home/francisco/ros2-ws/install/rosbridge_msgs/include/rosbridge_msgs/msg/detail/connected_clients__struct.h
[2.094s] -- Up-to-date: /home/francisco/ros2-ws/install/rosbridge_msgs/include/rosbridge_msgs/msg/detail/connected_clients__functions.c
[2.094s] -- Up-to-date: /home/francisco/ros2-ws/install/rosbridge_msgs/include/rosbridge_msgs/msg/detail/connected_client__functions.h
[2.094s] -- Up-to-date: /home/francisco/ros2-ws/install/rosbridge_msgs/include/rosbridge_msgs/msg/detail/connected_clients__functions.h
[2.095s] -- Up-to-date: /home/francisco/ros2-ws/install/rosbridge_msgs/include/rosbridge_msgs/msg/detail/connected_client__type_support.h
[2.095s] -- Up-to-date: /home/francisco/ros2-ws/install/rosbridge_msgs/include/rosbridge_msgs/msg/rosidl_generator_c__visibility_control.h
[2.095s] -- Up-to-date: /home/francisco/ros2-ws/install/rosbridge_msgs/include/rosbridge_msgs/msg/connected_client.h
[2.096s] -- Up-to-date: /home/francisco/ros2-ws/install/rosbridge_msgs/share/rosbridge_msgs/environment/library_path.sh
[2.096s] -- Up-to-date: /home/francisco/ros2-ws/install/rosbridge_msgs/share/rosbridge_msgs/environment/library_path.dsv
[2.097s] -- Up-to-date: /home/francisco/ros2-ws/install/rosbridge_msgs/lib/librosbridge_msgs__rosidl_generator_c.so
[2.097s] -- Up-to-date: /home/francisco/ros2-ws/install/rosbridge_msgs/include/rosbridge_msgs
[2.097s] -- Up-to-date: /home/francisco/ros2-ws/install/rosbridge_msgs/include/rosbridge_msgs/msg
[2.098s] -- Up-to-date: /home/francisco/ros2-ws/install/rosbridge_msgs/include/rosbridge_msgs/msg/detail
[2.098s] -- Up-to-date: /home/francisco/ros2-ws/install/rosbridge_msgs/include/rosbridge_msgs/msg/detail/connected_clients__rosidl_typesupport_fastrtps_c.h
[2.099s] -- Up-to-date: /home/francisco/ros2-ws/install/rosbridge_msgs/include/rosbridge_msgs/msg/detail/connected_client__rosidl_typesupport_fastrtps_c.h
[2.099s] -- Up-to-date: /home/francisco/ros2-ws/install/rosbridge_msgs/include/rosbridge_msgs/msg/rosidl_typesupport_fastrtps_c__visibility_control.h
[2.100s] -- Up-to-date: /home/francisco/ros2-ws/install/rosbridge_msgs/lib/librosbridge_msgs__rosidl_typesupport_fastrtps_c.so
[2.101s] -- Up-to-date: /home/francisco/ros2-ws/install/rosbridge_msgs/include/rosbridge_msgs
[2.102s] -- Up-to-date: /home/francisco/ros2-ws/install/rosbridge_msgs/include/rosbridge_msgs/msg
[2.102s] -- Up-to-date: /home/francisco/ros2-ws/install/rosbridge_msgs/include/rosbridge_msgs/msg/detail
[2.103s] -- Up-to-date: /home/francisco/ros2-ws/install/rosbridge_msgs/include/rosbridge_msgs/msg/detail/connected_client__rosidl_typesupport_fastrtps_cpp.hpp
[2.103s] -- Up-to-date: /home/francisco/ros2-ws/install/rosbridge_msgs/include/rosbridge_msgs/msg/detail/dds_fastrtps
[2.104s] -- Up-to-date: /home/francisco/ros2-ws/install/rosbridge_msgs/include/rosbridge_msgs/msg/detail/connected_clients__rosidl_typesupport_fastrtps_cpp.hpp
[2.105s] -- Up-to-date: /home/francisco/ros2-ws/install/rosbridge_msgs/include/rosbridge_msgs/msg/rosidl_typesupport_fastrtps_cpp__visibility_control.h
[2.106s] -- Up-to-date: /home/francisco/ros2-ws/install/rosbridge_msgs/lib/librosbridge_msgs__rosidl_typesupport_fastrtps_cpp.so
[2.106s] -- Up-to-date: /home/francisco/ros2-ws/install/rosbridge_msgs/include/rosbridge_msgs
[2.106s] -- Up-to-date: /home/francisco/ros2-ws/install/rosbridge_msgs/include/rosbridge_msgs/msg
[2.107s] -- Up-to-date: /home/francisco/ros2-ws/install/rosbridge_msgs/include/rosbridge_msgs/msg/detail
[2.108s] -- Up-to-date: /home/francisco/ros2-ws/install/rosbridge_msgs/include/rosbridge_msgs/msg/detail/connected_clients__type_support.c
[2.108s] -- Up-to-date: /home/francisco/ros2-ws/install/rosbridge_msgs/include/rosbridge_msgs/msg/detail/connected_client__type_support.c
[2.109s] -- Up-to-date: /home/francisco/ros2-ws/install/rosbridge_msgs/include/rosbridge_msgs/msg/detail/connected_client__rosidl_typesupport_introspection_c.h
[2.109s] -- Up-to-date: /home/francisco/ros2-ws/install/rosbridge_msgs/include/rosbridge_msgs/msg/detail/connected_clients__rosidl_typesupport_introspection_c.h
[2.110s] -- Up-to-date: /home/francisco/ros2-ws/install/rosbridge_msgs/include/rosbridge_msgs/msg/rosidl_typesupport_introspection_c__visibility_control.h
[2.110s] -- Up-to-date: /home/francisco/ros2-ws/install/rosbridge_msgs/lib/librosbridge_msgs__rosidl_typesupport_introspection_c.so
[2.111s] -- Up-to-date: /home/francisco/ros2-ws/install/rosbridge_msgs/lib/librosbridge_msgs__rosidl_typesupport_c.so
[2.111s] -- Up-to-date: /home/francisco/ros2-ws/install/rosbridge_msgs/include/rosbridge_msgs
[2.113s] -- Up-to-date: /home/francisco/ros2-ws/install/rosbridge_msgs/include/rosbridge_msgs/msg
[2.113s] -- Up-to-date: /home/francisco/ros2-ws/install/rosbridge_msgs/include/rosbridge_msgs/msg/detail
[2.114s] -- Up-to-date: /home/francisco/ros2-ws/install/rosbridge_msgs/include/rosbridge_msgs/msg/detail/connected_client__struct.hpp
[2.114s] -- Up-to-date: /home/francisco/ros2-ws/install/rosbridge_msgs/include/rosbridge_msgs/msg/detail/connected_client__traits.hpp
[2.114s] -- Up-to-date: /home/francisco/ros2-ws/install/rosbridge_msgs/include/rosbridge_msgs/msg/detail/connected_clients__traits.hpp
[2.115s] -- Up-to-date: /home/francisco/ros2-ws/install/rosbridge_msgs/include/rosbridge_msgs/msg/detail/connected_client__builder.hpp
[2.115s] -- Up-to-date: /home/francisco/ros2-ws/install/rosbridge_msgs/include/rosbridge_msgs/msg/detail/connected_clients__struct.hpp
[2.116s] -- Up-to-date: /home/francisco/ros2-ws/install/rosbridge_msgs/include/rosbridge_msgs/msg/detail/connected_clients__builder.hpp
[2.116s] -- Up-to-date: /home/francisco/ros2-ws/install/rosbridge_msgs/include/rosbridge_msgs/msg/connected_clients.hpp
[2.116s] -- Up-to-date: /home/francisco/ros2-ws/install/rosbridge_msgs/include/rosbridge_msgs/msg/connected_client.hpp
[2.117s] -- Up-to-date: /home/francisco/ros2-ws/install/rosbridge_msgs/include/rosbridge_msgs
[2.117s] -- Up-to-date: /home/francisco/ros2-ws/install/rosbridge_msgs/include/rosbridge_msgs/msg
[2.118s] -- Up-to-date: /home/francisco/ros2-ws/install/rosbridge_msgs/include/rosbridge_msgs/msg/detail
[2.118s] -- Up-to-date: /home/francisco/ros2-ws/install/rosbridge_msgs/include/rosbridge_msgs/msg/detail/connected_clients__type_support.cpp
[2.118s] -- Up-to-date: /home/francisco/ros2-ws/install/rosbridge_msgs/include/rosbridge_msgs/msg/detail/connected_client__type_support.cpp
[2.119s] -- Up-to-date: /home/francisco/ros2-ws/install/rosbridge_msgs/include/rosbridge_msgs/msg/detail/connected_client__rosidl_typesupport_introspection_cpp.hpp
[2.119s] -- Up-to-date: /home/francisco/ros2-ws/install/rosbridge_msgs/include/rosbridge_msgs/msg/detail/connected_clients__rosidl_typesupport_introspection_cpp.hpp
[2.119s] -- Up-to-date: /home/francisco/ros2-ws/install/rosbridge_msgs/lib/librosbridge_msgs__rosidl_typesupport_introspection_cpp.so
[2.120s] -- Up-to-date: /home/francisco/ros2-ws/install/rosbridge_msgs/lib/librosbridge_msgs__rosidl_typesupport_cpp.so
[2.120s] -- Up-to-date: /home/francisco/ros2-ws/install/rosbridge_msgs/share/rosbridge_msgs/environment/pythonpath.sh
[2.120s] -- Up-to-date: /home/francisco/ros2-ws/install/rosbridge_msgs/share/rosbridge_msgs/environment/pythonpath.dsv
[2.121s] -- Up-to-date: /home/francisco/ros2-ws/install/rosbridge_msgs/lib/python3.8/site-packages/rosbridge_msgs/__init__.py
[2.273s] -- Up-to-date: /home/francisco/ros2-ws/install/rosbridge_msgs/lib/python3.8/site-packages/rosbridge_msgs/msg
[2.273s] -- Up-to-date: /home/francisco/ros2-ws/install/rosbridge_msgs/lib/python3.8/site-packages/rosbridge_msgs/msg/__init__.py
[2.275s] -- Up-to-date: /home/francisco/ros2-ws/install/rosbridge_msgs/lib/python3.8/site-packages/rosbridge_msgs/msg/_connected_clients_s.c
[2.275s] -- Up-to-date: /home/francisco/ros2-ws/install/rosbridge_msgs/lib/python3.8/site-packages/rosbridge_msgs/msg/_connected_client.py
[2.275s] -- Up-to-date: /home/francisco/ros2-ws/install/rosbridge_msgs/lib/python3.8/site-packages/rosbridge_msgs/msg/_connected_client_s.c
[2.276s] -- Up-to-date: /home/francisco/ros2-ws/install/rosbridge_msgs/lib/python3.8/site-packages/rosbridge_msgs/msg/_connected_clients.py
[2.277s] -- Up-to-date: /home/francisco/ros2-ws/install/rosbridge_msgs/lib/python3.8/site-packages/rosbridge_msgs/rosbridge_msgs_s__rosidl_typesupport_fastrtps_c.cpython-38-x86_64-linux-gnu.so
[2.277s] -- Up-to-date: /home/francisco/ros2-ws/install/rosbridge_msgs/lib/python3.8/site-packages/rosbridge_msgs/rosbridge_msgs_s__rosidl_typesupport_introspection_c.cpython-38-x86_64-linux-gnu.so
[2.282s] -- Up-to-date: /home/francisco/ros2-ws/install/rosbridge_msgs/lib/python3.8/site-packages/rosbridge_msgs/rosbridge_msgs_s__rosidl_typesupport_c.cpython-38-x86_64-linux-gnu.so
[2.284s] -- Up-to-date: /home/francisco/ros2-ws/install/rosbridge_msgs/lib/librosbridge_msgs__python.so
[2.285s] -- Up-to-date: /home/francisco/ros2-ws/install/rosbridge_msgs/share/rosbridge_msgs/msg/ConnectedClient.idl
[2.285s] -- Up-to-date: /home/francisco/ros2-ws/install/rosbridge_msgs/share/rosbridge_msgs/msg/ConnectedClients.idl
[2.286s] -- Up-to-date: /home/francisco/ros2-ws/install/rosbridge_msgs/share/rosbridge_msgs/msg/ConnectedClient.msg
[2.287s] -- Up-to-date: /home/francisco/ros2-ws/install/rosbridge_msgs/share/rosbridge_msgs/msg/ConnectedClients.msg
[2.287s] -- Up-to-date: /home/francisco/ros2-ws/install/rosbridge_msgs/share/ament_index/resource_index/package_run_dependencies/rosbridge_msgs
[2.288s] -- Up-to-date: /home/francisco/ros2-ws/install/rosbridge_msgs/share/ament_index/resource_index/parent_prefix_path/rosbridge_msgs
[2.299s] -- Up-to-date: /home/francisco/ros2-ws/install/rosbridge_msgs/share/rosbridge_msgs/environment/ament_prefix_path.sh
[2.300s] -- Up-to-date: /home/francisco/ros2-ws/install/rosbridge_msgs/share/rosbridge_msgs/environment/ament_prefix_path.dsv
[2.300s] -- Up-to-date: /home/francisco/ros2-ws/install/rosbridge_msgs/share/rosbridge_msgs/environment/path.sh
[2.301s] -- Up-to-date: /home/francisco/ros2-ws/install/rosbridge_msgs/share/rosbridge_msgs/environment/path.dsv
[2.301s] -- Up-to-date: /home/francisco/ros2-ws/install/rosbridge_msgs/share/rosbridge_msgs/local_setup.bash
[2.302s] -- Up-to-date: /home/francisco/ros2-ws/install/rosbridge_msgs/share/rosbridge_msgs/local_setup.sh
[2.303s] -- Up-to-date: /home/francisco/ros2-ws/install/rosbridge_msgs/share/rosbridge_msgs/local_setup.zsh
[2.303s] -- Up-to-date: /home/francisco/ros2-ws/install/rosbridge_msgs/share/rosbridge_msgs/local_setup.dsv
[2.304s] -- Installing: /home/francisco/ros2-ws/install/rosbridge_msgs/share/rosbridge_msgs/package.dsv
[2.304s] -- Up-to-date: /home/francisco/ros2-ws/install/rosbridge_msgs/share/ament_index/resource_index/packages/rosbridge_msgs
[2.304s] -- Up-to-date: /home/francisco/ros2-ws/install/rosbridge_msgs/share/rosbridge_msgs/cmake/rosbridge_msgs__rosidl_generator_cExport.cmake
[2.305s] -- Up-to-date: /home/francisco/ros2-ws/install/rosbridge_msgs/share/rosbridge_msgs/cmake/rosbridge_msgs__rosidl_generator_cExport-noconfig.cmake
[2.305s] -- Up-to-date: /home/francisco/ros2-ws/install/rosbridge_msgs/share/rosbridge_msgs/cmake/rosbridge_msgs__rosidl_typesupport_introspection_cExport.cmake
[2.305s] -- Up-to-date: /home/francisco/ros2-ws/install/rosbridge_msgs/share/rosbridge_msgs/cmake/rosbridge_msgs__rosidl_typesupport_introspection_cExport-noconfig.cmake
[2.306s] -- Up-to-date: /home/francisco/ros2-ws/install/rosbridge_msgs/share/rosbridge_msgs/cmake/rosbridge_msgs__rosidl_typesupport_cExport.cmake
[2.306s] -- Up-to-date: /home/francisco/ros2-ws/install/rosbridge_msgs/share/rosbridge_msgs/cmake/rosbridge_msgs__rosidl_typesupport_cExport-noconfig.cmake
[2.306s] -- Up-to-date: /home/francisco/ros2-ws/install/rosbridge_msgs/share/rosbridge_msgs/cmake/rosbridge_msgs__rosidl_generator_cppExport.cmake
[2.307s] -- Up-to-date: /home/francisco/ros2-ws/install/rosbridge_msgs/share/rosbridge_msgs/cmake/rosbridge_msgs__rosidl_typesupport_introspection_cppExport.cmake
[2.307s] -- Up-to-date: /home/francisco/ros2-ws/install/rosbridge_msgs/share/rosbridge_msgs/cmake/rosbridge_msgs__rosidl_typesupport_introspection_cppExport-noconfig.cmake
[2.308s] -- Up-to-date: /home/francisco/ros2-ws/install/rosbridge_msgs/share/rosbridge_msgs/cmake/rosbridge_msgs__rosidl_typesupport_cppExport.cmake
[2.308s] -- Up-to-date: /home/francisco/ros2-ws/install/rosbridge_msgs/share/rosbridge_msgs/cmake/rosbridge_msgs__rosidl_typesupport_cppExport-noconfig.cmake
[2.309s] -- Up-to-date: /home/francisco/ros2-ws/install/rosbridge_msgs/share/rosbridge_msgs/cmake/rosidl_cmake-extras.cmake
[2.309s] -- Up-to-date: /home/francisco/ros2-ws/install/rosbridge_msgs/share/rosbridge_msgs/cmake/ament_cmake_export_dependencies-extras.cmake
[2.310s] -- Up-to-date: /home/francisco/ros2-ws/install/rosbridge_msgs/share/rosbridge_msgs/cmake/ament_cmake_export_libraries-extras.cmake
[2.311s] -- Up-to-date: /home/francisco/ros2-ws/install/rosbridge_msgs/share/rosbridge_msgs/cmake/ament_cmake_export_targets-extras.cmake
[2.311s] -- Up-to-date: /home/francisco/ros2-ws/install/rosbridge_msgs/share/rosbridge_msgs/cmake/ament_cmake_export_include_directories-extras.cmake
[2.312s] -- Up-to-date: /home/francisco/ros2-ws/install/rosbridge_msgs/share/rosbridge_msgs/cmake/rosidl_cmake_export_typesupport_libraries-extras.cmake
[2.312s] -- Up-to-date: /home/francisco/ros2-ws/install/rosbridge_msgs/share/rosbridge_msgs/cmake/rosidl_cmake_export_typesupport_targets-extras.cmake
[2.313s] -- Up-to-date: /home/francisco/ros2-ws/install/rosbridge_msgs/share/rosbridge_msgs/cmake/rosbridge_msgsConfig.cmake
[2.313s] -- Up-to-date: /home/francisco/ros2-ws/install/rosbridge_msgs/share/rosbridge_msgs/cmake/rosbridge_msgsConfig-version.cmake
[2.313s] -- Up-to-date: /home/francisco/ros2-ws/install/rosbridge_msgs/share/rosbridge_msgs/package.xml
[2.328s] Invoked command in '/home/francisco/ros2-ws/build/rosbridge_msgs' returned '0': CMAKE_PREFIX_PATH=${CMAKE_PREFIX_PATH}:/home/francisco/ros2-ws/install/monitoring_station_tfm:/home/francisco/ros2-ws/install/monitoring-station-tfm:/home/francisco/ros2-ws/install/camera_driver:/opt/ros/foxy /usr/bin/cmake --install /home/francisco/ros2-ws/build/rosbridge_msgs
